<?xml version="1.0" encoding="UTF-8"?>
<testsuite xmlns:xsi="http://www.w3.org/2001/XMLSchema-instance" xsi:noNamespaceSchemaLocation="https://maven.apache.org/surefire/maven-surefire-plugin/xsd/surefire-test-report-3.0.xsd" version="3.0" name="TestSuite" time="155.415" tests="3" errors="0" skipped="0" failures="0">
  <properties>
    <property name="sun.desktop" value="windows"/>
    <property name="awt.toolkit" value="sun.awt.windows.WToolkit"/>
    <property name="file.encoding.pkg" value="sun.io"/>
    <property name="java.specification.version" value="1.8"/>
    <property name="sun.cpu.isalist" value="amd64"/>
    <property name="sun.jnu.encoding" value="Cp1252"/>
    <property name="java.class.path" value="C:\Users\OnilVakharia\eclipse-workspace\AppiumFramework\target\test-classes;C:\Users\OnilVakharia\eclipse-workspace\AppiumFramework\target\classes;C:\Users\OnilVakharia\.m2\repository\junit\junit\4.11\junit-4.11.jar;C:\Users\OnilVakharia\.m2\repository\org\hamcrest\hamcrest-core\1.3\hamcrest-core-1.3.jar;C:\Users\OnilVakharia\.m2\repository\io\appium\java-client\7.0.0\java-client-7.0.0.jar;C:\Users\OnilVakharia\.m2\repository\org\seleniumhq\selenium\selenium-support\3.141.59\selenium-support-3.141.59.jar;C:\Users\OnilVakharia\.m2\repository\org\seleniumhq\selenium\selenium-api\3.141.59\selenium-api-3.141.59.jar;C:\Users\OnilVakharia\.m2\repository\com\google\code\gson\gson\2.8.5\gson-2.8.5.jar;C:\Users\OnilVakharia\.m2\repository\org\apache\httpcomponents\httpclient\4.5.6\httpclient-4.5.6.jar;C:\Users\OnilVakharia\.m2\repository\org\apache\httpcomponents\httpcore\4.4.10\httpcore-4.4.10.jar;C:\Users\OnilVakharia\.m2\repository\commons-codec\commons-codec\1.10\commons-codec-1.10.jar;C:\Users\OnilVakharia\.m2\repository\cglib\cglib\3.2.8\cglib-3.2.8.jar;C:\Users\OnilVakharia\.m2\repository\org\ow2\asm\asm\6.2.1\asm-6.2.1.jar;C:\Users\OnilVakharia\.m2\repository\org\apache\ant\ant\1.10.3\ant-1.10.3.jar;C:\Users\OnilVakharia\.m2\repository\org\apache\ant\ant-launcher\1.10.3\ant-launcher-1.10.3.jar;C:\Users\OnilVakharia\.m2\repository\org\springframework\spring-context\5.1.0.RELEASE\spring-context-5.1.0.RELEASE.jar;C:\Users\OnilVakharia\.m2\repository\org\springframework\spring-aop\5.1.0.RELEASE\spring-aop-5.1.0.RELEASE.jar;C:\Users\OnilVakharia\.m2\repository\org\springframework\spring-beans\5.1.0.RELEASE\spring-beans-5.1.0.RELEASE.jar;C:\Users\OnilVakharia\.m2\repository\org\springframework\spring-core\5.1.0.RELEASE\spring-core-5.1.0.RELEASE.jar;C:\Users\OnilVakharia\.m2\repository\org\springframework\spring-jcl\5.1.0.RELEASE\spring-jcl-5.1.0.RELEASE.jar;C:\Users\OnilVakharia\.m2\repository\org\springframework\spring-expression\5.1.0.RELEASE\spring-expression-5.1.0.RELEASE.jar;C:\Users\OnilVakharia\.m2\repository\org\aspectj\aspectjweaver\1.9.1\aspectjweaver-1.9.1.jar;C:\Users\OnilVakharia\.m2\repository\org\seleniumhq\selenium\selenium-java\3.141.59\selenium-java-3.141.59.jar;C:\Users\OnilVakharia\.m2\repository\org\seleniumhq\selenium\selenium-chrome-driver\3.141.59\selenium-chrome-driver-3.141.59.jar;C:\Users\OnilVakharia\.m2\repository\org\seleniumhq\selenium\selenium-edge-driver\3.141.59\selenium-edge-driver-3.141.59.jar;C:\Users\OnilVakharia\.m2\repository\org\seleniumhq\selenium\selenium-firefox-driver\3.141.59\selenium-firefox-driver-3.141.59.jar;C:\Users\OnilVakharia\.m2\repository\org\seleniumhq\selenium\selenium-ie-driver\3.141.59\selenium-ie-driver-3.141.59.jar;C:\Users\OnilVakharia\.m2\repository\org\seleniumhq\selenium\selenium-opera-driver\3.141.59\selenium-opera-driver-3.141.59.jar;C:\Users\OnilVakharia\.m2\repository\org\seleniumhq\selenium\selenium-remote-driver\3.141.59\selenium-remote-driver-3.141.59.jar;C:\Users\OnilVakharia\.m2\repository\org\seleniumhq\selenium\selenium-safari-driver\3.141.59\selenium-safari-driver-3.141.59.jar;C:\Users\OnilVakharia\.m2\repository\net\bytebuddy\byte-buddy\1.8.15\byte-buddy-1.8.15.jar;C:\Users\OnilVakharia\.m2\repository\org\apache\commons\commons-exec\1.3\commons-exec-1.3.jar;C:\Users\OnilVakharia\.m2\repository\com\google\guava\guava\25.0-jre\guava-25.0-jre.jar;C:\Users\OnilVakharia\.m2\repository\com\google\code\findbugs\jsr305\1.3.9\jsr305-1.3.9.jar;C:\Users\OnilVakharia\.m2\repository\org\checkerframework\checker-compat-qual\2.0.0\checker-compat-qual-2.0.0.jar;C:\Users\OnilVakharia\.m2\repository\com\google\errorprone\error_prone_annotations\2.1.3\error_prone_annotations-2.1.3.jar;C:\Users\OnilVakharia\.m2\repository\com\google\j2objc\j2objc-annotations\1.1\j2objc-annotations-1.1.jar;C:\Users\OnilVakharia\.m2\repository\org\codehaus\mojo\animal-sniffer-annotations\1.14\animal-sniffer-annotations-1.14.jar;C:\Users\OnilVakharia\.m2\repository\com\squareup\okhttp3\okhttp\3.11.0\okhttp-3.11.0.jar;C:\Users\OnilVakharia\.m2\repository\com\squareup\okio\okio\1.14.0\okio-1.14.0.jar;C:\Users\OnilVakharia\.m2\repository\org\testng\testng\6.14.3\testng-6.14.3.jar;C:\Users\OnilVakharia\.m2\repository\com\beust\jcommander\1.72\jcommander-1.72.jar;C:\Users\OnilVakharia\.m2\repository\org\apache-extras\beanshell\bsh\2.0b6\bsh-2.0b6.jar;C:\Users\OnilVakharia\.m2\repository\org\slf4j\slf4j-simple\1.7.26\slf4j-simple-1.7.26.jar;C:\Users\OnilVakharia\.m2\repository\org\slf4j\slf4j-api\1.7.26\slf4j-api-1.7.26.jar;C:\Users\OnilVakharia\.m2\repository\org\apache\commons\commons-lang3\3.9\commons-lang3-3.9.jar;C:\Users\OnilVakharia\.m2\repository\commons-io\commons-io\2.6\commons-io-2.6.jar;C:\Users\OnilVakharia\.m2\repository\commons-validator\commons-validator\1.6\commons-validator-1.6.jar;C:\Users\OnilVakharia\.m2\repository\commons-beanutils\commons-beanutils\1.9.2\commons-beanutils-1.9.2.jar;C:\Users\OnilVakharia\.m2\repository\commons-digester\commons-digester\1.8.1\commons-digester-1.8.1.jar;C:\Users\OnilVakharia\.m2\repository\commons-logging\commons-logging\1.2\commons-logging-1.2.jar;C:\Users\OnilVakharia\.m2\repository\commons-collections\commons-collections\3.2.2\commons-collections-3.2.2.jar;C:\Users\OnilVakharia\.m2\repository\com\aventstack\extentreports\4.0.9\extentreports-4.0.9.jar;C:\Users\OnilVakharia\.m2\repository\org\freemarker\freemarker\2.3.23\freemarker-2.3.23.jar;C:\Users\OnilVakharia\.m2\repository\org\mongodb\mongodb-driver\3.3.0\mongodb-driver-3.3.0.jar;C:\Users\OnilVakharia\.m2\repository\org\mongodb\mongodb-driver-core\3.3.0\mongodb-driver-core-3.3.0.jar;C:\Users\OnilVakharia\.m2\repository\org\mongodb\bson\3.3.0\bson-3.3.0.jar;C:\Users\OnilVakharia\.m2\repository\org\apache\httpcomponents\httpmime\4.5.2\httpmime-4.5.2.jar;"/>
    <property name="java.vm.vendor" value="Oracle Corporation"/>
    <property name="deviceName" value="emulator"/>
    <property name="sun.arch.data.model" value="64"/>
    <property name="user.variant" value=""/>
    <property name="java.vendor.url" value="http://java.oracle.com/"/>
    <property name="user.timezone" value="Asia/Calcutta"/>
    <property name="java.vm.specification.version" value="1.8"/>
    <property name="os.name" value="Windows 8"/>
    <property name="user.country" value="US"/>
    <property name="sun.java.launcher" value="SUN_STANDARD"/>
    <property name="sun.boot.library.path" value="C:\Program Files\Java\jdk1.8.0_121\jre\bin"/>
    <property name="sun.java.command" value="C:\Users\OnilVakharia\AppData\Local\Temp\surefire2982889123504779569\surefirebooter7364002004153225060.jar C:\Users\OnilVakharia\AppData\Local\Temp\surefire2982889123504779569 2020-07-26T18-15-39_484-jvmRun1 surefire1037908226855452092tmp surefire_0248791669872029945tmp"/>
    <property name="surefire.test.class.path" value="C:\Users\OnilVakharia\eclipse-workspace\AppiumFramework\target\test-classes;C:\Users\OnilVakharia\eclipse-workspace\AppiumFramework\target\classes;C:\Users\OnilVakharia\.m2\repository\junit\junit\4.11\junit-4.11.jar;C:\Users\OnilVakharia\.m2\repository\org\hamcrest\hamcrest-core\1.3\hamcrest-core-1.3.jar;C:\Users\OnilVakharia\.m2\repository\io\appium\java-client\7.0.0\java-client-7.0.0.jar;C:\Users\OnilVakharia\.m2\repository\org\seleniumhq\selenium\selenium-support\3.141.59\selenium-support-3.141.59.jar;C:\Users\OnilVakharia\.m2\repository\org\seleniumhq\selenium\selenium-api\3.141.59\selenium-api-3.141.59.jar;C:\Users\OnilVakharia\.m2\repository\com\google\code\gson\gson\2.8.5\gson-2.8.5.jar;C:\Users\OnilVakharia\.m2\repository\org\apache\httpcomponents\httpclient\4.5.6\httpclient-4.5.6.jar;C:\Users\OnilVakharia\.m2\repository\org\apache\httpcomponents\httpcore\4.4.10\httpcore-4.4.10.jar;C:\Users\OnilVakharia\.m2\repository\commons-codec\commons-codec\1.10\commons-codec-1.10.jar;C:\Users\OnilVakharia\.m2\repository\cglib\cglib\3.2.8\cglib-3.2.8.jar;C:\Users\OnilVakharia\.m2\repository\org\ow2\asm\asm\6.2.1\asm-6.2.1.jar;C:\Users\OnilVakharia\.m2\repository\org\apache\ant\ant\1.10.3\ant-1.10.3.jar;C:\Users\OnilVakharia\.m2\repository\org\apache\ant\ant-launcher\1.10.3\ant-launcher-1.10.3.jar;C:\Users\OnilVakharia\.m2\repository\org\springframework\spring-context\5.1.0.RELEASE\spring-context-5.1.0.RELEASE.jar;C:\Users\OnilVakharia\.m2\repository\org\springframework\spring-aop\5.1.0.RELEASE\spring-aop-5.1.0.RELEASE.jar;C:\Users\OnilVakharia\.m2\repository\org\springframework\spring-beans\5.1.0.RELEASE\spring-beans-5.1.0.RELEASE.jar;C:\Users\OnilVakharia\.m2\repository\org\springframework\spring-core\5.1.0.RELEASE\spring-core-5.1.0.RELEASE.jar;C:\Users\OnilVakharia\.m2\repository\org\springframework\spring-jcl\5.1.0.RELEASE\spring-jcl-5.1.0.RELEASE.jar;C:\Users\OnilVakharia\.m2\repository\org\springframework\spring-expression\5.1.0.RELEASE\spring-expression-5.1.0.RELEASE.jar;C:\Users\OnilVakharia\.m2\repository\org\aspectj\aspectjweaver\1.9.1\aspectjweaver-1.9.1.jar;C:\Users\OnilVakharia\.m2\repository\org\seleniumhq\selenium\selenium-java\3.141.59\selenium-java-3.141.59.jar;C:\Users\OnilVakharia\.m2\repository\org\seleniumhq\selenium\selenium-chrome-driver\3.141.59\selenium-chrome-driver-3.141.59.jar;C:\Users\OnilVakharia\.m2\repository\org\seleniumhq\selenium\selenium-edge-driver\3.141.59\selenium-edge-driver-3.141.59.jar;C:\Users\OnilVakharia\.m2\repository\org\seleniumhq\selenium\selenium-firefox-driver\3.141.59\selenium-firefox-driver-3.141.59.jar;C:\Users\OnilVakharia\.m2\repository\org\seleniumhq\selenium\selenium-ie-driver\3.141.59\selenium-ie-driver-3.141.59.jar;C:\Users\OnilVakharia\.m2\repository\org\seleniumhq\selenium\selenium-opera-driver\3.141.59\selenium-opera-driver-3.141.59.jar;C:\Users\OnilVakharia\.m2\repository\org\seleniumhq\selenium\selenium-remote-driver\3.141.59\selenium-remote-driver-3.141.59.jar;C:\Users\OnilVakharia\.m2\repository\org\seleniumhq\selenium\selenium-safari-driver\3.141.59\selenium-safari-driver-3.141.59.jar;C:\Users\OnilVakharia\.m2\repository\net\bytebuddy\byte-buddy\1.8.15\byte-buddy-1.8.15.jar;C:\Users\OnilVakharia\.m2\repository\org\apache\commons\commons-exec\1.3\commons-exec-1.3.jar;C:\Users\OnilVakharia\.m2\repository\com\google\guava\guava\25.0-jre\guava-25.0-jre.jar;C:\Users\OnilVakharia\.m2\repository\com\google\code\findbugs\jsr305\1.3.9\jsr305-1.3.9.jar;C:\Users\OnilVakharia\.m2\repository\org\checkerframework\checker-compat-qual\2.0.0\checker-compat-qual-2.0.0.jar;C:\Users\OnilVakharia\.m2\repository\com\google\errorprone\error_prone_annotations\2.1.3\error_prone_annotations-2.1.3.jar;C:\Users\OnilVakharia\.m2\repository\com\google\j2objc\j2objc-annotations\1.1\j2objc-annotations-1.1.jar;C:\Users\OnilVakharia\.m2\repository\org\codehaus\mojo\animal-sniffer-annotations\1.14\animal-sniffer-annotations-1.14.jar;C:\Users\OnilVakharia\.m2\repository\com\squareup\okhttp3\okhttp\3.11.0\okhttp-3.11.0.jar;C:\Users\OnilVakharia\.m2\repository\com\squareup\okio\okio\1.14.0\okio-1.14.0.jar;C:\Users\OnilVakharia\.m2\repository\org\testng\testng\6.14.3\testng-6.14.3.jar;C:\Users\OnilVakharia\.m2\repository\com\beust\jcommander\1.72\jcommander-1.72.jar;C:\Users\OnilVakharia\.m2\repository\org\apache-extras\beanshell\bsh\2.0b6\bsh-2.0b6.jar;C:\Users\OnilVakharia\.m2\repository\org\slf4j\slf4j-simple\1.7.26\slf4j-simple-1.7.26.jar;C:\Users\OnilVakharia\.m2\repository\org\slf4j\slf4j-api\1.7.26\slf4j-api-1.7.26.jar;C:\Users\OnilVakharia\.m2\repository\org\apache\commons\commons-lang3\3.9\commons-lang3-3.9.jar;C:\Users\OnilVakharia\.m2\repository\commons-io\commons-io\2.6\commons-io-2.6.jar;C:\Users\OnilVakharia\.m2\repository\commons-validator\commons-validator\1.6\commons-validator-1.6.jar;C:\Users\OnilVakharia\.m2\repository\commons-beanutils\commons-beanutils\1.9.2\commons-beanutils-1.9.2.jar;C:\Users\OnilVakharia\.m2\repository\commons-digester\commons-digester\1.8.1\commons-digester-1.8.1.jar;C:\Users\OnilVakharia\.m2\repository\commons-logging\commons-logging\1.2\commons-logging-1.2.jar;C:\Users\OnilVakharia\.m2\repository\commons-collections\commons-collections\3.2.2\commons-collections-3.2.2.jar;C:\Users\OnilVakharia\.m2\repository\com\aventstack\extentreports\4.0.9\extentreports-4.0.9.jar;C:\Users\OnilVakharia\.m2\repository\org\freemarker\freemarker\2.3.23\freemarker-2.3.23.jar;C:\Users\OnilVakharia\.m2\repository\org\mongodb\mongodb-driver\3.3.0\mongodb-driver-3.3.0.jar;C:\Users\OnilVakharia\.m2\repository\org\mongodb\mongodb-driver-core\3.3.0\mongodb-driver-core-3.3.0.jar;C:\Users\OnilVakharia\.m2\repository\org\mongodb\bson\3.3.0\bson-3.3.0.jar;C:\Users\OnilVakharia\.m2\repository\org\apache\httpcomponents\httpmime\4.5.2\httpmime-4.5.2.jar;"/>
    <property name="sun.cpu.endian" value="little"/>
    <property name="user.home" value="C:\Users\OnilVakharia"/>
    <property name="user.language" value="en"/>
    <property name="java.specification.vendor" value="Oracle Corporation"/>
    <property name="java.home" value="C:\Program Files\Java\jdk1.8.0_121\jre"/>
    <property name="basedir" value="C:\Users\OnilVakharia\eclipse-workspace\AppiumFramework"/>
    <property name="file.separator" value="\"/>
    <property name="line.separator" value="&#10;"/>
    <property name="java.vm.specification.vendor" value="Oracle Corporation"/>
    <property name="java.specification.name" value="Java Platform API Specification"/>
    <property name="java.awt.graphicsenv" value="sun.awt.Win32GraphicsEnvironment"/>
    <property name="surefire.real.class.path" value="C:\Users\OnilVakharia\AppData\Local\Temp\surefire2982889123504779569\surefirebooter7364002004153225060.jar"/>
    <property name="sun.boot.class.path" value="C:\Program Files\Java\jdk1.8.0_121\jre\lib\resources.jar;C:\Program Files\Java\jdk1.8.0_121\jre\lib\rt.jar;C:\Program Files\Java\jdk1.8.0_121\jre\lib\sunrsasign.jar;C:\Program Files\Java\jdk1.8.0_121\jre\lib\jsse.jar;C:\Program Files\Java\jdk1.8.0_121\jre\lib\jce.jar;C:\Program Files\Java\jdk1.8.0_121\jre\lib\charsets.jar;C:\Program Files\Java\jdk1.8.0_121\jre\lib\jfr.jar;C:\Program Files\Java\jdk1.8.0_121\jre\classes"/>
    <property name="user.script" value=""/>
    <property name="sun.management.compiler" value="HotSpot 64-Bit Tiered Compilers"/>
    <property name="java.runtime.version" value="1.8.0_121-b13"/>
    <property name="user.name" value="OnilVakharia"/>
    <property name="path.separator" value=";"/>
    <property name="os.version" value="6.2"/>
    <property name="java.endorsed.dirs" value="C:\Program Files\Java\jdk1.8.0_121\jre\lib\endorsed"/>
    <property name="java.runtime.name" value="Java(TM) SE Runtime Environment"/>
    <property name="file.encoding" value="Cp1252"/>
    <property name="java.vm.name" value="Java HotSpot(TM) 64-Bit Server VM"/>
    <property name="localRepository" value="C:\Users\OnilVakharia\.m2\repository"/>
    <property name="java.vendor.url.bug" value="http://bugreport.sun.com/bugreport/"/>
    <property name="java.io.tmpdir" value="C:\Users\ONILVA~1\AppData\Local\Temp\"/>
    <property name="java.version" value="1.8.0_121"/>
    <property name="user.dir" value="C:\Users\OnilVakharia\eclipse-workspace\AppiumFramework"/>
    <property name="os.arch" value="amd64"/>
    <property name="java.vm.specification.name" value="Java Virtual Machine Specification"/>
    <property name="java.awt.printerjob" value="sun.awt.windows.WPrinterJob"/>
    <property name="sun.os.patch.level" value=""/>
    <property name="java.library.path" value="C:\Program Files\Java\jdk1.8.0_121\jre\bin;C:\Windows\Sun\Java\bin;C:\Windows\system32;C:\Windows;C:\Appium\apache-maven-3.6.3-bin\apache-maven-3.6.3/bin;C:\Program Files\Java\jdk1.8.0_121/bin;C:\Program Files\Java\jdk1.8.0_121/bin;C:\ProgramData\Oracle\Java\javapath;C:\Program Files (x86)\HP SimplePass\x64;C:\Program Files (x86)\HP SimplePass\;;C:\Program Files (x86)\Intel\iCLS Client\;C:\Program Files\Intel\iCLS Client\;C:\Windows\system32;C:\Windows;C:\Windows\System32\Wbem;C:\Windows\System32\WindowsPowerShell\v1.0\;C:\Program Files (x86)\Windows Live\Shared;C:\Program Files (x86)\Intel\OpenCL SDK\3.0\bin\x86;C:\Program Files (x86)\Intel\OpenCL SDK\3.0\bin\x64;C:\Program Files\Intel\Intel(R) Management Engine Components\DAL;C:\Program Files\Intel\Intel(R) Management Engine Components\IPT;C:\Program Files (x86)\Intel\Intel(R) Management Engine Components\DAL;C:\Program Files (x86)\Intel\Intel(R) Management Engine Components\IPT;C:\Android;C:\Windows\System32;C:\Program Files\Java\jdk1.8.0_121\bin;C:\Users\OnilVakharia\AppData\Local\Android\Sdk\tools\bin;C:\Users\OnilVakharia\AppData\Local\Android\Sdk\tools;C:\Users\OnilVakharia\AppData\Local\Android\Sdk\cmdline-tools\latest\bin;C:\Users\OnilVakharia\AppData\Local\Android\Sdk\emulator\bin64;C:\Users\OnilVakharia\AppData\Local\Android\Sdk\cmdline-tools\latest\bin;C:\Users\OnilVakharia\AppData\Local\Android\Sdk\cmdline-tools\latest;C:\Users\OnilVakharia\AppData\Local\Android\Sdk\emulator;C:\Users\OnilVakharia\AppData\Local\Android\Sdk\platform-tools;C:\Program Files\nodejs\;C:\Program Files\nodejs\node_modules\npm\bin;C:\Users\OnilVakharia\AppData\Local\Android\Sdk\cmake\3.10.2.4988404\bin;C:\Users\OnilVakharia\AppData\Local\Android\Sdk\build-tools\29.0.3;C:\Users\OnilVakharia\AppData\Local\Android\Sdk\build-tools\29.0.3\lib;C:\Users\OnilVakharia\AppData\Local\Android\Sdk\cmake\3.10.2.4988404\bin;C:\Users\OnilVakharia\AppData\Local\Android\Sdk\platforms\android-29;C:\Appium\apache-maven-3.6.3-bin\apache-maven-3.6.3\bin;C:\Program Files\TortoiseSVN\bin;C:\Users\OnilVakharia\AppData\Roaming\npm;."/>
    <property name="java.vm.info" value="mixed mode"/>
    <property name="java.vendor" value="Oracle Corporation"/>
    <property name="java.vm.version" value="25.121-b13"/>
    <property name="java.ext.dirs" value="C:\Program Files\Java\jdk1.8.0_121\jre\lib\ext;C:\Windows\Sun\Java\lib\ext"/>
    <property name="sun.io.unicode.encoding" value="UnicodeLittle"/>
    <property name="java.class.version" value="52.0"/>
  </properties>
  <testcase name="totalValidation" classname="Practise.AppiumFramework.Ecommerce_tc_4" time="70.909">
    <system-out><![CDATA[[TestNGContentHandler] [WARN] It is strongly recommended to add "<!DOCTYPE suite SYSTEM "http://testng.org/testng-1.0.dtd" >" at the top of your file, otherwise TestNG may fail or not work as expected.
&amp#27;[35m[Appium]&amp#27;[39m Welcome to Appium v1.16.0
&amp#27;[35m[Appium]&amp#27;[39m Appium REST http interface listener started on 0.0.0.0:4723
&amp#27;[35m[HTTP]&amp#27;[39m &amp#27;[37m-->&amp#27;[39m &amp#27;[37mGET&amp#27;[39m &amp#27;[37m/wd/hub/status&amp#27;[39m
&amp#27;[35m[HTTP]&amp#27;[39m &amp#27;[90m{}&amp#27;[39m
[debug] &amp#27;[35m[GENERIC]&amp#27;[39m Calling AppiumDriver.getStatus() with args: []
[debug] &amp#27;[35m[GENERIC]&amp#27;[39m Responding to client with driver.getStatus() result: {"build":{"version":"1.16.0"}}
IN EMULATOR METHOD
&amp#27;[35m[HTTP]&amp#27;[39m &amp#27;[37m<-- GET /wd/hub/status &amp#27;[39m&amp#27;[32m200&amp#27;[39m &amp#27;[90m14 ms - 68&amp#27;[39m
&amp#27;[35m[HTTP]&amp#27;[39m &amp#27;[90m&amp#27;[39m
&amp#27;[35m[HTTP]&amp#27;[39m &amp#27;[37m-->&amp#27;[39m &amp#27;[37mPOST&amp#27;[39m &amp#27;[37m/wd/hub/session&amp#27;[39m
&amp#27;[35m[HTTP]&amp#27;[39m &amp#27;[90m{"desiredCapabilities":{"app":"C:\\Users\\OnilVakharia\\eclipse-workspace\\AppiumFramework\\src\\General-Store.apk","automationName":"uiautomator2","platformName":"Android","deviceName":"emulator"},"capabilities":{"firstMatch":[{"appium:app":"C:\\Users\\OnilVakharia\\eclipse-workspace\\AppiumFramework\\src\\General-Store.apk","appium:automationName":"uiautomator2","appium:deviceName":"emulator","platformName":"android"}]}}&amp#27;[39m
[debug] &amp#27;[35m[W3C]&amp#27;[39m Calling AppiumDriver.createSession() with args: [{"app":"C:\\Users\\OnilVakharia\\eclipse-workspace\\AppiumFramework\\src\\General-Store.apk","automationName":"uiautomator2","platformName":"Android","deviceName":"emulator"},null,{"firstMatch":[{"appium:app":"C:\\Users\\OnilVakharia\\eclipse-workspace\\AppiumFramework\\src\\General-Store.apk","appium:automationName":"uiautomator2","appium:deviceName":"emulator","platformName":"android"}]}]
[debug] &amp#27;[35m[BaseDriver]&amp#27;[39m Event 'newSessionRequested' logged at 1595767570065 (18:16:10 GMT+0530 (India Standard Time))
&amp#27;[35m[Appium]&amp#27;[39m Appium v1.16.0 creating new AndroidUiautomator2Driver (v1.40.0) session
[debug] &amp#27;[35m[BaseDriver]&amp#27;[39m W3C capabilities and MJSONWP desired capabilities were provided
[debug] &amp#27;[35m[BaseDriver]&amp#27;[39m Creating session with W3C capabilities: {
[debug] &amp#27;[35m[BaseDriver]&amp#27;[39m   "alwaysMatch": {
[debug] &amp#27;[35m[BaseDriver]&amp#27;[39m     "platformName": "android",
[debug] &amp#27;[35m[BaseDriver]&amp#27;[39m     "appium:app": "C:\\Users\\OnilVakharia\\eclipse-workspace\\AppiumFramework\\src\\General-Store.apk",
[debug] &amp#27;[35m[BaseDriver]&amp#27;[39m     "appium:automationName": "uiautomator2",
[debug] &amp#27;[35m[BaseDriver]&amp#27;[39m     "appium:deviceName": "emulator"
[debug] &amp#27;[35m[BaseDriver]&amp#27;[39m   },
[debug] &amp#27;[35m[BaseDriver]&amp#27;[39m   "firstMatch": [
[debug] &amp#27;[35m[BaseDriver]&amp#27;[39m     {}
[debug] &amp#27;[35m[BaseDriver]&amp#27;[39m   ]
[debug] &amp#27;[35m[BaseDriver]&amp#27;[39m }
&amp#27;[35m[BaseDriver]&amp#27;[39m Session created with session id: a20fc25b-d98f-4b84-bc8b-0416c383bd3a
&amp#27;[35m[BaseDriver]&amp#27;[39m Using local app 'C:\Users\OnilVakharia\eclipse-workspace\AppiumFramework\src\General-Store.apk'
[debug] &amp#27;[35m[UiAutomator2]&amp#27;[39m Checking whether app is actually present
&amp#27;[35m[ADB]&amp#27;[39m Found 2 'build-tools' folders under 'C:\Users\OnilVakharia\AppData\Local\Android\Sdk' (newest first):
&amp#27;[35m[ADB]&amp#27;[39m     C:/Users/OnilVakharia/AppData/Local/Android/Sdk/build-tools/30.0.0
&amp#27;[35m[ADB]&amp#27;[39m     C:/Users/OnilVakharia/AppData/Local/Android/Sdk/build-tools/29.0.3
&amp#27;[35m[ADB]&amp#27;[39m Using 'adb.exe' from 'C:\Users\OnilVakharia\AppData\Local\Android\Sdk\platform-tools\adb.exe'
&amp#27;[35m[AndroidDriver]&amp#27;[39m Retrieving device list
[debug] &amp#27;[35m[ADB]&amp#27;[39m Trying to find a connected android device
[debug] &amp#27;[35m[ADB]&amp#27;[39m Getting connected devices...
[debug] &amp#27;[35m[ADB]&amp#27;[39m Connected devices: [{"udid":"emulator-5554","state":"device"}]
&amp#27;[35m[AndroidDriver]&amp#27;[39m Using device: emulator-5554
&amp#27;[35m[ADB]&amp#27;[39m Using 'adb.exe' from 'C:\Users\OnilVakharia\AppData\Local\Android\Sdk\platform-tools\adb.exe'
[debug] &amp#27;[35m[ADB]&amp#27;[39m Setting device id to emulator-5554
[debug] &amp#27;[35m[ADB]&amp#27;[39m Running 'C:\Users\OnilVakharia\AppData\Local\Android\Sdk\platform-tools\adb.exe -P 5037 -s emulator-5554 shell getprop ro.build.version.sdk'
[debug] &amp#27;[35m[ADB]&amp#27;[39m Current device property 'ro.build.version.sdk': 28
[debug] &amp#27;[35m[ADB]&amp#27;[39m Running 'C:\Users\OnilVakharia\AppData\Local\Android\Sdk\platform-tools\adb.exe -P 5037 -s emulator-5554 shell getprop ro.build.version.release'
[debug] &amp#27;[35m[ADB]&amp#27;[39m Current device property 'ro.build.version.release': 9
[debug] &amp#27;[35m[ADB]&amp#27;[39m Device API level: 28
&amp#27;[35m[UiAutomator2]&amp#27;[39m Relaxing hidden api policy
[debug] &amp#27;[35m[ADB]&amp#27;[39m Running 'C:\Users\OnilVakharia\AppData\Local\Android\Sdk\platform-tools\adb.exe -P 5037 -s emulator-5554 shell settings put global hidden_api_policy_pre_p_apps 1'
[debug] &amp#27;[35m[ADB]&amp#27;[39m Running 'C:\Users\OnilVakharia\AppData\Local\Android\Sdk\platform-tools\adb.exe -P 5037 -s emulator-5554 shell settings put global hidden_api_policy_p_apps 1'
[debug] &amp#27;[35m[ADB]&amp#27;[39m Running 'C:\Users\OnilVakharia\AppData\Local\Android\Sdk\platform-tools\adb.exe -P 5037 -s emulator-5554 shell settings put global hidden_api_policy 1'
[debug] &amp#27;[35m[AndroidDriver]&amp#27;[39m Parsing package and activity from app manifest
&amp#27;[35m[ADB]&amp#27;[39m Package name: 'com.androidsample.generalstore'
&amp#27;[35m[ADB]&amp#27;[39m Main activity name: 'com.androidsample.generalstore.SplashActivity'
[debug] &amp#27;[35m[AndroidDriver]&amp#27;[39m Parsed package and activity are: com.androidsample.generalstore/com.androidsample.generalstore.SplashActivity
[debug] &amp#27;[35m[ADB]&amp#27;[39m Running 'C:\Users\OnilVakharia\AppData\Local\Android\Sdk\platform-tools\adb.exe -P 5037 -s emulator-5554 wait-for-device'
[debug] &amp#27;[35m[ADB]&amp#27;[39m Running 'C:\Users\OnilVakharia\AppData\Local\Android\Sdk\platform-tools\adb.exe -P 5037 -s emulator-5554 shell echo ping'
[debug] &amp#27;[35m[AndroidDriver]&amp#27;[39m Pushing settings apk to device...
[debug] &amp#27;[35m[ADB]&amp#27;[39m Getting install status for io.appium.settings
[debug] &amp#27;[35m[ADB]&amp#27;[39m Running 'C:\Users\OnilVakharia\AppData\Local\Android\Sdk\platform-tools\adb.exe -P 5037 -s emulator-5554 shell dumpsys package io.appium.settings'
[debug] &amp#27;[35m[ADB]&amp#27;[39m 'io.appium.settings' is installed
[debug] &amp#27;[35m[ADB]&amp#27;[39m Getting package info for 'io.appium.settings'
[debug] &amp#27;[35m[ADB]&amp#27;[39m Running 'C:\Users\OnilVakharia\AppData\Local\Android\Sdk\platform-tools\adb.exe -P 5037 -s emulator-5554 shell dumpsys package io.appium.settings'
[debug] &amp#27;[35m[ADB]&amp#27;[39m The version name of the installed 'io.appium.settings' is greater or equal to the application version name ('2.15.0' >= '2.15.0')
[debug] &amp#27;[35m[ADB]&amp#27;[39m There is no need to install/upgrade 'C:\Users\OnilVakharia\AppData\Roaming\npm\node_modules\appium\node_modules\io.appium.settings\apks\settings_apk-debug.apk'
[debug] &amp#27;[35m[ADB]&amp#27;[39m Getting IDs of all 'io.appium.settings' processes
[debug] &amp#27;[35m[ADB]&amp#27;[39m Running 'C:\Users\OnilVakharia\AppData\Local\Android\Sdk\platform-tools\adb.exe -P 5037 -s emulator-5554 shell 'pgrep --help; echo $?''
[debug] &amp#27;[35m[ADB]&amp#27;[39m Running 'C:\Users\OnilVakharia\AppData\Local\Android\Sdk\platform-tools\adb.exe -P 5037 -s emulator-5554 shell pgrep -f io\\.appium\\.settings'
[debug] &amp#27;[35m[AndroidDriver]&amp#27;[39m io.appium.settings is already running. There is no need to reset its permissions.
[debug] &amp#27;[35m[ADB]&amp#27;[39m Running 'C:\Users\OnilVakharia\AppData\Local\Android\Sdk\platform-tools\adb.exe -P 5037 -s emulator-5554 shell appops set io.appium.settings android\:mock_location allow'
[debug] &amp#27;[35m[Logcat]&amp#27;[39m Starting logcat capture
[debug] &amp#27;[35m[UiAutomator2]&amp#27;[39m Forwarding UiAutomator2 Server port 6790 to 8224
[debug] &amp#27;[35m[ADB]&amp#27;[39m Forwarding system: 8224 to device: 6790
[debug] &amp#27;[35m[ADB]&amp#27;[39m Running 'C:\Users\OnilVakharia\AppData\Local\Android\Sdk\platform-tools\adb.exe -P 5037 -s emulator-5554 forward tcp\:8224 tcp\:6790'
[debug] &amp#27;[35m[ADB]&amp#27;[39m Getting install status for io.appium.uiautomator2.server
[debug] &amp#27;[35m[ADB]&amp#27;[39m Running 'C:\Users\OnilVakharia\AppData\Local\Android\Sdk\platform-tools\adb.exe -P 5037 -s emulator-5554 shell dumpsys package io.appium.uiautomator2.server'
[debug] &amp#27;[35m[ADB]&amp#27;[39m 'io.appium.uiautomator2.server' is installed
[debug] &amp#27;[35m[ADB]&amp#27;[39m Getting package info for 'io.appium.uiautomator2.server'
[debug] &amp#27;[35m[ADB]&amp#27;[39m Running 'C:\Users\OnilVakharia\AppData\Local\Android\Sdk\platform-tools\adb.exe -P 5037 -s emulator-5554 shell dumpsys package io.appium.uiautomator2.server'
[debug] &amp#27;[35m[ADB]&amp#27;[39m The version name of the installed 'io.appium.uiautomator2.server' is greater or equal to the application version name ('4.5.2' >= '4.5.2')
[debug] &amp#27;[35m[UiAutomator2]&amp#27;[39m io.appium.uiautomator2.server installation state: sameVersionInstalled
[debug] &amp#27;[35m[ADB]&amp#27;[39m Checking app cert for C:\Users\OnilVakharia\AppData\Roaming\npm\node_modules\appium\node_modules\appium-uiautomator2-server\apks\appium-uiautomator2-server-v4.5.2.apk
&amp#27;[35m[ADB]&amp#27;[39m Using 'apksigner.bat' from 'C:\Users\OnilVakharia\AppData\Local\Android\Sdk\build-tools\30.0.0\apksigner.bat'
[debug] &amp#27;[35m[ADB]&amp#27;[39m Starting 'C:\Users\OnilVakharia\AppData\Local\Android\Sdk\build-tools\30.0.0\apksigner.bat' with args '["verify","--print-certs","C:\\Users\\OnilVakharia\\AppData\\Roaming\\npm\\node_modules\\appium\\node_modules\\appium-uiautomator2-server\\apks\\appium-uiautomator2-server-v4.5.2.apk"]'
&amp#27;[35m[ADB]&amp#27;[39m Got an error during apksigner execution: Command 'apksigner.bat verify --print-certs C:\\Users\\OnilVakharia\\AppData\\Roaming\\npm\\node_modules\\appium\\node_modules\\appium-uiautomator2-server\\apks\\appium-uiautomator2-server-v4.5.2.apk' exited with code 1
&amp#27;[35m[ADB]&amp#27;[39m apksigner stderr: java.lang.UnsupportedClassVersionError: com/android/apksigner/ApkSignerTool has been compiled by a more recent version of the Java Runtime (class file version 53.0), this version of the Java Runtime only recognizes class file versions up to 52.0
&amp#27;[35m[ADB]&amp#27;[39m 	at java.lang.ClassLoader.defineClass1(Native Method)
&amp#27;[35m[ADB]&amp#27;[39m 	at java.lang.ClassLoader.defineClass(ClassLoader.java:763)
&amp#27;[35m[ADB]&amp#27;[39m 	at java.security.SecureClassLoader.defineClass(SecureClassLoader.java:142)
&amp#27;[35m[ADB]&amp#27;[39m 	at java.net.URLClassLoader.defineClass(URLClassLoader.java:467)
&amp#27;[35m[ADB]&amp#27;[39m 	at java.net.URLClassLoader.access$100(URLClassLoader.java:73)
&amp#27;[35m[ADB]&amp#27;[39m 	at java.net.URLClassLoader$1.run(URLClassLoader.java:368)
&amp#27;[35m[ADB]&amp#27;[39m 	at java.net.URLClassLoader$1.run(URLClassLoader.java:362)
&amp#27;[35m[ADB]&amp#27;[39m 	at java.security.AccessController.doPrivileged(Native Method)
&amp#27;[35m[ADB]&amp#27;[39m 	at java.net.URLClassLoader.findClass(URLClassLoader.java:361)
&amp#27;[35m[ADB]&amp#27;[39m 	at java.lang.ClassLoader.loadClass(ClassLoader.java:424)
&amp#27;[35m[ADB]&amp#27;[39m 	at sun.misc.Launcher$AppClassLoader.loadClass(Launcher.java:331)
&amp#27;[35m[ADB]&amp#27;[39m 	at java.lang.ClassLoader.loadClass(ClassLoader.java:357)
&amp#27;[35m[ADB]&amp#27;[39m 	at sun.launcher.LauncherHelper.checkAndLoadMain(LauncherHelper.java:495)
&amp#27;[35m[ADB]&amp#27;[39m Error: A JNI error has occurred, please check your installation and try again
&amp#27;[35m[ADB]&amp#27;[39m Exception in thread "main" 
&amp#27;[35m[ADB]&amp#27;[39m Cannot use apksigner tool for signature verification. Original error: Command 'apksigner.bat verify --print-certs C:\\Users\\OnilVakharia\\AppData\\Roaming\\npm\\node_modules\\appium\\node_modules\\appium-uiautomator2-server\\apks\\appium-uiautomator2-server-v4.5.2.apk' exited with code 1
[debug] &amp#27;[35m[ADB]&amp#27;[39m Defaulting to verify.jar
[debug] &amp#27;[35m[ADB]&amp#27;[39m 'C:\Users\OnilVakharia\AppData\Roaming\npm\node_modules\appium\node_modules\appium-uiautomator2-server\apks\appium-uiautomator2-server-v4.5.2.apk' is already signed.
[debug] &amp#27;[35m[ADB]&amp#27;[39m Getting install status for io.appium.uiautomator2.server.test
[debug] &amp#27;[35m[ADB]&amp#27;[39m Running 'C:\Users\OnilVakharia\AppData\Local\Android\Sdk\platform-tools\adb.exe -P 5037 -s emulator-5554 shell dumpsys package io.appium.uiautomator2.server.test'
[debug] &amp#27;[35m[ADB]&amp#27;[39m 'io.appium.uiautomator2.server.test' is installed
[debug] &amp#27;[35m[ADB]&amp#27;[39m Checking app cert for C:\Users\OnilVakharia\AppData\Roaming\npm\node_modules\appium\node_modules\appium-uiautomator2-server\apks\appium-uiautomator2-server-debug-androidTest.apk
[debug] &amp#27;[35m[ADB]&amp#27;[39m Starting 'C:\Users\OnilVakharia\AppData\Local\Android\Sdk\build-tools\30.0.0\apksigner.bat' with args '["verify","--print-certs","C:\\Users\\OnilVakharia\\AppData\\Roaming\\npm\\node_modules\\appium\\node_modules\\appium-uiautomator2-server\\apks\\appium-uiautomator2-server-debug-androidTest.apk"]'
&amp#27;[35m[ADB]&amp#27;[39m Got an error during apksigner execution: Command 'apksigner.bat verify --print-certs C:\\Users\\OnilVakharia\\AppData\\Roaming\\npm\\node_modules\\appium\\node_modules\\appium-uiautomator2-server\\apks\\appium-uiautomator2-server-debug-androidTest.apk' exited with code 1
&amp#27;[35m[ADB]&amp#27;[39m apksigner stderr: java.lang.UnsupportedClassVersionError: com/android/apksigner/ApkSignerTool has been compiled by a more recent version of the Java Runtime (class file version 53.0), this version of the Java Runtime only recognizes class file versions up to 52.0
&amp#27;[35m[ADB]&amp#27;[39m 	at java.lang.ClassLoader.defineClass1(Native Method)
&amp#27;[35m[ADB]&amp#27;[39m 	at java.lang.ClassLoader.defineClass(ClassLoader.java:763)
&amp#27;[35m[ADB]&amp#27;[39m 	at java.security.SecureClassLoader.defineClass(SecureClassLoader.java:142)
&amp#27;[35m[ADB]&amp#27;[39m 	at java.net.URLClassLoader.defineClass(URLClassLoader.java:467)
&amp#27;[35m[ADB]&amp#27;[39m 	at java.net.URLClassLoader.access$100(URLClassLoader.java:73)
&amp#27;[35m[ADB]&amp#27;[39m 	at java.net.URLClassLoader$1.run(URLClassLoader.java:368)
&amp#27;[35m[ADB]&amp#27;[39m 	at java.net.URLClassLoader$1.run(URLClassLoader.java:362)
&amp#27;[35m[ADB]&amp#27;[39m 	at java.security.AccessController.doPrivileged(Native Method)
&amp#27;[35m[ADB]&amp#27;[39m 	at java.net.URLClassLoader.findClass(URLClassLoader.java:361)
&amp#27;[35m[ADB]&amp#27;[39m 	at java.lang.ClassLoader.loadClass(ClassLoader.java:424)
&amp#27;[35m[ADB]&amp#27;[39m 	at sun.misc.Launcher$AppClassLoader.loadClass(Launcher.java:331)
&amp#27;[35m[ADB]&amp#27;[39m 	at java.lang.ClassLoader.loadClass(ClassLoader.java:357)
&amp#27;[35m[ADB]&amp#27;[39m 	at sun.launcher.LauncherHelper.checkAndLoadMain(LauncherHelper.java:495)
&amp#27;[35m[ADB]&amp#27;[39m Error: A JNI error has occurred, please check your installation and try again
&amp#27;[35m[ADB]&amp#27;[39m Exception in thread "main" 
&amp#27;[35m[ADB]&amp#27;[39m Cannot use apksigner tool for signature verification. Original error: Command 'apksigner.bat verify --print-certs C:\\Users\\OnilVakharia\\AppData\\Roaming\\npm\\node_modules\\appium\\node_modules\\appium-uiautomator2-server\\apks\\appium-uiautomator2-server-debug-androidTest.apk' exited with code 1
[debug] &amp#27;[35m[ADB]&amp#27;[39m Defaulting to verify.jar
[debug] &amp#27;[35m[ADB]&amp#27;[39m 'C:\Users\OnilVakharia\AppData\Roaming\npm\node_modules\appium\node_modules\appium-uiautomator2-server\apks\appium-uiautomator2-server-debug-androidTest.apk' is already signed.
&amp#27;[35m[UiAutomator2]&amp#27;[39m Server packages are not going to be (re)installed
[debug] &amp#27;[35m[UiAutomator2]&amp#27;[39m Waiting up to 30000ms for services to be available
[debug] &amp#27;[35m[ADB]&amp#27;[39m Running 'C:\Users\OnilVakharia\AppData\Local\Android\Sdk\platform-tools\adb.exe -P 5037 -s emulator-5554 shell pm list instrumentation'
[debug] &amp#27;[35m[UiAutomator2]&amp#27;[39m Instrumentation target 'io.appium.uiautomator2.server.test/androidx.test.runner.AndroidJUnitRunner' is available
[debug] &amp#27;[35m[ADB]&amp#27;[39m Checking app cert for C:\Users\OnilVakharia\eclipse-workspace\AppiumFramework\src\General-Store.apk
[debug] &amp#27;[35m[ADB]&amp#27;[39m Starting 'C:\Users\OnilVakharia\AppData\Local\Android\Sdk\build-tools\30.0.0\apksigner.bat' with args '["verify","--print-certs","C:\\Users\\OnilVakharia\\eclipse-workspace\\AppiumFramework\\src\\General-Store.apk"]'
&amp#27;[35m[ADB]&amp#27;[39m Got an error during apksigner execution: Command 'apksigner.bat verify --print-certs C:\\Users\\OnilVakharia\\eclipse-workspace\\AppiumFramework\\src\\General-Store.apk' exited with code 1
&amp#27;[35m[ADB]&amp#27;[39m apksigner stderr: java.lang.UnsupportedClassVersionError: com/android/apksigner/ApkSignerTool has been compiled by a more recent version of the Java Runtime (class file version 53.0), this version of the Java Runtime only recognizes class file versions up to 52.0
&amp#27;[35m[ADB]&amp#27;[39m 	at java.lang.ClassLoader.defineClass1(Native Method)
&amp#27;[35m[ADB]&amp#27;[39m 	at java.lang.ClassLoader.defineClass(ClassLoader.java:763)
&amp#27;[35m[ADB]&amp#27;[39m 	at java.security.SecureClassLoader.defineClass(SecureClassLoader.java:142)
&amp#27;[35m[ADB]&amp#27;[39m 	at java.net.URLClassLoader.defineClass(URLClassLoader.java:467)
&amp#27;[35m[ADB]&amp#27;[39m 	at java.net.URLClassLoader.access$100(URLClassLoader.java:73)
&amp#27;[35m[ADB]&amp#27;[39m 	at java.net.URLClassLoader$1.run(URLClassLoader.java:368)
&amp#27;[35m[ADB]&amp#27;[39m 	at java.net.URLClassLoader$1.run(URLClassLoader.java:362)
&amp#27;[35m[ADB]&amp#27;[39m 	at java.security.AccessController.doPrivileged(Native Method)
&amp#27;[35m[ADB]&amp#27;[39m 	at java.net.URLClassLoader.findClass(URLClassLoader.java:361)
&amp#27;[35m[ADB]&amp#27;[39m 	at java.lang.ClassLoader.loadClass(ClassLoader.java:424)
&amp#27;[35m[ADB]&amp#27;[39m 	at sun.misc.Launcher$AppClassLoader.loadClass(Launcher.java:331)
&amp#27;[35m[ADB]&amp#27;[39m 	at java.lang.ClassLoader.loadClass(ClassLoader.java:357)
&amp#27;[35m[ADB]&amp#27;[39m 	at sun.launcher.LauncherHelper.checkAndLoadMain(LauncherHelper.java:495)
&amp#27;[35m[ADB]&amp#27;[39m Error: A JNI error has occurred, please check your installation and try again
&amp#27;[35m[ADB]&amp#27;[39m Exception in thread "main" 
&amp#27;[35m[ADB]&amp#27;[39m Cannot use apksigner tool for signature verification. Original error: Command 'apksigner.bat verify --print-certs C:\\Users\\OnilVakharia\\eclipse-workspace\\AppiumFramework\\src\\General-Store.apk' exited with code 1
[debug] &amp#27;[35m[ADB]&amp#27;[39m Defaulting to verify.jar
[debug] &amp#27;[35m[ADB]&amp#27;[39m 'C:\Users\OnilVakharia\eclipse-workspace\AppiumFramework\src\General-Store.apk' is already signed.
[debug] &amp#27;[35m[ADB]&amp#27;[39m Getting install status for com.androidsample.generalstore
[debug] &amp#27;[35m[ADB]&amp#27;[39m Running 'C:\Users\OnilVakharia\AppData\Local\Android\Sdk\platform-tools\adb.exe -P 5037 -s emulator-5554 shell dumpsys package com.androidsample.generalstore'
[debug] &amp#27;[35m[ADB]&amp#27;[39m 'com.androidsample.generalstore' is installed
[debug] &amp#27;[35m[ADB]&amp#27;[39m Getting package info for 'com.androidsample.generalstore'
[debug] &amp#27;[35m[ADB]&amp#27;[39m Running 'C:\Users\OnilVakharia\AppData\Local\Android\Sdk\platform-tools\adb.exe -P 5037 -s emulator-5554 shell dumpsys package com.androidsample.generalstore'
[debug] &amp#27;[35m[ADB]&amp#27;[39m The version name of the installed 'com.androidsample.generalstore' is greater or equal to the application version name ('1.0.0' >= '1.0.0')
[debug] &amp#27;[35m[ADB]&amp#27;[39m There is no need to install/upgrade 'C:\Users\OnilVakharia\eclipse-workspace\AppiumFramework\src\General-Store.apk'
&amp#27;[35m[AndroidDriver]&amp#27;[39m Performing fast reset on 'com.androidsample.generalstore'
[debug] &amp#27;[35m[ADB]&amp#27;[39m Getting install status for com.androidsample.generalstore
[debug] &amp#27;[35m[ADB]&amp#27;[39m Running 'C:\Users\OnilVakharia\AppData\Local\Android\Sdk\platform-tools\adb.exe -P 5037 -s emulator-5554 shell dumpsys package com.androidsample.generalstore'
[debug] &amp#27;[35m[ADB]&amp#27;[39m 'com.androidsample.generalstore' is installed
[debug] &amp#27;[35m[ADB]&amp#27;[39m Running 'C:\Users\OnilVakharia\AppData\Local\Android\Sdk\platform-tools\adb.exe -P 5037 -s emulator-5554 shell am force-stop com.androidsample.generalstore'
[debug] &amp#27;[35m[ADB]&amp#27;[39m Running 'C:\Users\OnilVakharia\AppData\Local\Android\Sdk\platform-tools\adb.exe -P 5037 -s emulator-5554 shell pm clear com.androidsample.generalstore'
[debug] &amp#27;[35m[AndroidDriver]&amp#27;[39m Performed fast reset on the installed 'com.androidsample.generalstore' application (stop and clear)
[debug] &amp#27;[35m[UiAutomator2]&amp#27;[39m Performing shallow cleanup of automation leftovers
[debug] &amp#27;[35m[UiAutomator2]&amp#27;[39m The following obsolete sessions are still running: ["e5a0b815-9cf9-4b2d-981a-881e6be3acff"]
[debug] &amp#27;[35m[UiAutomator2]&amp#27;[39m Cleaning up the obsolete sessions
[debug] &amp#27;[35m[ADB]&amp#27;[39m Running 'C:\Users\OnilVakharia\AppData\Local\Android\Sdk\platform-tools\adb.exe -P 5037 -s emulator-5554 shell am force-stop io.appium.uiautomator2.server.test'
&amp#27;[35m[UiAutomator2]&amp#27;[39m Starting UIAutomator2 server 4.5.2
&amp#27;[35m[UiAutomator2]&amp#27;[39m Using UIAutomator2 server from 'C:\Users\OnilVakharia\AppData\Roaming\npm\node_modules\appium\node_modules\appium-uiautomator2-server\apks\appium-uiautomator2-server-v4.5.2.apk' and test from 'C:\Users\OnilVakharia\AppData\Roaming\npm\node_modules\appium\node_modules\appium-uiautomator2-server\apks\appium-uiautomator2-server-debug-androidTest.apk'
&amp#27;[35m[UiAutomator2]&amp#27;[39m Waiting up to 30000ms for UiAutomator2 to be online...
[debug] &amp#27;[35m[ADB]&amp#27;[39m Creating ADB subprocess with args: ["-P",5037,"-s","emulator-5554","shell","am","instrument","-w","io.appium.uiautomator2.server.test/androidx.test.runner.AndroidJUnitRunner"]
[debug] &amp#27;[35m[Instrumentation]&amp#27;[39m io.appium.uiautomator2.server.test.AppiumUiAutomator2Server:
[debug] &amp#27;[35m[WD Proxy]&amp#27;[39m Matched '/status' to command name 'getStatus'
[debug] &amp#27;[35m[WD Proxy]&amp#27;[39m Proxying [GET /status] to [GET http://127.0.0.1:8224/wd/hub/status] with no body
&amp#27;[35m[WD Proxy]&amp#27;[39m Got an unexpected response with status undefined: {"code":"ECONNRESET"}
[debug] &amp#27;[35m[WD Proxy]&amp#27;[39m Matched '/status' to command name 'getStatus'
[debug] &amp#27;[35m[WD Proxy]&amp#27;[39m Proxying [GET /status] to [GET http://127.0.0.1:8224/wd/hub/status] with no body
[debug] &amp#27;[35m[WD Proxy]&amp#27;[39m Got response with status 200: {"sessionId":"None","value":{"ready":true,"message":"UiAutomator2 Server is ready to accept commands"}}
[debug] &amp#27;[35m[UiAutomator2]&amp#27;[39m The initialization of the instrumentation process took 2141ms
[debug] &amp#27;[35m[WD Proxy]&amp#27;[39m Matched '/session' to command name 'createSession'
[debug] &amp#27;[35m[WD Proxy]&amp#27;[39m Proxying [POST /session] to [POST http://127.0.0.1:8224/wd/hub/session] with body: {"capabilities":{"firstMatch":[{"platform":"LINUX","webStorageEnabled":false,"takesScreenshot":true,"javascriptEnabled":true,"databaseEnabled":false,"networkConnectionEnabled":true,"locationContextEnabled":false,"warnings":{},"desired":{"platformName":"android","app":"C:\\Users\\OnilVakharia\\eclipse-workspace\\AppiumFramework\\src\\General-Store.apk","automationName":"uiautomator2","deviceName":"emulator"},"platformName":"android","app":"C:\\Users\\OnilVakharia\\eclipse-workspace\\AppiumFramework\\src\\General-Store.apk","automationName":"uiautomator2","deviceName":"emulator-5554","deviceUDID":"emulator-5554","appPackage":"com.androidsample.generalstore"}],"alwaysMatch":{}}}
[debug] &amp#27;[35m[WD Proxy]&amp#27;[39m Got response with status 200: {"sessionId":"828e3d1c-4a98-4545-b85a-a2955bad8866","value":{"sessionId":"828e3d1c-4a98-4545-b85a-a2955bad8866","capabilities":{"firstMatch":[{"platform":"LINUX","webStorageEnabled":false,"takesScreenshot":true,"javascriptEnabled":true,"databaseEnabled":false,"networkConnectionEnabled":true,"locationContextEnabled":false,"warnings":{},"desired":{"platformName":"android","app":"C:\\Users\\OnilVakharia\\eclipse-workspace\\AppiumFramework\\src\\General-Store.apk","automationName":"uiautomator2","deviceName":"emulator"},"platformName":"android","app":"C:\\Users\\OnilVakharia\\eclipse-workspace\\AppiumFramework\\src\\General-Store.apk","automationName":"uiautomator2","deviceName":"emulator-5554","deviceUDID":"emulator-5554","appPackage":"com.androidsample.generalstore"}],"alwaysMatch":{}}}}
&amp#27;[35m[WD Proxy]&amp#27;[39m Determined the downstream protocol as 'W3C'
[debug] &amp#27;[35m[WD Proxy]&amp#27;[39m Proxying [GET /appium/device/info] to [GET http://127.0.0.1:8224/wd/hub/session/828e3d1c-4a98-4545-b85a-a2955bad8866/appium/device/info] with no body
[debug] &amp#27;[35m[WD Proxy]&amp#27;[39m Got response with status 200: {"sessionId":"828e3d1c-4a98-4545-b85a-a2955bad8866","value":{"androidId":"0edf25e43002c14a","manufacturer":"Google","model":"Android SDK built for x86_64","brand":"google","apiVersion":"28","platformVersion":"9","carrierName":"Android","realDisplaySize":"1080x1920","displayDensity":420,"networks":[{"type":0,"typeName":"MOBILE","subtype":13,"subtypeName":"LTE","isConnected":true,"detailedState":"CONNECTED","state":"CONNECTED","extraInfo":"epc.tmobile.com","isAvailable":true,"isFailover":false,"isRoaming":false,"capabilities":{"transportTypes":"TRANSPORT_CELLULAR","networkCapabilities":"NET_CAPABILITY_MMS,NET_CAPABILITY_SUPL,NET_CAPABILITY_DUN,NET_CAPABILITY_FOTA,NET_CAPABILITY_IMS,NET_CAPABILITY_CBS,NET_CAPABILITY_IA,NET_CAPABILITY_INTERNET,NET_CAPABILITY_NOT_RESTRICTED,NET_CAPABILITY_TRUSTED,NET_CAPABILITY_NOT_VPN,NET_CAPABILITY_VALIDATED,NET_CAPABILITY_NOT_ROAMING,NET_CAPABILITY_NOT_CONGESTED,NET_CAPABILITY_NOT_SUSPENDED","linkUpstreamBandwidthKbps":51200,"linkDownBandwidthKbps":102400,"signalStrength":-2...
[debug] &amp#27;[35m[ADB]&amp#27;[39m Running 'C:\Users\OnilVakharia\AppData\Local\Android\Sdk\platform-tools\adb.exe -P 5037 -s emulator-5554 shell dumpsys window'
&amp#27;[35m[AndroidDriver]&amp#27;[39m Screen already unlocked, doing nothing
&amp#27;[35m[UiAutomator2]&amp#27;[39m Starting 'com.androidsample.generalstore/com.androidsample.generalstore.SplashActivity and waiting for 'com.androidsample.generalstore/com.androidsample.generalstore.SplashActivity'
[debug] &amp#27;[35m[ADB]&amp#27;[39m Running 'C:\Users\OnilVakharia\AppData\Local\Android\Sdk\platform-tools\adb.exe -P 5037 -s emulator-5554 shell am start -W -n com.androidsample.generalstore/com.androidsample.generalstore.SplashActivity -S -a android.intent.action.MAIN -c android.intent.category.LAUNCHER -f 0x10200000'
[debug] &amp#27;[35m[ADB]&amp#27;[39m Waiting up to 20000ms for activity matching pkg: 'com.androidsample.generalstore' and activity: 'com.androidsample.generalstore.SplashActivity' to be focused
[debug] &amp#27;[35m[ADB]&amp#27;[39m Possible activities, to be checked: 'com.androidsample.generalstore.SplashActivity', 'com.androidsample.generalstore.com.androidsample.generalstore.SplashActivity'
[debug] &amp#27;[35m[ADB]&amp#27;[39m Getting focused package and activity
[debug] &amp#27;[35m[ADB]&amp#27;[39m Running 'C:\Users\OnilVakharia\AppData\Local\Android\Sdk\platform-tools\adb.exe -P 5037 -s emulator-5554 shell dumpsys window windows'
[debug] &amp#27;[35m[ADB]&amp#27;[39m Found package: 'com.androidsample.generalstore' and fully qualified activity name : 'com.androidsample.generalstore.SplashActivity'
[debug] &amp#27;[35m[WD Proxy]&amp#27;[39m Proxying [GET /appium/device/pixel_ratio] to [GET http://127.0.0.1:8224/wd/hub/session/828e3d1c-4a98-4545-b85a-a2955bad8866/appium/device/pixel_ratio] with body: {}
[debug] &amp#27;[35m[WD Proxy]&amp#27;[39m Got response with status 200: {"sessionId":"828e3d1c-4a98-4545-b85a-a2955bad8866","value":2.625}
[debug] &amp#27;[35m[WD Proxy]&amp#27;[39m Matched '/appium/device/system_bars' to command name 'getSystemBars'
[debug] &amp#27;[35m[WD Proxy]&amp#27;[39m Proxying [GET /appium/device/system_bars] to [GET http://127.0.0.1:8224/wd/hub/session/828e3d1c-4a98-4545-b85a-a2955bad8866/appium/device/system_bars] with body: {}
[debug] &amp#27;[35m[WD Proxy]&amp#27;[39m Got response with status 200: {"sessionId":"828e3d1c-4a98-4545-b85a-a2955bad8866","value":{"statusBar":63}}
[debug] &amp#27;[35m[WD Proxy]&amp#27;[39m Matched '/window/current/size' to command name 'getWindowSize'
[debug] &amp#27;[35m[WD Proxy]&amp#27;[39m Proxying [GET /window/current/size] to [GET http://127.0.0.1:8224/wd/hub/session/828e3d1c-4a98-4545-b85a-a2955bad8866/window/current/size] with body: {}
[debug] &amp#27;[35m[WD Proxy]&amp#27;[39m Got response with status 200: {"sessionId":"828e3d1c-4a98-4545-b85a-a2955bad8866","value":{"height":1794,"width":1080}}
&amp#27;[35m[Appium]&amp#27;[39m New AndroidUiautomator2Driver session created successfully, session a20fc25b-d98f-4b84-bc8b-0416c383bd3a added to master session list
[debug] &amp#27;[35m[BaseDriver]&amp#27;[39m Event 'newSessionStarted' logged at 1595767577966 (18:16:17 GMT+0530 (India Standard Time))
[debug] &amp#27;[35m[W3C (a20fc25b)]&amp#27;[39m Cached the protocol value 'W3C' for the new session a20fc25b-d98f-4b84-bc8b-0416c383bd3a
[debug] &amp#27;[35m[W3C (a20fc25b)]&amp#27;[39m Responding to client with driver.createSession() result: {"capabilities":{"platform":"LINUX","webStorageEnabled":false,"takesScreenshot":true,"javascriptEnabled":true,"databaseEnabled":false,"networkConnectionEnabled":true,"locationContextEnabled":false,"warnings":{},"desired":{"platformName":"android","app":"C:\\Users\\OnilVakharia\\eclipse-workspace\\AppiumFramework\\src\\General-Store.apk","automationName":"uiautomator2","deviceName":"emulator"},"platformName":"android","app":"C:\\Users\\OnilVakharia\\eclipse-workspace\\AppiumFramework\\src\\General-Store.apk","automationName":"uiautomator2","deviceName":"emulator-5554","deviceUDID":"emulator-5554","appPackage":"com.androidsample.generalstore","deviceApiLevel":28,"platformVersion":"9","deviceScreenSize":"1080x1920","deviceScreenDensity":420,"deviceModel":"Android SDK built for x86_64","deviceManufacturer":"Google","pixelRatio":2.625,"statBarHeight":63,"viewportRect":{"left":0,"top":63,"width":1080,"height":1731}}}
&amp#27;[35m[HTTP]&amp#27;[39m &amp#27;[37m<-- POST /wd/hub/session &amp#27;[39m&amp#27;[32m200&amp#27;[39m &amp#27;[90m7908 ms - 985&amp#27;[39m
&amp#27;[35m[HTTP]&amp#27;[39m &amp#27;[90m&amp#27;[39m
&amp#27;[35m[HTTP]&amp#27;[39m &amp#27;[37m-->&amp#27;[39m &amp#27;[37mGET&amp#27;[39m &amp#27;[37m/wd/hub/session/a20fc25b-d98f-4b84-bc8b-0416c383bd3a&amp#27;[39m
&amp#27;[35m[HTTP]&amp#27;[39m &amp#27;[90m{}&amp#27;[39m
[debug] &amp#27;[35m[W3C (a20fc25b)]&amp#27;[39m Calling AppiumDriver.getSession() with args: ["a20fc25b-d98f-4b84-bc8b-0416c383bd3a"]
[debug] &amp#27;[35m[UiAutomator2]&amp#27;[39m Getting session details from server to mix in
[debug] &amp#27;[35m[WD Proxy]&amp#27;[39m Matched '/' to command name 'getSession'
[debug] &amp#27;[35m[WD Proxy]&amp#27;[39m Proxying [GET /] to [GET http://127.0.0.1:8224/wd/hub/session/828e3d1c-4a98-4545-b85a-a2955bad8866] with body: {}
[debug] &amp#27;[35m[WD Proxy]&amp#27;[39m Got response with status 200: {"sessionId":"828e3d1c-4a98-4545-b85a-a2955bad8866","value":{}}
[debug] &amp#27;[35m[W3C (a20fc25b)]&amp#27;[39m Responding to client with driver.getSession() result: {"platform":"LINUX","webStorageEnabled":false,"takesScreenshot":true,"javascriptEnabled":true,"databaseEnabled":false,"networkConnectionEnabled":true,"locationContextEnabled":false,"warnings":{},"desired":{"platformName":"android","app":"C:\\Users\\OnilVakharia\\eclipse-workspace\\AppiumFramework\\src\\General-Store.apk","automationName":"uiautomator2","deviceName":"emulator"},"platformName":"android","app":"C:\\Users\\OnilVakharia\\eclipse-workspace\\AppiumFramework\\src\\General-Store.apk","automationName":"uiautomator2","deviceName":"emulator-5554","deviceUDID":"emulator-5554","appPackage":"com.androidsample.generalstore","deviceApiLevel":28,"platformVersion":"9","deviceScreenSize":"1080x1920","deviceScreenDensity":420,"deviceModel":"Android SDK built for x86_64","deviceManufacturer":"Google","pixelRatio":2.625,"statBarHeight":63,"viewportRect":{"left":0,"top":63,"width":1080,"height":1731}}
&amp#27;[35m[HTTP]&amp#27;[39m &amp#27;[37m<-- GET /wd/hub/session/a20fc25b-d98f-4b84-bc8b-0416c383bd3a &amp#27;[39m&amp#27;[32m200&amp#27;[39m &amp#27;[90m22 ms - 917&amp#27;[39m
&amp#27;[35m[HTTP]&amp#27;[39m &amp#27;[90m&amp#27;[39m
&amp#27;[35m[HTTP]&amp#27;[39m &amp#27;[37m-->&amp#27;[39m &amp#27;[37mGET&amp#27;[39m &amp#27;[37m/wd/hub/session/a20fc25b-d98f-4b84-bc8b-0416c383bd3a&amp#27;[39m
&amp#27;[35m[HTTP]&amp#27;[39m &amp#27;[90m{}&amp#27;[39m
[debug] &amp#27;[35m[W3C (a20fc25b)]&amp#27;[39m Calling AppiumDriver.getSession() with args: ["a20fc25b-d98f-4b84-bc8b-0416c383bd3a"]
[debug] &amp#27;[35m[UiAutomator2]&amp#27;[39m Getting session details from server to mix in
[debug] &amp#27;[35m[WD Proxy]&amp#27;[39m Matched '/' to command name 'getSession'
[debug] &amp#27;[35m[WD Proxy]&amp#27;[39m Proxying [GET /] to [GET http://127.0.0.1:8224/wd/hub/session/828e3d1c-4a98-4545-b85a-a2955bad8866] with body: {}
[debug] &amp#27;[35m[WD Proxy]&amp#27;[39m Got response with status 200: {"sessionId":"828e3d1c-4a98-4545-b85a-a2955bad8866","value":{}}
[debug] &amp#27;[35m[W3C (a20fc25b)]&amp#27;[39m Responding to client with driver.getSession() result: {"platform":"LINUX","webStorageEnabled":false,"takesScreenshot":true,"javascriptEnabled":true,"databaseEnabled":false,"networkConnectionEnabled":true,"locationContextEnabled":false,"warnings":{},"desired":{"platformName":"android","app":"C:\\Users\\OnilVakharia\\eclipse-workspace\\AppiumFramework\\src\\General-Store.apk","automationName":"uiautomator2","deviceName":"emulator"},"platformName":"android","app":"C:\\Users\\OnilVakharia\\eclipse-workspace\\AppiumFramework\\src\\General-Store.apk","automationName":"uiautomator2","deviceName":"emulator-5554","deviceUDID":"emulator-5554","appPackage":"com.androidsample.generalstore","deviceApiLevel":28,"platformVersion":"9","deviceScreenSize":"1080x1920","deviceScreenDensity":420,"deviceModel":"Android SDK built for x86_64","deviceManufacturer":"Google","pixelRatio":2.625,"statBarHeight":63,"viewportRect":{"left":0,"top":63,"width":1080,"height":1731}}
&amp#27;[35m[HTTP]&amp#27;[39m &amp#27;[37m<-- GET /wd/hub/session/a20fc25b-d98f-4b84-bc8b-0416c383bd3a &amp#27;[39m&amp#27;[32m200&amp#27;[39m &amp#27;[90m18 ms - 917&amp#27;[39m
&amp#27;[35m[HTTP]&amp#27;[39m &amp#27;[90m&amp#27;[39m
&amp#27;[35m[HTTP]&amp#27;[39m &amp#27;[37m-->&amp#27;[39m &amp#27;[37mPOST&amp#27;[39m &amp#27;[37m/wd/hub/session/a20fc25b-d98f-4b84-bc8b-0416c383bd3a/timeouts&amp#27;[39m
&amp#27;[35m[HTTP]&amp#27;[39m &amp#27;[90m{"implicit":20000}&amp#27;[39m
[debug] &amp#27;[35m[W3C (a20fc25b)]&amp#27;[39m Calling AppiumDriver.timeouts() with args: [null,null,null,null,20000,"a20fc25b-d98f-4b84-bc8b-0416c383bd3a"]
[debug] &amp#27;[35m[BaseDriver]&amp#27;[39m W3C timeout argument: {"implicit":20000}}
[debug] &amp#27;[35m[BaseDriver]&amp#27;[39m Set implicit wait to 20000ms
[debug] &amp#27;[35m[W3C (a20fc25b)]&amp#27;[39m Responding to client with driver.timeouts() result: null
&amp#27;[35m[HTTP]&amp#27;[39m &amp#27;[37m<-- POST /wd/hub/session/a20fc25b-d98f-4b84-bc8b-0416c383bd3a/timeouts &amp#27;[39m&amp#27;[32m200&amp#27;[39m &amp#27;[90m3 ms - 14&amp#27;[39m
&amp#27;[35m[HTTP]&amp#27;[39m &amp#27;[90m&amp#27;[39m
&amp#27;[35m[HTTP]&amp#27;[39m &amp#27;[37m-->&amp#27;[39m &amp#27;[37mGET&amp#27;[39m &amp#27;[37m/wd/hub/session/a20fc25b-d98f-4b84-bc8b-0416c383bd3a&amp#27;[39m
&amp#27;[35m[HTTP]&amp#27;[39m &amp#27;[90m{}&amp#27;[39m
[debug] &amp#27;[35m[W3C (a20fc25b)]&amp#27;[39m Calling AppiumDriver.getSession() with args: ["a20fc25b-d98f-4b84-bc8b-0416c383bd3a"]
[debug] &amp#27;[35m[UiAutomator2]&amp#27;[39m Getting session details from server to mix in
[debug] &amp#27;[35m[WD Proxy]&amp#27;[39m Matched '/' to command name 'getSession'
[debug] &amp#27;[35m[WD Proxy]&amp#27;[39m Proxying [GET /] to [GET http://127.0.0.1:8224/wd/hub/session/828e3d1c-4a98-4545-b85a-a2955bad8866] with body: {}
[debug] &amp#27;[35m[WD Proxy]&amp#27;[39m Got response with status 200: {"sessionId":"828e3d1c-4a98-4545-b85a-a2955bad8866","value":{}}
[debug] &amp#27;[35m[W3C (a20fc25b)]&amp#27;[39m Responding to client with driver.getSession() result: {"platform":"LINUX","webStorageEnabled":false,"takesScreenshot":true,"javascriptEnabled":true,"databaseEnabled":false,"networkConnectionEnabled":true,"locationContextEnabled":false,"warnings":{},"desired":{"platformName":"android","app":"C:\\Users\\OnilVakharia\\eclipse-workspace\\AppiumFramework\\src\\General-Store.apk","automationName":"uiautomator2","deviceName":"emulator"},"platformName":"android","app":"C:\\Users\\OnilVakharia\\eclipse-workspace\\AppiumFramework\\src\\General-Store.apk","automationName":"uiautomator2","deviceName":"emulator-5554","deviceUDID":"emulator-5554","appPackage":"com.androidsample.generalstore","deviceApiLevel":28,"platformVersion":"9","deviceScreenSize":"1080x1920","deviceScreenDensity":420,"deviceModel":"Android SDK built for x86_64","deviceManufacturer":"Google","pixelRatio":2.625,"statBarHeight":63,"viewportRect":{"left":0,"top":63,"width":1080,"height":1731}}
&amp#27;[35m[HTTP]&amp#27;[39m &amp#27;[37m<-- GET /wd/hub/session/a20fc25b-d98f-4b84-bc8b-0416c383bd3a &amp#27;[39m&amp#27;[32m200&amp#27;[39m &amp#27;[90m14 ms - 917&amp#27;[39m
&amp#27;[35m[HTTP]&amp#27;[39m &amp#27;[90m&amp#27;[39m
&amp#27;[35m[HTTP]&amp#27;[39m &amp#27;[37m-->&amp#27;[39m &amp#27;[37mGET&amp#27;[39m &amp#27;[37m/wd/hub/session/a20fc25b-d98f-4b84-bc8b-0416c383bd3a&amp#27;[39m
&amp#27;[35m[HTTP]&amp#27;[39m &amp#27;[90m{}&amp#27;[39m
[debug] &amp#27;[35m[W3C (a20fc25b)]&amp#27;[39m Calling AppiumDriver.getSession() with args: ["a20fc25b-d98f-4b84-bc8b-0416c383bd3a"]
[debug] &amp#27;[35m[UiAutomator2]&amp#27;[39m Getting session details from server to mix in
[debug] &amp#27;[35m[WD Proxy]&amp#27;[39m Matched '/' to command name 'getSession'
[debug] &amp#27;[35m[WD Proxy]&amp#27;[39m Proxying [GET /] to [GET http://127.0.0.1:8224/wd/hub/session/828e3d1c-4a98-4545-b85a-a2955bad8866] with body: {}
[debug] &amp#27;[35m[WD Proxy]&amp#27;[39m Got response with status 200: {"sessionId":"828e3d1c-4a98-4545-b85a-a2955bad8866","value":{}}
[debug] &amp#27;[35m[W3C (a20fc25b)]&amp#27;[39m Responding to client with driver.getSession() result: {"platform":"LINUX","webStorageEnabled":false,"takesScreenshot":true,"javascriptEnabled":true,"databaseEnabled":false,"networkConnectionEnabled":true,"locationContextEnabled":false,"warnings":{},"desired":{"platformName":"android","app":"C:\\Users\\OnilVakharia\\eclipse-workspace\\AppiumFramework\\src\\General-Store.apk","automationName":"uiautomator2","deviceName":"emulator"},"platformName":"android","app":"C:\\Users\\OnilVakharia\\eclipse-workspace\\AppiumFramework\\src\\General-Store.apk","automationName":"uiautomator2","deviceName":"emulator-5554","deviceUDID":"emulator-5554","appPackage":"com.androidsample.generalstore","deviceApiLevel":28,"platformVersion":"9","deviceScreenSize":"1080x1920","deviceScreenDensity":420,"deviceModel":"Android SDK built for x86_64","deviceManufacturer":"Google","pixelRatio":2.625,"statBarHeight":63,"viewportRect":{"left":0,"top":63,"width":1080,"height":1731}}
&amp#27;[35m[HTTP]&amp#27;[39m &amp#27;[37m<-- GET /wd/hub/session/a20fc25b-d98f-4b84-bc8b-0416c383bd3a &amp#27;[39m&amp#27;[32m200&amp#27;[39m &amp#27;[90m17 ms - 917&amp#27;[39m
&amp#27;[35m[HTTP]&amp#27;[39m &amp#27;[90m&amp#27;[39m
&amp#27;[35m[HTTP]&amp#27;[39m &amp#27;[37m-->&amp#27;[39m &amp#27;[37mGET&amp#27;[39m &amp#27;[37m/wd/hub/session/a20fc25b-d98f-4b84-bc8b-0416c383bd3a&amp#27;[39m
&amp#27;[35m[HTTP]&amp#27;[39m &amp#27;[90m{}&amp#27;[39m
[debug] &amp#27;[35m[W3C (a20fc25b)]&amp#27;[39m Calling AppiumDriver.getSession() with args: ["a20fc25b-d98f-4b84-bc8b-0416c383bd3a"]
[debug] &amp#27;[35m[UiAutomator2]&amp#27;[39m Getting session details from server to mix in
[debug] &amp#27;[35m[WD Proxy]&amp#27;[39m Matched '/' to command name 'getSession'
[debug] &amp#27;[35m[WD Proxy]&amp#27;[39m Proxying [GET /] to [GET http://127.0.0.1:8224/wd/hub/session/828e3d1c-4a98-4545-b85a-a2955bad8866] with body: {}
[debug] &amp#27;[35m[WD Proxy]&amp#27;[39m Got response with status 200: {"sessionId":"828e3d1c-4a98-4545-b85a-a2955bad8866","value":{}}
[debug] &amp#27;[35m[W3C (a20fc25b)]&amp#27;[39m Responding to client with driver.getSession() result: {"platform":"LINUX","webStorageEnabled":false,"takesScreenshot":true,"javascriptEnabled":true,"databaseEnabled":false,"networkConnectionEnabled":true,"locationContextEnabled":false,"warnings":{},"desired":{"platformName":"android","app":"C:\\Users\\OnilVakharia\\eclipse-workspace\\AppiumFramework\\src\\General-Store.apk","automationName":"uiautomator2","deviceName":"emulator"},"platformName":"android","app":"C:\\Users\\OnilVakharia\\eclipse-workspace\\AppiumFramework\\src\\General-Store.apk","automationName":"uiautomator2","deviceName":"emulator-5554","deviceUDID":"emulator-5554","appPackage":"com.androidsample.generalstore","deviceApiLevel":28,"platformVersion":"9","deviceScreenSize":"1080x1920","deviceScreenDensity":420,"deviceModel":"Android SDK built for x86_64","deviceManufacturer":"Google","pixelRatio":2.625,"statBarHeight":63,"viewportRect":{"left":0,"top":63,"width":1080,"height":1731}}
&amp#27;[35m[HTTP]&amp#27;[39m &amp#27;[37m<-- GET /wd/hub/session/a20fc25b-d98f-4b84-bc8b-0416c383bd3a &amp#27;[39m&amp#27;[32m200&amp#27;[39m &amp#27;[90m20 ms - 917&amp#27;[39m
&amp#27;[35m[HTTP]&amp#27;[39m &amp#27;[90m&amp#27;[39m
&amp#27;[35m[HTTP]&amp#27;[39m &amp#27;[37m-->&amp#27;[39m &amp#27;[37mPOST&amp#27;[39m &amp#27;[37m/wd/hub/session/a20fc25b-d98f-4b84-bc8b-0416c383bd3a/element&amp#27;[39m
&amp#27;[35m[HTTP]&amp#27;[39m &amp#27;[90m{"using":"id","value":"android:id/text1"}&amp#27;[39m
[debug] &amp#27;[35m[W3C (a20fc25b)]&amp#27;[39m Calling AppiumDriver.findElement() with args: ["id","android:id/text1","a20fc25b-d98f-4b84-bc8b-0416c383bd3a"]
[debug] &amp#27;[35m[BaseDriver]&amp#27;[39m Valid locator strategies for this request: xpath, id, class name, accessibility id, -android uiautomator
[debug] &amp#27;[35m[BaseDriver]&amp#27;[39m Waiting up to 20000 ms for condition
[debug] &amp#27;[35m[WD Proxy]&amp#27;[39m Matched '/element' to command name 'findElement'
[debug] &amp#27;[35m[WD Proxy]&amp#27;[39m Proxying [POST /element] to [POST http://127.0.0.1:8224/wd/hub/session/828e3d1c-4a98-4545-b85a-a2955bad8866/element] with body: {"strategy":"id","selector":"android:id/text1","context":"","multiple":false}
&amp#27;[35m[WD Proxy]&amp#27;[39m Got an unexpected response with status 404: {"sessionId":"828e3d1c-4a98-4545-b85a-a2955bad8866","value":{"error":"no such element","message":"An element could not be located on the page using the given search parameters","stacktrace":"io.appium.uiautomator2.common.exceptions.ElementNotFoundException: An element could not be located on the page using the given search parameters\n\tat io.appium.uiautomator2.handler.FindElement.safeHandle(FindElement.java:78)\n\tat io.appium.uiautomator2.handler.request.SafeRequestHandler.handle(SafeRequestHandler.java:38)\n\tat io.appium.uiautomator2.server.AppiumServlet.handleRequest(AppiumServlet.java:252)\n\tat io.appium.uiautomator2.server.AppiumServlet.handleHttpRequest(AppiumServlet.java:242)\n\tat io.appium.uiautomator2.http.ServerHandler.channelRead(ServerHandler.java:51)\n\tat io.netty.channel.AbstractChannelHandlerContext.invokeChannelRead(AbstractChannelHandlerContext.java:366)\n\tat io.netty.channel.AbstractChannelHandlerContext.invokeChannelRead(AbstractChannelHandlerContext.java:352)\n\tat io.netty.chann...
[debug] &amp#27;[35m[W3C]&amp#27;[39m Matched W3C error code 'no such element' to NoSuchElementError
[debug] &amp#27;[35m[BaseDriver]&amp#27;[39m Waited for 258 ms so far
[debug] &amp#27;[35m[WD Proxy]&amp#27;[39m Matched '/element' to command name 'findElement'
[debug] &amp#27;[35m[WD Proxy]&amp#27;[39m Proxying [POST /element] to [POST http://127.0.0.1:8224/wd/hub/session/828e3d1c-4a98-4545-b85a-a2955bad8866/element] with body: {"strategy":"id","selector":"android:id/text1","context":"","multiple":false}
&amp#27;[35m[WD Proxy]&amp#27;[39m Got an unexpected response with status 404: {"sessionId":"828e3d1c-4a98-4545-b85a-a2955bad8866","value":{"error":"no such element","message":"An element could not be located on the page using the given search parameters","stacktrace":"io.appium.uiautomator2.common.exceptions.ElementNotFoundException: An element could not be located on the page using the given search parameters\n\tat io.appium.uiautomator2.handler.FindElement.safeHandle(FindElement.java:78)\n\tat io.appium.uiautomator2.handler.request.SafeRequestHandler.handle(SafeRequestHandler.java:38)\n\tat io.appium.uiautomator2.server.AppiumServlet.handleRequest(AppiumServlet.java:252)\n\tat io.appium.uiautomator2.server.AppiumServlet.handleHttpRequest(AppiumServlet.java:242)\n\tat io.appium.uiautomator2.http.ServerHandler.channelRead(ServerHandler.java:51)\n\tat io.netty.channel.AbstractChannelHandlerContext.invokeChannelRead(AbstractChannelHandlerContext.java:366)\n\tat io.netty.channel.AbstractChannelHandlerContext.invokeChannelRead(AbstractChannelHandlerContext.java:352)\n\tat io.netty.chann...
[debug] &amp#27;[35m[W3C]&amp#27;[39m Matched W3C error code 'no such element' to NoSuchElementError
[debug] &amp#27;[35m[BaseDriver]&amp#27;[39m Waited for 779 ms so far
[debug] &amp#27;[35m[WD Proxy]&amp#27;[39m Matched '/element' to command name 'findElement'
[debug] &amp#27;[35m[WD Proxy]&amp#27;[39m Proxying [POST /element] to [POST http://127.0.0.1:8224/wd/hub/session/828e3d1c-4a98-4545-b85a-a2955bad8866/element] with body: {"strategy":"id","selector":"android:id/text1","context":"","multiple":false}
&amp#27;[35m[WD Proxy]&amp#27;[39m Got an unexpected response with status 404: {"sessionId":"828e3d1c-4a98-4545-b85a-a2955bad8866","value":{"error":"no such element","message":"An element could not be located on the page using the given search parameters","stacktrace":"io.appium.uiautomator2.common.exceptions.ElementNotFoundException: An element could not be located on the page using the given search parameters\n\tat io.appium.uiautomator2.handler.FindElement.safeHandle(FindElement.java:78)\n\tat io.appium.uiautomator2.handler.request.SafeRequestHandler.handle(SafeRequestHandler.java:38)\n\tat io.appium.uiautomator2.server.AppiumServlet.handleRequest(AppiumServlet.java:252)\n\tat io.appium.uiautomator2.server.AppiumServlet.handleHttpRequest(AppiumServlet.java:242)\n\tat io.appium.uiautomator2.http.ServerHandler.channelRead(ServerHandler.java:51)\n\tat io.netty.channel.AbstractChannelHandlerContext.invokeChannelRead(AbstractChannelHandlerContext.java:366)\n\tat io.netty.channel.AbstractChannelHandlerContext.invokeChannelRead(AbstractChannelHandlerContext.java:352)\n\tat io.netty.chann...
[debug] &amp#27;[35m[W3C]&amp#27;[39m Matched W3C error code 'no such element' to NoSuchElementError
[debug] &amp#27;[35m[BaseDriver]&amp#27;[39m Waited for 1307 ms so far
[debug] &amp#27;[35m[WD Proxy]&amp#27;[39m Matched '/element' to command name 'findElement'
[debug] &amp#27;[35m[WD Proxy]&amp#27;[39m Proxying [POST /element] to [POST http://127.0.0.1:8224/wd/hub/session/828e3d1c-4a98-4545-b85a-a2955bad8866/element] with body: {"strategy":"id","selector":"android:id/text1","context":"","multiple":false}
&amp#27;[35m[WD Proxy]&amp#27;[39m Got an unexpected response with status 404: {"sessionId":"828e3d1c-4a98-4545-b85a-a2955bad8866","value":{"error":"no such element","message":"An element could not be located on the page using the given search parameters","stacktrace":"io.appium.uiautomator2.common.exceptions.ElementNotFoundException: An element could not be located on the page using the given search parameters\n\tat io.appium.uiautomator2.handler.FindElement.safeHandle(FindElement.java:78)\n\tat io.appium.uiautomator2.handler.request.SafeRequestHandler.handle(SafeRequestHandler.java:38)\n\tat io.appium.uiautomator2.server.AppiumServlet.handleRequest(AppiumServlet.java:252)\n\tat io.appium.uiautomator2.server.AppiumServlet.handleHttpRequest(AppiumServlet.java:242)\n\tat io.appium.uiautomator2.http.ServerHandler.channelRead(ServerHandler.java:51)\n\tat io.netty.channel.AbstractChannelHandlerContext.invokeChannelRead(AbstractChannelHandlerContext.java:366)\n\tat io.netty.channel.AbstractChannelHandlerContext.invokeChannelRead(AbstractChannelHandlerContext.java:352)\n\tat io.netty.chann...
[debug] &amp#27;[35m[W3C]&amp#27;[39m Matched W3C error code 'no such element' to NoSuchElementError
[debug] &amp#27;[35m[BaseDriver]&amp#27;[39m Waited for 1850 ms so far
[debug] &amp#27;[35m[WD Proxy]&amp#27;[39m Matched '/element' to command name 'findElement'
[debug] &amp#27;[35m[WD Proxy]&amp#27;[39m Proxying [POST /element] to [POST http://127.0.0.1:8224/wd/hub/session/828e3d1c-4a98-4545-b85a-a2955bad8866/element] with body: {"strategy":"id","selector":"android:id/text1","context":"","multiple":false}
[debug] &amp#27;[35m[WD Proxy]&amp#27;[39m Got response with status 200: {"sessionId":"828e3d1c-4a98-4545-b85a-a2955bad8866","value":{"ELEMENT":"a188f1c3-850d-4204-af53-b470d12eea6d","element-6066-11e4-a52e-4f735466cecf":"a188f1c3-850d-4204-af53-b470d12eea6d"}}
[debug] &amp#27;[35m[W3C (a20fc25b)]&amp#27;[39m Responding to client with driver.findElement() result: {"element-6066-11e4-a52e-4f735466cecf":"a188f1c3-850d-4204-af53-b470d12eea6d","ELEMENT":"a188f1c3-850d-4204-af53-b470d12eea6d"}
&amp#27;[35m[HTTP]&amp#27;[39m &amp#27;[37m<-- POST /wd/hub/session/a20fc25b-d98f-4b84-bc8b-0416c383bd3a/element &amp#27;[39m&amp#27;[32m200&amp#27;[39m &amp#27;[90m3224 ms - 137&amp#27;[39m
&amp#27;[35m[HTTP]&amp#27;[39m &amp#27;[90m&amp#27;[39m
&amp#27;[35m[HTTP]&amp#27;[39m &amp#27;[37m-->&amp#27;[39m &amp#27;[37mPOST&amp#27;[39m &amp#27;[37m/wd/hub/session/a20fc25b-d98f-4b84-bc8b-0416c383bd3a/element/a188f1c3-850d-4204-af53-b470d12eea6d/click&amp#27;[39m
&amp#27;[35m[HTTP]&amp#27;[39m &amp#27;[90m{"id":"a188f1c3-850d-4204-af53-b470d12eea6d"}&amp#27;[39m
[debug] &amp#27;[35m[W3C (a20fc25b)]&amp#27;[39m Calling AppiumDriver.click() with args: ["a188f1c3-850d-4204-af53-b470d12eea6d","a20fc25b-d98f-4b84-bc8b-0416c383bd3a"]
[debug] &amp#27;[35m[WD Proxy]&amp#27;[39m Matched '/element/a188f1c3-850d-4204-af53-b470d12eea6d/click' to command name 'click'
[debug] &amp#27;[35m[WD Proxy]&amp#27;[39m Proxying [POST /element/a188f1c3-850d-4204-af53-b470d12eea6d/click] to [POST http://127.0.0.1:8224/wd/hub/session/828e3d1c-4a98-4545-b85a-a2955bad8866/element/a188f1c3-850d-4204-af53-b470d12eea6d/click] with body: {"element":"a188f1c3-850d-4204-af53-b470d12eea6d"}
[debug] &amp#27;[35m[WD Proxy]&amp#27;[39m Got response with status 200: {"sessionId":"828e3d1c-4a98-4545-b85a-a2955bad8866","value":null}
[debug] &amp#27;[35m[W3C (a20fc25b)]&amp#27;[39m Responding to client with driver.click() result: null
&amp#27;[35m[HTTP]&amp#27;[39m &amp#27;[37m<-- POST /wd/hub/session/a20fc25b-d98f-4b84-bc8b-0416c383bd3a/element/a188f1c3-850d-4204-af53-b470d12eea6d/click &amp#27;[39m&amp#27;[32m200&amp#27;[39m &amp#27;[90m25 ms - 14&amp#27;[39m
&amp#27;[35m[HTTP]&amp#27;[39m &amp#27;[90m&amp#27;[39m
&amp#27;[35m[HTTP]&amp#27;[39m &amp#27;[37m-->&amp#27;[39m &amp#27;[37mPOST&amp#27;[39m &amp#27;[37m/wd/hub/session/a20fc25b-d98f-4b84-bc8b-0416c383bd3a/element&amp#27;[39m
&amp#27;[35m[HTTP]&amp#27;[39m &amp#27;[90m{"using":"-android uiautomator","value":"new UiScrollable(new UiSelector().scrollable(true).instance(0)).scrollIntoView(new UiSelector().textMatches(\"Argentina\").instance(0))"}&amp#27;[39m
[debug] &amp#27;[35m[W3C (a20fc25b)]&amp#27;[39m Calling AppiumDriver.findElement() with args: ["-android uiautomator","new UiScrollable(new UiSelector().scrollable(true).instance(0)).scrollIntoView(new UiSelector().textMatches(\"Argentina\").instance(0))","a20fc25b-d98f-4b84-bc8b-0416c383bd3a"]
[debug] &amp#27;[35m[BaseDriver]&amp#27;[39m Valid locator strategies for this request: xpath, id, class name, accessibility id, -android uiautomator
[debug] &amp#27;[35m[BaseDriver]&amp#27;[39m Waiting up to 20000 ms for condition
[debug] &amp#27;[35m[WD Proxy]&amp#27;[39m Matched '/element' to command name 'findElement'
[debug] &amp#27;[35m[WD Proxy]&amp#27;[39m Proxying [POST /element] to [POST http://127.0.0.1:8224/wd/hub/session/828e3d1c-4a98-4545-b85a-a2955bad8866/element] with body: {"strategy":"-android uiautomator","selector":"new UiScrollable(new UiSelector().scrollable(true).instance(0)).scrollIntoView(new UiSelector().textMatches(\"Argentina\").instance(0))","context":"","multiple":false}
[debug] &amp#27;[35m[WD Proxy]&amp#27;[39m Got response with status 200: {"sessionId":"828e3d1c-4a98-4545-b85a-a2955bad8866","value":{"ELEMENT":"64f1e6d5-8287-4487-b656-1705bdacae66","element-6066-11e4-a52e-4f735466cecf":"64f1e6d5-8287-4487-b656-1705bdacae66"}}
[debug] &amp#27;[35m[W3C (a20fc25b)]&amp#27;[39m Responding to client with driver.findElement() result: {"element-6066-11e4-a52e-4f735466cecf":"64f1e6d5-8287-4487-b656-1705bdacae66","ELEMENT":"64f1e6d5-8287-4487-b656-1705bdacae66"}
&amp#27;[35m[HTTP]&amp#27;[39m &amp#27;[37m<-- POST /wd/hub/session/a20fc25b-d98f-4b84-bc8b-0416c383bd3a/element &amp#27;[39m&amp#27;[32m200&amp#27;[39m &amp#27;[90m4286 ms - 137&amp#27;[39m
&amp#27;[35m[HTTP]&amp#27;[39m &amp#27;[90m&amp#27;[39m
Trying to find out Agentina Country
&amp#27;[35m[HTTP]&amp#27;[39m &amp#27;[37m-->&amp#27;[39m &amp#27;[37mGET&amp#27;[39m &amp#27;[37m/wd/hub/session/a20fc25b-d98f-4b84-bc8b-0416c383bd3a&amp#27;[39m
&amp#27;[35m[HTTP]&amp#27;[39m &amp#27;[90m{}&amp#27;[39m
[debug] &amp#27;[35m[W3C (a20fc25b)]&amp#27;[39m Calling AppiumDriver.getSession() with args: ["a20fc25b-d98f-4b84-bc8b-0416c383bd3a"]
[debug] &amp#27;[35m[UiAutomator2]&amp#27;[39m Getting session details from server to mix in
[debug] &amp#27;[35m[WD Proxy]&amp#27;[39m Matched '/' to command name 'getSession'
[debug] &amp#27;[35m[WD Proxy]&amp#27;[39m Proxying [GET /] to [GET http://127.0.0.1:8224/wd/hub/session/828e3d1c-4a98-4545-b85a-a2955bad8866] with body: {}
[debug] &amp#27;[35m[WD Proxy]&amp#27;[39m Got response with status 200: {"sessionId":"828e3d1c-4a98-4545-b85a-a2955bad8866","value":{}}
[debug] &amp#27;[35m[W3C (a20fc25b)]&amp#27;[39m Responding to client with driver.getSession() result: {"platform":"LINUX","webStorageEnabled":false,"takesScreenshot":true,"javascriptEnabled":true,"databaseEnabled":false,"networkConnectionEnabled":true,"locationContextEnabled":false,"warnings":{},"desired":{"platformName":"android","app":"C:\\Users\\OnilVakharia\\eclipse-workspace\\AppiumFramework\\src\\General-Store.apk","automationName":"uiautomator2","deviceName":"emulator"},"platformName":"android","app":"C:\\Users\\OnilVakharia\\eclipse-workspace\\AppiumFramework\\src\\General-Store.apk","automationName":"uiautomator2","deviceName":"emulator-5554","deviceUDID":"emulator-5554","appPackage":"com.androidsample.generalstore","deviceApiLevel":28,"platformVersion":"9","deviceScreenSize":"1080x1920","deviceScreenDensity":420,"deviceModel":"Android SDK built for x86_64","deviceManufacturer":"Google","pixelRatio":2.625,"statBarHeight":63,"viewportRect":{"left":0,"top":63,"width":1080,"height":1731}}
&amp#27;[35m[HTTP]&amp#27;[39m &amp#27;[37m<-- GET /wd/hub/session/a20fc25b-d98f-4b84-bc8b-0416c383bd3a &amp#27;[39m&amp#27;[32m200&amp#27;[39m &amp#27;[90m16 ms - 917&amp#27;[39m
&amp#27;[35m[HTTP]&amp#27;[39m &amp#27;[90m&amp#27;[39m
&amp#27;[35m[HTTP]&amp#27;[39m &amp#27;[37m-->&amp#27;[39m &amp#27;[37mPOST&amp#27;[39m &amp#27;[37m/wd/hub/session/a20fc25b-d98f-4b84-bc8b-0416c383bd3a/element&amp#27;[39m
&amp#27;[35m[HTTP]&amp#27;[39m &amp#27;[90m{"using":"xpath","value":"//*[@text='Argentina']"}&amp#27;[39m
[debug] &amp#27;[35m[W3C (a20fc25b)]&amp#27;[39m Calling AppiumDriver.findElement() with args: ["xpath","//*[@text='Argentina']","a20fc25b-d98f-4b84-bc8b-0416c383bd3a"]
[debug] &amp#27;[35m[BaseDriver]&amp#27;[39m Valid locator strategies for this request: xpath, id, class name, accessibility id, -android uiautomator
[debug] &amp#27;[35m[BaseDriver]&amp#27;[39m Waiting up to 20000 ms for condition
[debug] &amp#27;[35m[WD Proxy]&amp#27;[39m Matched '/element' to command name 'findElement'
[debug] &amp#27;[35m[WD Proxy]&amp#27;[39m Proxying [POST /element] to [POST http://127.0.0.1:8224/wd/hub/session/828e3d1c-4a98-4545-b85a-a2955bad8866/element] with body: {"strategy":"xpath","selector":"//*[@text='Argentina']","context":"","multiple":false}
[debug] &amp#27;[35m[WD Proxy]&amp#27;[39m Got response with status 200: {"sessionId":"828e3d1c-4a98-4545-b85a-a2955bad8866","value":{"ELEMENT":"138a209d-f102-432c-81ae-7eaff7025529","element-6066-11e4-a52e-4f735466cecf":"138a209d-f102-432c-81ae-7eaff7025529"}}
[debug] &amp#27;[35m[W3C (a20fc25b)]&amp#27;[39m Responding to client with driver.findElement() result: {"element-6066-11e4-a52e-4f735466cecf":"138a209d-f102-432c-81ae-7eaff7025529","ELEMENT":"138a209d-f102-432c-81ae-7eaff7025529"}
&amp#27;[35m[HTTP]&amp#27;[39m &amp#27;[37m<-- POST /wd/hub/session/a20fc25b-d98f-4b84-bc8b-0416c383bd3a/element &amp#27;[39m&amp#27;[32m200&amp#27;[39m &amp#27;[90m158 ms - 137&amp#27;[39m
&amp#27;[35m[HTTP]&amp#27;[39m &amp#27;[90m&amp#27;[39m
&amp#27;[35m[HTTP]&amp#27;[39m &amp#27;[37m-->&amp#27;[39m &amp#27;[37mPOST&amp#27;[39m &amp#27;[37m/wd/hub/session/a20fc25b-d98f-4b84-bc8b-0416c383bd3a/element/138a209d-f102-432c-81ae-7eaff7025529/click&amp#27;[39m
&amp#27;[35m[HTTP]&amp#27;[39m &amp#27;[90m{"id":"138a209d-f102-432c-81ae-7eaff7025529"}&amp#27;[39m
[debug] &amp#27;[35m[W3C (a20fc25b)]&amp#27;[39m Calling AppiumDriver.click() with args: ["138a209d-f102-432c-81ae-7eaff7025529","a20fc25b-d98f-4b84-bc8b-0416c383bd3a"]
[debug] &amp#27;[35m[WD Proxy]&amp#27;[39m Matched '/element/138a209d-f102-432c-81ae-7eaff7025529/click' to command name 'click'
[debug] &amp#27;[35m[WD Proxy]&amp#27;[39m Proxying [POST /element/138a209d-f102-432c-81ae-7eaff7025529/click] to [POST http://127.0.0.1:8224/wd/hub/session/828e3d1c-4a98-4545-b85a-a2955bad8866/element/138a209d-f102-432c-81ae-7eaff7025529/click] with body: {"element":"138a209d-f102-432c-81ae-7eaff7025529"}
[debug] &amp#27;[35m[WD Proxy]&amp#27;[39m Got response with status 200: {"sessionId":"828e3d1c-4a98-4545-b85a-a2955bad8866","value":null}
[debug] &amp#27;[35m[W3C (a20fc25b)]&amp#27;[39m Responding to client with driver.click() result: null
&amp#27;[35m[HTTP]&amp#27;[39m &amp#27;[37m<-- POST /wd/hub/session/a20fc25b-d98f-4b84-bc8b-0416c383bd3a/element/138a209d-f102-432c-81ae-7eaff7025529/click &amp#27;[39m&amp#27;[32m200&amp#27;[39m &amp#27;[90m671 ms - 14&amp#27;[39m
&amp#27;[35m[HTTP]&amp#27;[39m &amp#27;[90m&amp#27;[39m
&amp#27;[35m[HTTP]&amp#27;[39m &amp#27;[37m-->&amp#27;[39m &amp#27;[37mGET&amp#27;[39m &amp#27;[37m/wd/hub/session/a20fc25b-d98f-4b84-bc8b-0416c383bd3a&amp#27;[39m
&amp#27;[35m[HTTP]&amp#27;[39m &amp#27;[90m{}&amp#27;[39m
[debug] &amp#27;[35m[W3C (a20fc25b)]&amp#27;[39m Calling AppiumDriver.getSession() with args: ["a20fc25b-d98f-4b84-bc8b-0416c383bd3a"]
[debug] &amp#27;[35m[UiAutomator2]&amp#27;[39m Getting session details from server to mix in
[debug] &amp#27;[35m[WD Proxy]&amp#27;[39m Matched '/' to command name 'getSession'
[debug] &amp#27;[35m[WD Proxy]&amp#27;[39m Proxying [GET /] to [GET http://127.0.0.1:8224/wd/hub/session/828e3d1c-4a98-4545-b85a-a2955bad8866] with body: {}
[debug] &amp#27;[35m[WD Proxy]&amp#27;[39m Got response with status 200: {"sessionId":"828e3d1c-4a98-4545-b85a-a2955bad8866","value":{}}
[debug] &amp#27;[35m[W3C (a20fc25b)]&amp#27;[39m Responding to client with driver.getSession() result: {"platform":"LINUX","webStorageEnabled":false,"takesScreenshot":true,"javascriptEnabled":true,"databaseEnabled":false,"networkConnectionEnabled":true,"locationContextEnabled":false,"warnings":{},"desired":{"platformName":"android","app":"C:\\Users\\OnilVakharia\\eclipse-workspace\\AppiumFramework\\src\\General-Store.apk","automationName":"uiautomator2","deviceName":"emulator"},"platformName":"android","app":"C:\\Users\\OnilVakharia\\eclipse-workspace\\AppiumFramework\\src\\General-Store.apk","automationName":"uiautomator2","deviceName":"emulator-5554","deviceUDID":"emulator-5554","appPackage":"com.androidsample.generalstore","deviceApiLevel":28,"platformVersion":"9","deviceScreenSize":"1080x1920","deviceScreenDensity":420,"deviceModel":"Android SDK built for x86_64","deviceManufacturer":"Google","pixelRatio":2.625,"statBarHeight":63,"viewportRect":{"left":0,"top":63,"width":1080,"height":1731}}
&amp#27;[35m[HTTP]&amp#27;[39m &amp#27;[37m<-- GET /wd/hub/session/a20fc25b-d98f-4b84-bc8b-0416c383bd3a &amp#27;[39m&amp#27;[32m200&amp#27;[39m &amp#27;[90m8 ms - 917&amp#27;[39m
&amp#27;[35m[HTTP]&amp#27;[39m &amp#27;[90m&amp#27;[39m
&amp#27;[35m[HTTP]&amp#27;[39m &amp#27;[37m-->&amp#27;[39m &amp#27;[37mPOST&amp#27;[39m &amp#27;[37m/wd/hub/session/a20fc25b-d98f-4b84-bc8b-0416c383bd3a/element&amp#27;[39m
&amp#27;[35m[HTTP]&amp#27;[39m &amp#27;[90m{"using":"xpath","value":"//*[@text='Enter name here']"}&amp#27;[39m
[debug] &amp#27;[35m[W3C (a20fc25b)]&amp#27;[39m Calling AppiumDriver.findElement() with args: ["xpath","//*[@text='Enter name here']","a20fc25b-d98f-4b84-bc8b-0416c383bd3a"]
[debug] &amp#27;[35m[BaseDriver]&amp#27;[39m Valid locator strategies for this request: xpath, id, class name, accessibility id, -android uiautomator
[debug] &amp#27;[35m[BaseDriver]&amp#27;[39m Waiting up to 20000 ms for condition
[debug] &amp#27;[35m[WD Proxy]&amp#27;[39m Matched '/element' to command name 'findElement'
[debug] &amp#27;[35m[WD Proxy]&amp#27;[39m Proxying [POST /element] to [POST http://127.0.0.1:8224/wd/hub/session/828e3d1c-4a98-4545-b85a-a2955bad8866/element] with body: {"strategy":"xpath","selector":"//*[@text='Enter name here']","context":"","multiple":false}
[debug] &amp#27;[35m[WD Proxy]&amp#27;[39m Got response with status 200: {"sessionId":"828e3d1c-4a98-4545-b85a-a2955bad8866","value":{"ELEMENT":"1813f044-af85-45f8-a4e1-3b0b7881e5f2","element-6066-11e4-a52e-4f735466cecf":"1813f044-af85-45f8-a4e1-3b0b7881e5f2"}}
[debug] &amp#27;[35m[W3C (a20fc25b)]&amp#27;[39m Responding to client with driver.findElement() result: {"element-6066-11e4-a52e-4f735466cecf":"1813f044-af85-45f8-a4e1-3b0b7881e5f2","ELEMENT":"1813f044-af85-45f8-a4e1-3b0b7881e5f2"}
&amp#27;[35m[HTTP]&amp#27;[39m &amp#27;[37m<-- POST /wd/hub/session/a20fc25b-d98f-4b84-bc8b-0416c383bd3a/element &amp#27;[39m&amp#27;[32m200&amp#27;[39m &amp#27;[90m133 ms - 137&amp#27;[39m
&amp#27;[35m[HTTP]&amp#27;[39m &amp#27;[90m&amp#27;[39m
&amp#27;[35m[HTTP]&amp#27;[39m &amp#27;[37m-->&amp#27;[39m &amp#27;[37mPOST&amp#27;[39m &amp#27;[37m/wd/hub/session/a20fc25b-d98f-4b84-bc8b-0416c383bd3a/element/1813f044-af85-45f8-a4e1-3b0b7881e5f2/value&amp#27;[39m
&amp#27;[35m[HTTP]&amp#27;[39m &amp#27;[90m{"id":"1813f044-af85-45f8-a4e1-3b0b7881e5f2","text":"Rahul","value":["R","a","h","u","l"]}&amp#27;[39m
[debug] &amp#27;[35m[W3C (a20fc25b)]&amp#27;[39m Calling AppiumDriver.setValue() with args: [["R","a","h","u","l"],"1813f044-af85-45f8-a4e1-3b0b7881e5f2","a20fc25b-d98f-4b84-bc8b-0416c383bd3a"]
[debug] &amp#27;[35m[WD Proxy]&amp#27;[39m Matched '/element/1813f044-af85-45f8-a4e1-3b0b7881e5f2/value' to command name 'setValue'
[debug] &amp#27;[35m[Protocol Converter]&amp#27;[39m Added 'value' property ["R","a","h","u","l"] to 'setValue' request body
[debug] &amp#27;[35m[WD Proxy]&amp#27;[39m Proxying [POST /element/1813f044-af85-45f8-a4e1-3b0b7881e5f2/value] to [POST http://127.0.0.1:8224/wd/hub/session/828e3d1c-4a98-4545-b85a-a2955bad8866/element/1813f044-af85-45f8-a4e1-3b0b7881e5f2/value] with body: {"elementId":"1813f044-af85-45f8-a4e1-3b0b7881e5f2","text":"Rahul","replace":false,"value":["R","a","h","u","l"]}
[debug] &amp#27;[35m[WD Proxy]&amp#27;[39m Got response with status 200: {"sessionId":"828e3d1c-4a98-4545-b85a-a2955bad8866","value":null}
[debug] &amp#27;[35m[W3C (a20fc25b)]&amp#27;[39m Responding to client with driver.setValue() result: null
&amp#27;[35m[HTTP]&amp#27;[39m &amp#27;[37m<-- POST /wd/hub/session/a20fc25b-d98f-4b84-bc8b-0416c383bd3a/element/1813f044-af85-45f8-a4e1-3b0b7881e5f2/value &amp#27;[39m&amp#27;[32m200&amp#27;[39m &amp#27;[90m538 ms - 14&amp#27;[39m
&amp#27;[35m[HTTP]&amp#27;[39m &amp#27;[90m&amp#27;[39m
&amp#27;[35m[HTTP]&amp#27;[39m &amp#27;[37m-->&amp#27;[39m &amp#27;[37mPOST&amp#27;[39m &amp#27;[37m/wd/hub/session/a20fc25b-d98f-4b84-bc8b-0416c383bd3a/appium/device/hide_keyboard&amp#27;[39m
&amp#27;[35m[HTTP]&amp#27;[39m &amp#27;[90m{}&amp#27;[39m
[debug] &amp#27;[35m[W3C (a20fc25b)]&amp#27;[39m Calling AppiumDriver.hideKeyboard() with args: [null,null,null,null,"a20fc25b-d98f-4b84-bc8b-0416c383bd3a"]
[debug] &amp#27;[35m[ADB]&amp#27;[39m Running 'C:\Users\OnilVakharia\AppData\Local\Android\Sdk\platform-tools\adb.exe -P 5037 -s emulator-5554 shell dumpsys input_method'
&amp#27;[35m[AndroidDriver]&amp#27;[39m Keyboard has no UI; no closing necessary
[debug] &amp#27;[35m[W3C (a20fc25b)]&amp#27;[39m Responding to client with driver.hideKeyboard() result: null
&amp#27;[35m[HTTP]&amp#27;[39m &amp#27;[37m<-- POST /wd/hub/session/a20fc25b-d98f-4b84-bc8b-0416c383bd3a/appium/device/hide_keyboard &amp#27;[39m&amp#27;[32m200&amp#27;[39m &amp#27;[90m90 ms - 14&amp#27;[39m
&amp#27;[35m[HTTP]&amp#27;[39m &amp#27;[90m&amp#27;[39m
&amp#27;[35m[HTTP]&amp#27;[39m &amp#27;[37m-->&amp#27;[39m &amp#27;[37mGET&amp#27;[39m &amp#27;[37m/wd/hub/session/a20fc25b-d98f-4b84-bc8b-0416c383bd3a&amp#27;[39m
&amp#27;[35m[HTTP]&amp#27;[39m &amp#27;[90m{}&amp#27;[39m
[debug] &amp#27;[35m[W3C (a20fc25b)]&amp#27;[39m Calling AppiumDriver.getSession() with args: ["a20fc25b-d98f-4b84-bc8b-0416c383bd3a"]
[debug] &amp#27;[35m[UiAutomator2]&amp#27;[39m Getting session details from server to mix in
[debug] &amp#27;[35m[WD Proxy]&amp#27;[39m Matched '/' to command name 'getSession'
[debug] &amp#27;[35m[WD Proxy]&amp#27;[39m Proxying [GET /] to [GET http://127.0.0.1:8224/wd/hub/session/828e3d1c-4a98-4545-b85a-a2955bad8866] with body: {}
[debug] &amp#27;[35m[WD Proxy]&amp#27;[39m Got response with status 200: {"sessionId":"828e3d1c-4a98-4545-b85a-a2955bad8866","value":{}}
[debug] &amp#27;[35m[W3C (a20fc25b)]&amp#27;[39m Responding to client with driver.getSession() result: {"platform":"LINUX","webStorageEnabled":false,"takesScreenshot":true,"javascriptEnabled":true,"databaseEnabled":false,"networkConnectionEnabled":true,"locationContextEnabled":false,"warnings":{},"desired":{"platformName":"android","app":"C:\\Users\\OnilVakharia\\eclipse-workspace\\AppiumFramework\\src\\General-Store.apk","automationName":"uiautomator2","deviceName":"emulator"},"platformName":"android","app":"C:\\Users\\OnilVakharia\\eclipse-workspace\\AppiumFramework\\src\\General-Store.apk","automationName":"uiautomator2","deviceName":"emulator-5554","deviceUDID":"emulator-5554","appPackage":"com.androidsample.generalstore","deviceApiLevel":28,"platformVersion":"9","deviceScreenSize":"1080x1920","deviceScreenDensity":420,"deviceModel":"Android SDK built for x86_64","deviceManufacturer":"Google","pixelRatio":2.625,"statBarHeight":63,"viewportRect":{"left":0,"top":63,"width":1080,"height":1731}}
&amp#27;[35m[HTTP]&amp#27;[39m &amp#27;[37m<-- GET /wd/hub/session/a20fc25b-d98f-4b84-bc8b-0416c383bd3a &amp#27;[39m&amp#27;[32m200&amp#27;[39m &amp#27;[90m8 ms - 917&amp#27;[39m
&amp#27;[35m[HTTP]&amp#27;[39m &amp#27;[90m&amp#27;[39m
&amp#27;[35m[HTTP]&amp#27;[39m &amp#27;[37m-->&amp#27;[39m &amp#27;[37mPOST&amp#27;[39m &amp#27;[37m/wd/hub/session/a20fc25b-d98f-4b84-bc8b-0416c383bd3a/element&amp#27;[39m
&amp#27;[35m[HTTP]&amp#27;[39m &amp#27;[90m{"using":"xpath","value":"//*[@text='Male']"}&amp#27;[39m
[debug] &amp#27;[35m[W3C (a20fc25b)]&amp#27;[39m Calling AppiumDriver.findElement() with args: ["xpath","//*[@text='Male']","a20fc25b-d98f-4b84-bc8b-0416c383bd3a"]
[debug] &amp#27;[35m[BaseDriver]&amp#27;[39m Valid locator strategies for this request: xpath, id, class name, accessibility id, -android uiautomator
[debug] &amp#27;[35m[BaseDriver]&amp#27;[39m Waiting up to 20000 ms for condition
[debug] &amp#27;[35m[WD Proxy]&amp#27;[39m Matched '/element' to command name 'findElement'
[debug] &amp#27;[35m[WD Proxy]&amp#27;[39m Proxying [POST /element] to [POST http://127.0.0.1:8224/wd/hub/session/828e3d1c-4a98-4545-b85a-a2955bad8866/element] with body: {"strategy":"xpath","selector":"//*[@text='Male']","context":"","multiple":false}
[debug] &amp#27;[35m[WD Proxy]&amp#27;[39m Got response with status 200: {"sessionId":"828e3d1c-4a98-4545-b85a-a2955bad8866","value":{"ELEMENT":"033890d2-d54a-4346-9357-7b411918e1d2","element-6066-11e4-a52e-4f735466cecf":"033890d2-d54a-4346-9357-7b411918e1d2"}}
[debug] &amp#27;[35m[W3C (a20fc25b)]&amp#27;[39m Responding to client with driver.findElement() result: {"element-6066-11e4-a52e-4f735466cecf":"033890d2-d54a-4346-9357-7b411918e1d2","ELEMENT":"033890d2-d54a-4346-9357-7b411918e1d2"}
&amp#27;[35m[HTTP]&amp#27;[39m &amp#27;[37m<-- POST /wd/hub/session/a20fc25b-d98f-4b84-bc8b-0416c383bd3a/element &amp#27;[39m&amp#27;[32m200&amp#27;[39m &amp#27;[90m500 ms - 137&amp#27;[39m
&amp#27;[35m[HTTP]&amp#27;[39m &amp#27;[90m&amp#27;[39m
&amp#27;[35m[HTTP]&amp#27;[39m &amp#27;[37m-->&amp#27;[39m &amp#27;[37mPOST&amp#27;[39m &amp#27;[37m/wd/hub/session/a20fc25b-d98f-4b84-bc8b-0416c383bd3a/element/033890d2-d54a-4346-9357-7b411918e1d2/click&amp#27;[39m
&amp#27;[35m[HTTP]&amp#27;[39m &amp#27;[90m{"id":"033890d2-d54a-4346-9357-7b411918e1d2"}&amp#27;[39m
[debug] &amp#27;[35m[W3C (a20fc25b)]&amp#27;[39m Calling AppiumDriver.click() with args: ["033890d2-d54a-4346-9357-7b411918e1d2","a20fc25b-d98f-4b84-bc8b-0416c383bd3a"]
[debug] &amp#27;[35m[WD Proxy]&amp#27;[39m Matched '/element/033890d2-d54a-4346-9357-7b411918e1d2/click' to command name 'click'
[debug] &amp#27;[35m[WD Proxy]&amp#27;[39m Proxying [POST /element/033890d2-d54a-4346-9357-7b411918e1d2/click] to [POST http://127.0.0.1:8224/wd/hub/session/828e3d1c-4a98-4545-b85a-a2955bad8866/element/033890d2-d54a-4346-9357-7b411918e1d2/click] with body: {"element":"033890d2-d54a-4346-9357-7b411918e1d2"}
[debug] &amp#27;[35m[WD Proxy]&amp#27;[39m Got response with status 200: {"sessionId":"828e3d1c-4a98-4545-b85a-a2955bad8866","value":null}
[debug] &amp#27;[35m[W3C (a20fc25b)]&amp#27;[39m Responding to client with driver.click() result: null
&amp#27;[35m[HTTP]&amp#27;[39m &amp#27;[37m<-- POST /wd/hub/session/a20fc25b-d98f-4b84-bc8b-0416c383bd3a/element/033890d2-d54a-4346-9357-7b411918e1d2/click &amp#27;[39m&amp#27;[32m200&amp#27;[39m &amp#27;[90m24 ms - 14&amp#27;[39m
&amp#27;[35m[HTTP]&amp#27;[39m &amp#27;[90m&amp#27;[39m
&amp#27;[35m[HTTP]&amp#27;[39m &amp#27;[37m-->&amp#27;[39m &amp#27;[37mGET&amp#27;[39m &amp#27;[37m/wd/hub/session/a20fc25b-d98f-4b84-bc8b-0416c383bd3a&amp#27;[39m
&amp#27;[35m[HTTP]&amp#27;[39m &amp#27;[90m{}&amp#27;[39m
[debug] &amp#27;[35m[W3C (a20fc25b)]&amp#27;[39m Calling AppiumDriver.getSession() with args: ["a20fc25b-d98f-4b84-bc8b-0416c383bd3a"]
[debug] &amp#27;[35m[UiAutomator2]&amp#27;[39m Getting session details from server to mix in
[debug] &amp#27;[35m[WD Proxy]&amp#27;[39m Matched '/' to command name 'getSession'
[debug] &amp#27;[35m[WD Proxy]&amp#27;[39m Proxying [GET /] to [GET http://127.0.0.1:8224/wd/hub/session/828e3d1c-4a98-4545-b85a-a2955bad8866] with body: {}
[debug] &amp#27;[35m[WD Proxy]&amp#27;[39m Got response with status 200: {"sessionId":"828e3d1c-4a98-4545-b85a-a2955bad8866","value":{}}
[debug] &amp#27;[35m[W3C (a20fc25b)]&amp#27;[39m Responding to client with driver.getSession() result: {"platform":"LINUX","webStorageEnabled":false,"takesScreenshot":true,"javascriptEnabled":true,"databaseEnabled":false,"networkConnectionEnabled":true,"locationContextEnabled":false,"warnings":{},"desired":{"platformName":"android","app":"C:\\Users\\OnilVakharia\\eclipse-workspace\\AppiumFramework\\src\\General-Store.apk","automationName":"uiautomator2","deviceName":"emulator"},"platformName":"android","app":"C:\\Users\\OnilVakharia\\eclipse-workspace\\AppiumFramework\\src\\General-Store.apk","automationName":"uiautomator2","deviceName":"emulator-5554","deviceUDID":"emulator-5554","appPackage":"com.androidsample.generalstore","deviceApiLevel":28,"platformVersion":"9","deviceScreenSize":"1080x1920","deviceScreenDensity":420,"deviceModel":"Android SDK built for x86_64","deviceManufacturer":"Google","pixelRatio":2.625,"statBarHeight":63,"viewportRect":{"left":0,"top":63,"width":1080,"height":1731}}
&amp#27;[35m[HTTP]&amp#27;[39m &amp#27;[37m<-- GET /wd/hub/session/a20fc25b-d98f-4b84-bc8b-0416c383bd3a &amp#27;[39m&amp#27;[32m200&amp#27;[39m &amp#27;[90m21 ms - 917&amp#27;[39m
&amp#27;[35m[HTTP]&amp#27;[39m &amp#27;[90m&amp#27;[39m
&amp#27;[35m[HTTP]&amp#27;[39m &amp#27;[37m-->&amp#27;[39m &amp#27;[37mPOST&amp#27;[39m &amp#27;[37m/wd/hub/session/a20fc25b-d98f-4b84-bc8b-0416c383bd3a/element&amp#27;[39m
&amp#27;[35m[HTTP]&amp#27;[39m &amp#27;[90m{"using":"id","value":"com.androidsample.generalstore:id/btnLetsShop"}&amp#27;[39m
[debug] &amp#27;[35m[W3C (a20fc25b)]&amp#27;[39m Calling AppiumDriver.findElement() with args: ["id","com.androidsample.generalstore:id/btnLetsShop","a20fc25b-d98f-4b84-bc8b-0416c383bd3a"]
[debug] &amp#27;[35m[BaseDriver]&amp#27;[39m Valid locator strategies for this request: xpath, id, class name, accessibility id, -android uiautomator
[debug] &amp#27;[35m[BaseDriver]&amp#27;[39m Waiting up to 20000 ms for condition
[debug] &amp#27;[35m[WD Proxy]&amp#27;[39m Matched '/element' to command name 'findElement'
[debug] &amp#27;[35m[WD Proxy]&amp#27;[39m Proxying [POST /element] to [POST http://127.0.0.1:8224/wd/hub/session/828e3d1c-4a98-4545-b85a-a2955bad8866/element] with body: {"strategy":"id","selector":"com.androidsample.generalstore:id/btnLetsShop","context":"","multiple":false}
[debug] &amp#27;[35m[WD Proxy]&amp#27;[39m Got response with status 200: {"sessionId":"828e3d1c-4a98-4545-b85a-a2955bad8866","value":{"ELEMENT":"54699c4e-4b43-4410-8566-4aefa77059ec","element-6066-11e4-a52e-4f735466cecf":"54699c4e-4b43-4410-8566-4aefa77059ec"}}
[debug] &amp#27;[35m[W3C (a20fc25b)]&amp#27;[39m Responding to client with driver.findElement() result: {"element-6066-11e4-a52e-4f735466cecf":"54699c4e-4b43-4410-8566-4aefa77059ec","ELEMENT":"54699c4e-4b43-4410-8566-4aefa77059ec"}
&amp#27;[35m[HTTP]&amp#27;[39m &amp#27;[37m<-- POST /wd/hub/session/a20fc25b-d98f-4b84-bc8b-0416c383bd3a/element &amp#27;[39m&amp#27;[32m200&amp#27;[39m &amp#27;[90m509 ms - 137&amp#27;[39m
&amp#27;[35m[HTTP]&amp#27;[39m &amp#27;[90m&amp#27;[39m
&amp#27;[35m[HTTP]&amp#27;[39m &amp#27;[37m-->&amp#27;[39m &amp#27;[37mPOST&amp#27;[39m &amp#27;[37m/wd/hub/session/a20fc25b-d98f-4b84-bc8b-0416c383bd3a/element/54699c4e-4b43-4410-8566-4aefa77059ec/click&amp#27;[39m
&amp#27;[35m[HTTP]&amp#27;[39m &amp#27;[90m{"id":"54699c4e-4b43-4410-8566-4aefa77059ec"}&amp#27;[39m
[debug] &amp#27;[35m[W3C (a20fc25b)]&amp#27;[39m Calling AppiumDriver.click() with args: ["54699c4e-4b43-4410-8566-4aefa77059ec","a20fc25b-d98f-4b84-bc8b-0416c383bd3a"]
[debug] &amp#27;[35m[WD Proxy]&amp#27;[39m Matched '/element/54699c4e-4b43-4410-8566-4aefa77059ec/click' to command name 'click'
[debug] &amp#27;[35m[WD Proxy]&amp#27;[39m Proxying [POST /element/54699c4e-4b43-4410-8566-4aefa77059ec/click] to [POST http://127.0.0.1:8224/wd/hub/session/828e3d1c-4a98-4545-b85a-a2955bad8866/element/54699c4e-4b43-4410-8566-4aefa77059ec/click] with body: {"element":"54699c4e-4b43-4410-8566-4aefa77059ec"}
[debug] &amp#27;[35m[WD Proxy]&amp#27;[39m Got response with status 200: {"sessionId":"828e3d1c-4a98-4545-b85a-a2955bad8866","value":null}
[debug] &amp#27;[35m[W3C (a20fc25b)]&amp#27;[39m Responding to client with driver.click() result: null
&amp#27;[35m[HTTP]&amp#27;[39m &amp#27;[37m<-- POST /wd/hub/session/a20fc25b-d98f-4b84-bc8b-0416c383bd3a/element/54699c4e-4b43-4410-8566-4aefa77059ec/click &amp#27;[39m&amp#27;[32m200&amp#27;[39m &amp#27;[90m25 ms - 14&amp#27;[39m
&amp#27;[35m[HTTP]&amp#27;[39m &amp#27;[90m&amp#27;[39m
&amp#27;[35m[HTTP]&amp#27;[39m &amp#27;[37m-->&amp#27;[39m &amp#27;[37mGET&amp#27;[39m &amp#27;[37m/wd/hub/session/a20fc25b-d98f-4b84-bc8b-0416c383bd3a&amp#27;[39m
&amp#27;[35m[HTTP]&amp#27;[39m &amp#27;[90m{}&amp#27;[39m
[debug] &amp#27;[35m[W3C (a20fc25b)]&amp#27;[39m Calling AppiumDriver.getSession() with args: ["a20fc25b-d98f-4b84-bc8b-0416c383bd3a"]
[debug] &amp#27;[35m[UiAutomator2]&amp#27;[39m Getting session details from server to mix in
[debug] &amp#27;[35m[WD Proxy]&amp#27;[39m Matched '/' to command name 'getSession'
[debug] &amp#27;[35m[WD Proxy]&amp#27;[39m Proxying [GET /] to [GET http://127.0.0.1:8224/wd/hub/session/828e3d1c-4a98-4545-b85a-a2955bad8866] with body: {}
[debug] &amp#27;[35m[WD Proxy]&amp#27;[39m Got response with status 200: {"sessionId":"828e3d1c-4a98-4545-b85a-a2955bad8866","value":{}}
[debug] &amp#27;[35m[W3C (a20fc25b)]&amp#27;[39m Responding to client with driver.getSession() result: {"platform":"LINUX","webStorageEnabled":false,"takesScreenshot":true,"javascriptEnabled":true,"databaseEnabled":false,"networkConnectionEnabled":true,"locationContextEnabled":false,"warnings":{},"desired":{"platformName":"android","app":"C:\\Users\\OnilVakharia\\eclipse-workspace\\AppiumFramework\\src\\General-Store.apk","automationName":"uiautomator2","deviceName":"emulator"},"platformName":"android","app":"C:\\Users\\OnilVakharia\\eclipse-workspace\\AppiumFramework\\src\\General-Store.apk","automationName":"uiautomator2","deviceName":"emulator-5554","deviceUDID":"emulator-5554","appPackage":"com.androidsample.generalstore","deviceApiLevel":28,"platformVersion":"9","deviceScreenSize":"1080x1920","deviceScreenDensity":420,"deviceModel":"Android SDK built for x86_64","deviceManufacturer":"Google","pixelRatio":2.625,"statBarHeight":63,"viewportRect":{"left":0,"top":63,"width":1080,"height":1731}}
&amp#27;[35m[HTTP]&amp#27;[39m &amp#27;[37m<-- GET /wd/hub/session/a20fc25b-d98f-4b84-bc8b-0416c383bd3a &amp#27;[39m&amp#27;[32m200&amp#27;[39m &amp#27;[90m9 ms - 917&amp#27;[39m
&amp#27;[35m[HTTP]&amp#27;[39m &amp#27;[90m&amp#27;[39m
&amp#27;[35m[HTTP]&amp#27;[39m &amp#27;[37m-->&amp#27;[39m &amp#27;[37mGET&amp#27;[39m &amp#27;[37m/wd/hub/session/a20fc25b-d98f-4b84-bc8b-0416c383bd3a&amp#27;[39m
&amp#27;[35m[HTTP]&amp#27;[39m &amp#27;[90m{}&amp#27;[39m
[debug] &amp#27;[35m[W3C (a20fc25b)]&amp#27;[39m Calling AppiumDriver.getSession() with args: ["a20fc25b-d98f-4b84-bc8b-0416c383bd3a"]
[debug] &amp#27;[35m[UiAutomator2]&amp#27;[39m Getting session details from server to mix in
[debug] &amp#27;[35m[WD Proxy]&amp#27;[39m Matched '/' to command name 'getSession'
[debug] &amp#27;[35m[WD Proxy]&amp#27;[39m Proxying [GET /] to [GET http://127.0.0.1:8224/wd/hub/session/828e3d1c-4a98-4545-b85a-a2955bad8866] with body: {}
[debug] &amp#27;[35m[WD Proxy]&amp#27;[39m Got response with status 200: {"sessionId":"828e3d1c-4a98-4545-b85a-a2955bad8866","value":{}}
[debug] &amp#27;[35m[W3C (a20fc25b)]&amp#27;[39m Responding to client with driver.getSession() result: {"platform":"LINUX","webStorageEnabled":false,"takesScreenshot":true,"javascriptEnabled":true,"databaseEnabled":false,"networkConnectionEnabled":true,"locationContextEnabled":false,"warnings":{},"desired":{"platformName":"android","app":"C:\\Users\\OnilVakharia\\eclipse-workspace\\AppiumFramework\\src\\General-Store.apk","automationName":"uiautomator2","deviceName":"emulator"},"platformName":"android","app":"C:\\Users\\OnilVakharia\\eclipse-workspace\\AppiumFramework\\src\\General-Store.apk","automationName":"uiautomator2","deviceName":"emulator-5554","deviceUDID":"emulator-5554","appPackage":"com.androidsample.generalstore","deviceApiLevel":28,"platformVersion":"9","deviceScreenSize":"1080x1920","deviceScreenDensity":420,"deviceModel":"Android SDK built for x86_64","deviceManufacturer":"Google","pixelRatio":2.625,"statBarHeight":63,"viewportRect":{"left":0,"top":63,"width":1080,"height":1731}}
&amp#27;[35m[HTTP]&amp#27;[39m &amp#27;[37m<-- GET /wd/hub/session/a20fc25b-d98f-4b84-bc8b-0416c383bd3a &amp#27;[39m&amp#27;[32m200&amp#27;[39m &amp#27;[90m29 ms - 917&amp#27;[39m
&amp#27;[35m[HTTP]&amp#27;[39m &amp#27;[90m&amp#27;[39m
&amp#27;[35m[HTTP]&amp#27;[39m &amp#27;[37m-->&amp#27;[39m &amp#27;[37mGET&amp#27;[39m &amp#27;[37m/wd/hub/session/a20fc25b-d98f-4b84-bc8b-0416c383bd3a&amp#27;[39m
&amp#27;[35m[HTTP]&amp#27;[39m &amp#27;[90m{}&amp#27;[39m
[debug] &amp#27;[35m[W3C (a20fc25b)]&amp#27;[39m Calling AppiumDriver.getSession() with args: ["a20fc25b-d98f-4b84-bc8b-0416c383bd3a"]
[debug] &amp#27;[35m[UiAutomator2]&amp#27;[39m Getting session details from server to mix in
[debug] &amp#27;[35m[WD Proxy]&amp#27;[39m Matched '/' to command name 'getSession'
[debug] &amp#27;[35m[WD Proxy]&amp#27;[39m Proxying [GET /] to [GET http://127.0.0.1:8224/wd/hub/session/828e3d1c-4a98-4545-b85a-a2955bad8866] with body: {}
[debug] &amp#27;[35m[WD Proxy]&amp#27;[39m Got response with status 200: {"sessionId":"828e3d1c-4a98-4545-b85a-a2955bad8866","value":{}}
[debug] &amp#27;[35m[W3C (a20fc25b)]&amp#27;[39m Responding to client with driver.getSession() result: {"platform":"LINUX","webStorageEnabled":false,"takesScreenshot":true,"javascriptEnabled":true,"databaseEnabled":false,"networkConnectionEnabled":true,"locationContextEnabled":false,"warnings":{},"desired":{"platformName":"android","app":"C:\\Users\\OnilVakharia\\eclipse-workspace\\AppiumFramework\\src\\General-Store.apk","automationName":"uiautomator2","deviceName":"emulator"},"platformName":"android","app":"C:\\Users\\OnilVakharia\\eclipse-workspace\\AppiumFramework\\src\\General-Store.apk","automationName":"uiautomator2","deviceName":"emulator-5554","deviceUDID":"emulator-5554","appPackage":"com.androidsample.generalstore","deviceApiLevel":28,"platformVersion":"9","deviceScreenSize":"1080x1920","deviceScreenDensity":420,"deviceModel":"Android SDK built for x86_64","deviceManufacturer":"Google","pixelRatio":2.625,"statBarHeight":63,"viewportRect":{"left":0,"top":63,"width":1080,"height":1731}}
&amp#27;[35m[HTTP]&amp#27;[39m &amp#27;[37m<-- GET /wd/hub/session/a20fc25b-d98f-4b84-bc8b-0416c383bd3a &amp#27;[39m&amp#27;[32m200&amp#27;[39m &amp#27;[90m14 ms - 917&amp#27;[39m
&amp#27;[35m[HTTP]&amp#27;[39m &amp#27;[90m&amp#27;[39m
&amp#27;[35m[HTTP]&amp#27;[39m &amp#27;[37m-->&amp#27;[39m &amp#27;[37mPOST&amp#27;[39m &amp#27;[37m/wd/hub/session/a20fc25b-d98f-4b84-bc8b-0416c383bd3a/elements&amp#27;[39m
&amp#27;[35m[HTTP]&amp#27;[39m &amp#27;[90m{"using":"xpath","value":"//*[@text='ADD TO CART']"}&amp#27;[39m
[debug] &amp#27;[35m[W3C (a20fc25b)]&amp#27;[39m Calling AppiumDriver.findElements() with args: ["xpath","//*[@text='ADD TO CART']","a20fc25b-d98f-4b84-bc8b-0416c383bd3a"]
[debug] &amp#27;[35m[BaseDriver]&amp#27;[39m Valid locator strategies for this request: xpath, id, class name, accessibility id, -android uiautomator
[debug] &amp#27;[35m[BaseDriver]&amp#27;[39m Waiting up to 20000 ms for condition
[debug] &amp#27;[35m[WD Proxy]&amp#27;[39m Matched '/elements' to command name 'findElements'
[debug] &amp#27;[35m[WD Proxy]&amp#27;[39m Proxying [POST /elements] to [POST http://127.0.0.1:8224/wd/hub/session/828e3d1c-4a98-4545-b85a-a2955bad8866/elements] with body: {"strategy":"xpath","selector":"//*[@text='ADD TO CART']","context":"","multiple":true}
[debug] &amp#27;[35m[WD Proxy]&amp#27;[39m Got response with status 200: {"sessionId":"828e3d1c-4a98-4545-b85a-a2955bad8866","value":[{"ELEMENT":"ea1a0bed-0eaa-49a7-a6ed-2f661a747dde","element-6066-11e4-a52e-4f735466cecf":"ea1a0bed-0eaa-49a7-a6ed-2f661a747dde"},{"ELEMENT":"0baeb92d-6684-4613-8771-83aa2f80f7ab","element-6066-11e4-a52e-4f735466cecf":"0baeb92d-6684-4613-8771-83aa2f80f7ab"}]}
[debug] &amp#27;[35m[W3C (a20fc25b)]&amp#27;[39m Responding to client with driver.findElements() result: [{"element-6066-11e4-a52e-4f735466cecf":"ea1a0bed-0eaa-49a7-a6ed-2f661a747dde","ELEMENT":"ea1a0bed-0eaa-49a7-a6ed-2f661a747dde"},{"element-6066-11e4-a52e-4f735466cecf":"0baeb92d-6684-4613-8771-83aa2f80f7ab","ELEMENT":"0baeb92d-6684-4613-8771-83aa2f80f7ab"}]
&amp#27;[35m[HTTP]&amp#27;[39m &amp#27;[37m<-- POST /wd/hub/session/a20fc25b-d98f-4b84-bc8b-0416c383bd3a/elements &amp#27;[39m&amp#27;[32m200&amp#27;[39m &amp#27;[90m1078 ms - 267&amp#27;[39m
&amp#27;[35m[HTTP]&amp#27;[39m &amp#27;[90m&amp#27;[39m
&amp#27;[35m[HTTP]&amp#27;[39m &amp#27;[37m-->&amp#27;[39m &amp#27;[37mPOST&amp#27;[39m &amp#27;[37m/wd/hub/session/a20fc25b-d98f-4b84-bc8b-0416c383bd3a/element/ea1a0bed-0eaa-49a7-a6ed-2f661a747dde/click&amp#27;[39m
&amp#27;[35m[HTTP]&amp#27;[39m &amp#27;[90m{"id":"ea1a0bed-0eaa-49a7-a6ed-2f661a747dde"}&amp#27;[39m
[debug] &amp#27;[35m[W3C (a20fc25b)]&amp#27;[39m Calling AppiumDriver.click() with args: ["ea1a0bed-0eaa-49a7-a6ed-2f661a747dde","a20fc25b-d98f-4b84-bc8b-0416c383bd3a"]
[debug] &amp#27;[35m[WD Proxy]&amp#27;[39m Matched '/element/ea1a0bed-0eaa-49a7-a6ed-2f661a747dde/click' to command name 'click'
[debug] &amp#27;[35m[WD Proxy]&amp#27;[39m Proxying [POST /element/ea1a0bed-0eaa-49a7-a6ed-2f661a747dde/click] to [POST http://127.0.0.1:8224/wd/hub/session/828e3d1c-4a98-4545-b85a-a2955bad8866/element/ea1a0bed-0eaa-49a7-a6ed-2f661a747dde/click] with body: {"element":"ea1a0bed-0eaa-49a7-a6ed-2f661a747dde"}
[debug] &amp#27;[35m[WD Proxy]&amp#27;[39m Got response with status 200: {"sessionId":"828e3d1c-4a98-4545-b85a-a2955bad8866","value":null}
[debug] &amp#27;[35m[W3C (a20fc25b)]&amp#27;[39m Responding to client with driver.click() result: null
&amp#27;[35m[HTTP]&amp#27;[39m &amp#27;[37m<-- POST /wd/hub/session/a20fc25b-d98f-4b84-bc8b-0416c383bd3a/element/ea1a0bed-0eaa-49a7-a6ed-2f661a747dde/click &amp#27;[39m&amp#27;[32m200&amp#27;[39m &amp#27;[90m27 ms - 14&amp#27;[39m
&amp#27;[35m[HTTP]&amp#27;[39m &amp#27;[90m&amp#27;[39m
&amp#27;[35m[HTTP]&amp#27;[39m &amp#27;[37m-->&amp#27;[39m &amp#27;[37mGET&amp#27;[39m &amp#27;[37m/wd/hub/session/a20fc25b-d98f-4b84-bc8b-0416c383bd3a&amp#27;[39m
&amp#27;[35m[HTTP]&amp#27;[39m &amp#27;[90m{}&amp#27;[39m
[debug] &amp#27;[35m[W3C (a20fc25b)]&amp#27;[39m Calling AppiumDriver.getSession() with args: ["a20fc25b-d98f-4b84-bc8b-0416c383bd3a"]
[debug] &amp#27;[35m[UiAutomator2]&amp#27;[39m Getting session details from server to mix in
[debug] &amp#27;[35m[WD Proxy]&amp#27;[39m Matched '/' to command name 'getSession'
[debug] &amp#27;[35m[WD Proxy]&amp#27;[39m Proxying [GET /] to [GET http://127.0.0.1:8224/wd/hub/session/828e3d1c-4a98-4545-b85a-a2955bad8866] with body: {}
[debug] &amp#27;[35m[WD Proxy]&amp#27;[39m Got response with status 200: {"sessionId":"828e3d1c-4a98-4545-b85a-a2955bad8866","value":{}}
[debug] &amp#27;[35m[W3C (a20fc25b)]&amp#27;[39m Responding to client with driver.getSession() result: {"platform":"LINUX","webStorageEnabled":false,"takesScreenshot":true,"javascriptEnabled":true,"databaseEnabled":false,"networkConnectionEnabled":true,"locationContextEnabled":false,"warnings":{},"desired":{"platformName":"android","app":"C:\\Users\\OnilVakharia\\eclipse-workspace\\AppiumFramework\\src\\General-Store.apk","automationName":"uiautomator2","deviceName":"emulator"},"platformName":"android","app":"C:\\Users\\OnilVakharia\\eclipse-workspace\\AppiumFramework\\src\\General-Store.apk","automationName":"uiautomator2","deviceName":"emulator-5554","deviceUDID":"emulator-5554","appPackage":"com.androidsample.generalstore","deviceApiLevel":28,"platformVersion":"9","deviceScreenSize":"1080x1920","deviceScreenDensity":420,"deviceModel":"Android SDK built for x86_64","deviceManufacturer":"Google","pixelRatio":2.625,"statBarHeight":63,"viewportRect":{"left":0,"top":63,"width":1080,"height":1731}}
&amp#27;[35m[HTTP]&amp#27;[39m &amp#27;[37m<-- GET /wd/hub/session/a20fc25b-d98f-4b84-bc8b-0416c383bd3a &amp#27;[39m&amp#27;[32m200&amp#27;[39m &amp#27;[90m12 ms - 917&amp#27;[39m
&amp#27;[35m[HTTP]&amp#27;[39m &amp#27;[90m&amp#27;[39m
&amp#27;[35m[HTTP]&amp#27;[39m &amp#27;[37m-->&amp#27;[39m &amp#27;[37mPOST&amp#27;[39m &amp#27;[37m/wd/hub/session/a20fc25b-d98f-4b84-bc8b-0416c383bd3a/elements&amp#27;[39m
&amp#27;[35m[HTTP]&amp#27;[39m &amp#27;[90m{"using":"xpath","value":"//*[@text='ADD TO CART']"}&amp#27;[39m
[debug] &amp#27;[35m[W3C (a20fc25b)]&amp#27;[39m Calling AppiumDriver.findElements() with args: ["xpath","//*[@text='ADD TO CART']","a20fc25b-d98f-4b84-bc8b-0416c383bd3a"]
[debug] &amp#27;[35m[BaseDriver]&amp#27;[39m Valid locator strategies for this request: xpath, id, class name, accessibility id, -android uiautomator
[debug] &amp#27;[35m[BaseDriver]&amp#27;[39m Waiting up to 20000 ms for condition
[debug] &amp#27;[35m[WD Proxy]&amp#27;[39m Matched '/elements' to command name 'findElements'
[debug] &amp#27;[35m[WD Proxy]&amp#27;[39m Proxying [POST /elements] to [POST http://127.0.0.1:8224/wd/hub/session/828e3d1c-4a98-4545-b85a-a2955bad8866/elements] with body: {"strategy":"xpath","selector":"//*[@text='ADD TO CART']","context":"","multiple":true}
[debug] &amp#27;[35m[WD Proxy]&amp#27;[39m Got response with status 200: {"sessionId":"828e3d1c-4a98-4545-b85a-a2955bad8866","value":[{"ELEMENT":"9f3d2095-9697-4f18-9c10-5dad2b23e6a5","element-6066-11e4-a52e-4f735466cecf":"9f3d2095-9697-4f18-9c10-5dad2b23e6a5"}]}
[debug] &amp#27;[35m[W3C (a20fc25b)]&amp#27;[39m Responding to client with driver.findElements() result: [{"element-6066-11e4-a52e-4f735466cecf":"9f3d2095-9697-4f18-9c10-5dad2b23e6a5","ELEMENT":"9f3d2095-9697-4f18-9c10-5dad2b23e6a5"}]
&amp#27;[35m[HTTP]&amp#27;[39m &amp#27;[37m<-- POST /wd/hub/session/a20fc25b-d98f-4b84-bc8b-0416c383bd3a/elements &amp#27;[39m&amp#27;[32m200&amp#27;[39m &amp#27;[90m623 ms - 139&amp#27;[39m
&amp#27;[35m[HTTP]&amp#27;[39m &amp#27;[90m&amp#27;[39m
&amp#27;[35m[HTTP]&amp#27;[39m &amp#27;[37m-->&amp#27;[39m &amp#27;[37mPOST&amp#27;[39m &amp#27;[37m/wd/hub/session/a20fc25b-d98f-4b84-bc8b-0416c383bd3a/element/9f3d2095-9697-4f18-9c10-5dad2b23e6a5/click&amp#27;[39m
&amp#27;[35m[HTTP]&amp#27;[39m &amp#27;[90m{"id":"9f3d2095-9697-4f18-9c10-5dad2b23e6a5"}&amp#27;[39m
[debug] &amp#27;[35m[W3C (a20fc25b)]&amp#27;[39m Calling AppiumDriver.click() with args: ["9f3d2095-9697-4f18-9c10-5dad2b23e6a5","a20fc25b-d98f-4b84-bc8b-0416c383bd3a"]
[debug] &amp#27;[35m[WD Proxy]&amp#27;[39m Matched '/element/9f3d2095-9697-4f18-9c10-5dad2b23e6a5/click' to command name 'click'
[debug] &amp#27;[35m[WD Proxy]&amp#27;[39m Proxying [POST /element/9f3d2095-9697-4f18-9c10-5dad2b23e6a5/click] to [POST http://127.0.0.1:8224/wd/hub/session/828e3d1c-4a98-4545-b85a-a2955bad8866/element/9f3d2095-9697-4f18-9c10-5dad2b23e6a5/click] with body: {"element":"9f3d2095-9697-4f18-9c10-5dad2b23e6a5"}
[debug] &amp#27;[35m[WD Proxy]&amp#27;[39m Got response with status 200: {"sessionId":"828e3d1c-4a98-4545-b85a-a2955bad8866","value":null}
[debug] &amp#27;[35m[W3C (a20fc25b)]&amp#27;[39m Responding to client with driver.click() result: null
&amp#27;[35m[HTTP]&amp#27;[39m &amp#27;[37m<-- POST /wd/hub/session/a20fc25b-d98f-4b84-bc8b-0416c383bd3a/element/9f3d2095-9697-4f18-9c10-5dad2b23e6a5/click &amp#27;[39m&amp#27;[32m200&amp#27;[39m &amp#27;[90m21 ms - 14&amp#27;[39m
&amp#27;[35m[HTTP]&amp#27;[39m &amp#27;[90m&amp#27;[39m
&amp#27;[35m[HTTP]&amp#27;[39m &amp#27;[37m-->&amp#27;[39m &amp#27;[37mGET&amp#27;[39m &amp#27;[37m/wd/hub/session/a20fc25b-d98f-4b84-bc8b-0416c383bd3a&amp#27;[39m
&amp#27;[35m[HTTP]&amp#27;[39m &amp#27;[90m{}&amp#27;[39m
[debug] &amp#27;[35m[W3C (a20fc25b)]&amp#27;[39m Calling AppiumDriver.getSession() with args: ["a20fc25b-d98f-4b84-bc8b-0416c383bd3a"]
[debug] &amp#27;[35m[UiAutomator2]&amp#27;[39m Getting session details from server to mix in
[debug] &amp#27;[35m[WD Proxy]&amp#27;[39m Matched '/' to command name 'getSession'
[debug] &amp#27;[35m[WD Proxy]&amp#27;[39m Proxying [GET /] to [GET http://127.0.0.1:8224/wd/hub/session/828e3d1c-4a98-4545-b85a-a2955bad8866] with body: {}
[debug] &amp#27;[35m[WD Proxy]&amp#27;[39m Got response with status 200: {"sessionId":"828e3d1c-4a98-4545-b85a-a2955bad8866","value":{}}
[debug] &amp#27;[35m[W3C (a20fc25b)]&amp#27;[39m Responding to client with driver.getSession() result: {"platform":"LINUX","webStorageEnabled":false,"takesScreenshot":true,"javascriptEnabled":true,"databaseEnabled":false,"networkConnectionEnabled":true,"locationContextEnabled":false,"warnings":{},"desired":{"platformName":"android","app":"C:\\Users\\OnilVakharia\\eclipse-workspace\\AppiumFramework\\src\\General-Store.apk","automationName":"uiautomator2","deviceName":"emulator"},"platformName":"android","app":"C:\\Users\\OnilVakharia\\eclipse-workspace\\AppiumFramework\\src\\General-Store.apk","automationName":"uiautomator2","deviceName":"emulator-5554","deviceUDID":"emulator-5554","appPackage":"com.androidsample.generalstore","deviceApiLevel":28,"platformVersion":"9","deviceScreenSize":"1080x1920","deviceScreenDensity":420,"deviceModel":"Android SDK built for x86_64","deviceManufacturer":"Google","pixelRatio":2.625,"statBarHeight":63,"viewportRect":{"left":0,"top":63,"width":1080,"height":1731}}
&amp#27;[35m[HTTP]&amp#27;[39m &amp#27;[37m<-- GET /wd/hub/session/a20fc25b-d98f-4b84-bc8b-0416c383bd3a &amp#27;[39m&amp#27;[32m200&amp#27;[39m &amp#27;[90m10 ms - 917&amp#27;[39m
&amp#27;[35m[HTTP]&amp#27;[39m &amp#27;[90m&amp#27;[39m
&amp#27;[35m[HTTP]&amp#27;[39m &amp#27;[37m-->&amp#27;[39m &amp#27;[37mPOST&amp#27;[39m &amp#27;[37m/wd/hub/session/a20fc25b-d98f-4b84-bc8b-0416c383bd3a/element&amp#27;[39m
&amp#27;[35m[HTTP]&amp#27;[39m &amp#27;[90m{"using":"id","value":"com.androidsample.generalstore:id/appbar_btn_cart"}&amp#27;[39m
[debug] &amp#27;[35m[W3C (a20fc25b)]&amp#27;[39m Calling AppiumDriver.findElement() with args: ["id","com.androidsample.generalstore:id/appbar_btn_cart","a20fc25b-d98f-4b84-bc8b-0416c383bd3a"]
[debug] &amp#27;[35m[BaseDriver]&amp#27;[39m Valid locator strategies for this request: xpath, id, class name, accessibility id, -android uiautomator
[debug] &amp#27;[35m[BaseDriver]&amp#27;[39m Waiting up to 20000 ms for condition
[debug] &amp#27;[35m[WD Proxy]&amp#27;[39m Matched '/element' to command name 'findElement'
[debug] &amp#27;[35m[WD Proxy]&amp#27;[39m Proxying [POST /element] to [POST http://127.0.0.1:8224/wd/hub/session/828e3d1c-4a98-4545-b85a-a2955bad8866/element] with body: {"strategy":"id","selector":"com.androidsample.generalstore:id/appbar_btn_cart","context":"","multiple":false}
[debug] &amp#27;[35m[WD Proxy]&amp#27;[39m Got response with status 200: {"sessionId":"828e3d1c-4a98-4545-b85a-a2955bad8866","value":{"ELEMENT":"69c1f1fb-db1b-4b47-82b3-8e19f0938181","element-6066-11e4-a52e-4f735466cecf":"69c1f1fb-db1b-4b47-82b3-8e19f0938181"}}
[debug] &amp#27;[35m[W3C (a20fc25b)]&amp#27;[39m Responding to client with driver.findElement() result: {"element-6066-11e4-a52e-4f735466cecf":"69c1f1fb-db1b-4b47-82b3-8e19f0938181","ELEMENT":"69c1f1fb-db1b-4b47-82b3-8e19f0938181"}
&amp#27;[35m[HTTP]&amp#27;[39m &amp#27;[37m<-- POST /wd/hub/session/a20fc25b-d98f-4b84-bc8b-0416c383bd3a/element &amp#27;[39m&amp#27;[32m200&amp#27;[39m &amp#27;[90m489 ms - 137&amp#27;[39m
&amp#27;[35m[HTTP]&amp#27;[39m &amp#27;[90m&amp#27;[39m
&amp#27;[35m[HTTP]&amp#27;[39m &amp#27;[37m-->&amp#27;[39m &amp#27;[37mPOST&amp#27;[39m &amp#27;[37m/wd/hub/session/a20fc25b-d98f-4b84-bc8b-0416c383bd3a/element/69c1f1fb-db1b-4b47-82b3-8e19f0938181/click&amp#27;[39m
&amp#27;[35m[HTTP]&amp#27;[39m &amp#27;[90m{"id":"69c1f1fb-db1b-4b47-82b3-8e19f0938181"}&amp#27;[39m
[debug] &amp#27;[35m[W3C (a20fc25b)]&amp#27;[39m Calling AppiumDriver.click() with args: ["69c1f1fb-db1b-4b47-82b3-8e19f0938181","a20fc25b-d98f-4b84-bc8b-0416c383bd3a"]
[debug] &amp#27;[35m[WD Proxy]&amp#27;[39m Matched '/element/69c1f1fb-db1b-4b47-82b3-8e19f0938181/click' to command name 'click'
[debug] &amp#27;[35m[WD Proxy]&amp#27;[39m Proxying [POST /element/69c1f1fb-db1b-4b47-82b3-8e19f0938181/click] to [POST http://127.0.0.1:8224/wd/hub/session/828e3d1c-4a98-4545-b85a-a2955bad8866/element/69c1f1fb-db1b-4b47-82b3-8e19f0938181/click] with body: {"element":"69c1f1fb-db1b-4b47-82b3-8e19f0938181"}
[debug] &amp#27;[35m[WD Proxy]&amp#27;[39m Got response with status 200: {"sessionId":"828e3d1c-4a98-4545-b85a-a2955bad8866","value":null}
[debug] &amp#27;[35m[W3C (a20fc25b)]&amp#27;[39m Responding to client with driver.click() result: null
&amp#27;[35m[HTTP]&amp#27;[39m &amp#27;[37m<-- POST /wd/hub/session/a20fc25b-d98f-4b84-bc8b-0416c383bd3a/element/69c1f1fb-db1b-4b47-82b3-8e19f0938181/click &amp#27;[39m&amp#27;[32m200&amp#27;[39m &amp#27;[90m21 ms - 14&amp#27;[39m
&amp#27;[35m[HTTP]&amp#27;[39m &amp#27;[90m&amp#27;[39m
&amp#27;[35m[HTTP]&amp#27;[39m &amp#27;[37m-->&amp#27;[39m &amp#27;[37mGET&amp#27;[39m &amp#27;[37m/wd/hub/session/a20fc25b-d98f-4b84-bc8b-0416c383bd3a&amp#27;[39m
&amp#27;[35m[HTTP]&amp#27;[39m &amp#27;[90m{}&amp#27;[39m
[debug] &amp#27;[35m[W3C (a20fc25b)]&amp#27;[39m Calling AppiumDriver.getSession() with args: ["a20fc25b-d98f-4b84-bc8b-0416c383bd3a"]
[debug] &amp#27;[35m[UiAutomator2]&amp#27;[39m Getting session details from server to mix in
[debug] &amp#27;[35m[WD Proxy]&amp#27;[39m Matched '/' to command name 'getSession'
[debug] &amp#27;[35m[WD Proxy]&amp#27;[39m Proxying [GET /] to [GET http://127.0.0.1:8224/wd/hub/session/828e3d1c-4a98-4545-b85a-a2955bad8866] with body: {}
[debug] &amp#27;[35m[WD Proxy]&amp#27;[39m Got response with status 200: {"sessionId":"828e3d1c-4a98-4545-b85a-a2955bad8866","value":{}}
[debug] &amp#27;[35m[W3C (a20fc25b)]&amp#27;[39m Responding to client with driver.getSession() result: {"platform":"LINUX","webStorageEnabled":false,"takesScreenshot":true,"javascriptEnabled":true,"databaseEnabled":false,"networkConnectionEnabled":true,"locationContextEnabled":false,"warnings":{},"desired":{"platformName":"android","app":"C:\\Users\\OnilVakharia\\eclipse-workspace\\AppiumFramework\\src\\General-Store.apk","automationName":"uiautomator2","deviceName":"emulator"},"platformName":"android","app":"C:\\Users\\OnilVakharia\\eclipse-workspace\\AppiumFramework\\src\\General-Store.apk","automationName":"uiautomator2","deviceName":"emulator-5554","deviceUDID":"emulator-5554","appPackage":"com.androidsample.generalstore","deviceApiLevel":28,"platformVersion":"9","deviceScreenSize":"1080x1920","deviceScreenDensity":420,"deviceModel":"Android SDK built for x86_64","deviceManufacturer":"Google","pixelRatio":2.625,"statBarHeight":63,"viewportRect":{"left":0,"top":63,"width":1080,"height":1731}}
&amp#27;[35m[HTTP]&amp#27;[39m &amp#27;[37m<-- GET /wd/hub/session/a20fc25b-d98f-4b84-bc8b-0416c383bd3a &amp#27;[39m&amp#27;[32m200&amp#27;[39m &amp#27;[90m26 ms - 917&amp#27;[39m
&amp#27;[35m[HTTP]&amp#27;[39m &amp#27;[90m&amp#27;[39m
&amp#27;[35m[HTTP]&amp#27;[39m &amp#27;[37m-->&amp#27;[39m &amp#27;[37mGET&amp#27;[39m &amp#27;[37m/wd/hub/session/a20fc25b-d98f-4b84-bc8b-0416c383bd3a&amp#27;[39m
&amp#27;[35m[HTTP]&amp#27;[39m &amp#27;[90m{}&amp#27;[39m
[debug] &amp#27;[35m[W3C (a20fc25b)]&amp#27;[39m Calling AppiumDriver.getSession() with args: ["a20fc25b-d98f-4b84-bc8b-0416c383bd3a"]
[debug] &amp#27;[35m[UiAutomator2]&amp#27;[39m Getting session details from server to mix in
[debug] &amp#27;[35m[WD Proxy]&amp#27;[39m Matched '/' to command name 'getSession'
[debug] &amp#27;[35m[WD Proxy]&amp#27;[39m Proxying [GET /] to [GET http://127.0.0.1:8224/wd/hub/session/828e3d1c-4a98-4545-b85a-a2955bad8866] with body: {}
[debug] &amp#27;[35m[WD Proxy]&amp#27;[39m Got response with status 200: {"sessionId":"828e3d1c-4a98-4545-b85a-a2955bad8866","value":{}}
[debug] &amp#27;[35m[W3C (a20fc25b)]&amp#27;[39m Responding to client with driver.getSession() result: {"platform":"LINUX","webStorageEnabled":false,"takesScreenshot":true,"javascriptEnabled":true,"databaseEnabled":false,"networkConnectionEnabled":true,"locationContextEnabled":false,"warnings":{},"desired":{"platformName":"android","app":"C:\\Users\\OnilVakharia\\eclipse-workspace\\AppiumFramework\\src\\General-Store.apk","automationName":"uiautomator2","deviceName":"emulator"},"platformName":"android","app":"C:\\Users\\OnilVakharia\\eclipse-workspace\\AppiumFramework\\src\\General-Store.apk","automationName":"uiautomator2","deviceName":"emulator-5554","deviceUDID":"emulator-5554","appPackage":"com.androidsample.generalstore","deviceApiLevel":28,"platformVersion":"9","deviceScreenSize":"1080x1920","deviceScreenDensity":420,"deviceModel":"Android SDK built for x86_64","deviceManufacturer":"Google","pixelRatio":2.625,"statBarHeight":63,"viewportRect":{"left":0,"top":63,"width":1080,"height":1731}}
&amp#27;[35m[HTTP]&amp#27;[39m &amp#27;[37m<-- GET /wd/hub/session/a20fc25b-d98f-4b84-bc8b-0416c383bd3a &amp#27;[39m&amp#27;[32m200&amp#27;[39m &amp#27;[90m15 ms - 917&amp#27;[39m
&amp#27;[35m[HTTP]&amp#27;[39m &amp#27;[90m&amp#27;[39m
&amp#27;[35m[HTTP]&amp#27;[39m &amp#27;[37m-->&amp#27;[39m &amp#27;[37mGET&amp#27;[39m &amp#27;[37m/wd/hub/session/a20fc25b-d98f-4b84-bc8b-0416c383bd3a&amp#27;[39m
&amp#27;[35m[HTTP]&amp#27;[39m &amp#27;[90m{}&amp#27;[39m
[debug] &amp#27;[35m[W3C (a20fc25b)]&amp#27;[39m Calling AppiumDriver.getSession() with args: ["a20fc25b-d98f-4b84-bc8b-0416c383bd3a"]
[debug] &amp#27;[35m[UiAutomator2]&amp#27;[39m Getting session details from server to mix in
[debug] &amp#27;[35m[WD Proxy]&amp#27;[39m Matched '/' to command name 'getSession'
[debug] &amp#27;[35m[WD Proxy]&amp#27;[39m Proxying [GET /] to [GET http://127.0.0.1:8224/wd/hub/session/828e3d1c-4a98-4545-b85a-a2955bad8866] with body: {}
[debug] &amp#27;[35m[WD Proxy]&amp#27;[39m Got response with status 200: {"sessionId":"828e3d1c-4a98-4545-b85a-a2955bad8866","value":{}}
[debug] &amp#27;[35m[W3C (a20fc25b)]&amp#27;[39m Responding to client with driver.getSession() result: {"platform":"LINUX","webStorageEnabled":false,"takesScreenshot":true,"javascriptEnabled":true,"databaseEnabled":false,"networkConnectionEnabled":true,"locationContextEnabled":false,"warnings":{},"desired":{"platformName":"android","app":"C:\\Users\\OnilVakharia\\eclipse-workspace\\AppiumFramework\\src\\General-Store.apk","automationName":"uiautomator2","deviceName":"emulator"},"platformName":"android","app":"C:\\Users\\OnilVakharia\\eclipse-workspace\\AppiumFramework\\src\\General-Store.apk","automationName":"uiautomator2","deviceName":"emulator-5554","deviceUDID":"emulator-5554","appPackage":"com.androidsample.generalstore","deviceApiLevel":28,"platformVersion":"9","deviceScreenSize":"1080x1920","deviceScreenDensity":420,"deviceModel":"Android SDK built for x86_64","deviceManufacturer":"Google","pixelRatio":2.625,"statBarHeight":63,"viewportRect":{"left":0,"top":63,"width":1080,"height":1731}}
&amp#27;[35m[HTTP]&amp#27;[39m &amp#27;[37m<-- GET /wd/hub/session/a20fc25b-d98f-4b84-bc8b-0416c383bd3a &amp#27;[39m&amp#27;[32m200&amp#27;[39m &amp#27;[90m10 ms - 917&amp#27;[39m
&amp#27;[35m[HTTP]&amp#27;[39m &amp#27;[90m&amp#27;[39m
&amp#27;[35m[HTTP]&amp#27;[39m &amp#27;[37m-->&amp#27;[39m &amp#27;[37mPOST&amp#27;[39m &amp#27;[37m/wd/hub/session/a20fc25b-d98f-4b84-bc8b-0416c383bd3a/elements&amp#27;[39m
&amp#27;[35m[HTTP]&amp#27;[39m &amp#27;[90m{"using":"id","value":"com.androidsample.generalstore:id/productPrice"}&amp#27;[39m
[debug] &amp#27;[35m[W3C (a20fc25b)]&amp#27;[39m Calling AppiumDriver.findElements() with args: ["id","com.androidsample.generalstore:id/productPrice","a20fc25b-d98f-4b84-bc8b-0416c383bd3a"]
[debug] &amp#27;[35m[BaseDriver]&amp#27;[39m Valid locator strategies for this request: xpath, id, class name, accessibility id, -android uiautomator
[debug] &amp#27;[35m[BaseDriver]&amp#27;[39m Waiting up to 20000 ms for condition
[debug] &amp#27;[35m[WD Proxy]&amp#27;[39m Matched '/elements' to command name 'findElements'
[debug] &amp#27;[35m[WD Proxy]&amp#27;[39m Proxying [POST /elements] to [POST http://127.0.0.1:8224/wd/hub/session/828e3d1c-4a98-4545-b85a-a2955bad8866/elements] with body: {"strategy":"id","selector":"com.androidsample.generalstore:id/productPrice","context":"","multiple":true}
[debug] &amp#27;[35m[WD Proxy]&amp#27;[39m Got response with status 200: {"sessionId":"828e3d1c-4a98-4545-b85a-a2955bad8866","value":[{"ELEMENT":"b83f455a-c443-49df-b4d1-252d0020127d","element-6066-11e4-a52e-4f735466cecf":"b83f455a-c443-49df-b4d1-252d0020127d"},{"ELEMENT":"223f71d5-cc74-4a8e-b40e-32a88ddd16ab","element-6066-11e4-a52e-4f735466cecf":"223f71d5-cc74-4a8e-b40e-32a88ddd16ab"}]}
[debug] &amp#27;[35m[W3C (a20fc25b)]&amp#27;[39m Responding to client with driver.findElements() result: [{"element-6066-11e4-a52e-4f735466cecf":"b83f455a-c443-49df-b4d1-252d0020127d","ELEMENT":"b83f455a-c443-49df-b4d1-252d0020127d"},{"element-6066-11e4-a52e-4f735466cecf":"223f71d5-cc74-4a8e-b40e-32a88ddd16ab","ELEMENT":"223f71d5-cc74-4a8e-b40e-32a88ddd16ab"}]
&amp#27;[35m[HTTP]&amp#27;[39m &amp#27;[37m<-- POST /wd/hub/session/a20fc25b-d98f-4b84-bc8b-0416c383bd3a/elements &amp#27;[39m&amp#27;[32m200&amp#27;[39m &amp#27;[90m24 ms - 267&amp#27;[39m
&amp#27;[35m[HTTP]&amp#27;[39m &amp#27;[90m&amp#27;[39m
&amp#27;[35m[HTTP]&amp#27;[39m &amp#27;[37m-->&amp#27;[39m &amp#27;[37mGET&amp#27;[39m &amp#27;[37m/wd/hub/session/a20fc25b-d98f-4b84-bc8b-0416c383bd3a&amp#27;[39m
&amp#27;[35m[HTTP]&amp#27;[39m &amp#27;[90m{}&amp#27;[39m
[debug] &amp#27;[35m[W3C (a20fc25b)]&amp#27;[39m Calling AppiumDriver.getSession() with args: ["a20fc25b-d98f-4b84-bc8b-0416c383bd3a"]
[debug] &amp#27;[35m[UiAutomator2]&amp#27;[39m Getting session details from server to mix in
[debug] &amp#27;[35m[WD Proxy]&amp#27;[39m Matched '/' to command name 'getSession'
[debug] &amp#27;[35m[WD Proxy]&amp#27;[39m Proxying [GET /] to [GET http://127.0.0.1:8224/wd/hub/session/828e3d1c-4a98-4545-b85a-a2955bad8866] with body: {}
[debug] &amp#27;[35m[WD Proxy]&amp#27;[39m Got response with status 200: {"sessionId":"828e3d1c-4a98-4545-b85a-a2955bad8866","value":{}}
[debug] &amp#27;[35m[W3C (a20fc25b)]&amp#27;[39m Responding to client with driver.getSession() result: {"platform":"LINUX","webStorageEnabled":false,"takesScreenshot":true,"javascriptEnabled":true,"databaseEnabled":false,"networkConnectionEnabled":true,"locationContextEnabled":false,"warnings":{},"desired":{"platformName":"android","app":"C:\\Users\\OnilVakharia\\eclipse-workspace\\AppiumFramework\\src\\General-Store.apk","automationName":"uiautomator2","deviceName":"emulator"},"platformName":"android","app":"C:\\Users\\OnilVakharia\\eclipse-workspace\\AppiumFramework\\src\\General-Store.apk","automationName":"uiautomator2","deviceName":"emulator-5554","deviceUDID":"emulator-5554","appPackage":"com.androidsample.generalstore","deviceApiLevel":28,"platformVersion":"9","deviceScreenSize":"1080x1920","deviceScreenDensity":420,"deviceModel":"Android SDK built for x86_64","deviceManufacturer":"Google","pixelRatio":2.625,"statBarHeight":63,"viewportRect":{"left":0,"top":63,"width":1080,"height":1731}}
&amp#27;[35m[HTTP]&amp#27;[39m &amp#27;[37m<-- GET /wd/hub/session/a20fc25b-d98f-4b84-bc8b-0416c383bd3a &amp#27;[39m&amp#27;[32m200&amp#27;[39m &amp#27;[90m9 ms - 917&amp#27;[39m
&amp#27;[35m[HTTP]&amp#27;[39m &amp#27;[90m&amp#27;[39m
&amp#27;[35m[HTTP]&amp#27;[39m &amp#27;[37m-->&amp#27;[39m &amp#27;[37mPOST&amp#27;[39m &amp#27;[37m/wd/hub/session/a20fc25b-d98f-4b84-bc8b-0416c383bd3a/elements&amp#27;[39m
&amp#27;[35m[HTTP]&amp#27;[39m &amp#27;[90m{"using":"id","value":"com.androidsample.generalstore:id/productPrice"}&amp#27;[39m
[debug] &amp#27;[35m[W3C (a20fc25b)]&amp#27;[39m Calling AppiumDriver.findElements() with args: ["id","com.androidsample.generalstore:id/productPrice","a20fc25b-d98f-4b84-bc8b-0416c383bd3a"]
[debug] &amp#27;[35m[BaseDriver]&amp#27;[39m Valid locator strategies for this request: xpath, id, class name, accessibility id, -android uiautomator
[debug] &amp#27;[35m[BaseDriver]&amp#27;[39m Waiting up to 20000 ms for condition
[debug] &amp#27;[35m[WD Proxy]&amp#27;[39m Matched '/elements' to command name 'findElements'
[debug] &amp#27;[35m[WD Proxy]&amp#27;[39m Proxying [POST /elements] to [POST http://127.0.0.1:8224/wd/hub/session/828e3d1c-4a98-4545-b85a-a2955bad8866/elements] with body: {"strategy":"id","selector":"com.androidsample.generalstore:id/productPrice","context":"","multiple":true}
[debug] &amp#27;[35m[WD Proxy]&amp#27;[39m Got response with status 200: {"sessionId":"828e3d1c-4a98-4545-b85a-a2955bad8866","value":[{"ELEMENT":"e6ab8014-b618-4052-8ae7-4241872b4d96","element-6066-11e4-a52e-4f735466cecf":"e6ab8014-b618-4052-8ae7-4241872b4d96"},{"ELEMENT":"c5b12e1e-0dc8-4eb4-af6d-c33c25bbe54a","element-6066-11e4-a52e-4f735466cecf":"c5b12e1e-0dc8-4eb4-af6d-c33c25bbe54a"}]}
[debug] &amp#27;[35m[W3C (a20fc25b)]&amp#27;[39m Responding to client with driver.findElements() result: [{"element-6066-11e4-a52e-4f735466cecf":"e6ab8014-b618-4052-8ae7-4241872b4d96","ELEMENT":"e6ab8014-b618-4052-8ae7-4241872b4d96"},{"element-6066-11e4-a52e-4f735466cecf":"c5b12e1e-0dc8-4eb4-af6d-c33c25bbe54a","ELEMENT":"c5b12e1e-0dc8-4eb4-af6d-c33c25bbe54a"}]
&amp#27;[35m[HTTP]&amp#27;[39m &amp#27;[37m<-- POST /wd/hub/session/a20fc25b-d98f-4b84-bc8b-0416c383bd3a/elements &amp#27;[39m&amp#27;[32m200&amp#27;[39m &amp#27;[90m17 ms - 267&amp#27;[39m
&amp#27;[35m[HTTP]&amp#27;[39m &amp#27;[90m&amp#27;[39m
&amp#27;[35m[HTTP]&amp#27;[39m &amp#27;[37m-->&amp#27;[39m &amp#27;[37mGET&amp#27;[39m &amp#27;[37m/wd/hub/session/a20fc25b-d98f-4b84-bc8b-0416c383bd3a/element/e6ab8014-b618-4052-8ae7-4241872b4d96/text&amp#27;[39m
&amp#27;[35m[HTTP]&amp#27;[39m &amp#27;[90m{}&amp#27;[39m
&amp#27;[35m[W3C (a20fc25b)]&amp#27;[39m Driver proxy active, passing request on via HTTP proxy
[debug] &amp#27;[35m[WD Proxy]&amp#27;[39m Matched '/wd/hub/session/a20fc25b-d98f-4b84-bc8b-0416c383bd3a/element/e6ab8014-b618-4052-8ae7-4241872b4d96/text' to command name 'getText'
[debug] &amp#27;[35m[WD Proxy]&amp#27;[39m Proxying [GET /wd/hub/session/a20fc25b-d98f-4b84-bc8b-0416c383bd3a/element/e6ab8014-b618-4052-8ae7-4241872b4d96/text] to [GET http://127.0.0.1:8224/wd/hub/session/828e3d1c-4a98-4545-b85a-a2955bad8866/element/e6ab8014-b618-4052-8ae7-4241872b4d96/text] with body: {}
[debug] &amp#27;[35m[WD Proxy]&amp#27;[39m Got response with status 200: {"sessionId":"828e3d1c-4a98-4545-b85a-a2955bad8866","value":"$160.97"}
&amp#27;[35m[WD Proxy]&amp#27;[39m Replacing sessionId 828e3d1c-4a98-4545-b85a-a2955bad8866 with a20fc25b-d98f-4b84-bc8b-0416c383bd3a
&amp#27;[35m[HTTP]&amp#27;[39m &amp#27;[37m<-- GET /wd/hub/session/a20fc25b-d98f-4b84-bc8b-0416c383bd3a/element/e6ab8014-b618-4052-8ae7-4241872b4d96/text &amp#27;[39m&amp#27;[32m200&amp#27;[39m &amp#27;[90m11 ms - 70&amp#27;[39m
&amp#27;[35m[HTTP]&amp#27;[39m &amp#27;[90m&amp#27;[39m
&amp#27;[35m[HTTP]&amp#27;[39m &amp#27;[37m-->&amp#27;[39m &amp#27;[37mGET&amp#27;[39m &amp#27;[37m/wd/hub/session/a20fc25b-d98f-4b84-bc8b-0416c383bd3a&amp#27;[39m
&amp#27;[35m[HTTP]&amp#27;[39m &amp#27;[90m{}&amp#27;[39m
[debug] &amp#27;[35m[W3C (a20fc25b)]&amp#27;[39m Calling AppiumDriver.getSession() with args: ["a20fc25b-d98f-4b84-bc8b-0416c383bd3a"]
[debug] &amp#27;[35m[UiAutomator2]&amp#27;[39m Getting session details from server to mix in
[debug] &amp#27;[35m[WD Proxy]&amp#27;[39m Matched '/' to command name 'getSession'
[debug] &amp#27;[35m[WD Proxy]&amp#27;[39m Proxying [GET /] to [GET http://127.0.0.1:8224/wd/hub/session/828e3d1c-4a98-4545-b85a-a2955bad8866] with body: {}
[debug] &amp#27;[35m[WD Proxy]&amp#27;[39m Got response with status 200: {"sessionId":"828e3d1c-4a98-4545-b85a-a2955bad8866","value":{}}
[debug] &amp#27;[35m[W3C (a20fc25b)]&amp#27;[39m Responding to client with driver.getSession() result: {"platform":"LINUX","webStorageEnabled":false,"takesScreenshot":true,"javascriptEnabled":true,"databaseEnabled":false,"networkConnectionEnabled":true,"locationContextEnabled":false,"warnings":{},"desired":{"platformName":"android","app":"C:\\Users\\OnilVakharia\\eclipse-workspace\\AppiumFramework\\src\\General-Store.apk","automationName":"uiautomator2","deviceName":"emulator"},"platformName":"android","app":"C:\\Users\\OnilVakharia\\eclipse-workspace\\AppiumFramework\\src\\General-Store.apk","automationName":"uiautomator2","deviceName":"emulator-5554","deviceUDID":"emulator-5554","appPackage":"com.androidsample.generalstore","deviceApiLevel":28,"platformVersion":"9","deviceScreenSize":"1080x1920","deviceScreenDensity":420,"deviceModel":"Android SDK built for x86_64","deviceManufacturer":"Google","pixelRatio":2.625,"statBarHeight":63,"viewportRect":{"left":0,"top":63,"width":1080,"height":1731}}
&amp#27;[35m[HTTP]&amp#27;[39m &amp#27;[37m<-- GET /wd/hub/session/a20fc25b-d98f-4b84-bc8b-0416c383bd3a &amp#27;[39m&amp#27;[32m200&amp#27;[39m &amp#27;[90m6 ms - 917&amp#27;[39m
&amp#27;[35m[HTTP]&amp#27;[39m &amp#27;[90m&amp#27;[39m
&amp#27;[35m[HTTP]&amp#27;[39m &amp#27;[37m-->&amp#27;[39m &amp#27;[37mPOST&amp#27;[39m &amp#27;[37m/wd/hub/session/a20fc25b-d98f-4b84-bc8b-0416c383bd3a/elements&amp#27;[39m
&amp#27;[35m[HTTP]&amp#27;[39m &amp#27;[90m{"using":"id","value":"com.androidsample.generalstore:id/productPrice"}&amp#27;[39m
[debug] &amp#27;[35m[W3C (a20fc25b)]&amp#27;[39m Calling AppiumDriver.findElements() with args: ["id","com.androidsample.generalstore:id/productPrice","a20fc25b-d98f-4b84-bc8b-0416c383bd3a"]
[debug] &amp#27;[35m[BaseDriver]&amp#27;[39m Valid locator strategies for this request: xpath, id, class name, accessibility id, -android uiautomator
[debug] &amp#27;[35m[BaseDriver]&amp#27;[39m Waiting up to 20000 ms for condition
[debug] &amp#27;[35m[WD Proxy]&amp#27;[39m Matched '/elements' to command name 'findElements'
[debug] &amp#27;[35m[WD Proxy]&amp#27;[39m Proxying [POST /elements] to [POST http://127.0.0.1:8224/wd/hub/session/828e3d1c-4a98-4545-b85a-a2955bad8866/elements] with body: {"strategy":"id","selector":"com.androidsample.generalstore:id/productPrice","context":"","multiple":true}
[debug] &amp#27;[35m[WD Proxy]&amp#27;[39m Got response with status 200: {"sessionId":"828e3d1c-4a98-4545-b85a-a2955bad8866","value":[{"ELEMENT":"c9eb2f5c-a954-4a50-8b29-fd4270a31b5f","element-6066-11e4-a52e-4f735466cecf":"c9eb2f5c-a954-4a50-8b29-fd4270a31b5f"},{"ELEMENT":"db1137fd-5f86-40de-bb78-8f04bcd45efe","element-6066-11e4-a52e-4f735466cecf":"db1137fd-5f86-40de-bb78-8f04bcd45efe"}]}
[debug] &amp#27;[35m[W3C (a20fc25b)]&amp#27;[39m Responding to client with driver.findElements() result: [{"element-6066-11e4-a52e-4f735466cecf":"c9eb2f5c-a954-4a50-8b29-fd4270a31b5f","ELEMENT":"c9eb2f5c-a954-4a50-8b29-fd4270a31b5f"},{"element-6066-11e4-a52e-4f735466cecf":"db1137fd-5f86-40de-bb78-8f04bcd45efe","ELEMENT":"db1137fd-5f86-40de-bb78-8f04bcd45efe"}]
&amp#27;[35m[HTTP]&amp#27;[39m &amp#27;[37m<-- POST /wd/hub/session/a20fc25b-d98f-4b84-bc8b-0416c383bd3a/elements &amp#27;[39m&amp#27;[32m200&amp#27;[39m &amp#27;[90m18 ms - 267&amp#27;[39m
&amp#27;[35m[HTTP]&amp#27;[39m &amp#27;[90m&amp#27;[39m
&amp#27;[35m[HTTP]&amp#27;[39m &amp#27;[37m-->&amp#27;[39m &amp#27;[37mGET&amp#27;[39m &amp#27;[37m/wd/hub/session/a20fc25b-d98f-4b84-bc8b-0416c383bd3a/element/db1137fd-5f86-40de-bb78-8f04bcd45efe/text&amp#27;[39m
&amp#27;[35m[HTTP]&amp#27;[39m &amp#27;[90m{}&amp#27;[39m
&amp#27;[35m[W3C (a20fc25b)]&amp#27;[39m Driver proxy active, passing request on via HTTP proxy
[debug] &amp#27;[35m[WD Proxy]&amp#27;[39m Matched '/wd/hub/session/a20fc25b-d98f-4b84-bc8b-0416c383bd3a/element/db1137fd-5f86-40de-bb78-8f04bcd45efe/text' to command name 'getText'
[debug] &amp#27;[35m[WD Proxy]&amp#27;[39m Proxying [GET /wd/hub/session/a20fc25b-d98f-4b84-bc8b-0416c383bd3a/element/db1137fd-5f86-40de-bb78-8f04bcd45efe/text] to [GET http://127.0.0.1:8224/wd/hub/session/828e3d1c-4a98-4545-b85a-a2955bad8866/element/db1137fd-5f86-40de-bb78-8f04bcd45efe/text] with body: {}
[debug] &amp#27;[35m[WD Proxy]&amp#27;[39m Got response with status 200: {"sessionId":"828e3d1c-4a98-4545-b85a-a2955bad8866","value":"$120.0"}
&amp#27;[35m[WD Proxy]&amp#27;[39m Replacing sessionId 828e3d1c-4a98-4545-b85a-a2955bad8866 with a20fc25b-d98f-4b84-bc8b-0416c383bd3a
280.97
&amp#27;[35m[HTTP]&amp#27;[39m &amp#27;[37m<-- GET /wd/hub/session/a20fc25b-d98f-4b84-bc8b-0416c383bd3a/element/db1137fd-5f86-40de-bb78-8f04bcd45efe/text &amp#27;[39m&amp#27;[32m200&amp#27;[39m &amp#27;[90m10 ms - 69&amp#27;[39m
&amp#27;[35m[HTTP]&amp#27;[39m &amp#27;[90m&amp#27;[39m
&amp#27;[35m[HTTP]&amp#27;[39m &amp#27;[37m-->&amp#27;[39m &amp#27;[37mGET&amp#27;[39m &amp#27;[37m/wd/hub/session/a20fc25b-d98f-4b84-bc8b-0416c383bd3a&amp#27;[39m
&amp#27;[35m[HTTP]&amp#27;[39m &amp#27;[90m{}&amp#27;[39m
[debug] &amp#27;[35m[W3C (a20fc25b)]&amp#27;[39m Calling AppiumDriver.getSession() with args: ["a20fc25b-d98f-4b84-bc8b-0416c383bd3a"]
[debug] &amp#27;[35m[UiAutomator2]&amp#27;[39m Getting session details from server to mix in
[debug] &amp#27;[35m[WD Proxy]&amp#27;[39m Matched '/' to command name 'getSession'
[debug] &amp#27;[35m[WD Proxy]&amp#27;[39m Proxying [GET /] to [GET http://127.0.0.1:8224/wd/hub/session/828e3d1c-4a98-4545-b85a-a2955bad8866] with body: {}
[debug] &amp#27;[35m[WD Proxy]&amp#27;[39m Got response with status 200: {"sessionId":"828e3d1c-4a98-4545-b85a-a2955bad8866","value":{}}
[debug] &amp#27;[35m[W3C (a20fc25b)]&amp#27;[39m Responding to client with driver.getSession() result: {"platform":"LINUX","webStorageEnabled":false,"takesScreenshot":true,"javascriptEnabled":true,"databaseEnabled":false,"networkConnectionEnabled":true,"locationContextEnabled":false,"warnings":{},"desired":{"platformName":"android","app":"C:\\Users\\OnilVakharia\\eclipse-workspace\\AppiumFramework\\src\\General-Store.apk","automationName":"uiautomator2","deviceName":"emulator"},"platformName":"android","app":"C:\\Users\\OnilVakharia\\eclipse-workspace\\AppiumFramework\\src\\General-Store.apk","automationName":"uiautomator2","deviceName":"emulator-5554","deviceUDID":"emulator-5554","appPackage":"com.androidsample.generalstore","deviceApiLevel":28,"platformVersion":"9","deviceScreenSize":"1080x1920","deviceScreenDensity":420,"deviceModel":"Android SDK built for x86_64","deviceManufacturer":"Google","pixelRatio":2.625,"statBarHeight":63,"viewportRect":{"left":0,"top":63,"width":1080,"height":1731}}
&amp#27;[35m[HTTP]&amp#27;[39m &amp#27;[37m<-- GET /wd/hub/session/a20fc25b-d98f-4b84-bc8b-0416c383bd3a &amp#27;[39m&amp#27;[32m200&amp#27;[39m &amp#27;[90m7 ms - 917&amp#27;[39m
&amp#27;[35m[HTTP]&amp#27;[39m &amp#27;[90m&amp#27;[39m
&amp#27;[35m[HTTP]&amp#27;[39m &amp#27;[37m-->&amp#27;[39m &amp#27;[37mPOST&amp#27;[39m &amp#27;[37m/wd/hub/session/a20fc25b-d98f-4b84-bc8b-0416c383bd3a/element&amp#27;[39m
&amp#27;[35m[HTTP]&amp#27;[39m &amp#27;[90m{"using":"id","value":"com.androidsample.generalstore:id/totalAmountLbl"}&amp#27;[39m
[debug] &amp#27;[35m[W3C (a20fc25b)]&amp#27;[39m Calling AppiumDriver.findElement() with args: ["id","com.androidsample.generalstore:id/totalAmountLbl","a20fc25b-d98f-4b84-bc8b-0416c383bd3a"]
[debug] &amp#27;[35m[BaseDriver]&amp#27;[39m Valid locator strategies for this request: xpath, id, class name, accessibility id, -android uiautomator
[debug] &amp#27;[35m[BaseDriver]&amp#27;[39m Waiting up to 20000 ms for condition
[debug] &amp#27;[35m[WD Proxy]&amp#27;[39m Matched '/element' to command name 'findElement'
[debug] &amp#27;[35m[WD Proxy]&amp#27;[39m Proxying [POST /element] to [POST http://127.0.0.1:8224/wd/hub/session/828e3d1c-4a98-4545-b85a-a2955bad8866/element] with body: {"strategy":"id","selector":"com.androidsample.generalstore:id/totalAmountLbl","context":"","multiple":false}
[debug] &amp#27;[35m[WD Proxy]&amp#27;[39m Got response with status 200: {"sessionId":"828e3d1c-4a98-4545-b85a-a2955bad8866","value":{"ELEMENT":"0d47fe2c-310d-4863-b0a6-6e8ad20aa327","element-6066-11e4-a52e-4f735466cecf":"0d47fe2c-310d-4863-b0a6-6e8ad20aa327"}}
[debug] &amp#27;[35m[W3C (a20fc25b)]&amp#27;[39m Responding to client with driver.findElement() result: {"element-6066-11e4-a52e-4f735466cecf":"0d47fe2c-310d-4863-b0a6-6e8ad20aa327","ELEMENT":"0d47fe2c-310d-4863-b0a6-6e8ad20aa327"}
&amp#27;[35m[HTTP]&amp#27;[39m &amp#27;[37m<-- POST /wd/hub/session/a20fc25b-d98f-4b84-bc8b-0416c383bd3a/element &amp#27;[39m&amp#27;[32m200&amp#27;[39m &amp#27;[90m20 ms - 137&amp#27;[39m
&amp#27;[35m[HTTP]&amp#27;[39m &amp#27;[90m&amp#27;[39m
&amp#27;[35m[HTTP]&amp#27;[39m &amp#27;[37m-->&amp#27;[39m &amp#27;[37mGET&amp#27;[39m &amp#27;[37m/wd/hub/session/a20fc25b-d98f-4b84-bc8b-0416c383bd3a/element/0d47fe2c-310d-4863-b0a6-6e8ad20aa327/text&amp#27;[39m
&amp#27;[35m[HTTP]&amp#27;[39m &amp#27;[90m{}&amp#27;[39m
&amp#27;[35m[W3C (a20fc25b)]&amp#27;[39m Driver proxy active, passing request on via HTTP proxy
[debug] &amp#27;[35m[WD Proxy]&amp#27;[39m Matched '/wd/hub/session/a20fc25b-d98f-4b84-bc8b-0416c383bd3a/element/0d47fe2c-310d-4863-b0a6-6e8ad20aa327/text' to command name 'getText'
[debug] &amp#27;[35m[WD Proxy]&amp#27;[39m Proxying [GET /wd/hub/session/a20fc25b-d98f-4b84-bc8b-0416c383bd3a/element/0d47fe2c-310d-4863-b0a6-6e8ad20aa327/text] to [GET http://127.0.0.1:8224/wd/hub/session/828e3d1c-4a98-4545-b85a-a2955bad8866/element/0d47fe2c-310d-4863-b0a6-6e8ad20aa327/text] with body: {}
[debug] &amp#27;[35m[WD Proxy]&amp#27;[39m Got response with status 200: {"sessionId":"828e3d1c-4a98-4545-b85a-a2955bad8866","value":"$ 280.97"}
&amp#27;[35m[WD Proxy]&amp#27;[39m Replacing sessionId 828e3d1c-4a98-4545-b85a-a2955bad8866 with a20fc25b-d98f-4b84-bc8b-0416c383bd3a
&amp#27;[35m[HTTP]&amp#27;[39m &amp#27;[37m<-- GET /wd/hub/session/a20fc25b-d98f-4b84-bc8b-0416c383bd3a/element/0d47fe2c-310d-4863-b0a6-6e8ad20aa327/text &amp#27;[39m&amp#27;[32m200&amp#27;[39m &amp#27;[90m11 ms - 71&amp#27;[39m
&amp#27;[35m[HTTP]&amp#27;[39m &amp#27;[90m&amp#27;[39m
280.97
]]></system-out>
    <system-err><![CDATA[Jul 26, 2020 6:16:18 PM io.appium.java_client.remote.AppiumCommandExecutor$1 lambda$0
INFO: Detected dialect: W3C
]]></system-err>
  </testcase>
  <testcase name="apiDemo[Hello](1)" classname="Practise.AppiumFramework.ApiDemos" time="39.22">
    <system-out><![CDATA[&amp#27;[35m[Appium]&amp#27;[39m Welcome to Appium v1.16.0
&amp#27;[35m[Appium]&amp#27;[39m Appium REST http interface listener started on 0.0.0.0:4723
&amp#27;[35m[HTTP]&amp#27;[39m &amp#27;[37m-->&amp#27;[39m &amp#27;[37mGET&amp#27;[39m &amp#27;[37m/wd/hub/status&amp#27;[39m
&amp#27;[35m[HTTP]&amp#27;[39m &amp#27;[90m{}&amp#27;[39m
[debug] &amp#27;[35m[GENERIC]&amp#27;[39m Calling AppiumDriver.getStatus() with args: []
[debug] &amp#27;[35m[GENERIC]&amp#27;[39m Responding to client with driver.getStatus() result: {"build":{"version":"1.16.0"}}
IN EMULATOR METHOD
&amp#27;[35m[HTTP]&amp#27;[39m &amp#27;[37m<-- GET /wd/hub/status &amp#27;[39m&amp#27;[32m200&amp#27;[39m &amp#27;[90m10 ms - 68&amp#27;[39m
&amp#27;[35m[HTTP]&amp#27;[39m &amp#27;[90m&amp#27;[39m
&amp#27;[35m[HTTP]&amp#27;[39m &amp#27;[37m-->&amp#27;[39m &amp#27;[37mPOST&amp#27;[39m &amp#27;[37m/wd/hub/session&amp#27;[39m
&amp#27;[35m[HTTP]&amp#27;[39m &amp#27;[90m{"desiredCapabilities":{"app":"C:\\Users\\OnilVakharia\\eclipse-workspace\\AppiumFramework\\src\\Api Demos.apk","automationName":"uiautomator2","platformName":"Android","deviceName":"emulator"},"capabilities":{"firstMatch":[{"appium:app":"C:\\Users\\OnilVakharia\\eclipse-workspace\\AppiumFramework\\src\\Api Demos.apk","appium:automationName":"uiautomator2","appium:deviceName":"emulator","platformName":"android"}]}}&amp#27;[39m
[debug] &amp#27;[35m[W3C]&amp#27;[39m Calling AppiumDriver.createSession() with args: [{"app":"C:\\Users\\OnilVakharia\\eclipse-workspace\\AppiumFramework\\src\\Api Demos.apk","automationName":"uiautomator2","platformName":"Android","deviceName":"emulator"},null,{"firstMatch":[{"appium:app":"C:\\Users\\OnilVakharia\\eclipse-workspace\\AppiumFramework\\src\\Api Demos.apk","appium:automationName":"uiautomator2","appium:deviceName":"emulator","platformName":"android"}]}]
[debug] &amp#27;[35m[BaseDriver]&amp#27;[39m Event 'newSessionRequested' logged at 1595767640733 (18:17:20 GMT+0530 (India Standard Time))
&amp#27;[35m[Appium]&amp#27;[39m Appium v1.16.0 creating new AndroidUiautomator2Driver (v1.40.0) session
[debug] &amp#27;[35m[BaseDriver]&amp#27;[39m W3C capabilities and MJSONWP desired capabilities were provided
[debug] &amp#27;[35m[BaseDriver]&amp#27;[39m Creating session with W3C capabilities: {
[debug] &amp#27;[35m[BaseDriver]&amp#27;[39m   "alwaysMatch": {
[debug] &amp#27;[35m[BaseDriver]&amp#27;[39m     "platformName": "android",
[debug] &amp#27;[35m[BaseDriver]&amp#27;[39m     "appium:app": "C:\\Users\\OnilVakharia\\eclipse-workspace\\AppiumFramework\\src\\Api Demos.apk",
[debug] &amp#27;[35m[BaseDriver]&amp#27;[39m     "appium:automationName": "uiautomator2",
[debug] &amp#27;[35m[BaseDriver]&amp#27;[39m     "appium:deviceName": "emulator"
[debug] &amp#27;[35m[BaseDriver]&amp#27;[39m   },
[debug] &amp#27;[35m[BaseDriver]&amp#27;[39m   "firstMatch": [
[debug] &amp#27;[35m[BaseDriver]&amp#27;[39m     {}
[debug] &amp#27;[35m[BaseDriver]&amp#27;[39m   ]
[debug] &amp#27;[35m[BaseDriver]&amp#27;[39m }
&amp#27;[35m[BaseDriver]&amp#27;[39m Session created with session id: c5df69cb-165e-45cf-92f3-c73004708b55
&amp#27;[35m[BaseDriver]&amp#27;[39m Using local app 'C:\Users\OnilVakharia\eclipse-workspace\AppiumFramework\src\Api Demos.apk'
[debug] &amp#27;[35m[UiAutomator2]&amp#27;[39m Checking whether app is actually present
&amp#27;[35m[ADB]&amp#27;[39m Found 2 'build-tools' folders under 'C:\Users\OnilVakharia\AppData\Local\Android\Sdk' (newest first):
&amp#27;[35m[ADB]&amp#27;[39m     C:/Users/OnilVakharia/AppData/Local/Android/Sdk/build-tools/30.0.0
&amp#27;[35m[ADB]&amp#27;[39m     C:/Users/OnilVakharia/AppData/Local/Android/Sdk/build-tools/29.0.3
&amp#27;[35m[ADB]&amp#27;[39m Using 'adb.exe' from 'C:\Users\OnilVakharia\AppData\Local\Android\Sdk\platform-tools\adb.exe'
&amp#27;[35m[AndroidDriver]&amp#27;[39m Retrieving device list
[debug] &amp#27;[35m[ADB]&amp#27;[39m Trying to find a connected android device
[debug] &amp#27;[35m[ADB]&amp#27;[39m Getting connected devices...
[debug] &amp#27;[35m[ADB]&amp#27;[39m Connected devices: [{"udid":"emulator-5554","state":"device"}]
&amp#27;[35m[AndroidDriver]&amp#27;[39m Using device: emulator-5554
&amp#27;[35m[ADB]&amp#27;[39m Using 'adb.exe' from 'C:\Users\OnilVakharia\AppData\Local\Android\Sdk\platform-tools\adb.exe'
[debug] &amp#27;[35m[ADB]&amp#27;[39m Setting device id to emulator-5554
[debug] &amp#27;[35m[ADB]&amp#27;[39m Running 'C:\Users\OnilVakharia\AppData\Local\Android\Sdk\platform-tools\adb.exe -P 5037 -s emulator-5554 shell getprop ro.build.version.sdk'
[debug] &amp#27;[35m[ADB]&amp#27;[39m Current device property 'ro.build.version.sdk': 28
[debug] &amp#27;[35m[ADB]&amp#27;[39m Running 'C:\Users\OnilVakharia\AppData\Local\Android\Sdk\platform-tools\adb.exe -P 5037 -s emulator-5554 shell getprop ro.build.version.release'
[debug] &amp#27;[35m[ADB]&amp#27;[39m Current device property 'ro.build.version.release': 9
[debug] &amp#27;[35m[ADB]&amp#27;[39m Device API level: 28
&amp#27;[35m[UiAutomator2]&amp#27;[39m Relaxing hidden api policy
[debug] &amp#27;[35m[ADB]&amp#27;[39m Running 'C:\Users\OnilVakharia\AppData\Local\Android\Sdk\platform-tools\adb.exe -P 5037 -s emulator-5554 shell settings put global hidden_api_policy_pre_p_apps 1'
[debug] &amp#27;[35m[ADB]&amp#27;[39m Running 'C:\Users\OnilVakharia\AppData\Local\Android\Sdk\platform-tools\adb.exe -P 5037 -s emulator-5554 shell settings put global hidden_api_policy_p_apps 1'
[debug] &amp#27;[35m[ADB]&amp#27;[39m Running 'C:\Users\OnilVakharia\AppData\Local\Android\Sdk\platform-tools\adb.exe -P 5037 -s emulator-5554 shell settings put global hidden_api_policy 1'
[debug] &amp#27;[35m[AndroidDriver]&amp#27;[39m Parsing package and activity from app manifest
&amp#27;[35m[ADB]&amp#27;[39m Package name: 'io.appium.android.apis'
&amp#27;[35m[ADB]&amp#27;[39m Main activity name: 'ApiDemos'
[debug] &amp#27;[35m[AndroidDriver]&amp#27;[39m Parsed package and activity are: io.appium.android.apis/ApiDemos
[debug] &amp#27;[35m[ADB]&amp#27;[39m Running 'C:\Users\OnilVakharia\AppData\Local\Android\Sdk\platform-tools\adb.exe -P 5037 -s emulator-5554 wait-for-device'
[debug] &amp#27;[35m[ADB]&amp#27;[39m Running 'C:\Users\OnilVakharia\AppData\Local\Android\Sdk\platform-tools\adb.exe -P 5037 -s emulator-5554 shell echo ping'
[debug] &amp#27;[35m[AndroidDriver]&amp#27;[39m Pushing settings apk to device...
[debug] &amp#27;[35m[ADB]&amp#27;[39m Getting install status for io.appium.settings
[debug] &amp#27;[35m[ADB]&amp#27;[39m Running 'C:\Users\OnilVakharia\AppData\Local\Android\Sdk\platform-tools\adb.exe -P 5037 -s emulator-5554 shell dumpsys package io.appium.settings'
[debug] &amp#27;[35m[ADB]&amp#27;[39m 'io.appium.settings' is installed
[debug] &amp#27;[35m[ADB]&amp#27;[39m Getting package info for 'io.appium.settings'
[debug] &amp#27;[35m[ADB]&amp#27;[39m Running 'C:\Users\OnilVakharia\AppData\Local\Android\Sdk\platform-tools\adb.exe -P 5037 -s emulator-5554 shell dumpsys package io.appium.settings'
[debug] &amp#27;[35m[ADB]&amp#27;[39m The version name of the installed 'io.appium.settings' is greater or equal to the application version name ('2.15.0' >= '2.15.0')
[debug] &amp#27;[35m[ADB]&amp#27;[39m There is no need to install/upgrade 'C:\Users\OnilVakharia\AppData\Roaming\npm\node_modules\appium\node_modules\io.appium.settings\apks\settings_apk-debug.apk'
[debug] &amp#27;[35m[ADB]&amp#27;[39m Getting IDs of all 'io.appium.settings' processes
[debug] &amp#27;[35m[ADB]&amp#27;[39m Running 'C:\Users\OnilVakharia\AppData\Local\Android\Sdk\platform-tools\adb.exe -P 5037 -s emulator-5554 shell 'pgrep --help; echo $?''
[debug] &amp#27;[35m[ADB]&amp#27;[39m Running 'C:\Users\OnilVakharia\AppData\Local\Android\Sdk\platform-tools\adb.exe -P 5037 -s emulator-5554 shell pgrep -f io\\.appium\\.settings'
[debug] &amp#27;[35m[AndroidDriver]&amp#27;[39m io.appium.settings is already running. There is no need to reset its permissions.
[debug] &amp#27;[35m[ADB]&amp#27;[39m Running 'C:\Users\OnilVakharia\AppData\Local\Android\Sdk\platform-tools\adb.exe -P 5037 -s emulator-5554 shell appops set io.appium.settings android\:mock_location allow'
[debug] &amp#27;[35m[Logcat]&amp#27;[39m Starting logcat capture
[debug] &amp#27;[35m[UiAutomator2]&amp#27;[39m Forwarding UiAutomator2 Server port 6790 to 8225
[debug] &amp#27;[35m[ADB]&amp#27;[39m Forwarding system: 8225 to device: 6790
[debug] &amp#27;[35m[ADB]&amp#27;[39m Running 'C:\Users\OnilVakharia\AppData\Local\Android\Sdk\platform-tools\adb.exe -P 5037 -s emulator-5554 forward tcp\:8225 tcp\:6790'
[debug] &amp#27;[35m[ADB]&amp#27;[39m Getting install status for io.appium.uiautomator2.server
[debug] &amp#27;[35m[ADB]&amp#27;[39m Running 'C:\Users\OnilVakharia\AppData\Local\Android\Sdk\platform-tools\adb.exe -P 5037 -s emulator-5554 shell dumpsys package io.appium.uiautomator2.server'
[debug] &amp#27;[35m[ADB]&amp#27;[39m 'io.appium.uiautomator2.server' is installed
[debug] &amp#27;[35m[ADB]&amp#27;[39m Getting package info for 'io.appium.uiautomator2.server'
[debug] &amp#27;[35m[ADB]&amp#27;[39m Running 'C:\Users\OnilVakharia\AppData\Local\Android\Sdk\platform-tools\adb.exe -P 5037 -s emulator-5554 shell dumpsys package io.appium.uiautomator2.server'
[debug] &amp#27;[35m[ADB]&amp#27;[39m The version name of the installed 'io.appium.uiautomator2.server' is greater or equal to the application version name ('4.5.2' >= '4.5.2')
[debug] &amp#27;[35m[UiAutomator2]&amp#27;[39m io.appium.uiautomator2.server installation state: sameVersionInstalled
[debug] &amp#27;[35m[ADB]&amp#27;[39m Checking app cert for C:\Users\OnilVakharia\AppData\Roaming\npm\node_modules\appium\node_modules\appium-uiautomator2-server\apks\appium-uiautomator2-server-v4.5.2.apk
&amp#27;[35m[ADB]&amp#27;[39m Using 'apksigner.bat' from 'C:\Users\OnilVakharia\AppData\Local\Android\Sdk\build-tools\30.0.0\apksigner.bat'
[debug] &amp#27;[35m[ADB]&amp#27;[39m Starting 'C:\Users\OnilVakharia\AppData\Local\Android\Sdk\build-tools\30.0.0\apksigner.bat' with args '["verify","--print-certs","C:\\Users\\OnilVakharia\\AppData\\Roaming\\npm\\node_modules\\appium\\node_modules\\appium-uiautomator2-server\\apks\\appium-uiautomator2-server-v4.5.2.apk"]'
&amp#27;[35m[ADB]&amp#27;[39m Got an error during apksigner execution: Command 'apksigner.bat verify --print-certs C:\\Users\\OnilVakharia\\AppData\\Roaming\\npm\\node_modules\\appium\\node_modules\\appium-uiautomator2-server\\apks\\appium-uiautomator2-server-v4.5.2.apk' exited with code 1
&amp#27;[35m[ADB]&amp#27;[39m apksigner stderr: java.lang.UnsupportedClassVersionError: com/android/apksigner/ApkSignerTool has been compiled by a more recent version of the Java Runtime (class file version 53.0), this version of the Java Runtime only recognizes class file versions up to 52.0
&amp#27;[35m[ADB]&amp#27;[39m 	at java.lang.ClassLoader.defineClass1(Native Method)
&amp#27;[35m[ADB]&amp#27;[39m 	at java.lang.ClassLoader.defineClass(ClassLoader.java:763)
&amp#27;[35m[ADB]&amp#27;[39m 	at java.security.SecureClassLoader.defineClass(SecureClassLoader.java:142)
&amp#27;[35m[ADB]&amp#27;[39m 	at java.net.URLClassLoader.defineClass(URLClassLoader.java:467)
&amp#27;[35m[ADB]&amp#27;[39m 	at java.net.URLClassLoader.access$100(URLClassLoader.java:73)
&amp#27;[35m[ADB]&amp#27;[39m 	at java.net.URLClassLoader$1.run(URLClassLoader.java:368)
&amp#27;[35m[ADB]&amp#27;[39m 	at java.net.URLClassLoader$1.run(URLClassLoader.java:362)
&amp#27;[35m[ADB]&amp#27;[39m 	at java.security.AccessController.doPrivileged(Native Method)
&amp#27;[35m[ADB]&amp#27;[39m 	at java.net.URLClassLoader.findClass(URLClassLoader.java:361)
&amp#27;[35m[ADB]&amp#27;[39m 	at java.lang.ClassLoader.loadClass(ClassLoader.java:424)
&amp#27;[35m[ADB]&amp#27;[39m 	at sun.misc.Launcher$AppClassLoader.loadClass(Launcher.java:331)
&amp#27;[35m[ADB]&amp#27;[39m 	at java.lang.ClassLoader.loadClass(ClassLoader.java:357)
&amp#27;[35m[ADB]&amp#27;[39m 	at sun.launcher.LauncherHelper.checkAndLoadMain(LauncherHelper.java:495)
&amp#27;[35m[ADB]&amp#27;[39m Error: A JNI error has occurred, please check your installation and try again
&amp#27;[35m[ADB]&amp#27;[39m Exception in thread "main" 
&amp#27;[35m[ADB]&amp#27;[39m Cannot use apksigner tool for signature verification. Original error: Command 'apksigner.bat verify --print-certs C:\\Users\\OnilVakharia\\AppData\\Roaming\\npm\\node_modules\\appium\\node_modules\\appium-uiautomator2-server\\apks\\appium-uiautomator2-server-v4.5.2.apk' exited with code 1
[debug] &amp#27;[35m[ADB]&amp#27;[39m Defaulting to verify.jar
[debug] &amp#27;[35m[ADB]&amp#27;[39m 'C:\Users\OnilVakharia\AppData\Roaming\npm\node_modules\appium\node_modules\appium-uiautomator2-server\apks\appium-uiautomator2-server-v4.5.2.apk' is already signed.
[debug] &amp#27;[35m[ADB]&amp#27;[39m Getting install status for io.appium.uiautomator2.server.test
[debug] &amp#27;[35m[ADB]&amp#27;[39m Running 'C:\Users\OnilVakharia\AppData\Local\Android\Sdk\platform-tools\adb.exe -P 5037 -s emulator-5554 shell dumpsys package io.appium.uiautomator2.server.test'
[debug] &amp#27;[35m[ADB]&amp#27;[39m 'io.appium.uiautomator2.server.test' is installed
[debug] &amp#27;[35m[ADB]&amp#27;[39m Checking app cert for C:\Users\OnilVakharia\AppData\Roaming\npm\node_modules\appium\node_modules\appium-uiautomator2-server\apks\appium-uiautomator2-server-debug-androidTest.apk
[debug] &amp#27;[35m[ADB]&amp#27;[39m Starting 'C:\Users\OnilVakharia\AppData\Local\Android\Sdk\build-tools\30.0.0\apksigner.bat' with args '["verify","--print-certs","C:\\Users\\OnilVakharia\\AppData\\Roaming\\npm\\node_modules\\appium\\node_modules\\appium-uiautomator2-server\\apks\\appium-uiautomator2-server-debug-androidTest.apk"]'
&amp#27;[35m[ADB]&amp#27;[39m Got an error during apksigner execution: Command 'apksigner.bat verify --print-certs C:\\Users\\OnilVakharia\\AppData\\Roaming\\npm\\node_modules\\appium\\node_modules\\appium-uiautomator2-server\\apks\\appium-uiautomator2-server-debug-androidTest.apk' exited with code 1
&amp#27;[35m[ADB]&amp#27;[39m apksigner stderr: java.lang.UnsupportedClassVersionError: com/android/apksigner/ApkSignerTool has been compiled by a more recent version of the Java Runtime (class file version 53.0), this version of the Java Runtime only recognizes class file versions up to 52.0
&amp#27;[35m[ADB]&amp#27;[39m 	at java.lang.ClassLoader.defineClass1(Native Method)
&amp#27;[35m[ADB]&amp#27;[39m 	at java.lang.ClassLoader.defineClass(ClassLoader.java:763)
&amp#27;[35m[ADB]&amp#27;[39m 	at java.security.SecureClassLoader.defineClass(SecureClassLoader.java:142)
&amp#27;[35m[ADB]&amp#27;[39m 	at java.net.URLClassLoader.defineClass(URLClassLoader.java:467)
&amp#27;[35m[ADB]&amp#27;[39m 	at java.net.URLClassLoader.access$100(URLClassLoader.java:73)
&amp#27;[35m[ADB]&amp#27;[39m 	at java.net.URLClassLoader$1.run(URLClassLoader.java:368)
&amp#27;[35m[ADB]&amp#27;[39m 	at java.net.URLClassLoader$1.run(URLClassLoader.java:362)
&amp#27;[35m[ADB]&amp#27;[39m 	at java.security.AccessController.doPrivileged(Native Method)
&amp#27;[35m[ADB]&amp#27;[39m 	at java.net.URLClassLoader.findClass(URLClassLoader.java:361)
&amp#27;[35m[ADB]&amp#27;[39m 	at java.lang.ClassLoader.loadClass(ClassLoader.java:424)
&amp#27;[35m[ADB]&amp#27;[39m 	at sun.misc.Launcher$AppClassLoader.loadClass(Launcher.java:331)
&amp#27;[35m[ADB]&amp#27;[39m 	at java.lang.ClassLoader.loadClass(ClassLoader.java:357)
&amp#27;[35m[ADB]&amp#27;[39m 	at sun.launcher.LauncherHelper.checkAndLoadMain(LauncherHelper.java:495)
&amp#27;[35m[ADB]&amp#27;[39m Error: A JNI error has occurred, please check your installation and try again
&amp#27;[35m[ADB]&amp#27;[39m Exception in thread "main" 
&amp#27;[35m[ADB]&amp#27;[39m Cannot use apksigner tool for signature verification. Original error: Command 'apksigner.bat verify --print-certs C:\\Users\\OnilVakharia\\AppData\\Roaming\\npm\\node_modules\\appium\\node_modules\\appium-uiautomator2-server\\apks\\appium-uiautomator2-server-debug-androidTest.apk' exited with code 1
[debug] &amp#27;[35m[ADB]&amp#27;[39m Defaulting to verify.jar
[debug] &amp#27;[35m[ADB]&amp#27;[39m 'C:\Users\OnilVakharia\AppData\Roaming\npm\node_modules\appium\node_modules\appium-uiautomator2-server\apks\appium-uiautomator2-server-debug-androidTest.apk' is already signed.
&amp#27;[35m[UiAutomator2]&amp#27;[39m Server packages are not going to be (re)installed
[debug] &amp#27;[35m[UiAutomator2]&amp#27;[39m Waiting up to 30000ms for services to be available
[debug] &amp#27;[35m[ADB]&amp#27;[39m Running 'C:\Users\OnilVakharia\AppData\Local\Android\Sdk\platform-tools\adb.exe -P 5037 -s emulator-5554 shell pm list instrumentation'
[debug] &amp#27;[35m[UiAutomator2]&amp#27;[39m Instrumentation target 'io.appium.uiautomator2.server.test/androidx.test.runner.AndroidJUnitRunner' is available
[debug] &amp#27;[35m[ADB]&amp#27;[39m Checking app cert for C:\Users\OnilVakharia\eclipse-workspace\AppiumFramework\src\Api Demos.apk
[debug] &amp#27;[35m[ADB]&amp#27;[39m Starting 'C:\Users\OnilVakharia\AppData\Local\Android\Sdk\build-tools\30.0.0\apksigner.bat' with args '["verify","--print-certs","C:\\Users\\OnilVakharia\\eclipse-workspace\\AppiumFramework\\src\\Api Demos.apk"]'
&amp#27;[35m[ADB]&amp#27;[39m Got an error during apksigner execution: Command 'apksigner.bat verify --print-certs 'C:\\Users\\OnilVakharia\\eclipse-workspace\\AppiumFramework\\src\\Api Demos.apk'' exited with code 1
&amp#27;[35m[ADB]&amp#27;[39m apksigner stderr: java.lang.UnsupportedClassVersionError: com/android/apksigner/ApkSignerTool has been compiled by a more recent version of the Java Runtime (class file version 53.0), this version of the Java Runtime only recognizes class file versions up to 52.0
&amp#27;[35m[ADB]&amp#27;[39m 	at java.lang.ClassLoader.defineClass1(Native Method)
&amp#27;[35m[ADB]&amp#27;[39m 	at java.lang.ClassLoader.defineClass(ClassLoader.java:763)
&amp#27;[35m[ADB]&amp#27;[39m 	at java.security.SecureClassLoader.defineClass(SecureClassLoader.java:142)
&amp#27;[35m[ADB]&amp#27;[39m 	at java.net.URLClassLoader.defineClass(URLClassLoader.java:467)
&amp#27;[35m[ADB]&amp#27;[39m 	at java.net.URLClassLoader.access$100(URLClassLoader.java:73)
&amp#27;[35m[ADB]&amp#27;[39m 	at java.net.URLClassLoader$1.run(URLClassLoader.java:368)
&amp#27;[35m[ADB]&amp#27;[39m 	at java.net.URLClassLoader$1.run(URLClassLoader.java:362)
&amp#27;[35m[ADB]&amp#27;[39m 	at java.security.AccessController.doPrivileged(Native Method)
&amp#27;[35m[ADB]&amp#27;[39m 	at java.net.URLClassLoader.findClass(URLClassLoader.java:361)
&amp#27;[35m[ADB]&amp#27;[39m 	at java.lang.ClassLoader.loadClass(ClassLoader.java:424)
&amp#27;[35m[ADB]&amp#27;[39m 	at sun.misc.Launcher$AppClassLoader.loadClass(Launcher.java:331)
&amp#27;[35m[ADB]&amp#27;[39m 	at java.lang.ClassLoader.loadClass(ClassLoader.java:357)
&amp#27;[35m[ADB]&amp#27;[39m 	at sun.launcher.LauncherHelper.checkAndLoadMain(LauncherHelper.java:495)
&amp#27;[35m[ADB]&amp#27;[39m Error: A JNI error has occurred, please check your installation and try again
&amp#27;[35m[ADB]&amp#27;[39m Exception in thread "main" 
&amp#27;[35m[ADB]&amp#27;[39m Cannot use apksigner tool for signature verification. Original error: Command 'apksigner.bat verify --print-certs 'C:\\Users\\OnilVakharia\\eclipse-workspace\\AppiumFramework\\src\\Api Demos.apk'' exited with code 1
[debug] &amp#27;[35m[ADB]&amp#27;[39m Defaulting to verify.jar
[debug] &amp#27;[35m[ADB]&amp#27;[39m 'C:\Users\OnilVakharia\eclipse-workspace\AppiumFramework\src\Api Demos.apk' is already signed.
[debug] &amp#27;[35m[ADB]&amp#27;[39m Getting install status for io.appium.android.apis
[debug] &amp#27;[35m[ADB]&amp#27;[39m Running 'C:\Users\OnilVakharia\AppData\Local\Android\Sdk\platform-tools\adb.exe -P 5037 -s emulator-5554 shell dumpsys package io.appium.android.apis'
[debug] &amp#27;[35m[ADB]&amp#27;[39m 'io.appium.android.apis' is installed
[debug] &amp#27;[35m[ADB]&amp#27;[39m Getting package info for 'io.appium.android.apis'
[debug] &amp#27;[35m[ADB]&amp#27;[39m Running 'C:\Users\OnilVakharia\AppData\Local\Android\Sdk\platform-tools\adb.exe -P 5037 -s emulator-5554 shell dumpsys package io.appium.android.apis'
&amp#27;[35m[ADB]&amp#27;[39m Cannot read version codes of 'C:\Users\OnilVakharia\eclipse-workspace\AppiumFramework\src\Api Demos.apk' and/or 'io.appium.android.apis'
&amp#27;[35m[ADB]&amp#27;[39m Cannot read version names of 'C:\Users\OnilVakharia\eclipse-workspace\AppiumFramework\src\Api Demos.apk' and/or 'io.appium.android.apis'
[debug] &amp#27;[35m[ADB]&amp#27;[39m The current install state of 'C:\Users\OnilVakharia\eclipse-workspace\AppiumFramework\src\Api Demos.apk' is unknown. Installing anyway
[debug] &amp#27;[35m[ADB]&amp#27;[39m Running 'C:\Users\OnilVakharia\AppData\Local\Android\Sdk\platform-tools\adb.exe -P 5037 -s emulator-5554 shell 'ls -t -1 /data/local/tmp/appium_cache 2>&1 || echo _ERROR_''
[debug] &amp#27;[35m[ADB]&amp#27;[39m The count of applications in the cache: 6
&amp#27;[35m[ADB]&amp#27;[39m The application at 'C:\Users\OnilVakharia\eclipse-workspace\AppiumFramework\src\Api Demos.apk' is already cached to '/data/local/tmp/appium_cache/a7c3d3f518bf906dfd994f6290dfc7e6c703ccae.apk'
[debug] &amp#27;[35m[ADB]&amp#27;[39m Running 'C:\Users\OnilVakharia\AppData\Local\Android\Sdk\platform-tools\adb.exe -P 5037 -s emulator-5554 shell pm install -r /data/local/tmp/appium_cache/a7c3d3f518bf906dfd994f6290dfc7e6c703ccae.apk'
&amp#27;[35m[ADB]&amp#27;[39m The installation of 'Api Demos.apk' took 0.369s
[debug] &amp#27;[35m[ADB]&amp#27;[39m Install command stdout: Success
&amp#27;[35m[AndroidDriver]&amp#27;[39m Performing fast reset on 'io.appium.android.apis'
[debug] &amp#27;[35m[ADB]&amp#27;[39m Getting install status for io.appium.android.apis
[debug] &amp#27;[35m[ADB]&amp#27;[39m Running 'C:\Users\OnilVakharia\AppData\Local\Android\Sdk\platform-tools\adb.exe -P 5037 -s emulator-5554 shell dumpsys package io.appium.android.apis'
[debug] &amp#27;[35m[ADB]&amp#27;[39m 'io.appium.android.apis' is installed
[debug] &amp#27;[35m[ADB]&amp#27;[39m Running 'C:\Users\OnilVakharia\AppData\Local\Android\Sdk\platform-tools\adb.exe -P 5037 -s emulator-5554 shell am force-stop io.appium.android.apis'
[debug] &amp#27;[35m[ADB]&amp#27;[39m Running 'C:\Users\OnilVakharia\AppData\Local\Android\Sdk\platform-tools\adb.exe -P 5037 -s emulator-5554 shell pm clear io.appium.android.apis'
[debug] &amp#27;[35m[AndroidDriver]&amp#27;[39m Performed fast reset on the installed 'io.appium.android.apis' application (stop and clear)
[debug] &amp#27;[35m[UiAutomator2]&amp#27;[39m Performing shallow cleanup of automation leftovers
[debug] &amp#27;[35m[UiAutomator2]&amp#27;[39m The following obsolete sessions are still running: ["828e3d1c-4a98-4545-b85a-a2955bad8866"]
[debug] &amp#27;[35m[UiAutomator2]&amp#27;[39m Cleaning up the obsolete sessions
[debug] &amp#27;[35m[ADB]&amp#27;[39m Running 'C:\Users\OnilVakharia\AppData\Local\Android\Sdk\platform-tools\adb.exe -P 5037 -s emulator-5554 shell am force-stop io.appium.uiautomator2.server.test'
&amp#27;[35m[UiAutomator2]&amp#27;[39m Starting UIAutomator2 server 4.5.2
&amp#27;[35m[UiAutomator2]&amp#27;[39m Using UIAutomator2 server from 'C:\Users\OnilVakharia\AppData\Roaming\npm\node_modules\appium\node_modules\appium-uiautomator2-server\apks\appium-uiautomator2-server-v4.5.2.apk' and test from 'C:\Users\OnilVakharia\AppData\Roaming\npm\node_modules\appium\node_modules\appium-uiautomator2-server\apks\appium-uiautomator2-server-debug-androidTest.apk'
&amp#27;[35m[UiAutomator2]&amp#27;[39m Waiting up to 30000ms for UiAutomator2 to be online...
[debug] &amp#27;[35m[ADB]&amp#27;[39m Creating ADB subprocess with args: ["-P",5037,"-s","emulator-5554","shell","am","instrument","-w","io.appium.uiautomator2.server.test/androidx.test.runner.AndroidJUnitRunner"]
[debug] &amp#27;[35m[Instrumentation]&amp#27;[39m io.appium.uiautomator2.server.test.AppiumUiAutomator2Server:
[debug] &amp#27;[35m[WD Proxy]&amp#27;[39m Matched '/status' to command name 'getStatus'
[debug] &amp#27;[35m[WD Proxy]&amp#27;[39m Proxying [GET /status] to [GET http://127.0.0.1:8225/wd/hub/status] with no body
&amp#27;[35m[WD Proxy]&amp#27;[39m Got an unexpected response with status undefined: {"code":"ECONNRESET"}
[debug] &amp#27;[35m[WD Proxy]&amp#27;[39m Matched '/status' to command name 'getStatus'
[debug] &amp#27;[35m[WD Proxy]&amp#27;[39m Proxying [GET /status] to [GET http://127.0.0.1:8225/wd/hub/status] with no body
[debug] &amp#27;[35m[WD Proxy]&amp#27;[39m Got response with status 200: {"sessionId":"None","value":{"ready":true,"message":"UiAutomator2 Server is ready to accept commands"}}
[debug] &amp#27;[35m[UiAutomator2]&amp#27;[39m The initialization of the instrumentation process took 2159ms
[debug] &amp#27;[35m[WD Proxy]&amp#27;[39m Matched '/session' to command name 'createSession'
[debug] &amp#27;[35m[WD Proxy]&amp#27;[39m Proxying [POST /session] to [POST http://127.0.0.1:8225/wd/hub/session] with body: {"capabilities":{"firstMatch":[{"platform":"LINUX","webStorageEnabled":false,"takesScreenshot":true,"javascriptEnabled":true,"databaseEnabled":false,"networkConnectionEnabled":true,"locationContextEnabled":false,"warnings":{},"desired":{"platformName":"android","app":"C:\\Users\\OnilVakharia\\eclipse-workspace\\AppiumFramework\\src\\Api Demos.apk","automationName":"uiautomator2","deviceName":"emulator"},"platformName":"android","app":"C:\\Users\\OnilVakharia\\eclipse-workspace\\AppiumFramework\\src\\Api Demos.apk","automationName":"uiautomator2","deviceName":"emulator-5554","deviceUDID":"emulator-5554","appPackage":"io.appium.android.apis"}],"alwaysMatch":{}}}
[debug] &amp#27;[35m[WD Proxy]&amp#27;[39m Got response with status 200: {"sessionId":"a5d41a60-8113-4474-9a8b-22d12a99d2ce","value":{"sessionId":"a5d41a60-8113-4474-9a8b-22d12a99d2ce","capabilities":{"firstMatch":[{"platform":"LINUX","webStorageEnabled":false,"takesScreenshot":true,"javascriptEnabled":true,"databaseEnabled":false,"networkConnectionEnabled":true,"locationContextEnabled":false,"warnings":{},"desired":{"platformName":"android","app":"C:\\Users\\OnilVakharia\\eclipse-workspace\\AppiumFramework\\src\\Api Demos.apk","automationName":"uiautomator2","deviceName":"emulator"},"platformName":"android","app":"C:\\Users\\OnilVakharia\\eclipse-workspace\\AppiumFramework\\src\\Api Demos.apk","automationName":"uiautomator2","deviceName":"emulator-5554","deviceUDID":"emulator-5554","appPackage":"io.appium.android.apis"}],"alwaysMatch":{}}}}
&amp#27;[35m[WD Proxy]&amp#27;[39m Determined the downstream protocol as 'W3C'
[debug] &amp#27;[35m[WD Proxy]&amp#27;[39m Proxying [GET /appium/device/info] to [GET http://127.0.0.1:8225/wd/hub/session/a5d41a60-8113-4474-9a8b-22d12a99d2ce/appium/device/info] with no body
[debug] &amp#27;[35m[WD Proxy]&amp#27;[39m Got response with status 200: {"sessionId":"a5d41a60-8113-4474-9a8b-22d12a99d2ce","value":{"androidId":"0edf25e43002c14a","manufacturer":"Google","model":"Android SDK built for x86_64","brand":"google","apiVersion":"28","platformVersion":"9","carrierName":"Android","realDisplaySize":"1080x1920","displayDensity":420,"networks":[{"type":0,"typeName":"MOBILE","subtype":13,"subtypeName":"LTE","isConnected":true,"detailedState":"CONNECTED","state":"CONNECTED","extraInfo":"epc.tmobile.com","isAvailable":true,"isFailover":false,"isRoaming":false,"capabilities":{"transportTypes":"TRANSPORT_CELLULAR","networkCapabilities":"NET_CAPABILITY_MMS,NET_CAPABILITY_SUPL,NET_CAPABILITY_DUN,NET_CAPABILITY_FOTA,NET_CAPABILITY_IMS,NET_CAPABILITY_CBS,NET_CAPABILITY_IA,NET_CAPABILITY_INTERNET,NET_CAPABILITY_NOT_RESTRICTED,NET_CAPABILITY_TRUSTED,NET_CAPABILITY_NOT_VPN,NET_CAPABILITY_VALIDATED,NET_CAPABILITY_NOT_ROAMING,NET_CAPABILITY_NOT_CONGESTED,NET_CAPABILITY_NOT_SUSPENDED","linkUpstreamBandwidthKbps":51200,"linkDownBandwidthKbps":102400,"signalStrength":-2...
[debug] &amp#27;[35m[ADB]&amp#27;[39m Running 'C:\Users\OnilVakharia\AppData\Local\Android\Sdk\platform-tools\adb.exe -P 5037 -s emulator-5554 shell dumpsys window'
&amp#27;[35m[AndroidDriver]&amp#27;[39m Screen already unlocked, doing nothing
&amp#27;[35m[UiAutomator2]&amp#27;[39m Starting 'io.appium.android.apis/ApiDemos and waiting for 'io.appium.android.apis/ApiDemos'
[debug] &amp#27;[35m[ADB]&amp#27;[39m Running 'C:\Users\OnilVakharia\AppData\Local\Android\Sdk\platform-tools\adb.exe -P 5037 -s emulator-5554 shell am start -W -n io.appium.android.apis/ApiDemos -S -a android.intent.action.MAIN -c android.intent.category.LAUNCHER -f 0x10200000'
[debug] &amp#27;[35m[ADB]&amp#27;[39m We tried to start an activity that doesn't exist, retrying with '.ApiDemos' activity name
[debug] &amp#27;[35m[ADB]&amp#27;[39m Running 'C:\Users\OnilVakharia\AppData\Local\Android\Sdk\platform-tools\adb.exe -P 5037 -s emulator-5554 shell am start -W -n io.appium.android.apis/.ApiDemos -S -a android.intent.action.MAIN -c android.intent.category.LAUNCHER -f 0x10200000'
[debug] &amp#27;[35m[ADB]&amp#27;[39m Waiting up to 20000ms for activity matching pkg: 'io.appium.android.apis' and activity: 'ApiDemos' to be focused
[debug] &amp#27;[35m[ADB]&amp#27;[39m Possible activities, to be checked: 'ApiDemos', 'io.appium.android.apis.ApiDemos'
[debug] &amp#27;[35m[ADB]&amp#27;[39m Getting focused package and activity
[debug] &amp#27;[35m[ADB]&amp#27;[39m Running 'C:\Users\OnilVakharia\AppData\Local\Android\Sdk\platform-tools\adb.exe -P 5037 -s emulator-5554 shell dumpsys window windows'
[debug] &amp#27;[35m[ADB]&amp#27;[39m Found package: 'io.appium.android.apis' and fully qualified activity name : 'io.appium.android.apis.ApiDemos'
[debug] &amp#27;[35m[WD Proxy]&amp#27;[39m Proxying [GET /appium/device/pixel_ratio] to [GET http://127.0.0.1:8225/wd/hub/session/a5d41a60-8113-4474-9a8b-22d12a99d2ce/appium/device/pixel_ratio] with body: {}
[debug] &amp#27;[35m[WD Proxy]&amp#27;[39m Got response with status 200: {"sessionId":"a5d41a60-8113-4474-9a8b-22d12a99d2ce","value":2.625}
[debug] &amp#27;[35m[WD Proxy]&amp#27;[39m Matched '/appium/device/system_bars' to command name 'getSystemBars'
[debug] &amp#27;[35m[WD Proxy]&amp#27;[39m Proxying [GET /appium/device/system_bars] to [GET http://127.0.0.1:8225/wd/hub/session/a5d41a60-8113-4474-9a8b-22d12a99d2ce/appium/device/system_bars] with body: {}
[debug] &amp#27;[35m[WD Proxy]&amp#27;[39m Got response with status 200: {"sessionId":"a5d41a60-8113-4474-9a8b-22d12a99d2ce","value":{"statusBar":63}}
[debug] &amp#27;[35m[WD Proxy]&amp#27;[39m Matched '/window/current/size' to command name 'getWindowSize'
[debug] &amp#27;[35m[WD Proxy]&amp#27;[39m Proxying [GET /window/current/size] to [GET http://127.0.0.1:8225/wd/hub/session/a5d41a60-8113-4474-9a8b-22d12a99d2ce/window/current/size] with body: {}
[debug] &amp#27;[35m[WD Proxy]&amp#27;[39m Got response with status 200: {"sessionId":"a5d41a60-8113-4474-9a8b-22d12a99d2ce","value":{"height":1794,"width":1080}}
&amp#27;[35m[Appium]&amp#27;[39m New AndroidUiautomator2Driver session created successfully, session c5df69cb-165e-45cf-92f3-c73004708b55 added to master session list
[debug] &amp#27;[35m[BaseDriver]&amp#27;[39m Event 'newSessionStarted' logged at 1595767649734 (18:17:29 GMT+0530 (India Standard Time))
[debug] &amp#27;[35m[W3C (c5df69cb)]&amp#27;[39m Cached the protocol value 'W3C' for the new session c5df69cb-165e-45cf-92f3-c73004708b55
[debug] &amp#27;[35m[W3C (c5df69cb)]&amp#27;[39m Responding to client with driver.createSession() result: {"capabilities":{"platform":"LINUX","webStorageEnabled":false,"takesScreenshot":true,"javascriptEnabled":true,"databaseEnabled":false,"networkConnectionEnabled":true,"locationContextEnabled":false,"warnings":{},"desired":{"platformName":"android","app":"C:\\Users\\OnilVakharia\\eclipse-workspace\\AppiumFramework\\src\\Api Demos.apk","automationName":"uiautomator2","deviceName":"emulator"},"platformName":"android","app":"C:\\Users\\OnilVakharia\\eclipse-workspace\\AppiumFramework\\src\\Api Demos.apk","automationName":"uiautomator2","deviceName":"emulator-5554","deviceUDID":"emulator-5554","appPackage":"io.appium.android.apis","deviceApiLevel":28,"platformVersion":"9","deviceScreenSize":"1080x1920","deviceScreenDensity":420,"deviceModel":"Android SDK built for x86_64","deviceManufacturer":"Google","pixelRatio":2.625,"statBarHeight":63,"viewportRect":{"left":0,"top":63,"width":1080,"height":1731}}}
&amp#27;[35m[HTTP]&amp#27;[39m &amp#27;[37m<-- POST /wd/hub/session &amp#27;[39m&amp#27;[32m200&amp#27;[39m &amp#27;[90m9006 ms - 969&amp#27;[39m
&amp#27;[35m[HTTP]&amp#27;[39m &amp#27;[90m&amp#27;[39m
&amp#27;[35m[HTTP]&amp#27;[39m &amp#27;[37m-->&amp#27;[39m &amp#27;[37mGET&amp#27;[39m &amp#27;[37m/wd/hub/session/c5df69cb-165e-45cf-92f3-c73004708b55&amp#27;[39m
&amp#27;[35m[HTTP]&amp#27;[39m &amp#27;[90m{}&amp#27;[39m
[debug] &amp#27;[35m[W3C (c5df69cb)]&amp#27;[39m Calling AppiumDriver.getSession() with args: ["c5df69cb-165e-45cf-92f3-c73004708b55"]
[debug] &amp#27;[35m[UiAutomator2]&amp#27;[39m Getting session details from server to mix in
[debug] &amp#27;[35m[WD Proxy]&amp#27;[39m Matched '/' to command name 'getSession'
[debug] &amp#27;[35m[WD Proxy]&amp#27;[39m Proxying [GET /] to [GET http://127.0.0.1:8225/wd/hub/session/a5d41a60-8113-4474-9a8b-22d12a99d2ce] with body: {}
[debug] &amp#27;[35m[WD Proxy]&amp#27;[39m Got response with status 200: {"sessionId":"a5d41a60-8113-4474-9a8b-22d12a99d2ce","value":{}}
[debug] &amp#27;[35m[W3C (c5df69cb)]&amp#27;[39m Responding to client with driver.getSession() result: {"platform":"LINUX","webStorageEnabled":false,"takesScreenshot":true,"javascriptEnabled":true,"databaseEnabled":false,"networkConnectionEnabled":true,"locationContextEnabled":false,"warnings":{},"desired":{"platformName":"android","app":"C:\\Users\\OnilVakharia\\eclipse-workspace\\AppiumFramework\\src\\Api Demos.apk","automationName":"uiautomator2","deviceName":"emulator"},"platformName":"android","app":"C:\\Users\\OnilVakharia\\eclipse-workspace\\AppiumFramework\\src\\Api Demos.apk","automationName":"uiautomator2","deviceName":"emulator-5554","deviceUDID":"emulator-5554","appPackage":"io.appium.android.apis","deviceApiLevel":28,"platformVersion":"9","deviceScreenSize":"1080x1920","deviceScreenDensity":420,"deviceModel":"Android SDK built for x86_64","deviceManufacturer":"Google","pixelRatio":2.625,"statBarHeight":63,"viewportRect":{"left":0,"top":63,"width":1080,"height":1731}}
&amp#27;[35m[HTTP]&amp#27;[39m &amp#27;[37m<-- GET /wd/hub/session/c5df69cb-165e-45cf-92f3-c73004708b55 &amp#27;[39m&amp#27;[32m200&amp#27;[39m &amp#27;[90m22 ms - 901&amp#27;[39m
&amp#27;[35m[HTTP]&amp#27;[39m &amp#27;[90m&amp#27;[39m
&amp#27;[35m[HTTP]&amp#27;[39m &amp#27;[37m-->&amp#27;[39m &amp#27;[37mGET&amp#27;[39m &amp#27;[37m/wd/hub/session/c5df69cb-165e-45cf-92f3-c73004708b55&amp#27;[39m
&amp#27;[35m[HTTP]&amp#27;[39m &amp#27;[90m{}&amp#27;[39m
[debug] &amp#27;[35m[W3C (c5df69cb)]&amp#27;[39m Calling AppiumDriver.getSession() with args: ["c5df69cb-165e-45cf-92f3-c73004708b55"]
[debug] &amp#27;[35m[UiAutomator2]&amp#27;[39m Getting session details from server to mix in
[debug] &amp#27;[35m[WD Proxy]&amp#27;[39m Matched '/' to command name 'getSession'
[debug] &amp#27;[35m[WD Proxy]&amp#27;[39m Proxying [GET /] to [GET http://127.0.0.1:8225/wd/hub/session/a5d41a60-8113-4474-9a8b-22d12a99d2ce] with body: {}
[debug] &amp#27;[35m[WD Proxy]&amp#27;[39m Got response with status 200: {"sessionId":"a5d41a60-8113-4474-9a8b-22d12a99d2ce","value":{}}
[debug] &amp#27;[35m[W3C (c5df69cb)]&amp#27;[39m Responding to client with driver.getSession() result: {"platform":"LINUX","webStorageEnabled":false,"takesScreenshot":true,"javascriptEnabled":true,"databaseEnabled":false,"networkConnectionEnabled":true,"locationContextEnabled":false,"warnings":{},"desired":{"platformName":"android","app":"C:\\Users\\OnilVakharia\\eclipse-workspace\\AppiumFramework\\src\\Api Demos.apk","automationName":"uiautomator2","deviceName":"emulator"},"platformName":"android","app":"C:\\Users\\OnilVakharia\\eclipse-workspace\\AppiumFramework\\src\\Api Demos.apk","automationName":"uiautomator2","deviceName":"emulator-5554","deviceUDID":"emulator-5554","appPackage":"io.appium.android.apis","deviceApiLevel":28,"platformVersion":"9","deviceScreenSize":"1080x1920","deviceScreenDensity":420,"deviceModel":"Android SDK built for x86_64","deviceManufacturer":"Google","pixelRatio":2.625,"statBarHeight":63,"viewportRect":{"left":0,"top":63,"width":1080,"height":1731}}
&amp#27;[35m[HTTP]&amp#27;[39m &amp#27;[37m<-- GET /wd/hub/session/c5df69cb-165e-45cf-92f3-c73004708b55 &amp#27;[39m&amp#27;[32m200&amp#27;[39m &amp#27;[90m15 ms - 901&amp#27;[39m
&amp#27;[35m[HTTP]&amp#27;[39m &amp#27;[90m&amp#27;[39m
&amp#27;[35m[HTTP]&amp#27;[39m &amp#27;[37m-->&amp#27;[39m &amp#27;[37mPOST&amp#27;[39m &amp#27;[37m/wd/hub/session/c5df69cb-165e-45cf-92f3-c73004708b55/timeouts&amp#27;[39m
&amp#27;[35m[HTTP]&amp#27;[39m &amp#27;[90m{"implicit":10000}&amp#27;[39m
[debug] &amp#27;[35m[W3C (c5df69cb)]&amp#27;[39m Calling AppiumDriver.timeouts() with args: [null,null,null,null,10000,"c5df69cb-165e-45cf-92f3-c73004708b55"]
[debug] &amp#27;[35m[BaseDriver]&amp#27;[39m W3C timeout argument: {"implicit":10000}}
[debug] &amp#27;[35m[BaseDriver]&amp#27;[39m Set implicit wait to 10000ms
[debug] &amp#27;[35m[W3C (c5df69cb)]&amp#27;[39m Responding to client with driver.timeouts() result: null
&amp#27;[35m[HTTP]&amp#27;[39m &amp#27;[37m<-- POST /wd/hub/session/c5df69cb-165e-45cf-92f3-c73004708b55/timeouts &amp#27;[39m&amp#27;[32m200&amp#27;[39m &amp#27;[90m8 ms - 14&amp#27;[39m
&amp#27;[35m[HTTP]&amp#27;[39m &amp#27;[90m&amp#27;[39m
&amp#27;[35m[HTTP]&amp#27;[39m &amp#27;[37m-->&amp#27;[39m &amp#27;[37mGET&amp#27;[39m &amp#27;[37m/wd/hub/session/c5df69cb-165e-45cf-92f3-c73004708b55&amp#27;[39m
&amp#27;[35m[HTTP]&amp#27;[39m &amp#27;[90m{}&amp#27;[39m
[debug] &amp#27;[35m[W3C (c5df69cb)]&amp#27;[39m Calling AppiumDriver.getSession() with args: ["c5df69cb-165e-45cf-92f3-c73004708b55"]
[debug] &amp#27;[35m[UiAutomator2]&amp#27;[39m Getting session details from server to mix in
[debug] &amp#27;[35m[WD Proxy]&amp#27;[39m Matched '/' to command name 'getSession'
[debug] &amp#27;[35m[WD Proxy]&amp#27;[39m Proxying [GET /] to [GET http://127.0.0.1:8225/wd/hub/session/a5d41a60-8113-4474-9a8b-22d12a99d2ce] with body: {}
[debug] &amp#27;[35m[WD Proxy]&amp#27;[39m Got response with status 200: {"sessionId":"a5d41a60-8113-4474-9a8b-22d12a99d2ce","value":{}}
[debug] &amp#27;[35m[W3C (c5df69cb)]&amp#27;[39m Responding to client with driver.getSession() result: {"platform":"LINUX","webStorageEnabled":false,"takesScreenshot":true,"javascriptEnabled":true,"databaseEnabled":false,"networkConnectionEnabled":true,"locationContextEnabled":false,"warnings":{},"desired":{"platformName":"android","app":"C:\\Users\\OnilVakharia\\eclipse-workspace\\AppiumFramework\\src\\Api Demos.apk","automationName":"uiautomator2","deviceName":"emulator"},"platformName":"android","app":"C:\\Users\\OnilVakharia\\eclipse-workspace\\AppiumFramework\\src\\Api Demos.apk","automationName":"uiautomator2","deviceName":"emulator-5554","deviceUDID":"emulator-5554","appPackage":"io.appium.android.apis","deviceApiLevel":28,"platformVersion":"9","deviceScreenSize":"1080x1920","deviceScreenDensity":420,"deviceModel":"Android SDK built for x86_64","deviceManufacturer":"Google","pixelRatio":2.625,"statBarHeight":63,"viewportRect":{"left":0,"top":63,"width":1080,"height":1731}}
&amp#27;[35m[HTTP]&amp#27;[39m &amp#27;[37m<-- GET /wd/hub/session/c5df69cb-165e-45cf-92f3-c73004708b55 &amp#27;[39m&amp#27;[32m200&amp#27;[39m &amp#27;[90m17 ms - 901&amp#27;[39m
&amp#27;[35m[HTTP]&amp#27;[39m &amp#27;[90m&amp#27;[39m
&amp#27;[35m[HTTP]&amp#27;[39m &amp#27;[37m-->&amp#27;[39m &amp#27;[37mGET&amp#27;[39m &amp#27;[37m/wd/hub/session/c5df69cb-165e-45cf-92f3-c73004708b55&amp#27;[39m
&amp#27;[35m[HTTP]&amp#27;[39m &amp#27;[90m{}&amp#27;[39m
[debug] &amp#27;[35m[W3C (c5df69cb)]&amp#27;[39m Calling AppiumDriver.getSession() with args: ["c5df69cb-165e-45cf-92f3-c73004708b55"]
[debug] &amp#27;[35m[UiAutomator2]&amp#27;[39m Getting session details from server to mix in
[debug] &amp#27;[35m[WD Proxy]&amp#27;[39m Matched '/' to command name 'getSession'
[debug] &amp#27;[35m[WD Proxy]&amp#27;[39m Proxying [GET /] to [GET http://127.0.0.1:8225/wd/hub/session/a5d41a60-8113-4474-9a8b-22d12a99d2ce] with body: {}
[debug] &amp#27;[35m[WD Proxy]&amp#27;[39m Got response with status 200: {"sessionId":"a5d41a60-8113-4474-9a8b-22d12a99d2ce","value":{}}
[debug] &amp#27;[35m[W3C (c5df69cb)]&amp#27;[39m Responding to client with driver.getSession() result: {"platform":"LINUX","webStorageEnabled":false,"takesScreenshot":true,"javascriptEnabled":true,"databaseEnabled":false,"networkConnectionEnabled":true,"locationContextEnabled":false,"warnings":{},"desired":{"platformName":"android","app":"C:\\Users\\OnilVakharia\\eclipse-workspace\\AppiumFramework\\src\\Api Demos.apk","automationName":"uiautomator2","deviceName":"emulator"},"platformName":"android","app":"C:\\Users\\OnilVakharia\\eclipse-workspace\\AppiumFramework\\src\\Api Demos.apk","automationName":"uiautomator2","deviceName":"emulator-5554","deviceUDID":"emulator-5554","appPackage":"io.appium.android.apis","deviceApiLevel":28,"platformVersion":"9","deviceScreenSize":"1080x1920","deviceScreenDensity":420,"deviceModel":"Android SDK built for x86_64","deviceManufacturer":"Google","pixelRatio":2.625,"statBarHeight":63,"viewportRect":{"left":0,"top":63,"width":1080,"height":1731}}
&amp#27;[35m[HTTP]&amp#27;[39m &amp#27;[37m<-- GET /wd/hub/session/c5df69cb-165e-45cf-92f3-c73004708b55 &amp#27;[39m&amp#27;[32m200&amp#27;[39m &amp#27;[90m13 ms - 901&amp#27;[39m
&amp#27;[35m[HTTP]&amp#27;[39m &amp#27;[90m&amp#27;[39m
&amp#27;[35m[HTTP]&amp#27;[39m &amp#27;[37m-->&amp#27;[39m &amp#27;[37mGET&amp#27;[39m &amp#27;[37m/wd/hub/session/c5df69cb-165e-45cf-92f3-c73004708b55&amp#27;[39m
&amp#27;[35m[HTTP]&amp#27;[39m &amp#27;[90m{}&amp#27;[39m
[debug] &amp#27;[35m[W3C (c5df69cb)]&amp#27;[39m Calling AppiumDriver.getSession() with args: ["c5df69cb-165e-45cf-92f3-c73004708b55"]
[debug] &amp#27;[35m[UiAutomator2]&amp#27;[39m Getting session details from server to mix in
[debug] &amp#27;[35m[WD Proxy]&amp#27;[39m Matched '/' to command name 'getSession'
[debug] &amp#27;[35m[WD Proxy]&amp#27;[39m Proxying [GET /] to [GET http://127.0.0.1:8225/wd/hub/session/a5d41a60-8113-4474-9a8b-22d12a99d2ce] with body: {}
[debug] &amp#27;[35m[WD Proxy]&amp#27;[39m Got response with status 200: {"sessionId":"a5d41a60-8113-4474-9a8b-22d12a99d2ce","value":{}}
[debug] &amp#27;[35m[W3C (c5df69cb)]&amp#27;[39m Responding to client with driver.getSession() result: {"platform":"LINUX","webStorageEnabled":false,"takesScreenshot":true,"javascriptEnabled":true,"databaseEnabled":false,"networkConnectionEnabled":true,"locationContextEnabled":false,"warnings":{},"desired":{"platformName":"android","app":"C:\\Users\\OnilVakharia\\eclipse-workspace\\AppiumFramework\\src\\Api Demos.apk","automationName":"uiautomator2","deviceName":"emulator"},"platformName":"android","app":"C:\\Users\\OnilVakharia\\eclipse-workspace\\AppiumFramework\\src\\Api Demos.apk","automationName":"uiautomator2","deviceName":"emulator-5554","deviceUDID":"emulator-5554","appPackage":"io.appium.android.apis","deviceApiLevel":28,"platformVersion":"9","deviceScreenSize":"1080x1920","deviceScreenDensity":420,"deviceModel":"Android SDK built for x86_64","deviceManufacturer":"Google","pixelRatio":2.625,"statBarHeight":63,"viewportRect":{"left":0,"top":63,"width":1080,"height":1731}}
&amp#27;[35m[HTTP]&amp#27;[39m &amp#27;[37m<-- GET /wd/hub/session/c5df69cb-165e-45cf-92f3-c73004708b55 &amp#27;[39m&amp#27;[32m200&amp#27;[39m &amp#27;[90m13 ms - 901&amp#27;[39m
&amp#27;[35m[HTTP]&amp#27;[39m &amp#27;[90m&amp#27;[39m
&amp#27;[35m[HTTP]&amp#27;[39m &amp#27;[37m-->&amp#27;[39m &amp#27;[37mPOST&amp#27;[39m &amp#27;[37m/wd/hub/session/c5df69cb-165e-45cf-92f3-c73004708b55/element&amp#27;[39m
&amp#27;[35m[HTTP]&amp#27;[39m &amp#27;[90m{"using":"xpath","value":"//android.widget.TextView[@text='Preference']"}&amp#27;[39m
[debug] &amp#27;[35m[W3C (c5df69cb)]&amp#27;[39m Calling AppiumDriver.findElement() with args: ["xpath","//android.widget.TextView[@text='Preference']","c5df69cb-165e-45cf-92f3-c73004708b55"]
[debug] &amp#27;[35m[BaseDriver]&amp#27;[39m Valid locator strategies for this request: xpath, id, class name, accessibility id, -android uiautomator
[debug] &amp#27;[35m[BaseDriver]&amp#27;[39m Waiting up to 10000 ms for condition
[debug] &amp#27;[35m[WD Proxy]&amp#27;[39m Matched '/element' to command name 'findElement'
[debug] &amp#27;[35m[WD Proxy]&amp#27;[39m Proxying [POST /element] to [POST http://127.0.0.1:8225/wd/hub/session/a5d41a60-8113-4474-9a8b-22d12a99d2ce/element] with body: {"strategy":"xpath","selector":"//android.widget.TextView[@text='Preference']","context":"","multiple":false}
[debug] &amp#27;[35m[WD Proxy]&amp#27;[39m Got response with status 200: {"sessionId":"a5d41a60-8113-4474-9a8b-22d12a99d2ce","value":{"ELEMENT":"6fe74846-27b3-4ade-bba2-2c740f11fe57","element-6066-11e4-a52e-4f735466cecf":"6fe74846-27b3-4ade-bba2-2c740f11fe57"}}
[debug] &amp#27;[35m[W3C (c5df69cb)]&amp#27;[39m Responding to client with driver.findElement() result: {"element-6066-11e4-a52e-4f735466cecf":"6fe74846-27b3-4ade-bba2-2c740f11fe57","ELEMENT":"6fe74846-27b3-4ade-bba2-2c740f11fe57"}
&amp#27;[35m[HTTP]&amp#27;[39m &amp#27;[37m<-- POST /wd/hub/session/c5df69cb-165e-45cf-92f3-c73004708b55/element &amp#27;[39m&amp#27;[32m200&amp#27;[39m &amp#27;[90m302 ms - 137&amp#27;[39m
&amp#27;[35m[HTTP]&amp#27;[39m &amp#27;[90m&amp#27;[39m
&amp#27;[35m[HTTP]&amp#27;[39m &amp#27;[37m-->&amp#27;[39m &amp#27;[37mPOST&amp#27;[39m &amp#27;[37m/wd/hub/session/c5df69cb-165e-45cf-92f3-c73004708b55/element/6fe74846-27b3-4ade-bba2-2c740f11fe57/click&amp#27;[39m
&amp#27;[35m[HTTP]&amp#27;[39m &amp#27;[90m{"id":"6fe74846-27b3-4ade-bba2-2c740f11fe57"}&amp#27;[39m
[debug] &amp#27;[35m[W3C (c5df69cb)]&amp#27;[39m Calling AppiumDriver.click() with args: ["6fe74846-27b3-4ade-bba2-2c740f11fe57","c5df69cb-165e-45cf-92f3-c73004708b55"]
[debug] &amp#27;[35m[WD Proxy]&amp#27;[39m Matched '/element/6fe74846-27b3-4ade-bba2-2c740f11fe57/click' to command name 'click'
[debug] &amp#27;[35m[WD Proxy]&amp#27;[39m Proxying [POST /element/6fe74846-27b3-4ade-bba2-2c740f11fe57/click] to [POST http://127.0.0.1:8225/wd/hub/session/a5d41a60-8113-4474-9a8b-22d12a99d2ce/element/6fe74846-27b3-4ade-bba2-2c740f11fe57/click] with body: {"element":"6fe74846-27b3-4ade-bba2-2c740f11fe57"}
[debug] &amp#27;[35m[WD Proxy]&amp#27;[39m Got response with status 200: {"sessionId":"a5d41a60-8113-4474-9a8b-22d12a99d2ce","value":null}
[debug] &amp#27;[35m[W3C (c5df69cb)]&amp#27;[39m Responding to client with driver.click() result: null
&amp#27;[35m[HTTP]&amp#27;[39m &amp#27;[37m<-- POST /wd/hub/session/c5df69cb-165e-45cf-92f3-c73004708b55/element/6fe74846-27b3-4ade-bba2-2c740f11fe57/click &amp#27;[39m&amp#27;[32m200&amp#27;[39m &amp#27;[90m1180 ms - 14&amp#27;[39m
&amp#27;[35m[HTTP]&amp#27;[39m &amp#27;[90m&amp#27;[39m
&amp#27;[35m[HTTP]&amp#27;[39m &amp#27;[37m-->&amp#27;[39m &amp#27;[37mGET&amp#27;[39m &amp#27;[37m/wd/hub/session/c5df69cb-165e-45cf-92f3-c73004708b55&amp#27;[39m
&amp#27;[35m[HTTP]&amp#27;[39m &amp#27;[90m{}&amp#27;[39m
[debug] &amp#27;[35m[W3C (c5df69cb)]&amp#27;[39m Calling AppiumDriver.getSession() with args: ["c5df69cb-165e-45cf-92f3-c73004708b55"]
[debug] &amp#27;[35m[UiAutomator2]&amp#27;[39m Getting session details from server to mix in
[debug] &amp#27;[35m[WD Proxy]&amp#27;[39m Matched '/' to command name 'getSession'
[debug] &amp#27;[35m[WD Proxy]&amp#27;[39m Proxying [GET /] to [GET http://127.0.0.1:8225/wd/hub/session/a5d41a60-8113-4474-9a8b-22d12a99d2ce] with body: {}
[debug] &amp#27;[35m[WD Proxy]&amp#27;[39m Got response with status 200: {"sessionId":"a5d41a60-8113-4474-9a8b-22d12a99d2ce","value":{}}
[debug] &amp#27;[35m[W3C (c5df69cb)]&amp#27;[39m Responding to client with driver.getSession() result: {"platform":"LINUX","webStorageEnabled":false,"takesScreenshot":true,"javascriptEnabled":true,"databaseEnabled":false,"networkConnectionEnabled":true,"locationContextEnabled":false,"warnings":{},"desired":{"platformName":"android","app":"C:\\Users\\OnilVakharia\\eclipse-workspace\\AppiumFramework\\src\\Api Demos.apk","automationName":"uiautomator2","deviceName":"emulator"},"platformName":"android","app":"C:\\Users\\OnilVakharia\\eclipse-workspace\\AppiumFramework\\src\\Api Demos.apk","automationName":"uiautomator2","deviceName":"emulator-5554","deviceUDID":"emulator-5554","appPackage":"io.appium.android.apis","deviceApiLevel":28,"platformVersion":"9","deviceScreenSize":"1080x1920","deviceScreenDensity":420,"deviceModel":"Android SDK built for x86_64","deviceManufacturer":"Google","pixelRatio":2.625,"statBarHeight":63,"viewportRect":{"left":0,"top":63,"width":1080,"height":1731}}
&amp#27;[35m[HTTP]&amp#27;[39m &amp#27;[37m<-- GET /wd/hub/session/c5df69cb-165e-45cf-92f3-c73004708b55 &amp#27;[39m&amp#27;[32m200&amp#27;[39m &amp#27;[90m8 ms - 901&amp#27;[39m
&amp#27;[35m[HTTP]&amp#27;[39m &amp#27;[90m&amp#27;[39m
&amp#27;[35m[HTTP]&amp#27;[39m &amp#27;[37m-->&amp#27;[39m &amp#27;[37mGET&amp#27;[39m &amp#27;[37m/wd/hub/session/c5df69cb-165e-45cf-92f3-c73004708b55&amp#27;[39m
&amp#27;[35m[HTTP]&amp#27;[39m &amp#27;[90m{}&amp#27;[39m
[debug] &amp#27;[35m[W3C (c5df69cb)]&amp#27;[39m Calling AppiumDriver.getSession() with args: ["c5df69cb-165e-45cf-92f3-c73004708b55"]
[debug] &amp#27;[35m[UiAutomator2]&amp#27;[39m Getting session details from server to mix in
[debug] &amp#27;[35m[WD Proxy]&amp#27;[39m Matched '/' to command name 'getSession'
[debug] &amp#27;[35m[WD Proxy]&amp#27;[39m Proxying [GET /] to [GET http://127.0.0.1:8225/wd/hub/session/a5d41a60-8113-4474-9a8b-22d12a99d2ce] with body: {}
[debug] &amp#27;[35m[WD Proxy]&amp#27;[39m Got response with status 200: {"sessionId":"a5d41a60-8113-4474-9a8b-22d12a99d2ce","value":{}}
[debug] &amp#27;[35m[W3C (c5df69cb)]&amp#27;[39m Responding to client with driver.getSession() result: {"platform":"LINUX","webStorageEnabled":false,"takesScreenshot":true,"javascriptEnabled":true,"databaseEnabled":false,"networkConnectionEnabled":true,"locationContextEnabled":false,"warnings":{},"desired":{"platformName":"android","app":"C:\\Users\\OnilVakharia\\eclipse-workspace\\AppiumFramework\\src\\Api Demos.apk","automationName":"uiautomator2","deviceName":"emulator"},"platformName":"android","app":"C:\\Users\\OnilVakharia\\eclipse-workspace\\AppiumFramework\\src\\Api Demos.apk","automationName":"uiautomator2","deviceName":"emulator-5554","deviceUDID":"emulator-5554","appPackage":"io.appium.android.apis","deviceApiLevel":28,"platformVersion":"9","deviceScreenSize":"1080x1920","deviceScreenDensity":420,"deviceModel":"Android SDK built for x86_64","deviceManufacturer":"Google","pixelRatio":2.625,"statBarHeight":63,"viewportRect":{"left":0,"top":63,"width":1080,"height":1731}}
&amp#27;[35m[HTTP]&amp#27;[39m &amp#27;[37m<-- GET /wd/hub/session/c5df69cb-165e-45cf-92f3-c73004708b55 &amp#27;[39m&amp#27;[32m200&amp#27;[39m &amp#27;[90m8 ms - 901&amp#27;[39m
&amp#27;[35m[HTTP]&amp#27;[39m &amp#27;[90m&amp#27;[39m
&amp#27;[35m[HTTP]&amp#27;[39m &amp#27;[37m-->&amp#27;[39m &amp#27;[37mGET&amp#27;[39m &amp#27;[37m/wd/hub/session/c5df69cb-165e-45cf-92f3-c73004708b55&amp#27;[39m
&amp#27;[35m[HTTP]&amp#27;[39m &amp#27;[90m{}&amp#27;[39m
[debug] &amp#27;[35m[W3C (c5df69cb)]&amp#27;[39m Calling AppiumDriver.getSession() with args: ["c5df69cb-165e-45cf-92f3-c73004708b55"]
[debug] &amp#27;[35m[UiAutomator2]&amp#27;[39m Getting session details from server to mix in
[debug] &amp#27;[35m[WD Proxy]&amp#27;[39m Matched '/' to command name 'getSession'
[debug] &amp#27;[35m[WD Proxy]&amp#27;[39m Proxying [GET /] to [GET http://127.0.0.1:8225/wd/hub/session/a5d41a60-8113-4474-9a8b-22d12a99d2ce] with body: {}
[debug] &amp#27;[35m[WD Proxy]&amp#27;[39m Got response with status 200: {"sessionId":"a5d41a60-8113-4474-9a8b-22d12a99d2ce","value":{}}
[debug] &amp#27;[35m[W3C (c5df69cb)]&amp#27;[39m Responding to client with driver.getSession() result: {"platform":"LINUX","webStorageEnabled":false,"takesScreenshot":true,"javascriptEnabled":true,"databaseEnabled":false,"networkConnectionEnabled":true,"locationContextEnabled":false,"warnings":{},"desired":{"platformName":"android","app":"C:\\Users\\OnilVakharia\\eclipse-workspace\\AppiumFramework\\src\\Api Demos.apk","automationName":"uiautomator2","deviceName":"emulator"},"platformName":"android","app":"C:\\Users\\OnilVakharia\\eclipse-workspace\\AppiumFramework\\src\\Api Demos.apk","automationName":"uiautomator2","deviceName":"emulator-5554","deviceUDID":"emulator-5554","appPackage":"io.appium.android.apis","deviceApiLevel":28,"platformVersion":"9","deviceScreenSize":"1080x1920","deviceScreenDensity":420,"deviceModel":"Android SDK built for x86_64","deviceManufacturer":"Google","pixelRatio":2.625,"statBarHeight":63,"viewportRect":{"left":0,"top":63,"width":1080,"height":1731}}
&amp#27;[35m[HTTP]&amp#27;[39m &amp#27;[37m<-- GET /wd/hub/session/c5df69cb-165e-45cf-92f3-c73004708b55 &amp#27;[39m&amp#27;[32m200&amp#27;[39m &amp#27;[90m8 ms - 901&amp#27;[39m
&amp#27;[35m[HTTP]&amp#27;[39m &amp#27;[90m&amp#27;[39m
&amp#27;[35m[HTTP]&amp#27;[39m &amp#27;[37m-->&amp#27;[39m &amp#27;[37mPOST&amp#27;[39m &amp#27;[37m/wd/hub/session/c5df69cb-165e-45cf-92f3-c73004708b55/element&amp#27;[39m
&amp#27;[35m[HTTP]&amp#27;[39m &amp#27;[90m{"using":"xpath","value":"//android.widget.TextView[@text='3. Preference dependencies']"}&amp#27;[39m
[debug] &amp#27;[35m[W3C (c5df69cb)]&amp#27;[39m Calling AppiumDriver.findElement() with args: ["xpath","//android.widget.TextView[@text='3. Preference dependencies']","c5df69cb-165e-45cf-92f3-c73004708b55"]
[debug] &amp#27;[35m[BaseDriver]&amp#27;[39m Valid locator strategies for this request: xpath, id, class name, accessibility id, -android uiautomator
[debug] &amp#27;[35m[BaseDriver]&amp#27;[39m Waiting up to 10000 ms for condition
[debug] &amp#27;[35m[WD Proxy]&amp#27;[39m Matched '/element' to command name 'findElement'
[debug] &amp#27;[35m[WD Proxy]&amp#27;[39m Proxying [POST /element] to [POST http://127.0.0.1:8225/wd/hub/session/a5d41a60-8113-4474-9a8b-22d12a99d2ce/element] with body: {"strategy":"xpath","selector":"//android.widget.TextView[@text='3. Preference dependencies']","context":"","multiple":false}
[debug] &amp#27;[35m[WD Proxy]&amp#27;[39m Got response with status 200: {"sessionId":"a5d41a60-8113-4474-9a8b-22d12a99d2ce","value":{"ELEMENT":"27b5c88f-c226-4fab-9a59-89aa690fd19b","element-6066-11e4-a52e-4f735466cecf":"27b5c88f-c226-4fab-9a59-89aa690fd19b"}}
[debug] &amp#27;[35m[W3C (c5df69cb)]&amp#27;[39m Responding to client with driver.findElement() result: {"element-6066-11e4-a52e-4f735466cecf":"27b5c88f-c226-4fab-9a59-89aa690fd19b","ELEMENT":"27b5c88f-c226-4fab-9a59-89aa690fd19b"}
&amp#27;[35m[HTTP]&amp#27;[39m &amp#27;[37m<-- POST /wd/hub/session/c5df69cb-165e-45cf-92f3-c73004708b55/element &amp#27;[39m&amp#27;[32m200&amp#27;[39m &amp#27;[90m97 ms - 137&amp#27;[39m
&amp#27;[35m[HTTP]&amp#27;[39m &amp#27;[90m&amp#27;[39m
&amp#27;[35m[HTTP]&amp#27;[39m &amp#27;[37m-->&amp#27;[39m &amp#27;[37mPOST&amp#27;[39m &amp#27;[37m/wd/hub/session/c5df69cb-165e-45cf-92f3-c73004708b55/element/27b5c88f-c226-4fab-9a59-89aa690fd19b/click&amp#27;[39m
&amp#27;[35m[HTTP]&amp#27;[39m &amp#27;[90m{"id":"27b5c88f-c226-4fab-9a59-89aa690fd19b"}&amp#27;[39m
[debug] &amp#27;[35m[W3C (c5df69cb)]&amp#27;[39m Calling AppiumDriver.click() with args: ["27b5c88f-c226-4fab-9a59-89aa690fd19b","c5df69cb-165e-45cf-92f3-c73004708b55"]
[debug] &amp#27;[35m[WD Proxy]&amp#27;[39m Matched '/element/27b5c88f-c226-4fab-9a59-89aa690fd19b/click' to command name 'click'
[debug] &amp#27;[35m[WD Proxy]&amp#27;[39m Proxying [POST /element/27b5c88f-c226-4fab-9a59-89aa690fd19b/click] to [POST http://127.0.0.1:8225/wd/hub/session/a5d41a60-8113-4474-9a8b-22d12a99d2ce/element/27b5c88f-c226-4fab-9a59-89aa690fd19b/click] with body: {"element":"27b5c88f-c226-4fab-9a59-89aa690fd19b"}
[debug] &amp#27;[35m[WD Proxy]&amp#27;[39m Got response with status 200: {"sessionId":"a5d41a60-8113-4474-9a8b-22d12a99d2ce","value":null}
[debug] &amp#27;[35m[W3C (c5df69cb)]&amp#27;[39m Responding to client with driver.click() result: null
&amp#27;[35m[HTTP]&amp#27;[39m &amp#27;[37m<-- POST /wd/hub/session/c5df69cb-165e-45cf-92f3-c73004708b55/element/27b5c88f-c226-4fab-9a59-89aa690fd19b/click &amp#27;[39m&amp#27;[32m200&amp#27;[39m &amp#27;[90m21 ms - 14&amp#27;[39m
&amp#27;[35m[HTTP]&amp#27;[39m &amp#27;[90m&amp#27;[39m
&amp#27;[35m[HTTP]&amp#27;[39m &amp#27;[37m-->&amp#27;[39m &amp#27;[37mGET&amp#27;[39m &amp#27;[37m/wd/hub/session/c5df69cb-165e-45cf-92f3-c73004708b55&amp#27;[39m
&amp#27;[35m[HTTP]&amp#27;[39m &amp#27;[90m{}&amp#27;[39m
[debug] &amp#27;[35m[W3C (c5df69cb)]&amp#27;[39m Calling AppiumDriver.getSession() with args: ["c5df69cb-165e-45cf-92f3-c73004708b55"]
[debug] &amp#27;[35m[UiAutomator2]&amp#27;[39m Getting session details from server to mix in
[debug] &amp#27;[35m[WD Proxy]&amp#27;[39m Matched '/' to command name 'getSession'
[debug] &amp#27;[35m[WD Proxy]&amp#27;[39m Proxying [GET /] to [GET http://127.0.0.1:8225/wd/hub/session/a5d41a60-8113-4474-9a8b-22d12a99d2ce] with body: {}
[debug] &amp#27;[35m[WD Proxy]&amp#27;[39m Got response with status 200: {"sessionId":"a5d41a60-8113-4474-9a8b-22d12a99d2ce","value":{}}
[debug] &amp#27;[35m[W3C (c5df69cb)]&amp#27;[39m Responding to client with driver.getSession() result: {"platform":"LINUX","webStorageEnabled":false,"takesScreenshot":true,"javascriptEnabled":true,"databaseEnabled":false,"networkConnectionEnabled":true,"locationContextEnabled":false,"warnings":{},"desired":{"platformName":"android","app":"C:\\Users\\OnilVakharia\\eclipse-workspace\\AppiumFramework\\src\\Api Demos.apk","automationName":"uiautomator2","deviceName":"emulator"},"platformName":"android","app":"C:\\Users\\OnilVakharia\\eclipse-workspace\\AppiumFramework\\src\\Api Demos.apk","automationName":"uiautomator2","deviceName":"emulator-5554","deviceUDID":"emulator-5554","appPackage":"io.appium.android.apis","deviceApiLevel":28,"platformVersion":"9","deviceScreenSize":"1080x1920","deviceScreenDensity":420,"deviceModel":"Android SDK built for x86_64","deviceManufacturer":"Google","pixelRatio":2.625,"statBarHeight":63,"viewportRect":{"left":0,"top":63,"width":1080,"height":1731}}
&amp#27;[35m[HTTP]&amp#27;[39m &amp#27;[37m<-- GET /wd/hub/session/c5df69cb-165e-45cf-92f3-c73004708b55 &amp#27;[39m&amp#27;[32m200&amp#27;[39m &amp#27;[90m8 ms - 901&amp#27;[39m
&amp#27;[35m[HTTP]&amp#27;[39m &amp#27;[90m&amp#27;[39m
&amp#27;[35m[HTTP]&amp#27;[39m &amp#27;[37m-->&amp#27;[39m &amp#27;[37mGET&amp#27;[39m &amp#27;[37m/wd/hub/session/c5df69cb-165e-45cf-92f3-c73004708b55&amp#27;[39m
&amp#27;[35m[HTTP]&amp#27;[39m &amp#27;[90m{}&amp#27;[39m
[debug] &amp#27;[35m[W3C (c5df69cb)]&amp#27;[39m Calling AppiumDriver.getSession() with args: ["c5df69cb-165e-45cf-92f3-c73004708b55"]
[debug] &amp#27;[35m[UiAutomator2]&amp#27;[39m Getting session details from server to mix in
[debug] &amp#27;[35m[WD Proxy]&amp#27;[39m Matched '/' to command name 'getSession'
[debug] &amp#27;[35m[WD Proxy]&amp#27;[39m Proxying [GET /] to [GET http://127.0.0.1:8225/wd/hub/session/a5d41a60-8113-4474-9a8b-22d12a99d2ce] with body: {}
[debug] &amp#27;[35m[WD Proxy]&amp#27;[39m Got response with status 200: {"sessionId":"a5d41a60-8113-4474-9a8b-22d12a99d2ce","value":{}}
[debug] &amp#27;[35m[W3C (c5df69cb)]&amp#27;[39m Responding to client with driver.getSession() result: {"platform":"LINUX","webStorageEnabled":false,"takesScreenshot":true,"javascriptEnabled":true,"databaseEnabled":false,"networkConnectionEnabled":true,"locationContextEnabled":false,"warnings":{},"desired":{"platformName":"android","app":"C:\\Users\\OnilVakharia\\eclipse-workspace\\AppiumFramework\\src\\Api Demos.apk","automationName":"uiautomator2","deviceName":"emulator"},"platformName":"android","app":"C:\\Users\\OnilVakharia\\eclipse-workspace\\AppiumFramework\\src\\Api Demos.apk","automationName":"uiautomator2","deviceName":"emulator-5554","deviceUDID":"emulator-5554","appPackage":"io.appium.android.apis","deviceApiLevel":28,"platformVersion":"9","deviceScreenSize":"1080x1920","deviceScreenDensity":420,"deviceModel":"Android SDK built for x86_64","deviceManufacturer":"Google","pixelRatio":2.625,"statBarHeight":63,"viewportRect":{"left":0,"top":63,"width":1080,"height":1731}}
&amp#27;[35m[HTTP]&amp#27;[39m &amp#27;[37m<-- GET /wd/hub/session/c5df69cb-165e-45cf-92f3-c73004708b55 &amp#27;[39m&amp#27;[32m200&amp#27;[39m &amp#27;[90m9 ms - 901&amp#27;[39m
&amp#27;[35m[HTTP]&amp#27;[39m &amp#27;[90m&amp#27;[39m
&amp#27;[35m[HTTP]&amp#27;[39m &amp#27;[37m-->&amp#27;[39m &amp#27;[37mGET&amp#27;[39m &amp#27;[37m/wd/hub/session/c5df69cb-165e-45cf-92f3-c73004708b55&amp#27;[39m
&amp#27;[35m[HTTP]&amp#27;[39m &amp#27;[90m{}&amp#27;[39m
[debug] &amp#27;[35m[W3C (c5df69cb)]&amp#27;[39m Calling AppiumDriver.getSession() with args: ["c5df69cb-165e-45cf-92f3-c73004708b55"]
[debug] &amp#27;[35m[UiAutomator2]&amp#27;[39m Getting session details from server to mix in
[debug] &amp#27;[35m[WD Proxy]&amp#27;[39m Matched '/' to command name 'getSession'
[debug] &amp#27;[35m[WD Proxy]&amp#27;[39m Proxying [GET /] to [GET http://127.0.0.1:8225/wd/hub/session/a5d41a60-8113-4474-9a8b-22d12a99d2ce] with body: {}
[debug] &amp#27;[35m[WD Proxy]&amp#27;[39m Got response with status 200: {"sessionId":"a5d41a60-8113-4474-9a8b-22d12a99d2ce","value":{}}
[debug] &amp#27;[35m[W3C (c5df69cb)]&amp#27;[39m Responding to client with driver.getSession() result: {"platform":"LINUX","webStorageEnabled":false,"takesScreenshot":true,"javascriptEnabled":true,"databaseEnabled":false,"networkConnectionEnabled":true,"locationContextEnabled":false,"warnings":{},"desired":{"platformName":"android","app":"C:\\Users\\OnilVakharia\\eclipse-workspace\\AppiumFramework\\src\\Api Demos.apk","automationName":"uiautomator2","deviceName":"emulator"},"platformName":"android","app":"C:\\Users\\OnilVakharia\\eclipse-workspace\\AppiumFramework\\src\\Api Demos.apk","automationName":"uiautomator2","deviceName":"emulator-5554","deviceUDID":"emulator-5554","appPackage":"io.appium.android.apis","deviceApiLevel":28,"platformVersion":"9","deviceScreenSize":"1080x1920","deviceScreenDensity":420,"deviceModel":"Android SDK built for x86_64","deviceManufacturer":"Google","pixelRatio":2.625,"statBarHeight":63,"viewportRect":{"left":0,"top":63,"width":1080,"height":1731}}
&amp#27;[35m[HTTP]&amp#27;[39m &amp#27;[37m<-- GET /wd/hub/session/c5df69cb-165e-45cf-92f3-c73004708b55 &amp#27;[39m&amp#27;[32m200&amp#27;[39m &amp#27;[90m13 ms - 901&amp#27;[39m
&amp#27;[35m[HTTP]&amp#27;[39m &amp#27;[90m&amp#27;[39m
&amp#27;[35m[HTTP]&amp#27;[39m &amp#27;[37m-->&amp#27;[39m &amp#27;[37mPOST&amp#27;[39m &amp#27;[37m/wd/hub/session/c5df69cb-165e-45cf-92f3-c73004708b55/element&amp#27;[39m
&amp#27;[35m[HTTP]&amp#27;[39m &amp#27;[90m{"using":"id","value":"android:id/checkbox"}&amp#27;[39m
[debug] &amp#27;[35m[W3C (c5df69cb)]&amp#27;[39m Calling AppiumDriver.findElement() with args: ["id","android:id/checkbox","c5df69cb-165e-45cf-92f3-c73004708b55"]
[debug] &amp#27;[35m[BaseDriver]&amp#27;[39m Valid locator strategies for this request: xpath, id, class name, accessibility id, -android uiautomator
[debug] &amp#27;[35m[BaseDriver]&amp#27;[39m Waiting up to 10000 ms for condition
[debug] &amp#27;[35m[WD Proxy]&amp#27;[39m Matched '/element' to command name 'findElement'
[debug] &amp#27;[35m[WD Proxy]&amp#27;[39m Proxying [POST /element] to [POST http://127.0.0.1:8225/wd/hub/session/a5d41a60-8113-4474-9a8b-22d12a99d2ce/element] with body: {"strategy":"id","selector":"android:id/checkbox","context":"","multiple":false}
[debug] &amp#27;[35m[WD Proxy]&amp#27;[39m Got response with status 200: {"sessionId":"a5d41a60-8113-4474-9a8b-22d12a99d2ce","value":{"ELEMENT":"c08e91a5-8aad-431e-a665-4bcc56ace80c","element-6066-11e4-a52e-4f735466cecf":"c08e91a5-8aad-431e-a665-4bcc56ace80c"}}
[debug] &amp#27;[35m[W3C (c5df69cb)]&amp#27;[39m Responding to client with driver.findElement() result: {"element-6066-11e4-a52e-4f735466cecf":"c08e91a5-8aad-431e-a665-4bcc56ace80c","ELEMENT":"c08e91a5-8aad-431e-a665-4bcc56ace80c"}
&amp#27;[35m[HTTP]&amp#27;[39m &amp#27;[37m<-- POST /wd/hub/session/c5df69cb-165e-45cf-92f3-c73004708b55/element &amp#27;[39m&amp#27;[32m200&amp#27;[39m &amp#27;[90m997 ms - 137&amp#27;[39m
&amp#27;[35m[HTTP]&amp#27;[39m &amp#27;[90m&amp#27;[39m
&amp#27;[35m[HTTP]&amp#27;[39m &amp#27;[37m-->&amp#27;[39m &amp#27;[37mPOST&amp#27;[39m &amp#27;[37m/wd/hub/session/c5df69cb-165e-45cf-92f3-c73004708b55/element/c08e91a5-8aad-431e-a665-4bcc56ace80c/clear&amp#27;[39m
&amp#27;[35m[HTTP]&amp#27;[39m &amp#27;[90m{"id":"c08e91a5-8aad-431e-a665-4bcc56ace80c"}&amp#27;[39m
[debug] &amp#27;[35m[W3C (c5df69cb)]&amp#27;[39m Calling AppiumDriver.clear() with args: ["c08e91a5-8aad-431e-a665-4bcc56ace80c","c5df69cb-165e-45cf-92f3-c73004708b55"]
[debug] &amp#27;[35m[WD Proxy]&amp#27;[39m Matched '/element/c08e91a5-8aad-431e-a665-4bcc56ace80c/clear' to command name 'clear'
[debug] &amp#27;[35m[WD Proxy]&amp#27;[39m Proxying [POST /element/c08e91a5-8aad-431e-a665-4bcc56ace80c/clear] to [POST http://127.0.0.1:8225/wd/hub/session/a5d41a60-8113-4474-9a8b-22d12a99d2ce/element/c08e91a5-8aad-431e-a665-4bcc56ace80c/clear] with body: {"elementId":"c08e91a5-8aad-431e-a665-4bcc56ace80c"}
[debug] &amp#27;[35m[WD Proxy]&amp#27;[39m Got response with status 200: {"sessionId":"a5d41a60-8113-4474-9a8b-22d12a99d2ce","value":null}
[debug] &amp#27;[35m[W3C (c5df69cb)]&amp#27;[39m Responding to client with driver.clear() result: null
&amp#27;[35m[HTTP]&amp#27;[39m &amp#27;[37m<-- POST /wd/hub/session/c5df69cb-165e-45cf-92f3-c73004708b55/element/c08e91a5-8aad-431e-a665-4bcc56ace80c/clear &amp#27;[39m&amp#27;[32m200&amp#27;[39m &amp#27;[90m17 ms - 14&amp#27;[39m
&amp#27;[35m[HTTP]&amp#27;[39m &amp#27;[90m&amp#27;[39m
&amp#27;[35m[HTTP]&amp#27;[39m &amp#27;[37m-->&amp#27;[39m &amp#27;[37mGET&amp#27;[39m &amp#27;[37m/wd/hub/session/c5df69cb-165e-45cf-92f3-c73004708b55&amp#27;[39m
&amp#27;[35m[HTTP]&amp#27;[39m &amp#27;[90m{}&amp#27;[39m
[debug] &amp#27;[35m[W3C (c5df69cb)]&amp#27;[39m Calling AppiumDriver.getSession() with args: ["c5df69cb-165e-45cf-92f3-c73004708b55"]
[debug] &amp#27;[35m[UiAutomator2]&amp#27;[39m Getting session details from server to mix in
[debug] &amp#27;[35m[WD Proxy]&amp#27;[39m Matched '/' to command name 'getSession'
[debug] &amp#27;[35m[WD Proxy]&amp#27;[39m Proxying [GET /] to [GET http://127.0.0.1:8225/wd/hub/session/a5d41a60-8113-4474-9a8b-22d12a99d2ce] with body: {}
[debug] &amp#27;[35m[WD Proxy]&amp#27;[39m Got response with status 200: {"sessionId":"a5d41a60-8113-4474-9a8b-22d12a99d2ce","value":{}}
[debug] &amp#27;[35m[W3C (c5df69cb)]&amp#27;[39m Responding to client with driver.getSession() result: {"platform":"LINUX","webStorageEnabled":false,"takesScreenshot":true,"javascriptEnabled":true,"databaseEnabled":false,"networkConnectionEnabled":true,"locationContextEnabled":false,"warnings":{},"desired":{"platformName":"android","app":"C:\\Users\\OnilVakharia\\eclipse-workspace\\AppiumFramework\\src\\Api Demos.apk","automationName":"uiautomator2","deviceName":"emulator"},"platformName":"android","app":"C:\\Users\\OnilVakharia\\eclipse-workspace\\AppiumFramework\\src\\Api Demos.apk","automationName":"uiautomator2","deviceName":"emulator-5554","deviceUDID":"emulator-5554","appPackage":"io.appium.android.apis","deviceApiLevel":28,"platformVersion":"9","deviceScreenSize":"1080x1920","deviceScreenDensity":420,"deviceModel":"Android SDK built for x86_64","deviceManufacturer":"Google","pixelRatio":2.625,"statBarHeight":63,"viewportRect":{"left":0,"top":63,"width":1080,"height":1731}}
&amp#27;[35m[HTTP]&amp#27;[39m &amp#27;[37m<-- GET /wd/hub/session/c5df69cb-165e-45cf-92f3-c73004708b55 &amp#27;[39m&amp#27;[32m200&amp#27;[39m &amp#27;[90m8 ms - 901&amp#27;[39m
&amp#27;[35m[HTTP]&amp#27;[39m &amp#27;[90m&amp#27;[39m
&amp#27;[35m[HTTP]&amp#27;[39m &amp#27;[37m-->&amp#27;[39m &amp#27;[37mPOST&amp#27;[39m &amp#27;[37m/wd/hub/session/c5df69cb-165e-45cf-92f3-c73004708b55/element&amp#27;[39m
&amp#27;[35m[HTTP]&amp#27;[39m &amp#27;[90m{"using":"class name","value":"android.widget.CheckBox"}&amp#27;[39m
[debug] &amp#27;[35m[W3C (c5df69cb)]&amp#27;[39m Calling AppiumDriver.findElement() with args: ["class name","android.widget.CheckBox","c5df69cb-165e-45cf-92f3-c73004708b55"]
[debug] &amp#27;[35m[BaseDriver]&amp#27;[39m Valid locator strategies for this request: xpath, id, class name, accessibility id, -android uiautomator
[debug] &amp#27;[35m[BaseDriver]&amp#27;[39m Waiting up to 10000 ms for condition
[debug] &amp#27;[35m[WD Proxy]&amp#27;[39m Matched '/element' to command name 'findElement'
[debug] &amp#27;[35m[WD Proxy]&amp#27;[39m Proxying [POST /element] to [POST http://127.0.0.1:8225/wd/hub/session/a5d41a60-8113-4474-9a8b-22d12a99d2ce/element] with body: {"strategy":"class name","selector":"android.widget.CheckBox","context":"","multiple":false}
[debug] &amp#27;[35m[WD Proxy]&amp#27;[39m Got response with status 200: {"sessionId":"a5d41a60-8113-4474-9a8b-22d12a99d2ce","value":{"ELEMENT":"0c060691-1fad-49ac-9909-4eef18bb3b8b","element-6066-11e4-a52e-4f735466cecf":"0c060691-1fad-49ac-9909-4eef18bb3b8b"}}
[debug] &amp#27;[35m[W3C (c5df69cb)]&amp#27;[39m Responding to client with driver.findElement() result: {"element-6066-11e4-a52e-4f735466cecf":"0c060691-1fad-49ac-9909-4eef18bb3b8b","ELEMENT":"0c060691-1fad-49ac-9909-4eef18bb3b8b"}
&amp#27;[35m[HTTP]&amp#27;[39m &amp#27;[37m<-- POST /wd/hub/session/c5df69cb-165e-45cf-92f3-c73004708b55/element &amp#27;[39m&amp#27;[32m200&amp#27;[39m &amp#27;[90m22 ms - 137&amp#27;[39m
&amp#27;[35m[HTTP]&amp#27;[39m &amp#27;[90m&amp#27;[39m
&amp#27;[35m[HTTP]&amp#27;[39m &amp#27;[37m-->&amp#27;[39m &amp#27;[37mPOST&amp#27;[39m &amp#27;[37m/wd/hub/session/c5df69cb-165e-45cf-92f3-c73004708b55/element/0c060691-1fad-49ac-9909-4eef18bb3b8b/click&amp#27;[39m
&amp#27;[35m[HTTP]&amp#27;[39m &amp#27;[90m{"id":"0c060691-1fad-49ac-9909-4eef18bb3b8b"}&amp#27;[39m
[debug] &amp#27;[35m[W3C (c5df69cb)]&amp#27;[39m Calling AppiumDriver.click() with args: ["0c060691-1fad-49ac-9909-4eef18bb3b8b","c5df69cb-165e-45cf-92f3-c73004708b55"]
[debug] &amp#27;[35m[WD Proxy]&amp#27;[39m Matched '/element/0c060691-1fad-49ac-9909-4eef18bb3b8b/click' to command name 'click'
[debug] &amp#27;[35m[WD Proxy]&amp#27;[39m Proxying [POST /element/0c060691-1fad-49ac-9909-4eef18bb3b8b/click] to [POST http://127.0.0.1:8225/wd/hub/session/a5d41a60-8113-4474-9a8b-22d12a99d2ce/element/0c060691-1fad-49ac-9909-4eef18bb3b8b/click] with body: {"element":"0c060691-1fad-49ac-9909-4eef18bb3b8b"}
[debug] &amp#27;[35m[WD Proxy]&amp#27;[39m Got response with status 200: {"sessionId":"a5d41a60-8113-4474-9a8b-22d12a99d2ce","value":null}
[debug] &amp#27;[35m[W3C (c5df69cb)]&amp#27;[39m Responding to client with driver.click() result: null
&amp#27;[35m[HTTP]&amp#27;[39m &amp#27;[37m<-- POST /wd/hub/session/c5df69cb-165e-45cf-92f3-c73004708b55/element/0c060691-1fad-49ac-9909-4eef18bb3b8b/click &amp#27;[39m&amp#27;[32m200&amp#27;[39m &amp#27;[90m691 ms - 14&amp#27;[39m
&amp#27;[35m[HTTP]&amp#27;[39m &amp#27;[90m&amp#27;[39m
&amp#27;[35m[HTTP]&amp#27;[39m &amp#27;[37m-->&amp#27;[39m &amp#27;[37mGET&amp#27;[39m &amp#27;[37m/wd/hub/session/c5df69cb-165e-45cf-92f3-c73004708b55&amp#27;[39m
&amp#27;[35m[HTTP]&amp#27;[39m &amp#27;[90m{}&amp#27;[39m
[debug] &amp#27;[35m[W3C (c5df69cb)]&amp#27;[39m Calling AppiumDriver.getSession() with args: ["c5df69cb-165e-45cf-92f3-c73004708b55"]
[debug] &amp#27;[35m[UiAutomator2]&amp#27;[39m Getting session details from server to mix in
[debug] &amp#27;[35m[WD Proxy]&amp#27;[39m Matched '/' to command name 'getSession'
[debug] &amp#27;[35m[WD Proxy]&amp#27;[39m Proxying [GET /] to [GET http://127.0.0.1:8225/wd/hub/session/a5d41a60-8113-4474-9a8b-22d12a99d2ce] with body: {}
[debug] &amp#27;[35m[WD Proxy]&amp#27;[39m Got response with status 200: {"sessionId":"a5d41a60-8113-4474-9a8b-22d12a99d2ce","value":{}}
[debug] &amp#27;[35m[W3C (c5df69cb)]&amp#27;[39m Responding to client with driver.getSession() result: {"platform":"LINUX","webStorageEnabled":false,"takesScreenshot":true,"javascriptEnabled":true,"databaseEnabled":false,"networkConnectionEnabled":true,"locationContextEnabled":false,"warnings":{},"desired":{"platformName":"android","app":"C:\\Users\\OnilVakharia\\eclipse-workspace\\AppiumFramework\\src\\Api Demos.apk","automationName":"uiautomator2","deviceName":"emulator"},"platformName":"android","app":"C:\\Users\\OnilVakharia\\eclipse-workspace\\AppiumFramework\\src\\Api Demos.apk","automationName":"uiautomator2","deviceName":"emulator-5554","deviceUDID":"emulator-5554","appPackage":"io.appium.android.apis","deviceApiLevel":28,"platformVersion":"9","deviceScreenSize":"1080x1920","deviceScreenDensity":420,"deviceModel":"Android SDK built for x86_64","deviceManufacturer":"Google","pixelRatio":2.625,"statBarHeight":63,"viewportRect":{"left":0,"top":63,"width":1080,"height":1731}}
&amp#27;[35m[HTTP]&amp#27;[39m &amp#27;[37m<-- GET /wd/hub/session/c5df69cb-165e-45cf-92f3-c73004708b55 &amp#27;[39m&amp#27;[32m200&amp#27;[39m &amp#27;[90m8 ms - 901&amp#27;[39m
&amp#27;[35m[HTTP]&amp#27;[39m &amp#27;[90m&amp#27;[39m
&amp#27;[35m[HTTP]&amp#27;[39m &amp#27;[37m-->&amp#27;[39m &amp#27;[37mPOST&amp#27;[39m &amp#27;[37m/wd/hub/session/c5df69cb-165e-45cf-92f3-c73004708b55/element&amp#27;[39m
&amp#27;[35m[HTTP]&amp#27;[39m &amp#27;[90m{"using":"xpath","value":"//android.widget.TextView[@text='WiFi settings']"}&amp#27;[39m
[debug] &amp#27;[35m[W3C (c5df69cb)]&amp#27;[39m Calling AppiumDriver.findElement() with args: ["xpath","//android.widget.TextView[@text='WiFi settings']","c5df69cb-165e-45cf-92f3-c73004708b55"]
[debug] &amp#27;[35m[BaseDriver]&amp#27;[39m Valid locator strategies for this request: xpath, id, class name, accessibility id, -android uiautomator
[debug] &amp#27;[35m[BaseDriver]&amp#27;[39m Waiting up to 10000 ms for condition
[debug] &amp#27;[35m[WD Proxy]&amp#27;[39m Matched '/element' to command name 'findElement'
[debug] &amp#27;[35m[WD Proxy]&amp#27;[39m Proxying [POST /element] to [POST http://127.0.0.1:8225/wd/hub/session/a5d41a60-8113-4474-9a8b-22d12a99d2ce/element] with body: {"strategy":"xpath","selector":"//android.widget.TextView[@text='WiFi settings']","context":"","multiple":false}
[debug] &amp#27;[35m[WD Proxy]&amp#27;[39m Got response with status 200: {"sessionId":"a5d41a60-8113-4474-9a8b-22d12a99d2ce","value":{"ELEMENT":"46bcc75a-66b1-434d-b718-5515cf2ac602","element-6066-11e4-a52e-4f735466cecf":"46bcc75a-66b1-434d-b718-5515cf2ac602"}}
[debug] &amp#27;[35m[W3C (c5df69cb)]&amp#27;[39m Responding to client with driver.findElement() result: {"element-6066-11e4-a52e-4f735466cecf":"46bcc75a-66b1-434d-b718-5515cf2ac602","ELEMENT":"46bcc75a-66b1-434d-b718-5515cf2ac602"}
&amp#27;[35m[HTTP]&amp#27;[39m &amp#27;[37m<-- POST /wd/hub/session/c5df69cb-165e-45cf-92f3-c73004708b55/element &amp#27;[39m&amp#27;[32m200&amp#27;[39m &amp#27;[90m77 ms - 137&amp#27;[39m
&amp#27;[35m[HTTP]&amp#27;[39m &amp#27;[90m&amp#27;[39m
&amp#27;[35m[HTTP]&amp#27;[39m &amp#27;[37m-->&amp#27;[39m &amp#27;[37mPOST&amp#27;[39m &amp#27;[37m/wd/hub/session/c5df69cb-165e-45cf-92f3-c73004708b55/element/46bcc75a-66b1-434d-b718-5515cf2ac602/click&amp#27;[39m
&amp#27;[35m[HTTP]&amp#27;[39m &amp#27;[90m{"id":"46bcc75a-66b1-434d-b718-5515cf2ac602"}&amp#27;[39m
[debug] &amp#27;[35m[W3C (c5df69cb)]&amp#27;[39m Calling AppiumDriver.click() with args: ["46bcc75a-66b1-434d-b718-5515cf2ac602","c5df69cb-165e-45cf-92f3-c73004708b55"]
[debug] &amp#27;[35m[WD Proxy]&amp#27;[39m Matched '/element/46bcc75a-66b1-434d-b718-5515cf2ac602/click' to command name 'click'
[debug] &amp#27;[35m[WD Proxy]&amp#27;[39m Proxying [POST /element/46bcc75a-66b1-434d-b718-5515cf2ac602/click] to [POST http://127.0.0.1:8225/wd/hub/session/a5d41a60-8113-4474-9a8b-22d12a99d2ce/element/46bcc75a-66b1-434d-b718-5515cf2ac602/click] with body: {"element":"46bcc75a-66b1-434d-b718-5515cf2ac602"}
[debug] &amp#27;[35m[WD Proxy]&amp#27;[39m Got response with status 200: {"sessionId":"a5d41a60-8113-4474-9a8b-22d12a99d2ce","value":null}
[debug] &amp#27;[35m[W3C (c5df69cb)]&amp#27;[39m Responding to client with driver.click() result: null
&amp#27;[35m[HTTP]&amp#27;[39m &amp#27;[37m<-- POST /wd/hub/session/c5df69cb-165e-45cf-92f3-c73004708b55/element/46bcc75a-66b1-434d-b718-5515cf2ac602/click &amp#27;[39m&amp#27;[32m200&amp#27;[39m &amp#27;[90m1432 ms - 14&amp#27;[39m
&amp#27;[35m[HTTP]&amp#27;[39m &amp#27;[90m&amp#27;[39m
&amp#27;[35m[HTTP]&amp#27;[39m &amp#27;[37m-->&amp#27;[39m &amp#27;[37mGET&amp#27;[39m &amp#27;[37m/wd/hub/session/c5df69cb-165e-45cf-92f3-c73004708b55&amp#27;[39m
&amp#27;[35m[HTTP]&amp#27;[39m &amp#27;[90m{}&amp#27;[39m
[debug] &amp#27;[35m[W3C (c5df69cb)]&amp#27;[39m Calling AppiumDriver.getSession() with args: ["c5df69cb-165e-45cf-92f3-c73004708b55"]
[debug] &amp#27;[35m[UiAutomator2]&amp#27;[39m Getting session details from server to mix in
[debug] &amp#27;[35m[WD Proxy]&amp#27;[39m Matched '/' to command name 'getSession'
[debug] &amp#27;[35m[WD Proxy]&amp#27;[39m Proxying [GET /] to [GET http://127.0.0.1:8225/wd/hub/session/a5d41a60-8113-4474-9a8b-22d12a99d2ce] with body: {}
[debug] &amp#27;[35m[WD Proxy]&amp#27;[39m Got response with status 200: {"sessionId":"a5d41a60-8113-4474-9a8b-22d12a99d2ce","value":{}}
[debug] &amp#27;[35m[W3C (c5df69cb)]&amp#27;[39m Responding to client with driver.getSession() result: {"platform":"LINUX","webStorageEnabled":false,"takesScreenshot":true,"javascriptEnabled":true,"databaseEnabled":false,"networkConnectionEnabled":true,"locationContextEnabled":false,"warnings":{},"desired":{"platformName":"android","app":"C:\\Users\\OnilVakharia\\eclipse-workspace\\AppiumFramework\\src\\Api Demos.apk","automationName":"uiautomator2","deviceName":"emulator"},"platformName":"android","app":"C:\\Users\\OnilVakharia\\eclipse-workspace\\AppiumFramework\\src\\Api Demos.apk","automationName":"uiautomator2","deviceName":"emulator-5554","deviceUDID":"emulator-5554","appPackage":"io.appium.android.apis","deviceApiLevel":28,"platformVersion":"9","deviceScreenSize":"1080x1920","deviceScreenDensity":420,"deviceModel":"Android SDK built for x86_64","deviceManufacturer":"Google","pixelRatio":2.625,"statBarHeight":63,"viewportRect":{"left":0,"top":63,"width":1080,"height":1731}}
&amp#27;[35m[HTTP]&amp#27;[39m &amp#27;[37m<-- GET /wd/hub/session/c5df69cb-165e-45cf-92f3-c73004708b55 &amp#27;[39m&amp#27;[32m200&amp#27;[39m &amp#27;[90m8 ms - 901&amp#27;[39m
&amp#27;[35m[HTTP]&amp#27;[39m &amp#27;[90m&amp#27;[39m
&amp#27;[35m[HTTP]&amp#27;[39m &amp#27;[37m-->&amp#27;[39m &amp#27;[37mPOST&amp#27;[39m &amp#27;[37m/wd/hub/session/c5df69cb-165e-45cf-92f3-c73004708b55/element&amp#27;[39m
&amp#27;[35m[HTTP]&amp#27;[39m &amp#27;[90m{"using":"class name","value":"android.widget.EditText"}&amp#27;[39m
[debug] &amp#27;[35m[W3C (c5df69cb)]&amp#27;[39m Calling AppiumDriver.findElement() with args: ["class name","android.widget.EditText","c5df69cb-165e-45cf-92f3-c73004708b55"]
[debug] &amp#27;[35m[BaseDriver]&amp#27;[39m Valid locator strategies for this request: xpath, id, class name, accessibility id, -android uiautomator
[debug] &amp#27;[35m[BaseDriver]&amp#27;[39m Waiting up to 10000 ms for condition
[debug] &amp#27;[35m[WD Proxy]&amp#27;[39m Matched '/element' to command name 'findElement'
[debug] &amp#27;[35m[WD Proxy]&amp#27;[39m Proxying [POST /element] to [POST http://127.0.0.1:8225/wd/hub/session/a5d41a60-8113-4474-9a8b-22d12a99d2ce/element] with body: {"strategy":"class name","selector":"android.widget.EditText","context":"","multiple":false}
[debug] &amp#27;[35m[WD Proxy]&amp#27;[39m Got response with status 200: {"sessionId":"a5d41a60-8113-4474-9a8b-22d12a99d2ce","value":{"ELEMENT":"000fce6d-e686-48d9-a370-a08af446b8be","element-6066-11e4-a52e-4f735466cecf":"000fce6d-e686-48d9-a370-a08af446b8be"}}
[debug] &amp#27;[35m[W3C (c5df69cb)]&amp#27;[39m Responding to client with driver.findElement() result: {"element-6066-11e4-a52e-4f735466cecf":"000fce6d-e686-48d9-a370-a08af446b8be","ELEMENT":"000fce6d-e686-48d9-a370-a08af446b8be"}
&amp#27;[35m[HTTP]&amp#27;[39m &amp#27;[37m<-- POST /wd/hub/session/c5df69cb-165e-45cf-92f3-c73004708b55/element &amp#27;[39m&amp#27;[32m200&amp#27;[39m &amp#27;[90m18 ms - 137&amp#27;[39m
&amp#27;[35m[HTTP]&amp#27;[39m &amp#27;[90m&amp#27;[39m
&amp#27;[35m[HTTP]&amp#27;[39m &amp#27;[37m-->&amp#27;[39m &amp#27;[37mPOST&amp#27;[39m &amp#27;[37m/wd/hub/session/c5df69cb-165e-45cf-92f3-c73004708b55/element/000fce6d-e686-48d9-a370-a08af446b8be/value&amp#27;[39m
&amp#27;[35m[HTTP]&amp#27;[39m &amp#27;[90m{"id":"000fce6d-e686-48d9-a370-a08af446b8be","text":"Hello","value":["H","e","l","l","o"]}&amp#27;[39m
[debug] &amp#27;[35m[W3C (c5df69cb)]&amp#27;[39m Calling AppiumDriver.setValue() with args: [["H","e","l","l","o"],"000fce6d-e686-48d9-a370-a08af446b8be","c5df69cb-165e-45cf-92f3-c73004708b55"]
[debug] &amp#27;[35m[WD Proxy]&amp#27;[39m Matched '/element/000fce6d-e686-48d9-a370-a08af446b8be/value' to command name 'setValue'
[debug] &amp#27;[35m[Protocol Converter]&amp#27;[39m Added 'value' property ["H","e","l","l","o"] to 'setValue' request body
[debug] &amp#27;[35m[WD Proxy]&amp#27;[39m Proxying [POST /element/000fce6d-e686-48d9-a370-a08af446b8be/value] to [POST http://127.0.0.1:8225/wd/hub/session/a5d41a60-8113-4474-9a8b-22d12a99d2ce/element/000fce6d-e686-48d9-a370-a08af446b8be/value] with body: {"elementId":"000fce6d-e686-48d9-a370-a08af446b8be","text":"Hello","replace":false,"value":["H","e","l","l","o"]}
[debug] &amp#27;[35m[WD Proxy]&amp#27;[39m Got response with status 200: {"sessionId":"a5d41a60-8113-4474-9a8b-22d12a99d2ce","value":null}
[debug] &amp#27;[35m[W3C (c5df69cb)]&amp#27;[39m Responding to client with driver.setValue() result: null
&amp#27;[35m[HTTP]&amp#27;[39m &amp#27;[37m<-- POST /wd/hub/session/c5df69cb-165e-45cf-92f3-c73004708b55/element/000fce6d-e686-48d9-a370-a08af446b8be/value &amp#27;[39m&amp#27;[32m200&amp#27;[39m &amp#27;[90m34 ms - 14&amp#27;[39m
&amp#27;[35m[HTTP]&amp#27;[39m &amp#27;[90m&amp#27;[39m
&amp#27;[35m[HTTP]&amp#27;[39m &amp#27;[37m-->&amp#27;[39m &amp#27;[37mGET&amp#27;[39m &amp#27;[37m/wd/hub/session/c5df69cb-165e-45cf-92f3-c73004708b55&amp#27;[39m
&amp#27;[35m[HTTP]&amp#27;[39m &amp#27;[90m{}&amp#27;[39m
[debug] &amp#27;[35m[W3C (c5df69cb)]&amp#27;[39m Calling AppiumDriver.getSession() with args: ["c5df69cb-165e-45cf-92f3-c73004708b55"]
[debug] &amp#27;[35m[UiAutomator2]&amp#27;[39m Getting session details from server to mix in
[debug] &amp#27;[35m[WD Proxy]&amp#27;[39m Matched '/' to command name 'getSession'
[debug] &amp#27;[35m[WD Proxy]&amp#27;[39m Proxying [GET /] to [GET http://127.0.0.1:8225/wd/hub/session/a5d41a60-8113-4474-9a8b-22d12a99d2ce] with body: {}
[debug] &amp#27;[35m[WD Proxy]&amp#27;[39m Got response with status 200: {"sessionId":"a5d41a60-8113-4474-9a8b-22d12a99d2ce","value":{}}
[debug] &amp#27;[35m[W3C (c5df69cb)]&amp#27;[39m Responding to client with driver.getSession() result: {"platform":"LINUX","webStorageEnabled":false,"takesScreenshot":true,"javascriptEnabled":true,"databaseEnabled":false,"networkConnectionEnabled":true,"locationContextEnabled":false,"warnings":{},"desired":{"platformName":"android","app":"C:\\Users\\OnilVakharia\\eclipse-workspace\\AppiumFramework\\src\\Api Demos.apk","automationName":"uiautomator2","deviceName":"emulator"},"platformName":"android","app":"C:\\Users\\OnilVakharia\\eclipse-workspace\\AppiumFramework\\src\\Api Demos.apk","automationName":"uiautomator2","deviceName":"emulator-5554","deviceUDID":"emulator-5554","appPackage":"io.appium.android.apis","deviceApiLevel":28,"platformVersion":"9","deviceScreenSize":"1080x1920","deviceScreenDensity":420,"deviceModel":"Android SDK built for x86_64","deviceManufacturer":"Google","pixelRatio":2.625,"statBarHeight":63,"viewportRect":{"left":0,"top":63,"width":1080,"height":1731}}
&amp#27;[35m[HTTP]&amp#27;[39m &amp#27;[37m<-- GET /wd/hub/session/c5df69cb-165e-45cf-92f3-c73004708b55 &amp#27;[39m&amp#27;[32m200&amp#27;[39m &amp#27;[90m12 ms - 901&amp#27;[39m
&amp#27;[35m[HTTP]&amp#27;[39m &amp#27;[90m&amp#27;[39m
&amp#27;[35m[HTTP]&amp#27;[39m &amp#27;[37m-->&amp#27;[39m &amp#27;[37mPOST&amp#27;[39m &amp#27;[37m/wd/hub/session/c5df69cb-165e-45cf-92f3-c73004708b55/elements&amp#27;[39m
&amp#27;[35m[HTTP]&amp#27;[39m &amp#27;[90m{"using":"class name","value":"android.widget.Button"}&amp#27;[39m
[debug] &amp#27;[35m[W3C (c5df69cb)]&amp#27;[39m Calling AppiumDriver.findElements() with args: ["class name","android.widget.Button","c5df69cb-165e-45cf-92f3-c73004708b55"]
[debug] &amp#27;[35m[BaseDriver]&amp#27;[39m Valid locator strategies for this request: xpath, id, class name, accessibility id, -android uiautomator
[debug] &amp#27;[35m[BaseDriver]&amp#27;[39m Waiting up to 10000 ms for condition
[debug] &amp#27;[35m[WD Proxy]&amp#27;[39m Matched '/elements' to command name 'findElements'
[debug] &amp#27;[35m[WD Proxy]&amp#27;[39m Proxying [POST /elements] to [POST http://127.0.0.1:8225/wd/hub/session/a5d41a60-8113-4474-9a8b-22d12a99d2ce/elements] with body: {"strategy":"class name","selector":"android.widget.Button","context":"","multiple":true}
[debug] &amp#27;[35m[WD Proxy]&amp#27;[39m Got response with status 200: {"sessionId":"a5d41a60-8113-4474-9a8b-22d12a99d2ce","value":[{"ELEMENT":"d47e6c76-f2e8-4959-b249-daf4beef7178","element-6066-11e4-a52e-4f735466cecf":"d47e6c76-f2e8-4959-b249-daf4beef7178"},{"ELEMENT":"30b4cb2f-8f55-4d78-b6a9-97aa9e44101e","element-6066-11e4-a52e-4f735466cecf":"30b4cb2f-8f55-4d78-b6a9-97aa9e44101e"}]}
[debug] &amp#27;[35m[W3C (c5df69cb)]&amp#27;[39m Responding to client with driver.findElements() result: [{"element-6066-11e4-a52e-4f735466cecf":"d47e6c76-f2e8-4959-b249-daf4beef7178","ELEMENT":"d47e6c76-f2e8-4959-b249-daf4beef7178"},{"element-6066-11e4-a52e-4f735466cecf":"30b4cb2f-8f55-4d78-b6a9-97aa9e44101e","ELEMENT":"30b4cb2f-8f55-4d78-b6a9-97aa9e44101e"}]
&amp#27;[35m[HTTP]&amp#27;[39m &amp#27;[37m<-- POST /wd/hub/session/c5df69cb-165e-45cf-92f3-c73004708b55/elements &amp#27;[39m&amp#27;[32m200&amp#27;[39m &amp#27;[90m700 ms - 267&amp#27;[39m
&amp#27;[35m[HTTP]&amp#27;[39m &amp#27;[90m&amp#27;[39m
&amp#27;[35m[HTTP]&amp#27;[39m &amp#27;[37m-->&amp#27;[39m &amp#27;[37mPOST&amp#27;[39m &amp#27;[37m/wd/hub/session/c5df69cb-165e-45cf-92f3-c73004708b55/element/30b4cb2f-8f55-4d78-b6a9-97aa9e44101e/click&amp#27;[39m
&amp#27;[35m[HTTP]&amp#27;[39m &amp#27;[90m{"id":"30b4cb2f-8f55-4d78-b6a9-97aa9e44101e"}&amp#27;[39m
[debug] &amp#27;[35m[W3C (c5df69cb)]&amp#27;[39m Calling AppiumDriver.click() with args: ["30b4cb2f-8f55-4d78-b6a9-97aa9e44101e","c5df69cb-165e-45cf-92f3-c73004708b55"]
[debug] &amp#27;[35m[WD Proxy]&amp#27;[39m Matched '/element/30b4cb2f-8f55-4d78-b6a9-97aa9e44101e/click' to command name 'click'
[debug] &amp#27;[35m[WD Proxy]&amp#27;[39m Proxying [POST /element/30b4cb2f-8f55-4d78-b6a9-97aa9e44101e/click] to [POST http://127.0.0.1:8225/wd/hub/session/a5d41a60-8113-4474-9a8b-22d12a99d2ce/element/30b4cb2f-8f55-4d78-b6a9-97aa9e44101e/click] with body: {"element":"30b4cb2f-8f55-4d78-b6a9-97aa9e44101e"}
[debug] &amp#27;[35m[WD Proxy]&amp#27;[39m Got response with status 200: {"sessionId":"a5d41a60-8113-4474-9a8b-22d12a99d2ce","value":null}
[debug] &amp#27;[35m[W3C (c5df69cb)]&amp#27;[39m Responding to client with driver.click() result: null
&amp#27;[35m[HTTP]&amp#27;[39m &amp#27;[37m<-- POST /wd/hub/session/c5df69cb-165e-45cf-92f3-c73004708b55/element/30b4cb2f-8f55-4d78-b6a9-97aa9e44101e/click &amp#27;[39m&amp#27;[32m200&amp#27;[39m &amp#27;[90m21 ms - 14&amp#27;[39m
&amp#27;[35m[HTTP]&amp#27;[39m &amp#27;[90m&amp#27;[39m
]]></system-out>
    <system-err><![CDATA[Jul 26, 2020 6:17:29 PM io.appium.java_client.remote.AppiumCommandExecutor$1 lambda$0
INFO: Detected dialect: W3C
]]></system-err>
  </testcase>
  <testcase name="apiDemo[234@#$](2)" classname="Practise.AppiumFramework.ApiDemos" time="39.767">
    <system-out><![CDATA[&amp#27;[35m[Appium]&amp#27;[39m Welcome to Appium v1.16.0
&amp#27;[35m[Appium]&amp#27;[39m Appium REST http interface listener started on 0.0.0.0:4723
&amp#27;[35m[HTTP]&amp#27;[39m &amp#27;[37m-->&amp#27;[39m &amp#27;[37mGET&amp#27;[39m &amp#27;[37m/wd/hub/status&amp#27;[39m
&amp#27;[35m[HTTP]&amp#27;[39m &amp#27;[90m{}&amp#27;[39m
[debug] &amp#27;[35m[GENERIC]&amp#27;[39m Calling AppiumDriver.getStatus() with args: []
[debug] &amp#27;[35m[GENERIC]&amp#27;[39m Responding to client with driver.getStatus() result: {"build":{"version":"1.16.0"}}
IN EMULATOR METHOD
&amp#27;[35m[HTTP]&amp#27;[39m &amp#27;[37m<-- GET /wd/hub/status &amp#27;[39m&amp#27;[32m200&amp#27;[39m &amp#27;[90m5 ms - 68&amp#27;[39m
&amp#27;[35m[HTTP]&amp#27;[39m &amp#27;[90m&amp#27;[39m
&amp#27;[35m[HTTP]&amp#27;[39m &amp#27;[37m-->&amp#27;[39m &amp#27;[37mPOST&amp#27;[39m &amp#27;[37m/wd/hub/session&amp#27;[39m
&amp#27;[35m[HTTP]&amp#27;[39m &amp#27;[90m{"desiredCapabilities":{"app":"C:\\Users\\OnilVakharia\\eclipse-workspace\\AppiumFramework\\src\\Api Demos.apk","automationName":"uiautomator2","platformName":"Android","deviceName":"emulator"},"capabilities":{"firstMatch":[{"appium:app":"C:\\Users\\OnilVakharia\\eclipse-workspace\\AppiumFramework\\src\\Api Demos.apk","appium:automationName":"uiautomator2","appium:deviceName":"emulator","platformName":"android"}]}}&amp#27;[39m
[debug] &amp#27;[35m[W3C]&amp#27;[39m Calling AppiumDriver.createSession() with args: [{"app":"C:\\Users\\OnilVakharia\\eclipse-workspace\\AppiumFramework\\src\\Api Demos.apk","automationName":"uiautomator2","platformName":"Android","deviceName":"emulator"},null,{"firstMatch":[{"appium:app":"C:\\Users\\OnilVakharia\\eclipse-workspace\\AppiumFramework\\src\\Api Demos.apk","appium:automationName":"uiautomator2","appium:deviceName":"emulator","platformName":"android"}]}]
[debug] &amp#27;[35m[BaseDriver]&amp#27;[39m Event 'newSessionRequested' logged at 1595767680082 (18:18:00 GMT+0530 (India Standard Time))
&amp#27;[35m[Appium]&amp#27;[39m Appium v1.16.0 creating new AndroidUiautomator2Driver (v1.40.0) session
[debug] &amp#27;[35m[BaseDriver]&amp#27;[39m W3C capabilities and MJSONWP desired capabilities were provided
[debug] &amp#27;[35m[BaseDriver]&amp#27;[39m Creating session with W3C capabilities: {
[debug] &amp#27;[35m[BaseDriver]&amp#27;[39m   "alwaysMatch": {
[debug] &amp#27;[35m[BaseDriver]&amp#27;[39m     "platformName": "android",
[debug] &amp#27;[35m[BaseDriver]&amp#27;[39m     "appium:app": "C:\\Users\\OnilVakharia\\eclipse-workspace\\AppiumFramework\\src\\Api Demos.apk",
[debug] &amp#27;[35m[BaseDriver]&amp#27;[39m     "appium:automationName": "uiautomator2",
[debug] &amp#27;[35m[BaseDriver]&amp#27;[39m     "appium:deviceName": "emulator"
[debug] &amp#27;[35m[BaseDriver]&amp#27;[39m   },
[debug] &amp#27;[35m[BaseDriver]&amp#27;[39m   "firstMatch": [
[debug] &amp#27;[35m[BaseDriver]&amp#27;[39m     {}
[debug] &amp#27;[35m[BaseDriver]&amp#27;[39m   ]
[debug] &amp#27;[35m[BaseDriver]&amp#27;[39m }
&amp#27;[35m[BaseDriver]&amp#27;[39m Session created with session id: 8f4c6122-44ec-4747-9a81-696af415011c
&amp#27;[35m[BaseDriver]&amp#27;[39m Using local app 'C:\Users\OnilVakharia\eclipse-workspace\AppiumFramework\src\Api Demos.apk'
[debug] &amp#27;[35m[UiAutomator2]&amp#27;[39m Checking whether app is actually present
&amp#27;[35m[ADB]&amp#27;[39m Found 2 'build-tools' folders under 'C:\Users\OnilVakharia\AppData\Local\Android\Sdk' (newest first):
&amp#27;[35m[ADB]&amp#27;[39m     C:/Users/OnilVakharia/AppData/Local/Android/Sdk/build-tools/30.0.0
&amp#27;[35m[ADB]&amp#27;[39m     C:/Users/OnilVakharia/AppData/Local/Android/Sdk/build-tools/29.0.3
&amp#27;[35m[ADB]&amp#27;[39m Using 'adb.exe' from 'C:\Users\OnilVakharia\AppData\Local\Android\Sdk\platform-tools\adb.exe'
&amp#27;[35m[AndroidDriver]&amp#27;[39m Retrieving device list
[debug] &amp#27;[35m[ADB]&amp#27;[39m Trying to find a connected android device
[debug] &amp#27;[35m[ADB]&amp#27;[39m Getting connected devices...
[debug] &amp#27;[35m[ADB]&amp#27;[39m Connected devices: [{"udid":"emulator-5554","state":"device"}]
&amp#27;[35m[AndroidDriver]&amp#27;[39m Using device: emulator-5554
&amp#27;[35m[ADB]&amp#27;[39m Using 'adb.exe' from 'C:\Users\OnilVakharia\AppData\Local\Android\Sdk\platform-tools\adb.exe'
[debug] &amp#27;[35m[ADB]&amp#27;[39m Setting device id to emulator-5554
[debug] &amp#27;[35m[ADB]&amp#27;[39m Running 'C:\Users\OnilVakharia\AppData\Local\Android\Sdk\platform-tools\adb.exe -P 5037 -s emulator-5554 shell getprop ro.build.version.sdk'
[debug] &amp#27;[35m[ADB]&amp#27;[39m Current device property 'ro.build.version.sdk': 28
[debug] &amp#27;[35m[ADB]&amp#27;[39m Running 'C:\Users\OnilVakharia\AppData\Local\Android\Sdk\platform-tools\adb.exe -P 5037 -s emulator-5554 shell getprop ro.build.version.release'
[debug] &amp#27;[35m[ADB]&amp#27;[39m Current device property 'ro.build.version.release': 9
[debug] &amp#27;[35m[ADB]&amp#27;[39m Device API level: 28
&amp#27;[35m[UiAutomator2]&amp#27;[39m Relaxing hidden api policy
[debug] &amp#27;[35m[ADB]&amp#27;[39m Running 'C:\Users\OnilVakharia\AppData\Local\Android\Sdk\platform-tools\adb.exe -P 5037 -s emulator-5554 shell settings put global hidden_api_policy_pre_p_apps 1'
[debug] &amp#27;[35m[ADB]&amp#27;[39m Running 'C:\Users\OnilVakharia\AppData\Local\Android\Sdk\platform-tools\adb.exe -P 5037 -s emulator-5554 shell settings put global hidden_api_policy_p_apps 1'
[debug] &amp#27;[35m[ADB]&amp#27;[39m Running 'C:\Users\OnilVakharia\AppData\Local\Android\Sdk\platform-tools\adb.exe -P 5037 -s emulator-5554 shell settings put global hidden_api_policy 1'
[debug] &amp#27;[35m[AndroidDriver]&amp#27;[39m Parsing package and activity from app manifest
&amp#27;[35m[ADB]&amp#27;[39m Package name: 'io.appium.android.apis'
&amp#27;[35m[ADB]&amp#27;[39m Main activity name: 'ApiDemos'
[debug] &amp#27;[35m[AndroidDriver]&amp#27;[39m Parsed package and activity are: io.appium.android.apis/ApiDemos
[debug] &amp#27;[35m[ADB]&amp#27;[39m Running 'C:\Users\OnilVakharia\AppData\Local\Android\Sdk\platform-tools\adb.exe -P 5037 -s emulator-5554 wait-for-device'
[debug] &amp#27;[35m[ADB]&amp#27;[39m Running 'C:\Users\OnilVakharia\AppData\Local\Android\Sdk\platform-tools\adb.exe -P 5037 -s emulator-5554 shell echo ping'
[debug] &amp#27;[35m[AndroidDriver]&amp#27;[39m Pushing settings apk to device...
[debug] &amp#27;[35m[ADB]&amp#27;[39m Getting install status for io.appium.settings
[debug] &amp#27;[35m[ADB]&amp#27;[39m Running 'C:\Users\OnilVakharia\AppData\Local\Android\Sdk\platform-tools\adb.exe -P 5037 -s emulator-5554 shell dumpsys package io.appium.settings'
[debug] &amp#27;[35m[ADB]&amp#27;[39m 'io.appium.settings' is installed
[debug] &amp#27;[35m[ADB]&amp#27;[39m Getting package info for 'io.appium.settings'
[debug] &amp#27;[35m[ADB]&amp#27;[39m Running 'C:\Users\OnilVakharia\AppData\Local\Android\Sdk\platform-tools\adb.exe -P 5037 -s emulator-5554 shell dumpsys package io.appium.settings'
[debug] &amp#27;[35m[ADB]&amp#27;[39m The version name of the installed 'io.appium.settings' is greater or equal to the application version name ('2.15.0' >= '2.15.0')
[debug] &amp#27;[35m[ADB]&amp#27;[39m There is no need to install/upgrade 'C:\Users\OnilVakharia\AppData\Roaming\npm\node_modules\appium\node_modules\io.appium.settings\apks\settings_apk-debug.apk'
[debug] &amp#27;[35m[ADB]&amp#27;[39m Getting IDs of all 'io.appium.settings' processes
[debug] &amp#27;[35m[ADB]&amp#27;[39m Running 'C:\Users\OnilVakharia\AppData\Local\Android\Sdk\platform-tools\adb.exe -P 5037 -s emulator-5554 shell 'pgrep --help; echo $?''
[debug] &amp#27;[35m[ADB]&amp#27;[39m Running 'C:\Users\OnilVakharia\AppData\Local\Android\Sdk\platform-tools\adb.exe -P 5037 -s emulator-5554 shell pgrep -f io\\.appium\\.settings'
[debug] &amp#27;[35m[AndroidDriver]&amp#27;[39m io.appium.settings is already running. There is no need to reset its permissions.
[debug] &amp#27;[35m[ADB]&amp#27;[39m Running 'C:\Users\OnilVakharia\AppData\Local\Android\Sdk\platform-tools\adb.exe -P 5037 -s emulator-5554 shell appops set io.appium.settings android\:mock_location allow'
[debug] &amp#27;[35m[Logcat]&amp#27;[39m Starting logcat capture
[debug] &amp#27;[35m[UiAutomator2]&amp#27;[39m Forwarding UiAutomator2 Server port 6790 to 8226
[debug] &amp#27;[35m[ADB]&amp#27;[39m Forwarding system: 8226 to device: 6790
[debug] &amp#27;[35m[ADB]&amp#27;[39m Running 'C:\Users\OnilVakharia\AppData\Local\Android\Sdk\platform-tools\adb.exe -P 5037 -s emulator-5554 forward tcp\:8226 tcp\:6790'
[debug] &amp#27;[35m[ADB]&amp#27;[39m Getting install status for io.appium.uiautomator2.server
[debug] &amp#27;[35m[ADB]&amp#27;[39m Running 'C:\Users\OnilVakharia\AppData\Local\Android\Sdk\platform-tools\adb.exe -P 5037 -s emulator-5554 shell dumpsys package io.appium.uiautomator2.server'
[debug] &amp#27;[35m[ADB]&amp#27;[39m 'io.appium.uiautomator2.server' is installed
[debug] &amp#27;[35m[ADB]&amp#27;[39m Getting package info for 'io.appium.uiautomator2.server'
[debug] &amp#27;[35m[ADB]&amp#27;[39m Running 'C:\Users\OnilVakharia\AppData\Local\Android\Sdk\platform-tools\adb.exe -P 5037 -s emulator-5554 shell dumpsys package io.appium.uiautomator2.server'
[debug] &amp#27;[35m[ADB]&amp#27;[39m The version name of the installed 'io.appium.uiautomator2.server' is greater or equal to the application version name ('4.5.2' >= '4.5.2')
[debug] &amp#27;[35m[UiAutomator2]&amp#27;[39m io.appium.uiautomator2.server installation state: sameVersionInstalled
[debug] &amp#27;[35m[ADB]&amp#27;[39m Checking app cert for C:\Users\OnilVakharia\AppData\Roaming\npm\node_modules\appium\node_modules\appium-uiautomator2-server\apks\appium-uiautomator2-server-v4.5.2.apk
&amp#27;[35m[ADB]&amp#27;[39m Using 'apksigner.bat' from 'C:\Users\OnilVakharia\AppData\Local\Android\Sdk\build-tools\30.0.0\apksigner.bat'
[debug] &amp#27;[35m[ADB]&amp#27;[39m Starting 'C:\Users\OnilVakharia\AppData\Local\Android\Sdk\build-tools\30.0.0\apksigner.bat' with args '["verify","--print-certs","C:\\Users\\OnilVakharia\\AppData\\Roaming\\npm\\node_modules\\appium\\node_modules\\appium-uiautomator2-server\\apks\\appium-uiautomator2-server-v4.5.2.apk"]'
&amp#27;[35m[ADB]&amp#27;[39m Got an error during apksigner execution: Command 'apksigner.bat verify --print-certs C:\\Users\\OnilVakharia\\AppData\\Roaming\\npm\\node_modules\\appium\\node_modules\\appium-uiautomator2-server\\apks\\appium-uiautomator2-server-v4.5.2.apk' exited with code 1
&amp#27;[35m[ADB]&amp#27;[39m apksigner stderr: java.lang.UnsupportedClassVersionError: com/android/apksigner/ApkSignerTool has been compiled by a more recent version of the Java Runtime (class file version 53.0), this version of the Java Runtime only recognizes class file versions up to 52.0
&amp#27;[35m[ADB]&amp#27;[39m 	at java.lang.ClassLoader.defineClass1(Native Method)
&amp#27;[35m[ADB]&amp#27;[39m 	at java.lang.ClassLoader.defineClass(ClassLoader.java:763)
&amp#27;[35m[ADB]&amp#27;[39m 	at java.security.SecureClassLoader.defineClass(SecureClassLoader.java:142)
&amp#27;[35m[ADB]&amp#27;[39m 	at java.net.URLClassLoader.defineClass(URLClassLoader.java:467)
&amp#27;[35m[ADB]&amp#27;[39m 	at java.net.URLClassLoader.access$100(URLClassLoader.java:73)
&amp#27;[35m[ADB]&amp#27;[39m 	at java.net.URLClassLoader$1.run(URLClassLoader.java:368)
&amp#27;[35m[ADB]&amp#27;[39m 	at java.net.URLClassLoader$1.run(URLClassLoader.java:362)
&amp#27;[35m[ADB]&amp#27;[39m 	at java.security.AccessController.doPrivileged(Native Method)
&amp#27;[35m[ADB]&amp#27;[39m 	at java.net.URLClassLoader.findClass(URLClassLoader.java:361)
&amp#27;[35m[ADB]&amp#27;[39m 	at java.lang.ClassLoader.loadClass(ClassLoader.java:424)
&amp#27;[35m[ADB]&amp#27;[39m 	at sun.misc.Launcher$AppClassLoader.loadClass(Launcher.java:331)
&amp#27;[35m[ADB]&amp#27;[39m 	at java.lang.ClassLoader.loadClass(ClassLoader.java:357)
&amp#27;[35m[ADB]&amp#27;[39m 	at sun.launcher.LauncherHelper.checkAndLoadMain(LauncherHelper.java:495)
&amp#27;[35m[ADB]&amp#27;[39m Error: A JNI error has occurred, please check your installation and try again
&amp#27;[35m[ADB]&amp#27;[39m Exception in thread "main" 
&amp#27;[35m[ADB]&amp#27;[39m Cannot use apksigner tool for signature verification. Original error: Command 'apksigner.bat verify --print-certs C:\\Users\\OnilVakharia\\AppData\\Roaming\\npm\\node_modules\\appium\\node_modules\\appium-uiautomator2-server\\apks\\appium-uiautomator2-server-v4.5.2.apk' exited with code 1
[debug] &amp#27;[35m[ADB]&amp#27;[39m Defaulting to verify.jar
[debug] &amp#27;[35m[ADB]&amp#27;[39m 'C:\Users\OnilVakharia\AppData\Roaming\npm\node_modules\appium\node_modules\appium-uiautomator2-server\apks\appium-uiautomator2-server-v4.5.2.apk' is already signed.
[debug] &amp#27;[35m[ADB]&amp#27;[39m Getting install status for io.appium.uiautomator2.server.test
[debug] &amp#27;[35m[ADB]&amp#27;[39m Running 'C:\Users\OnilVakharia\AppData\Local\Android\Sdk\platform-tools\adb.exe -P 5037 -s emulator-5554 shell dumpsys package io.appium.uiautomator2.server.test'
[debug] &amp#27;[35m[ADB]&amp#27;[39m 'io.appium.uiautomator2.server.test' is installed
[debug] &amp#27;[35m[ADB]&amp#27;[39m Checking app cert for C:\Users\OnilVakharia\AppData\Roaming\npm\node_modules\appium\node_modules\appium-uiautomator2-server\apks\appium-uiautomator2-server-debug-androidTest.apk
[debug] &amp#27;[35m[ADB]&amp#27;[39m Starting 'C:\Users\OnilVakharia\AppData\Local\Android\Sdk\build-tools\30.0.0\apksigner.bat' with args '["verify","--print-certs","C:\\Users\\OnilVakharia\\AppData\\Roaming\\npm\\node_modules\\appium\\node_modules\\appium-uiautomator2-server\\apks\\appium-uiautomator2-server-debug-androidTest.apk"]'
&amp#27;[35m[ADB]&amp#27;[39m Got an error during apksigner execution: Command 'apksigner.bat verify --print-certs C:\\Users\\OnilVakharia\\AppData\\Roaming\\npm\\node_modules\\appium\\node_modules\\appium-uiautomator2-server\\apks\\appium-uiautomator2-server-debug-androidTest.apk' exited with code 1
&amp#27;[35m[ADB]&amp#27;[39m apksigner stderr: java.lang.UnsupportedClassVersionError: com/android/apksigner/ApkSignerTool has been compiled by a more recent version of the Java Runtime (class file version 53.0), this version of the Java Runtime only recognizes class file versions up to 52.0
&amp#27;[35m[ADB]&amp#27;[39m 	at java.lang.ClassLoader.defineClass1(Native Method)
&amp#27;[35m[ADB]&amp#27;[39m 	at java.lang.ClassLoader.defineClass(ClassLoader.java:763)
&amp#27;[35m[ADB]&amp#27;[39m 	at java.security.SecureClassLoader.defineClass(SecureClassLoader.java:142)
&amp#27;[35m[ADB]&amp#27;[39m 	at java.net.URLClassLoader.defineClass(URLClassLoader.java:467)
&amp#27;[35m[ADB]&amp#27;[39m 	at java.net.URLClassLoader.access$100(URLClassLoader.java:73)
&amp#27;[35m[ADB]&amp#27;[39m 	at java.net.URLClassLoader$1.run(URLClassLoader.java:368)
&amp#27;[35m[ADB]&amp#27;[39m 	at java.net.URLClassLoader$1.run(URLClassLoader.java:362)
&amp#27;[35m[ADB]&amp#27;[39m 	at java.security.AccessController.doPrivileged(Native Method)
&amp#27;[35m[ADB]&amp#27;[39m 	at java.net.URLClassLoader.findClass(URLClassLoader.java:361)
&amp#27;[35m[ADB]&amp#27;[39m 	at java.lang.ClassLoader.loadClass(ClassLoader.java:424)
&amp#27;[35m[ADB]&amp#27;[39m 	at sun.misc.Launcher$AppClassLoader.loadClass(Launcher.java:331)
&amp#27;[35m[ADB]&amp#27;[39m 	at java.lang.ClassLoader.loadClass(ClassLoader.java:357)
&amp#27;[35m[ADB]&amp#27;[39m 	at sun.launcher.LauncherHelper.checkAndLoadMain(LauncherHelper.java:495)
&amp#27;[35m[ADB]&amp#27;[39m Error: A JNI error has occurred, please check your installation and try again
&amp#27;[35m[ADB]&amp#27;[39m Exception in thread "main" 
&amp#27;[35m[ADB]&amp#27;[39m Cannot use apksigner tool for signature verification. Original error: Command 'apksigner.bat verify --print-certs C:\\Users\\OnilVakharia\\AppData\\Roaming\\npm\\node_modules\\appium\\node_modules\\appium-uiautomator2-server\\apks\\appium-uiautomator2-server-debug-androidTest.apk' exited with code 1
[debug] &amp#27;[35m[ADB]&amp#27;[39m Defaulting to verify.jar
[debug] &amp#27;[35m[ADB]&amp#27;[39m 'C:\Users\OnilVakharia\AppData\Roaming\npm\node_modules\appium\node_modules\appium-uiautomator2-server\apks\appium-uiautomator2-server-debug-androidTest.apk' is already signed.
&amp#27;[35m[UiAutomator2]&amp#27;[39m Server packages are not going to be (re)installed
[debug] &amp#27;[35m[UiAutomator2]&amp#27;[39m Waiting up to 30000ms for services to be available
[debug] &amp#27;[35m[ADB]&amp#27;[39m Running 'C:\Users\OnilVakharia\AppData\Local\Android\Sdk\platform-tools\adb.exe -P 5037 -s emulator-5554 shell pm list instrumentation'
[debug] &amp#27;[35m[UiAutomator2]&amp#27;[39m Instrumentation target 'io.appium.uiautomator2.server.test/androidx.test.runner.AndroidJUnitRunner' is available
[debug] &amp#27;[35m[ADB]&amp#27;[39m Checking app cert for C:\Users\OnilVakharia\eclipse-workspace\AppiumFramework\src\Api Demos.apk
[debug] &amp#27;[35m[ADB]&amp#27;[39m Starting 'C:\Users\OnilVakharia\AppData\Local\Android\Sdk\build-tools\30.0.0\apksigner.bat' with args '["verify","--print-certs","C:\\Users\\OnilVakharia\\eclipse-workspace\\AppiumFramework\\src\\Api Demos.apk"]'
&amp#27;[35m[ADB]&amp#27;[39m Got an error during apksigner execution: Command 'apksigner.bat verify --print-certs 'C:\\Users\\OnilVakharia\\eclipse-workspace\\AppiumFramework\\src\\Api Demos.apk'' exited with code 1
&amp#27;[35m[ADB]&amp#27;[39m apksigner stderr: java.lang.UnsupportedClassVersionError: com/android/apksigner/ApkSignerTool has been compiled by a more recent version of the Java Runtime (class file version 53.0), this version of the Java Runtime only recognizes class file versions up to 52.0
&amp#27;[35m[ADB]&amp#27;[39m 	at java.lang.ClassLoader.defineClass1(Native Method)
&amp#27;[35m[ADB]&amp#27;[39m 	at java.lang.ClassLoader.defineClass(ClassLoader.java:763)
&amp#27;[35m[ADB]&amp#27;[39m 	at java.security.SecureClassLoader.defineClass(SecureClassLoader.java:142)
&amp#27;[35m[ADB]&amp#27;[39m 	at java.net.URLClassLoader.defineClass(URLClassLoader.java:467)
&amp#27;[35m[ADB]&amp#27;[39m 	at java.net.URLClassLoader.access$100(URLClassLoader.java:73)
&amp#27;[35m[ADB]&amp#27;[39m 	at java.net.URLClassLoader$1.run(URLClassLoader.java:368)
&amp#27;[35m[ADB]&amp#27;[39m 	at java.net.URLClassLoader$1.run(URLClassLoader.java:362)
&amp#27;[35m[ADB]&amp#27;[39m 	at java.security.AccessController.doPrivileged(Native Method)
&amp#27;[35m[ADB]&amp#27;[39m 	at java.net.URLClassLoader.findClass(URLClassLoader.java:361)
&amp#27;[35m[ADB]&amp#27;[39m 	at java.lang.ClassLoader.loadClass(ClassLoader.java:424)
&amp#27;[35m[ADB]&amp#27;[39m 	at sun.misc.Launcher$AppClassLoader.loadClass(Launcher.java:331)
&amp#27;[35m[ADB]&amp#27;[39m 	at java.lang.ClassLoader.loadClass(ClassLoader.java:357)
&amp#27;[35m[ADB]&amp#27;[39m 	at sun.launcher.LauncherHelper.checkAndLoadMain(LauncherHelper.java:495)
&amp#27;[35m[ADB]&amp#27;[39m Error: A JNI error has occurred, please check your installation and try again
&amp#27;[35m[ADB]&amp#27;[39m Exception in thread "main" 
&amp#27;[35m[ADB]&amp#27;[39m Cannot use apksigner tool for signature verification. Original error: Command 'apksigner.bat verify --print-certs 'C:\\Users\\OnilVakharia\\eclipse-workspace\\AppiumFramework\\src\\Api Demos.apk'' exited with code 1
[debug] &amp#27;[35m[ADB]&amp#27;[39m Defaulting to verify.jar
[debug] &amp#27;[35m[ADB]&amp#27;[39m 'C:\Users\OnilVakharia\eclipse-workspace\AppiumFramework\src\Api Demos.apk' is already signed.
[debug] &amp#27;[35m[ADB]&amp#27;[39m Getting install status for io.appium.android.apis
[debug] &amp#27;[35m[ADB]&amp#27;[39m Running 'C:\Users\OnilVakharia\AppData\Local\Android\Sdk\platform-tools\adb.exe -P 5037 -s emulator-5554 shell dumpsys package io.appium.android.apis'
[debug] &amp#27;[35m[ADB]&amp#27;[39m 'io.appium.android.apis' is installed
[debug] &amp#27;[35m[ADB]&amp#27;[39m Getting package info for 'io.appium.android.apis'
[debug] &amp#27;[35m[ADB]&amp#27;[39m Running 'C:\Users\OnilVakharia\AppData\Local\Android\Sdk\platform-tools\adb.exe -P 5037 -s emulator-5554 shell dumpsys package io.appium.android.apis'
&amp#27;[35m[ADB]&amp#27;[39m Cannot read version codes of 'C:\Users\OnilVakharia\eclipse-workspace\AppiumFramework\src\Api Demos.apk' and/or 'io.appium.android.apis'
&amp#27;[35m[ADB]&amp#27;[39m Cannot read version names of 'C:\Users\OnilVakharia\eclipse-workspace\AppiumFramework\src\Api Demos.apk' and/or 'io.appium.android.apis'
[debug] &amp#27;[35m[ADB]&amp#27;[39m The current install state of 'C:\Users\OnilVakharia\eclipse-workspace\AppiumFramework\src\Api Demos.apk' is unknown. Installing anyway
[debug] &amp#27;[35m[ADB]&amp#27;[39m Running 'C:\Users\OnilVakharia\AppData\Local\Android\Sdk\platform-tools\adb.exe -P 5037 -s emulator-5554 shell 'ls -t -1 /data/local/tmp/appium_cache 2>&1 || echo _ERROR_''
[debug] &amp#27;[35m[ADB]&amp#27;[39m The count of applications in the cache: 6
&amp#27;[35m[ADB]&amp#27;[39m The application at 'C:\Users\OnilVakharia\eclipse-workspace\AppiumFramework\src\Api Demos.apk' is already cached to '/data/local/tmp/appium_cache/a7c3d3f518bf906dfd994f6290dfc7e6c703ccae.apk'
[debug] &amp#27;[35m[ADB]&amp#27;[39m Running 'C:\Users\OnilVakharia\AppData\Local\Android\Sdk\platform-tools\adb.exe -P 5037 -s emulator-5554 shell pm install -r /data/local/tmp/appium_cache/a7c3d3f518bf906dfd994f6290dfc7e6c703ccae.apk'
&amp#27;[35m[ADB]&amp#27;[39m The installation of 'Api Demos.apk' took 0.492s
[debug] &amp#27;[35m[ADB]&amp#27;[39m Install command stdout: Success
&amp#27;[35m[AndroidDriver]&amp#27;[39m Performing fast reset on 'io.appium.android.apis'
[debug] &amp#27;[35m[ADB]&amp#27;[39m Getting install status for io.appium.android.apis
[debug] &amp#27;[35m[ADB]&amp#27;[39m Running 'C:\Users\OnilVakharia\AppData\Local\Android\Sdk\platform-tools\adb.exe -P 5037 -s emulator-5554 shell dumpsys package io.appium.android.apis'
[debug] &amp#27;[35m[ADB]&amp#27;[39m 'io.appium.android.apis' is installed
[debug] &amp#27;[35m[ADB]&amp#27;[39m Running 'C:\Users\OnilVakharia\AppData\Local\Android\Sdk\platform-tools\adb.exe -P 5037 -s emulator-5554 shell am force-stop io.appium.android.apis'
[debug] &amp#27;[35m[ADB]&amp#27;[39m Running 'C:\Users\OnilVakharia\AppData\Local\Android\Sdk\platform-tools\adb.exe -P 5037 -s emulator-5554 shell pm clear io.appium.android.apis'
[debug] &amp#27;[35m[AndroidDriver]&amp#27;[39m Performed fast reset on the installed 'io.appium.android.apis' application (stop and clear)
[debug] &amp#27;[35m[UiAutomator2]&amp#27;[39m Performing shallow cleanup of automation leftovers
[debug] &amp#27;[35m[UiAutomator2]&amp#27;[39m The following obsolete sessions are still running: ["a5d41a60-8113-4474-9a8b-22d12a99d2ce"]
[debug] &amp#27;[35m[UiAutomator2]&amp#27;[39m Cleaning up the obsolete sessions
[debug] &amp#27;[35m[ADB]&amp#27;[39m Running 'C:\Users\OnilVakharia\AppData\Local\Android\Sdk\platform-tools\adb.exe -P 5037 -s emulator-5554 shell am force-stop io.appium.uiautomator2.server.test'
&amp#27;[35m[UiAutomator2]&amp#27;[39m Starting UIAutomator2 server 4.5.2
&amp#27;[35m[UiAutomator2]&amp#27;[39m Using UIAutomator2 server from 'C:\Users\OnilVakharia\AppData\Roaming\npm\node_modules\appium\node_modules\appium-uiautomator2-server\apks\appium-uiautomator2-server-v4.5.2.apk' and test from 'C:\Users\OnilVakharia\AppData\Roaming\npm\node_modules\appium\node_modules\appium-uiautomator2-server\apks\appium-uiautomator2-server-debug-androidTest.apk'
&amp#27;[35m[UiAutomator2]&amp#27;[39m Waiting up to 30000ms for UiAutomator2 to be online...
[debug] &amp#27;[35m[ADB]&amp#27;[39m Creating ADB subprocess with args: ["-P",5037,"-s","emulator-5554","shell","am","instrument","-w","io.appium.uiautomator2.server.test/androidx.test.runner.AndroidJUnitRunner"]
[debug] &amp#27;[35m[Instrumentation]&amp#27;[39m io.appium.uiautomator2.server.test.AppiumUiAutomator2Server:
[debug] &amp#27;[35m[WD Proxy]&amp#27;[39m Matched '/status' to command name 'getStatus'
[debug] &amp#27;[35m[WD Proxy]&amp#27;[39m Proxying [GET /status] to [GET http://127.0.0.1:8226/wd/hub/status] with no body
&amp#27;[35m[WD Proxy]&amp#27;[39m Got an unexpected response with status undefined: {"code":"ECONNRESET"}
[debug] &amp#27;[35m[WD Proxy]&amp#27;[39m Matched '/status' to command name 'getStatus'
[debug] &amp#27;[35m[WD Proxy]&amp#27;[39m Proxying [GET /status] to [GET http://127.0.0.1:8226/wd/hub/status] with no body
[debug] &amp#27;[35m[WD Proxy]&amp#27;[39m Got response with status 200: {"sessionId":"None","value":{"ready":true,"message":"UiAutomator2 Server is ready to accept commands"}}
[debug] &amp#27;[35m[UiAutomator2]&amp#27;[39m The initialization of the instrumentation process took 2099ms
[debug] &amp#27;[35m[WD Proxy]&amp#27;[39m Matched '/session' to command name 'createSession'
[debug] &amp#27;[35m[WD Proxy]&amp#27;[39m Proxying [POST /session] to [POST http://127.0.0.1:8226/wd/hub/session] with body: {"capabilities":{"firstMatch":[{"platform":"LINUX","webStorageEnabled":false,"takesScreenshot":true,"javascriptEnabled":true,"databaseEnabled":false,"networkConnectionEnabled":true,"locationContextEnabled":false,"warnings":{},"desired":{"platformName":"android","app":"C:\\Users\\OnilVakharia\\eclipse-workspace\\AppiumFramework\\src\\Api Demos.apk","automationName":"uiautomator2","deviceName":"emulator"},"platformName":"android","app":"C:\\Users\\OnilVakharia\\eclipse-workspace\\AppiumFramework\\src\\Api Demos.apk","automationName":"uiautomator2","deviceName":"emulator-5554","deviceUDID":"emulator-5554","appPackage":"io.appium.android.apis"}],"alwaysMatch":{}}}
[debug] &amp#27;[35m[WD Proxy]&amp#27;[39m Got response with status 200: {"sessionId":"88115271-5fa9-4c61-8cac-d8cfb47417da","value":{"sessionId":"88115271-5fa9-4c61-8cac-d8cfb47417da","capabilities":{"firstMatch":[{"platform":"LINUX","webStorageEnabled":false,"takesScreenshot":true,"javascriptEnabled":true,"databaseEnabled":false,"networkConnectionEnabled":true,"locationContextEnabled":false,"warnings":{},"desired":{"platformName":"android","app":"C:\\Users\\OnilVakharia\\eclipse-workspace\\AppiumFramework\\src\\Api Demos.apk","automationName":"uiautomator2","deviceName":"emulator"},"platformName":"android","app":"C:\\Users\\OnilVakharia\\eclipse-workspace\\AppiumFramework\\src\\Api Demos.apk","automationName":"uiautomator2","deviceName":"emulator-5554","deviceUDID":"emulator-5554","appPackage":"io.appium.android.apis"}],"alwaysMatch":{}}}}
&amp#27;[35m[WD Proxy]&amp#27;[39m Determined the downstream protocol as 'W3C'
[debug] &amp#27;[35m[WD Proxy]&amp#27;[39m Proxying [GET /appium/device/info] to [GET http://127.0.0.1:8226/wd/hub/session/88115271-5fa9-4c61-8cac-d8cfb47417da/appium/device/info] with no body
[debug] &amp#27;[35m[WD Proxy]&amp#27;[39m Got response with status 200: {"sessionId":"88115271-5fa9-4c61-8cac-d8cfb47417da","value":{"androidId":"0edf25e43002c14a","manufacturer":"Google","model":"Android SDK built for x86_64","brand":"google","apiVersion":"28","platformVersion":"9","carrierName":"Android","realDisplaySize":"1080x1920","displayDensity":420,"networks":[{"type":0,"typeName":"MOBILE","subtype":13,"subtypeName":"LTE","isConnected":true,"detailedState":"CONNECTED","state":"CONNECTED","extraInfo":"epc.tmobile.com","isAvailable":true,"isFailover":false,"isRoaming":false,"capabilities":{"transportTypes":"TRANSPORT_CELLULAR","networkCapabilities":"NET_CAPABILITY_MMS,NET_CAPABILITY_SUPL,NET_CAPABILITY_DUN,NET_CAPABILITY_FOTA,NET_CAPABILITY_IMS,NET_CAPABILITY_CBS,NET_CAPABILITY_IA,NET_CAPABILITY_INTERNET,NET_CAPABILITY_NOT_RESTRICTED,NET_CAPABILITY_TRUSTED,NET_CAPABILITY_NOT_VPN,NET_CAPABILITY_VALIDATED,NET_CAPABILITY_NOT_ROAMING,NET_CAPABILITY_NOT_CONGESTED,NET_CAPABILITY_NOT_SUSPENDED","linkUpstreamBandwidthKbps":51200,"linkDownBandwidthKbps":102400,"signalStrength":-2...
[debug] &amp#27;[35m[ADB]&amp#27;[39m Running 'C:\Users\OnilVakharia\AppData\Local\Android\Sdk\platform-tools\adb.exe -P 5037 -s emulator-5554 shell dumpsys window'
&amp#27;[35m[AndroidDriver]&amp#27;[39m Screen already unlocked, doing nothing
&amp#27;[35m[UiAutomator2]&amp#27;[39m Starting 'io.appium.android.apis/ApiDemos and waiting for 'io.appium.android.apis/ApiDemos'
[debug] &amp#27;[35m[ADB]&amp#27;[39m Running 'C:\Users\OnilVakharia\AppData\Local\Android\Sdk\platform-tools\adb.exe -P 5037 -s emulator-5554 shell am start -W -n io.appium.android.apis/ApiDemos -S -a android.intent.action.MAIN -c android.intent.category.LAUNCHER -f 0x10200000'
[debug] &amp#27;[35m[ADB]&amp#27;[39m We tried to start an activity that doesn't exist, retrying with '.ApiDemos' activity name
[debug] &amp#27;[35m[ADB]&amp#27;[39m Running 'C:\Users\OnilVakharia\AppData\Local\Android\Sdk\platform-tools\adb.exe -P 5037 -s emulator-5554 shell am start -W -n io.appium.android.apis/.ApiDemos -S -a android.intent.action.MAIN -c android.intent.category.LAUNCHER -f 0x10200000'
[debug] &amp#27;[35m[ADB]&amp#27;[39m Waiting up to 20000ms for activity matching pkg: 'io.appium.android.apis' and activity: 'ApiDemos' to be focused
[debug] &amp#27;[35m[ADB]&amp#27;[39m Possible activities, to be checked: 'ApiDemos', 'io.appium.android.apis.ApiDemos'
[debug] &amp#27;[35m[ADB]&amp#27;[39m Getting focused package and activity
[debug] &amp#27;[35m[ADB]&amp#27;[39m Running 'C:\Users\OnilVakharia\AppData\Local\Android\Sdk\platform-tools\adb.exe -P 5037 -s emulator-5554 shell dumpsys window windows'
[debug] &amp#27;[35m[ADB]&amp#27;[39m Found package: 'io.appium.android.apis' and fully qualified activity name : 'io.appium.android.apis.ApiDemos'
[debug] &amp#27;[35m[WD Proxy]&amp#27;[39m Proxying [GET /appium/device/pixel_ratio] to [GET http://127.0.0.1:8226/wd/hub/session/88115271-5fa9-4c61-8cac-d8cfb47417da/appium/device/pixel_ratio] with body: {}
[debug] &amp#27;[35m[WD Proxy]&amp#27;[39m Got response with status 200: {"sessionId":"88115271-5fa9-4c61-8cac-d8cfb47417da","value":2.625}
[debug] &amp#27;[35m[WD Proxy]&amp#27;[39m Matched '/appium/device/system_bars' to command name 'getSystemBars'
[debug] &amp#27;[35m[WD Proxy]&amp#27;[39m Proxying [GET /appium/device/system_bars] to [GET http://127.0.0.1:8226/wd/hub/session/88115271-5fa9-4c61-8cac-d8cfb47417da/appium/device/system_bars] with body: {}
[debug] &amp#27;[35m[WD Proxy]&amp#27;[39m Got response with status 200: {"sessionId":"88115271-5fa9-4c61-8cac-d8cfb47417da","value":{"statusBar":63}}
[debug] &amp#27;[35m[WD Proxy]&amp#27;[39m Matched '/window/current/size' to command name 'getWindowSize'
[debug] &amp#27;[35m[WD Proxy]&amp#27;[39m Proxying [GET /window/current/size] to [GET http://127.0.0.1:8226/wd/hub/session/88115271-5fa9-4c61-8cac-d8cfb47417da/window/current/size] with body: {}
[debug] &amp#27;[35m[WD Proxy]&amp#27;[39m Got response with status 200: {"sessionId":"88115271-5fa9-4c61-8cac-d8cfb47417da","value":{"height":1794,"width":1080}}
&amp#27;[35m[Appium]&amp#27;[39m New AndroidUiautomator2Driver session created successfully, session 8f4c6122-44ec-4747-9a81-696af415011c added to master session list
[debug] &amp#27;[35m[BaseDriver]&amp#27;[39m Event 'newSessionStarted' logged at 1595767689227 (18:18:09 GMT+0530 (India Standard Time))
[debug] &amp#27;[35m[W3C (8f4c6122)]&amp#27;[39m Cached the protocol value 'W3C' for the new session 8f4c6122-44ec-4747-9a81-696af415011c
[debug] &amp#27;[35m[W3C (8f4c6122)]&amp#27;[39m Responding to client with driver.createSession() result: {"capabilities":{"platform":"LINUX","webStorageEnabled":false,"takesScreenshot":true,"javascriptEnabled":true,"databaseEnabled":false,"networkConnectionEnabled":true,"locationContextEnabled":false,"warnings":{},"desired":{"platformName":"android","app":"C:\\Users\\OnilVakharia\\eclipse-workspace\\AppiumFramework\\src\\Api Demos.apk","automationName":"uiautomator2","deviceName":"emulator"},"platformName":"android","app":"C:\\Users\\OnilVakharia\\eclipse-workspace\\AppiumFramework\\src\\Api Demos.apk","automationName":"uiautomator2","deviceName":"emulator-5554","deviceUDID":"emulator-5554","appPackage":"io.appium.android.apis","deviceApiLevel":28,"platformVersion":"9","deviceScreenSize":"1080x1920","deviceScreenDensity":420,"deviceModel":"Android SDK built for x86_64","deviceManufacturer":"Google","pixelRatio":2.625,"statBarHeight":63,"viewportRect":{"left":0,"top":63,"width":1080,"height":1731}}}
&amp#27;[35m[HTTP]&amp#27;[39m &amp#27;[37m<-- POST /wd/hub/session &amp#27;[39m&amp#27;[32m200&amp#27;[39m &amp#27;[90m9151 ms - 969&amp#27;[39m
&amp#27;[35m[HTTP]&amp#27;[39m &amp#27;[90m&amp#27;[39m
&amp#27;[35m[HTTP]&amp#27;[39m &amp#27;[37m-->&amp#27;[39m &amp#27;[37mGET&amp#27;[39m &amp#27;[37m/wd/hub/session/8f4c6122-44ec-4747-9a81-696af415011c&amp#27;[39m
&amp#27;[35m[HTTP]&amp#27;[39m &amp#27;[90m{}&amp#27;[39m
[debug] &amp#27;[35m[W3C (8f4c6122)]&amp#27;[39m Calling AppiumDriver.getSession() with args: ["8f4c6122-44ec-4747-9a81-696af415011c"]
[debug] &amp#27;[35m[UiAutomator2]&amp#27;[39m Getting session details from server to mix in
[debug] &amp#27;[35m[WD Proxy]&amp#27;[39m Matched '/' to command name 'getSession'
[debug] &amp#27;[35m[WD Proxy]&amp#27;[39m Proxying [GET /] to [GET http://127.0.0.1:8226/wd/hub/session/88115271-5fa9-4c61-8cac-d8cfb47417da] with body: {}
[debug] &amp#27;[35m[WD Proxy]&amp#27;[39m Got response with status 200: {"sessionId":"88115271-5fa9-4c61-8cac-d8cfb47417da","value":{}}
[debug] &amp#27;[35m[W3C (8f4c6122)]&amp#27;[39m Responding to client with driver.getSession() result: {"platform":"LINUX","webStorageEnabled":false,"takesScreenshot":true,"javascriptEnabled":true,"databaseEnabled":false,"networkConnectionEnabled":true,"locationContextEnabled":false,"warnings":{},"desired":{"platformName":"android","app":"C:\\Users\\OnilVakharia\\eclipse-workspace\\AppiumFramework\\src\\Api Demos.apk","automationName":"uiautomator2","deviceName":"emulator"},"platformName":"android","app":"C:\\Users\\OnilVakharia\\eclipse-workspace\\AppiumFramework\\src\\Api Demos.apk","automationName":"uiautomator2","deviceName":"emulator-5554","deviceUDID":"emulator-5554","appPackage":"io.appium.android.apis","deviceApiLevel":28,"platformVersion":"9","deviceScreenSize":"1080x1920","deviceScreenDensity":420,"deviceModel":"Android SDK built for x86_64","deviceManufacturer":"Google","pixelRatio":2.625,"statBarHeight":63,"viewportRect":{"left":0,"top":63,"width":1080,"height":1731}}
&amp#27;[35m[HTTP]&amp#27;[39m &amp#27;[37m<-- GET /wd/hub/session/8f4c6122-44ec-4747-9a81-696af415011c &amp#27;[39m&amp#27;[32m200&amp#27;[39m &amp#27;[90m23 ms - 901&amp#27;[39m
&amp#27;[35m[HTTP]&amp#27;[39m &amp#27;[90m&amp#27;[39m
&amp#27;[35m[HTTP]&amp#27;[39m &amp#27;[37m-->&amp#27;[39m &amp#27;[37mGET&amp#27;[39m &amp#27;[37m/wd/hub/session/8f4c6122-44ec-4747-9a81-696af415011c&amp#27;[39m
&amp#27;[35m[HTTP]&amp#27;[39m &amp#27;[90m{}&amp#27;[39m
[debug] &amp#27;[35m[W3C (8f4c6122)]&amp#27;[39m Calling AppiumDriver.getSession() with args: ["8f4c6122-44ec-4747-9a81-696af415011c"]
[debug] &amp#27;[35m[UiAutomator2]&amp#27;[39m Getting session details from server to mix in
[debug] &amp#27;[35m[WD Proxy]&amp#27;[39m Matched '/' to command name 'getSession'
[debug] &amp#27;[35m[WD Proxy]&amp#27;[39m Proxying [GET /] to [GET http://127.0.0.1:8226/wd/hub/session/88115271-5fa9-4c61-8cac-d8cfb47417da] with body: {}
[debug] &amp#27;[35m[WD Proxy]&amp#27;[39m Got response with status 200: {"sessionId":"88115271-5fa9-4c61-8cac-d8cfb47417da","value":{}}
[debug] &amp#27;[35m[W3C (8f4c6122)]&amp#27;[39m Responding to client with driver.getSession() result: {"platform":"LINUX","webStorageEnabled":false,"takesScreenshot":true,"javascriptEnabled":true,"databaseEnabled":false,"networkConnectionEnabled":true,"locationContextEnabled":false,"warnings":{},"desired":{"platformName":"android","app":"C:\\Users\\OnilVakharia\\eclipse-workspace\\AppiumFramework\\src\\Api Demos.apk","automationName":"uiautomator2","deviceName":"emulator"},"platformName":"android","app":"C:\\Users\\OnilVakharia\\eclipse-workspace\\AppiumFramework\\src\\Api Demos.apk","automationName":"uiautomator2","deviceName":"emulator-5554","deviceUDID":"emulator-5554","appPackage":"io.appium.android.apis","deviceApiLevel":28,"platformVersion":"9","deviceScreenSize":"1080x1920","deviceScreenDensity":420,"deviceModel":"Android SDK built for x86_64","deviceManufacturer":"Google","pixelRatio":2.625,"statBarHeight":63,"viewportRect":{"left":0,"top":63,"width":1080,"height":1731}}
&amp#27;[35m[HTTP]&amp#27;[39m &amp#27;[37m<-- GET /wd/hub/session/8f4c6122-44ec-4747-9a81-696af415011c &amp#27;[39m&amp#27;[32m200&amp#27;[39m &amp#27;[90m29 ms - 901&amp#27;[39m
&amp#27;[35m[HTTP]&amp#27;[39m &amp#27;[90m&amp#27;[39m
&amp#27;[35m[HTTP]&amp#27;[39m &amp#27;[37m-->&amp#27;[39m &amp#27;[37mPOST&amp#27;[39m &amp#27;[37m/wd/hub/session/8f4c6122-44ec-4747-9a81-696af415011c/timeouts&amp#27;[39m
&amp#27;[35m[HTTP]&amp#27;[39m &amp#27;[90m{"implicit":10000}&amp#27;[39m
[debug] &amp#27;[35m[W3C (8f4c6122)]&amp#27;[39m Calling AppiumDriver.timeouts() with args: [null,null,null,null,10000,"8f4c6122-44ec-4747-9a81-696af415011c"]
[debug] &amp#27;[35m[BaseDriver]&amp#27;[39m W3C timeout argument: {"implicit":10000}}
[debug] &amp#27;[35m[BaseDriver]&amp#27;[39m Set implicit wait to 10000ms
[debug] &amp#27;[35m[W3C (8f4c6122)]&amp#27;[39m Responding to client with driver.timeouts() result: null
&amp#27;[35m[HTTP]&amp#27;[39m &amp#27;[37m<-- POST /wd/hub/session/8f4c6122-44ec-4747-9a81-696af415011c/timeouts &amp#27;[39m&amp#27;[32m200&amp#27;[39m &amp#27;[90m10 ms - 14&amp#27;[39m
&amp#27;[35m[HTTP]&amp#27;[39m &amp#27;[90m&amp#27;[39m
&amp#27;[35m[HTTP]&amp#27;[39m &amp#27;[37m-->&amp#27;[39m &amp#27;[37mGET&amp#27;[39m &amp#27;[37m/wd/hub/session/8f4c6122-44ec-4747-9a81-696af415011c&amp#27;[39m
&amp#27;[35m[HTTP]&amp#27;[39m &amp#27;[90m{}&amp#27;[39m
[debug] &amp#27;[35m[W3C (8f4c6122)]&amp#27;[39m Calling AppiumDriver.getSession() with args: ["8f4c6122-44ec-4747-9a81-696af415011c"]
[debug] &amp#27;[35m[UiAutomator2]&amp#27;[39m Getting session details from server to mix in
[debug] &amp#27;[35m[WD Proxy]&amp#27;[39m Matched '/' to command name 'getSession'
[debug] &amp#27;[35m[WD Proxy]&amp#27;[39m Proxying [GET /] to [GET http://127.0.0.1:8226/wd/hub/session/88115271-5fa9-4c61-8cac-d8cfb47417da] with body: {}
[debug] &amp#27;[35m[WD Proxy]&amp#27;[39m Got response with status 200: {"sessionId":"88115271-5fa9-4c61-8cac-d8cfb47417da","value":{}}
[debug] &amp#27;[35m[W3C (8f4c6122)]&amp#27;[39m Responding to client with driver.getSession() result: {"platform":"LINUX","webStorageEnabled":false,"takesScreenshot":true,"javascriptEnabled":true,"databaseEnabled":false,"networkConnectionEnabled":true,"locationContextEnabled":false,"warnings":{},"desired":{"platformName":"android","app":"C:\\Users\\OnilVakharia\\eclipse-workspace\\AppiumFramework\\src\\Api Demos.apk","automationName":"uiautomator2","deviceName":"emulator"},"platformName":"android","app":"C:\\Users\\OnilVakharia\\eclipse-workspace\\AppiumFramework\\src\\Api Demos.apk","automationName":"uiautomator2","deviceName":"emulator-5554","deviceUDID":"emulator-5554","appPackage":"io.appium.android.apis","deviceApiLevel":28,"platformVersion":"9","deviceScreenSize":"1080x1920","deviceScreenDensity":420,"deviceModel":"Android SDK built for x86_64","deviceManufacturer":"Google","pixelRatio":2.625,"statBarHeight":63,"viewportRect":{"left":0,"top":63,"width":1080,"height":1731}}
&amp#27;[35m[HTTP]&amp#27;[39m &amp#27;[37m<-- GET /wd/hub/session/8f4c6122-44ec-4747-9a81-696af415011c &amp#27;[39m&amp#27;[32m200&amp#27;[39m &amp#27;[90m13 ms - 901&amp#27;[39m
&amp#27;[35m[HTTP]&amp#27;[39m &amp#27;[90m&amp#27;[39m
&amp#27;[35m[HTTP]&amp#27;[39m &amp#27;[37m-->&amp#27;[39m &amp#27;[37mGET&amp#27;[39m &amp#27;[37m/wd/hub/session/8f4c6122-44ec-4747-9a81-696af415011c&amp#27;[39m
&amp#27;[35m[HTTP]&amp#27;[39m &amp#27;[90m{}&amp#27;[39m
[debug] &amp#27;[35m[W3C (8f4c6122)]&amp#27;[39m Calling AppiumDriver.getSession() with args: ["8f4c6122-44ec-4747-9a81-696af415011c"]
[debug] &amp#27;[35m[UiAutomator2]&amp#27;[39m Getting session details from server to mix in
[debug] &amp#27;[35m[WD Proxy]&amp#27;[39m Matched '/' to command name 'getSession'
[debug] &amp#27;[35m[WD Proxy]&amp#27;[39m Proxying [GET /] to [GET http://127.0.0.1:8226/wd/hub/session/88115271-5fa9-4c61-8cac-d8cfb47417da] with body: {}
[debug] &amp#27;[35m[WD Proxy]&amp#27;[39m Got response with status 200: {"sessionId":"88115271-5fa9-4c61-8cac-d8cfb47417da","value":{}}
[debug] &amp#27;[35m[W3C (8f4c6122)]&amp#27;[39m Responding to client with driver.getSession() result: {"platform":"LINUX","webStorageEnabled":false,"takesScreenshot":true,"javascriptEnabled":true,"databaseEnabled":false,"networkConnectionEnabled":true,"locationContextEnabled":false,"warnings":{},"desired":{"platformName":"android","app":"C:\\Users\\OnilVakharia\\eclipse-workspace\\AppiumFramework\\src\\Api Demos.apk","automationName":"uiautomator2","deviceName":"emulator"},"platformName":"android","app":"C:\\Users\\OnilVakharia\\eclipse-workspace\\AppiumFramework\\src\\Api Demos.apk","automationName":"uiautomator2","deviceName":"emulator-5554","deviceUDID":"emulator-5554","appPackage":"io.appium.android.apis","deviceApiLevel":28,"platformVersion":"9","deviceScreenSize":"1080x1920","deviceScreenDensity":420,"deviceModel":"Android SDK built for x86_64","deviceManufacturer":"Google","pixelRatio":2.625,"statBarHeight":63,"viewportRect":{"left":0,"top":63,"width":1080,"height":1731}}
&amp#27;[35m[HTTP]&amp#27;[39m &amp#27;[37m<-- GET /wd/hub/session/8f4c6122-44ec-4747-9a81-696af415011c &amp#27;[39m&amp#27;[32m200&amp#27;[39m &amp#27;[90m23 ms - 901&amp#27;[39m
&amp#27;[35m[HTTP]&amp#27;[39m &amp#27;[90m&amp#27;[39m
&amp#27;[35m[HTTP]&amp#27;[39m &amp#27;[37m-->&amp#27;[39m &amp#27;[37mGET&amp#27;[39m &amp#27;[37m/wd/hub/session/8f4c6122-44ec-4747-9a81-696af415011c&amp#27;[39m
&amp#27;[35m[HTTP]&amp#27;[39m &amp#27;[90m{}&amp#27;[39m
[debug] &amp#27;[35m[W3C (8f4c6122)]&amp#27;[39m Calling AppiumDriver.getSession() with args: ["8f4c6122-44ec-4747-9a81-696af415011c"]
[debug] &amp#27;[35m[UiAutomator2]&amp#27;[39m Getting session details from server to mix in
[debug] &amp#27;[35m[WD Proxy]&amp#27;[39m Matched '/' to command name 'getSession'
[debug] &amp#27;[35m[WD Proxy]&amp#27;[39m Proxying [GET /] to [GET http://127.0.0.1:8226/wd/hub/session/88115271-5fa9-4c61-8cac-d8cfb47417da] with body: {}
[debug] &amp#27;[35m[WD Proxy]&amp#27;[39m Got response with status 200: {"sessionId":"88115271-5fa9-4c61-8cac-d8cfb47417da","value":{}}
[debug] &amp#27;[35m[W3C (8f4c6122)]&amp#27;[39m Responding to client with driver.getSession() result: {"platform":"LINUX","webStorageEnabled":false,"takesScreenshot":true,"javascriptEnabled":true,"databaseEnabled":false,"networkConnectionEnabled":true,"locationContextEnabled":false,"warnings":{},"desired":{"platformName":"android","app":"C:\\Users\\OnilVakharia\\eclipse-workspace\\AppiumFramework\\src\\Api Demos.apk","automationName":"uiautomator2","deviceName":"emulator"},"platformName":"android","app":"C:\\Users\\OnilVakharia\\eclipse-workspace\\AppiumFramework\\src\\Api Demos.apk","automationName":"uiautomator2","deviceName":"emulator-5554","deviceUDID":"emulator-5554","appPackage":"io.appium.android.apis","deviceApiLevel":28,"platformVersion":"9","deviceScreenSize":"1080x1920","deviceScreenDensity":420,"deviceModel":"Android SDK built for x86_64","deviceManufacturer":"Google","pixelRatio":2.625,"statBarHeight":63,"viewportRect":{"left":0,"top":63,"width":1080,"height":1731}}
&amp#27;[35m[HTTP]&amp#27;[39m &amp#27;[37m<-- GET /wd/hub/session/8f4c6122-44ec-4747-9a81-696af415011c &amp#27;[39m&amp#27;[32m200&amp#27;[39m &amp#27;[90m18 ms - 901&amp#27;[39m
&amp#27;[35m[HTTP]&amp#27;[39m &amp#27;[90m&amp#27;[39m
&amp#27;[35m[HTTP]&amp#27;[39m &amp#27;[37m-->&amp#27;[39m &amp#27;[37mPOST&amp#27;[39m &amp#27;[37m/wd/hub/session/8f4c6122-44ec-4747-9a81-696af415011c/element&amp#27;[39m
&amp#27;[35m[HTTP]&amp#27;[39m &amp#27;[90m{"using":"xpath","value":"//android.widget.TextView[@text='Preference']"}&amp#27;[39m
[debug] &amp#27;[35m[W3C (8f4c6122)]&amp#27;[39m Calling AppiumDriver.findElement() with args: ["xpath","//android.widget.TextView[@text='Preference']","8f4c6122-44ec-4747-9a81-696af415011c"]
[debug] &amp#27;[35m[BaseDriver]&amp#27;[39m Valid locator strategies for this request: xpath, id, class name, accessibility id, -android uiautomator
[debug] &amp#27;[35m[BaseDriver]&amp#27;[39m Waiting up to 10000 ms for condition
[debug] &amp#27;[35m[WD Proxy]&amp#27;[39m Matched '/element' to command name 'findElement'
[debug] &amp#27;[35m[WD Proxy]&amp#27;[39m Proxying [POST /element] to [POST http://127.0.0.1:8226/wd/hub/session/88115271-5fa9-4c61-8cac-d8cfb47417da/element] with body: {"strategy":"xpath","selector":"//android.widget.TextView[@text='Preference']","context":"","multiple":false}
[debug] &amp#27;[35m[WD Proxy]&amp#27;[39m Got response with status 200: {"sessionId":"88115271-5fa9-4c61-8cac-d8cfb47417da","value":{"ELEMENT":"a5400c99-abcb-460b-87f5-32942055bf2c","element-6066-11e4-a52e-4f735466cecf":"a5400c99-abcb-460b-87f5-32942055bf2c"}}
[debug] &amp#27;[35m[W3C (8f4c6122)]&amp#27;[39m Responding to client with driver.findElement() result: {"element-6066-11e4-a52e-4f735466cecf":"a5400c99-abcb-460b-87f5-32942055bf2c","ELEMENT":"a5400c99-abcb-460b-87f5-32942055bf2c"}
&amp#27;[35m[HTTP]&amp#27;[39m &amp#27;[37m<-- POST /wd/hub/session/8f4c6122-44ec-4747-9a81-696af415011c/element &amp#27;[39m&amp#27;[32m200&amp#27;[39m &amp#27;[90m335 ms - 137&amp#27;[39m
&amp#27;[35m[HTTP]&amp#27;[39m &amp#27;[90m&amp#27;[39m
&amp#27;[35m[HTTP]&amp#27;[39m &amp#27;[37m-->&amp#27;[39m &amp#27;[37mPOST&amp#27;[39m &amp#27;[37m/wd/hub/session/8f4c6122-44ec-4747-9a81-696af415011c/element/a5400c99-abcb-460b-87f5-32942055bf2c/click&amp#27;[39m
&amp#27;[35m[HTTP]&amp#27;[39m &amp#27;[90m{"id":"a5400c99-abcb-460b-87f5-32942055bf2c"}&amp#27;[39m
[debug] &amp#27;[35m[W3C (8f4c6122)]&amp#27;[39m Calling AppiumDriver.click() with args: ["a5400c99-abcb-460b-87f5-32942055bf2c","8f4c6122-44ec-4747-9a81-696af415011c"]
[debug] &amp#27;[35m[WD Proxy]&amp#27;[39m Matched '/element/a5400c99-abcb-460b-87f5-32942055bf2c/click' to command name 'click'
[debug] &amp#27;[35m[WD Proxy]&amp#27;[39m Proxying [POST /element/a5400c99-abcb-460b-87f5-32942055bf2c/click] to [POST http://127.0.0.1:8226/wd/hub/session/88115271-5fa9-4c61-8cac-d8cfb47417da/element/a5400c99-abcb-460b-87f5-32942055bf2c/click] with body: {"element":"a5400c99-abcb-460b-87f5-32942055bf2c"}
[debug] &amp#27;[35m[WD Proxy]&amp#27;[39m Got response with status 200: {"sessionId":"88115271-5fa9-4c61-8cac-d8cfb47417da","value":null}
[debug] &amp#27;[35m[W3C (8f4c6122)]&amp#27;[39m Responding to client with driver.click() result: null
&amp#27;[35m[HTTP]&amp#27;[39m &amp#27;[37m<-- POST /wd/hub/session/8f4c6122-44ec-4747-9a81-696af415011c/element/a5400c99-abcb-460b-87f5-32942055bf2c/click &amp#27;[39m&amp#27;[32m200&amp#27;[39m &amp#27;[90m1205 ms - 14&amp#27;[39m
&amp#27;[35m[HTTP]&amp#27;[39m &amp#27;[90m&amp#27;[39m
&amp#27;[35m[HTTP]&amp#27;[39m &amp#27;[37m-->&amp#27;[39m &amp#27;[37mGET&amp#27;[39m &amp#27;[37m/wd/hub/session/8f4c6122-44ec-4747-9a81-696af415011c&amp#27;[39m
&amp#27;[35m[HTTP]&amp#27;[39m &amp#27;[90m{}&amp#27;[39m
[debug] &amp#27;[35m[W3C (8f4c6122)]&amp#27;[39m Calling AppiumDriver.getSession() with args: ["8f4c6122-44ec-4747-9a81-696af415011c"]
[debug] &amp#27;[35m[UiAutomator2]&amp#27;[39m Getting session details from server to mix in
[debug] &amp#27;[35m[WD Proxy]&amp#27;[39m Matched '/' to command name 'getSession'
[debug] &amp#27;[35m[WD Proxy]&amp#27;[39m Proxying [GET /] to [GET http://127.0.0.1:8226/wd/hub/session/88115271-5fa9-4c61-8cac-d8cfb47417da] with body: {}
[debug] &amp#27;[35m[WD Proxy]&amp#27;[39m Got response with status 200: {"sessionId":"88115271-5fa9-4c61-8cac-d8cfb47417da","value":{}}
[debug] &amp#27;[35m[W3C (8f4c6122)]&amp#27;[39m Responding to client with driver.getSession() result: {"platform":"LINUX","webStorageEnabled":false,"takesScreenshot":true,"javascriptEnabled":true,"databaseEnabled":false,"networkConnectionEnabled":true,"locationContextEnabled":false,"warnings":{},"desired":{"platformName":"android","app":"C:\\Users\\OnilVakharia\\eclipse-workspace\\AppiumFramework\\src\\Api Demos.apk","automationName":"uiautomator2","deviceName":"emulator"},"platformName":"android","app":"C:\\Users\\OnilVakharia\\eclipse-workspace\\AppiumFramework\\src\\Api Demos.apk","automationName":"uiautomator2","deviceName":"emulator-5554","deviceUDID":"emulator-5554","appPackage":"io.appium.android.apis","deviceApiLevel":28,"platformVersion":"9","deviceScreenSize":"1080x1920","deviceScreenDensity":420,"deviceModel":"Android SDK built for x86_64","deviceManufacturer":"Google","pixelRatio":2.625,"statBarHeight":63,"viewportRect":{"left":0,"top":63,"width":1080,"height":1731}}
&amp#27;[35m[HTTP]&amp#27;[39m &amp#27;[37m<-- GET /wd/hub/session/8f4c6122-44ec-4747-9a81-696af415011c &amp#27;[39m&amp#27;[32m200&amp#27;[39m &amp#27;[90m9 ms - 901&amp#27;[39m
&amp#27;[35m[HTTP]&amp#27;[39m &amp#27;[90m&amp#27;[39m
&amp#27;[35m[HTTP]&amp#27;[39m &amp#27;[37m-->&amp#27;[39m &amp#27;[37mGET&amp#27;[39m &amp#27;[37m/wd/hub/session/8f4c6122-44ec-4747-9a81-696af415011c&amp#27;[39m
&amp#27;[35m[HTTP]&amp#27;[39m &amp#27;[90m{}&amp#27;[39m
[debug] &amp#27;[35m[W3C (8f4c6122)]&amp#27;[39m Calling AppiumDriver.getSession() with args: ["8f4c6122-44ec-4747-9a81-696af415011c"]
[debug] &amp#27;[35m[UiAutomator2]&amp#27;[39m Getting session details from server to mix in
[debug] &amp#27;[35m[WD Proxy]&amp#27;[39m Matched '/' to command name 'getSession'
[debug] &amp#27;[35m[WD Proxy]&amp#27;[39m Proxying [GET /] to [GET http://127.0.0.1:8226/wd/hub/session/88115271-5fa9-4c61-8cac-d8cfb47417da] with body: {}
[debug] &amp#27;[35m[WD Proxy]&amp#27;[39m Got response with status 200: {"sessionId":"88115271-5fa9-4c61-8cac-d8cfb47417da","value":{}}
[debug] &amp#27;[35m[W3C (8f4c6122)]&amp#27;[39m Responding to client with driver.getSession() result: {"platform":"LINUX","webStorageEnabled":false,"takesScreenshot":true,"javascriptEnabled":true,"databaseEnabled":false,"networkConnectionEnabled":true,"locationContextEnabled":false,"warnings":{},"desired":{"platformName":"android","app":"C:\\Users\\OnilVakharia\\eclipse-workspace\\AppiumFramework\\src\\Api Demos.apk","automationName":"uiautomator2","deviceName":"emulator"},"platformName":"android","app":"C:\\Users\\OnilVakharia\\eclipse-workspace\\AppiumFramework\\src\\Api Demos.apk","automationName":"uiautomator2","deviceName":"emulator-5554","deviceUDID":"emulator-5554","appPackage":"io.appium.android.apis","deviceApiLevel":28,"platformVersion":"9","deviceScreenSize":"1080x1920","deviceScreenDensity":420,"deviceModel":"Android SDK built for x86_64","deviceManufacturer":"Google","pixelRatio":2.625,"statBarHeight":63,"viewportRect":{"left":0,"top":63,"width":1080,"height":1731}}
&amp#27;[35m[HTTP]&amp#27;[39m &amp#27;[37m<-- GET /wd/hub/session/8f4c6122-44ec-4747-9a81-696af415011c &amp#27;[39m&amp#27;[32m200&amp#27;[39m &amp#27;[90m12 ms - 901&amp#27;[39m
&amp#27;[35m[HTTP]&amp#27;[39m &amp#27;[90m&amp#27;[39m
&amp#27;[35m[HTTP]&amp#27;[39m &amp#27;[37m-->&amp#27;[39m &amp#27;[37mGET&amp#27;[39m &amp#27;[37m/wd/hub/session/8f4c6122-44ec-4747-9a81-696af415011c&amp#27;[39m
&amp#27;[35m[HTTP]&amp#27;[39m &amp#27;[90m{}&amp#27;[39m
[debug] &amp#27;[35m[W3C (8f4c6122)]&amp#27;[39m Calling AppiumDriver.getSession() with args: ["8f4c6122-44ec-4747-9a81-696af415011c"]
[debug] &amp#27;[35m[UiAutomator2]&amp#27;[39m Getting session details from server to mix in
[debug] &amp#27;[35m[WD Proxy]&amp#27;[39m Matched '/' to command name 'getSession'
[debug] &amp#27;[35m[WD Proxy]&amp#27;[39m Proxying [GET /] to [GET http://127.0.0.1:8226/wd/hub/session/88115271-5fa9-4c61-8cac-d8cfb47417da] with body: {}
[debug] &amp#27;[35m[WD Proxy]&amp#27;[39m Got response with status 200: {"sessionId":"88115271-5fa9-4c61-8cac-d8cfb47417da","value":{}}
[debug] &amp#27;[35m[W3C (8f4c6122)]&amp#27;[39m Responding to client with driver.getSession() result: {"platform":"LINUX","webStorageEnabled":false,"takesScreenshot":true,"javascriptEnabled":true,"databaseEnabled":false,"networkConnectionEnabled":true,"locationContextEnabled":false,"warnings":{},"desired":{"platformName":"android","app":"C:\\Users\\OnilVakharia\\eclipse-workspace\\AppiumFramework\\src\\Api Demos.apk","automationName":"uiautomator2","deviceName":"emulator"},"platformName":"android","app":"C:\\Users\\OnilVakharia\\eclipse-workspace\\AppiumFramework\\src\\Api Demos.apk","automationName":"uiautomator2","deviceName":"emulator-5554","deviceUDID":"emulator-5554","appPackage":"io.appium.android.apis","deviceApiLevel":28,"platformVersion":"9","deviceScreenSize":"1080x1920","deviceScreenDensity":420,"deviceModel":"Android SDK built for x86_64","deviceManufacturer":"Google","pixelRatio":2.625,"statBarHeight":63,"viewportRect":{"left":0,"top":63,"width":1080,"height":1731}}
&amp#27;[35m[HTTP]&amp#27;[39m &amp#27;[37m<-- GET /wd/hub/session/8f4c6122-44ec-4747-9a81-696af415011c &amp#27;[39m&amp#27;[32m200&amp#27;[39m &amp#27;[90m12 ms - 901&amp#27;[39m
&amp#27;[35m[HTTP]&amp#27;[39m &amp#27;[90m&amp#27;[39m
&amp#27;[35m[HTTP]&amp#27;[39m &amp#27;[37m-->&amp#27;[39m &amp#27;[37mPOST&amp#27;[39m &amp#27;[37m/wd/hub/session/8f4c6122-44ec-4747-9a81-696af415011c/element&amp#27;[39m
&amp#27;[35m[HTTP]&amp#27;[39m &amp#27;[90m{"using":"xpath","value":"//android.widget.TextView[@text='3. Preference dependencies']"}&amp#27;[39m
[debug] &amp#27;[35m[W3C (8f4c6122)]&amp#27;[39m Calling AppiumDriver.findElement() with args: ["xpath","//android.widget.TextView[@text='3. Preference dependencies']","8f4c6122-44ec-4747-9a81-696af415011c"]
[debug] &amp#27;[35m[BaseDriver]&amp#27;[39m Valid locator strategies for this request: xpath, id, class name, accessibility id, -android uiautomator
[debug] &amp#27;[35m[BaseDriver]&amp#27;[39m Waiting up to 10000 ms for condition
[debug] &amp#27;[35m[WD Proxy]&amp#27;[39m Matched '/element' to command name 'findElement'
[debug] &amp#27;[35m[WD Proxy]&amp#27;[39m Proxying [POST /element] to [POST http://127.0.0.1:8226/wd/hub/session/88115271-5fa9-4c61-8cac-d8cfb47417da/element] with body: {"strategy":"xpath","selector":"//android.widget.TextView[@text='3. Preference dependencies']","context":"","multiple":false}
[debug] &amp#27;[35m[WD Proxy]&amp#27;[39m Got response with status 200: {"sessionId":"88115271-5fa9-4c61-8cac-d8cfb47417da","value":{"ELEMENT":"4b653761-2361-4c79-b467-8a89396341e9","element-6066-11e4-a52e-4f735466cecf":"4b653761-2361-4c79-b467-8a89396341e9"}}
[debug] &amp#27;[35m[W3C (8f4c6122)]&amp#27;[39m Responding to client with driver.findElement() result: {"element-6066-11e4-a52e-4f735466cecf":"4b653761-2361-4c79-b467-8a89396341e9","ELEMENT":"4b653761-2361-4c79-b467-8a89396341e9"}
&amp#27;[35m[HTTP]&amp#27;[39m &amp#27;[37m<-- POST /wd/hub/session/8f4c6122-44ec-4747-9a81-696af415011c/element &amp#27;[39m&amp#27;[32m200&amp#27;[39m &amp#27;[90m82 ms - 137&amp#27;[39m
&amp#27;[35m[HTTP]&amp#27;[39m &amp#27;[90m&amp#27;[39m
&amp#27;[35m[HTTP]&amp#27;[39m &amp#27;[37m-->&amp#27;[39m &amp#27;[37mPOST&amp#27;[39m &amp#27;[37m/wd/hub/session/8f4c6122-44ec-4747-9a81-696af415011c/element/4b653761-2361-4c79-b467-8a89396341e9/click&amp#27;[39m
&amp#27;[35m[HTTP]&amp#27;[39m &amp#27;[90m{"id":"4b653761-2361-4c79-b467-8a89396341e9"}&amp#27;[39m
[debug] &amp#27;[35m[W3C (8f4c6122)]&amp#27;[39m Calling AppiumDriver.click() with args: ["4b653761-2361-4c79-b467-8a89396341e9","8f4c6122-44ec-4747-9a81-696af415011c"]
[debug] &amp#27;[35m[WD Proxy]&amp#27;[39m Matched '/element/4b653761-2361-4c79-b467-8a89396341e9/click' to command name 'click'
[debug] &amp#27;[35m[WD Proxy]&amp#27;[39m Proxying [POST /element/4b653761-2361-4c79-b467-8a89396341e9/click] to [POST http://127.0.0.1:8226/wd/hub/session/88115271-5fa9-4c61-8cac-d8cfb47417da/element/4b653761-2361-4c79-b467-8a89396341e9/click] with body: {"element":"4b653761-2361-4c79-b467-8a89396341e9"}
[debug] &amp#27;[35m[WD Proxy]&amp#27;[39m Got response with status 200: {"sessionId":"88115271-5fa9-4c61-8cac-d8cfb47417da","value":null}
[debug] &amp#27;[35m[W3C (8f4c6122)]&amp#27;[39m Responding to client with driver.click() result: null
&amp#27;[35m[HTTP]&amp#27;[39m &amp#27;[37m<-- POST /wd/hub/session/8f4c6122-44ec-4747-9a81-696af415011c/element/4b653761-2361-4c79-b467-8a89396341e9/click &amp#27;[39m&amp#27;[32m200&amp#27;[39m &amp#27;[90m1153 ms - 14&amp#27;[39m
&amp#27;[35m[HTTP]&amp#27;[39m &amp#27;[90m&amp#27;[39m
&amp#27;[35m[HTTP]&amp#27;[39m &amp#27;[37m-->&amp#27;[39m &amp#27;[37mGET&amp#27;[39m &amp#27;[37m/wd/hub/session/8f4c6122-44ec-4747-9a81-696af415011c&amp#27;[39m
&amp#27;[35m[HTTP]&amp#27;[39m &amp#27;[90m{}&amp#27;[39m
[debug] &amp#27;[35m[W3C (8f4c6122)]&amp#27;[39m Calling AppiumDriver.getSession() with args: ["8f4c6122-44ec-4747-9a81-696af415011c"]
[debug] &amp#27;[35m[UiAutomator2]&amp#27;[39m Getting session details from server to mix in
[debug] &amp#27;[35m[WD Proxy]&amp#27;[39m Matched '/' to command name 'getSession'
[debug] &amp#27;[35m[WD Proxy]&amp#27;[39m Proxying [GET /] to [GET http://127.0.0.1:8226/wd/hub/session/88115271-5fa9-4c61-8cac-d8cfb47417da] with body: {}
[debug] &amp#27;[35m[WD Proxy]&amp#27;[39m Got response with status 200: {"sessionId":"88115271-5fa9-4c61-8cac-d8cfb47417da","value":{}}
[debug] &amp#27;[35m[W3C (8f4c6122)]&amp#27;[39m Responding to client with driver.getSession() result: {"platform":"LINUX","webStorageEnabled":false,"takesScreenshot":true,"javascriptEnabled":true,"databaseEnabled":false,"networkConnectionEnabled":true,"locationContextEnabled":false,"warnings":{},"desired":{"platformName":"android","app":"C:\\Users\\OnilVakharia\\eclipse-workspace\\AppiumFramework\\src\\Api Demos.apk","automationName":"uiautomator2","deviceName":"emulator"},"platformName":"android","app":"C:\\Users\\OnilVakharia\\eclipse-workspace\\AppiumFramework\\src\\Api Demos.apk","automationName":"uiautomator2","deviceName":"emulator-5554","deviceUDID":"emulator-5554","appPackage":"io.appium.android.apis","deviceApiLevel":28,"platformVersion":"9","deviceScreenSize":"1080x1920","deviceScreenDensity":420,"deviceModel":"Android SDK built for x86_64","deviceManufacturer":"Google","pixelRatio":2.625,"statBarHeight":63,"viewportRect":{"left":0,"top":63,"width":1080,"height":1731}}
&amp#27;[35m[HTTP]&amp#27;[39m &amp#27;[37m<-- GET /wd/hub/session/8f4c6122-44ec-4747-9a81-696af415011c &amp#27;[39m&amp#27;[32m200&amp#27;[39m &amp#27;[90m8 ms - 901&amp#27;[39m
&amp#27;[35m[HTTP]&amp#27;[39m &amp#27;[90m&amp#27;[39m
&amp#27;[35m[HTTP]&amp#27;[39m &amp#27;[37m-->&amp#27;[39m &amp#27;[37mGET&amp#27;[39m &amp#27;[37m/wd/hub/session/8f4c6122-44ec-4747-9a81-696af415011c&amp#27;[39m
&amp#27;[35m[HTTP]&amp#27;[39m &amp#27;[90m{}&amp#27;[39m
[debug] &amp#27;[35m[W3C (8f4c6122)]&amp#27;[39m Calling AppiumDriver.getSession() with args: ["8f4c6122-44ec-4747-9a81-696af415011c"]
[debug] &amp#27;[35m[UiAutomator2]&amp#27;[39m Getting session details from server to mix in
[debug] &amp#27;[35m[WD Proxy]&amp#27;[39m Matched '/' to command name 'getSession'
[debug] &amp#27;[35m[WD Proxy]&amp#27;[39m Proxying [GET /] to [GET http://127.0.0.1:8226/wd/hub/session/88115271-5fa9-4c61-8cac-d8cfb47417da] with body: {}
[debug] &amp#27;[35m[WD Proxy]&amp#27;[39m Got response with status 200: {"sessionId":"88115271-5fa9-4c61-8cac-d8cfb47417da","value":{}}
[debug] &amp#27;[35m[W3C (8f4c6122)]&amp#27;[39m Responding to client with driver.getSession() result: {"platform":"LINUX","webStorageEnabled":false,"takesScreenshot":true,"javascriptEnabled":true,"databaseEnabled":false,"networkConnectionEnabled":true,"locationContextEnabled":false,"warnings":{},"desired":{"platformName":"android","app":"C:\\Users\\OnilVakharia\\eclipse-workspace\\AppiumFramework\\src\\Api Demos.apk","automationName":"uiautomator2","deviceName":"emulator"},"platformName":"android","app":"C:\\Users\\OnilVakharia\\eclipse-workspace\\AppiumFramework\\src\\Api Demos.apk","automationName":"uiautomator2","deviceName":"emulator-5554","deviceUDID":"emulator-5554","appPackage":"io.appium.android.apis","deviceApiLevel":28,"platformVersion":"9","deviceScreenSize":"1080x1920","deviceScreenDensity":420,"deviceModel":"Android SDK built for x86_64","deviceManufacturer":"Google","pixelRatio":2.625,"statBarHeight":63,"viewportRect":{"left":0,"top":63,"width":1080,"height":1731}}
&amp#27;[35m[HTTP]&amp#27;[39m &amp#27;[37m<-- GET /wd/hub/session/8f4c6122-44ec-4747-9a81-696af415011c &amp#27;[39m&amp#27;[32m200&amp#27;[39m &amp#27;[90m10 ms - 901&amp#27;[39m
&amp#27;[35m[HTTP]&amp#27;[39m &amp#27;[90m&amp#27;[39m
&amp#27;[35m[HTTP]&amp#27;[39m &amp#27;[37m-->&amp#27;[39m &amp#27;[37mGET&amp#27;[39m &amp#27;[37m/wd/hub/session/8f4c6122-44ec-4747-9a81-696af415011c&amp#27;[39m
&amp#27;[35m[HTTP]&amp#27;[39m &amp#27;[90m{}&amp#27;[39m
[debug] &amp#27;[35m[W3C (8f4c6122)]&amp#27;[39m Calling AppiumDriver.getSession() with args: ["8f4c6122-44ec-4747-9a81-696af415011c"]
[debug] &amp#27;[35m[UiAutomator2]&amp#27;[39m Getting session details from server to mix in
[debug] &amp#27;[35m[WD Proxy]&amp#27;[39m Matched '/' to command name 'getSession'
[debug] &amp#27;[35m[WD Proxy]&amp#27;[39m Proxying [GET /] to [GET http://127.0.0.1:8226/wd/hub/session/88115271-5fa9-4c61-8cac-d8cfb47417da] with body: {}
[debug] &amp#27;[35m[WD Proxy]&amp#27;[39m Got response with status 200: {"sessionId":"88115271-5fa9-4c61-8cac-d8cfb47417da","value":{}}
[debug] &amp#27;[35m[W3C (8f4c6122)]&amp#27;[39m Responding to client with driver.getSession() result: {"platform":"LINUX","webStorageEnabled":false,"takesScreenshot":true,"javascriptEnabled":true,"databaseEnabled":false,"networkConnectionEnabled":true,"locationContextEnabled":false,"warnings":{},"desired":{"platformName":"android","app":"C:\\Users\\OnilVakharia\\eclipse-workspace\\AppiumFramework\\src\\Api Demos.apk","automationName":"uiautomator2","deviceName":"emulator"},"platformName":"android","app":"C:\\Users\\OnilVakharia\\eclipse-workspace\\AppiumFramework\\src\\Api Demos.apk","automationName":"uiautomator2","deviceName":"emulator-5554","deviceUDID":"emulator-5554","appPackage":"io.appium.android.apis","deviceApiLevel":28,"platformVersion":"9","deviceScreenSize":"1080x1920","deviceScreenDensity":420,"deviceModel":"Android SDK built for x86_64","deviceManufacturer":"Google","pixelRatio":2.625,"statBarHeight":63,"viewportRect":{"left":0,"top":63,"width":1080,"height":1731}}
&amp#27;[35m[HTTP]&amp#27;[39m &amp#27;[37m<-- GET /wd/hub/session/8f4c6122-44ec-4747-9a81-696af415011c &amp#27;[39m&amp#27;[32m200&amp#27;[39m &amp#27;[90m8 ms - 901&amp#27;[39m
&amp#27;[35m[HTTP]&amp#27;[39m &amp#27;[90m&amp#27;[39m
&amp#27;[35m[HTTP]&amp#27;[39m &amp#27;[37m-->&amp#27;[39m &amp#27;[37mPOST&amp#27;[39m &amp#27;[37m/wd/hub/session/8f4c6122-44ec-4747-9a81-696af415011c/element&amp#27;[39m
&amp#27;[35m[HTTP]&amp#27;[39m &amp#27;[90m{"using":"id","value":"android:id/checkbox"}&amp#27;[39m
[debug] &amp#27;[35m[W3C (8f4c6122)]&amp#27;[39m Calling AppiumDriver.findElement() with args: ["id","android:id/checkbox","8f4c6122-44ec-4747-9a81-696af415011c"]
[debug] &amp#27;[35m[BaseDriver]&amp#27;[39m Valid locator strategies for this request: xpath, id, class name, accessibility id, -android uiautomator
[debug] &amp#27;[35m[BaseDriver]&amp#27;[39m Waiting up to 10000 ms for condition
[debug] &amp#27;[35m[WD Proxy]&amp#27;[39m Matched '/element' to command name 'findElement'
[debug] &amp#27;[35m[WD Proxy]&amp#27;[39m Proxying [POST /element] to [POST http://127.0.0.1:8226/wd/hub/session/88115271-5fa9-4c61-8cac-d8cfb47417da/element] with body: {"strategy":"id","selector":"android:id/checkbox","context":"","multiple":false}
[debug] &amp#27;[35m[WD Proxy]&amp#27;[39m Got response with status 200: {"sessionId":"88115271-5fa9-4c61-8cac-d8cfb47417da","value":{"ELEMENT":"6bababb3-297e-46ce-b588-70d917556b7f","element-6066-11e4-a52e-4f735466cecf":"6bababb3-297e-46ce-b588-70d917556b7f"}}
[debug] &amp#27;[35m[W3C (8f4c6122)]&amp#27;[39m Responding to client with driver.findElement() result: {"element-6066-11e4-a52e-4f735466cecf":"6bababb3-297e-46ce-b588-70d917556b7f","ELEMENT":"6bababb3-297e-46ce-b588-70d917556b7f"}
&amp#27;[35m[HTTP]&amp#27;[39m &amp#27;[37m<-- POST /wd/hub/session/8f4c6122-44ec-4747-9a81-696af415011c/element &amp#27;[39m&amp#27;[32m200&amp#27;[39m &amp#27;[90m24 ms - 137&amp#27;[39m
&amp#27;[35m[HTTP]&amp#27;[39m &amp#27;[90m&amp#27;[39m
&amp#27;[35m[HTTP]&amp#27;[39m &amp#27;[37m-->&amp#27;[39m &amp#27;[37mPOST&amp#27;[39m &amp#27;[37m/wd/hub/session/8f4c6122-44ec-4747-9a81-696af415011c/element/6bababb3-297e-46ce-b588-70d917556b7f/clear&amp#27;[39m
&amp#27;[35m[HTTP]&amp#27;[39m &amp#27;[90m{"id":"6bababb3-297e-46ce-b588-70d917556b7f"}&amp#27;[39m
[debug] &amp#27;[35m[W3C (8f4c6122)]&amp#27;[39m Calling AppiumDriver.clear() with args: ["6bababb3-297e-46ce-b588-70d917556b7f","8f4c6122-44ec-4747-9a81-696af415011c"]
[debug] &amp#27;[35m[WD Proxy]&amp#27;[39m Matched '/element/6bababb3-297e-46ce-b588-70d917556b7f/clear' to command name 'clear'
[debug] &amp#27;[35m[WD Proxy]&amp#27;[39m Proxying [POST /element/6bababb3-297e-46ce-b588-70d917556b7f/clear] to [POST http://127.0.0.1:8226/wd/hub/session/88115271-5fa9-4c61-8cac-d8cfb47417da/element/6bababb3-297e-46ce-b588-70d917556b7f/clear] with body: {"elementId":"6bababb3-297e-46ce-b588-70d917556b7f"}
[debug] &amp#27;[35m[WD Proxy]&amp#27;[39m Got response with status 200: {"sessionId":"88115271-5fa9-4c61-8cac-d8cfb47417da","value":null}
[debug] &amp#27;[35m[W3C (8f4c6122)]&amp#27;[39m Responding to client with driver.clear() result: null
&amp#27;[35m[HTTP]&amp#27;[39m &amp#27;[37m<-- POST /wd/hub/session/8f4c6122-44ec-4747-9a81-696af415011c/element/6bababb3-297e-46ce-b588-70d917556b7f/clear &amp#27;[39m&amp#27;[32m200&amp#27;[39m &amp#27;[90m18 ms - 14&amp#27;[39m
&amp#27;[35m[HTTP]&amp#27;[39m &amp#27;[90m&amp#27;[39m
&amp#27;[35m[HTTP]&amp#27;[39m &amp#27;[37m-->&amp#27;[39m &amp#27;[37mGET&amp#27;[39m &amp#27;[37m/wd/hub/session/8f4c6122-44ec-4747-9a81-696af415011c&amp#27;[39m
&amp#27;[35m[HTTP]&amp#27;[39m &amp#27;[90m{}&amp#27;[39m
[debug] &amp#27;[35m[W3C (8f4c6122)]&amp#27;[39m Calling AppiumDriver.getSession() with args: ["8f4c6122-44ec-4747-9a81-696af415011c"]
[debug] &amp#27;[35m[UiAutomator2]&amp#27;[39m Getting session details from server to mix in
[debug] &amp#27;[35m[WD Proxy]&amp#27;[39m Matched '/' to command name 'getSession'
[debug] &amp#27;[35m[WD Proxy]&amp#27;[39m Proxying [GET /] to [GET http://127.0.0.1:8226/wd/hub/session/88115271-5fa9-4c61-8cac-d8cfb47417da] with body: {}
[debug] &amp#27;[35m[WD Proxy]&amp#27;[39m Got response with status 200: {"sessionId":"88115271-5fa9-4c61-8cac-d8cfb47417da","value":{}}
[debug] &amp#27;[35m[W3C (8f4c6122)]&amp#27;[39m Responding to client with driver.getSession() result: {"platform":"LINUX","webStorageEnabled":false,"takesScreenshot":true,"javascriptEnabled":true,"databaseEnabled":false,"networkConnectionEnabled":true,"locationContextEnabled":false,"warnings":{},"desired":{"platformName":"android","app":"C:\\Users\\OnilVakharia\\eclipse-workspace\\AppiumFramework\\src\\Api Demos.apk","automationName":"uiautomator2","deviceName":"emulator"},"platformName":"android","app":"C:\\Users\\OnilVakharia\\eclipse-workspace\\AppiumFramework\\src\\Api Demos.apk","automationName":"uiautomator2","deviceName":"emulator-5554","deviceUDID":"emulator-5554","appPackage":"io.appium.android.apis","deviceApiLevel":28,"platformVersion":"9","deviceScreenSize":"1080x1920","deviceScreenDensity":420,"deviceModel":"Android SDK built for x86_64","deviceManufacturer":"Google","pixelRatio":2.625,"statBarHeight":63,"viewportRect":{"left":0,"top":63,"width":1080,"height":1731}}
&amp#27;[35m[HTTP]&amp#27;[39m &amp#27;[37m<-- GET /wd/hub/session/8f4c6122-44ec-4747-9a81-696af415011c &amp#27;[39m&amp#27;[32m200&amp#27;[39m &amp#27;[90m7 ms - 901&amp#27;[39m
&amp#27;[35m[HTTP]&amp#27;[39m &amp#27;[90m&amp#27;[39m
&amp#27;[35m[HTTP]&amp#27;[39m &amp#27;[37m-->&amp#27;[39m &amp#27;[37mPOST&amp#27;[39m &amp#27;[37m/wd/hub/session/8f4c6122-44ec-4747-9a81-696af415011c/element&amp#27;[39m
&amp#27;[35m[HTTP]&amp#27;[39m &amp#27;[90m{"using":"class name","value":"android.widget.CheckBox"}&amp#27;[39m
[debug] &amp#27;[35m[W3C (8f4c6122)]&amp#27;[39m Calling AppiumDriver.findElement() with args: ["class name","android.widget.CheckBox","8f4c6122-44ec-4747-9a81-696af415011c"]
[debug] &amp#27;[35m[BaseDriver]&amp#27;[39m Valid locator strategies for this request: xpath, id, class name, accessibility id, -android uiautomator
[debug] &amp#27;[35m[BaseDriver]&amp#27;[39m Waiting up to 10000 ms for condition
[debug] &amp#27;[35m[WD Proxy]&amp#27;[39m Matched '/element' to command name 'findElement'
[debug] &amp#27;[35m[WD Proxy]&amp#27;[39m Proxying [POST /element] to [POST http://127.0.0.1:8226/wd/hub/session/88115271-5fa9-4c61-8cac-d8cfb47417da/element] with body: {"strategy":"class name","selector":"android.widget.CheckBox","context":"","multiple":false}
[debug] &amp#27;[35m[WD Proxy]&amp#27;[39m Got response with status 200: {"sessionId":"88115271-5fa9-4c61-8cac-d8cfb47417da","value":{"ELEMENT":"737cb1da-ee86-41b0-b7ac-821f1864adc3","element-6066-11e4-a52e-4f735466cecf":"737cb1da-ee86-41b0-b7ac-821f1864adc3"}}
[debug] &amp#27;[35m[W3C (8f4c6122)]&amp#27;[39m Responding to client with driver.findElement() result: {"element-6066-11e4-a52e-4f735466cecf":"737cb1da-ee86-41b0-b7ac-821f1864adc3","ELEMENT":"737cb1da-ee86-41b0-b7ac-821f1864adc3"}
&amp#27;[35m[HTTP]&amp#27;[39m &amp#27;[37m<-- POST /wd/hub/session/8f4c6122-44ec-4747-9a81-696af415011c/element &amp#27;[39m&amp#27;[32m200&amp#27;[39m &amp#27;[90m27 ms - 137&amp#27;[39m
&amp#27;[35m[HTTP]&amp#27;[39m &amp#27;[90m&amp#27;[39m
&amp#27;[35m[HTTP]&amp#27;[39m &amp#27;[37m-->&amp#27;[39m &amp#27;[37mPOST&amp#27;[39m &amp#27;[37m/wd/hub/session/8f4c6122-44ec-4747-9a81-696af415011c/element/737cb1da-ee86-41b0-b7ac-821f1864adc3/click&amp#27;[39m
&amp#27;[35m[HTTP]&amp#27;[39m &amp#27;[90m{"id":"737cb1da-ee86-41b0-b7ac-821f1864adc3"}&amp#27;[39m
[debug] &amp#27;[35m[W3C (8f4c6122)]&amp#27;[39m Calling AppiumDriver.click() with args: ["737cb1da-ee86-41b0-b7ac-821f1864adc3","8f4c6122-44ec-4747-9a81-696af415011c"]
[debug] &amp#27;[35m[WD Proxy]&amp#27;[39m Matched '/element/737cb1da-ee86-41b0-b7ac-821f1864adc3/click' to command name 'click'
[debug] &amp#27;[35m[WD Proxy]&amp#27;[39m Proxying [POST /element/737cb1da-ee86-41b0-b7ac-821f1864adc3/click] to [POST http://127.0.0.1:8226/wd/hub/session/88115271-5fa9-4c61-8cac-d8cfb47417da/element/737cb1da-ee86-41b0-b7ac-821f1864adc3/click] with body: {"element":"737cb1da-ee86-41b0-b7ac-821f1864adc3"}
[debug] &amp#27;[35m[WD Proxy]&amp#27;[39m Got response with status 200: {"sessionId":"88115271-5fa9-4c61-8cac-d8cfb47417da","value":null}
[debug] &amp#27;[35m[W3C (8f4c6122)]&amp#27;[39m Responding to client with driver.click() result: null
&amp#27;[35m[HTTP]&amp#27;[39m &amp#27;[37m<-- POST /wd/hub/session/8f4c6122-44ec-4747-9a81-696af415011c/element/737cb1da-ee86-41b0-b7ac-821f1864adc3/click &amp#27;[39m&amp#27;[32m200&amp#27;[39m &amp#27;[90m24 ms - 14&amp#27;[39m
&amp#27;[35m[HTTP]&amp#27;[39m &amp#27;[90m&amp#27;[39m
&amp#27;[35m[HTTP]&amp#27;[39m &amp#27;[37m-->&amp#27;[39m &amp#27;[37mGET&amp#27;[39m &amp#27;[37m/wd/hub/session/8f4c6122-44ec-4747-9a81-696af415011c&amp#27;[39m
&amp#27;[35m[HTTP]&amp#27;[39m &amp#27;[90m{}&amp#27;[39m
[debug] &amp#27;[35m[W3C (8f4c6122)]&amp#27;[39m Calling AppiumDriver.getSession() with args: ["8f4c6122-44ec-4747-9a81-696af415011c"]
[debug] &amp#27;[35m[UiAutomator2]&amp#27;[39m Getting session details from server to mix in
[debug] &amp#27;[35m[WD Proxy]&amp#27;[39m Matched '/' to command name 'getSession'
[debug] &amp#27;[35m[WD Proxy]&amp#27;[39m Proxying [GET /] to [GET http://127.0.0.1:8226/wd/hub/session/88115271-5fa9-4c61-8cac-d8cfb47417da] with body: {}
[debug] &amp#27;[35m[WD Proxy]&amp#27;[39m Got response with status 200: {"sessionId":"88115271-5fa9-4c61-8cac-d8cfb47417da","value":{}}
[debug] &amp#27;[35m[W3C (8f4c6122)]&amp#27;[39m Responding to client with driver.getSession() result: {"platform":"LINUX","webStorageEnabled":false,"takesScreenshot":true,"javascriptEnabled":true,"databaseEnabled":false,"networkConnectionEnabled":true,"locationContextEnabled":false,"warnings":{},"desired":{"platformName":"android","app":"C:\\Users\\OnilVakharia\\eclipse-workspace\\AppiumFramework\\src\\Api Demos.apk","automationName":"uiautomator2","deviceName":"emulator"},"platformName":"android","app":"C:\\Users\\OnilVakharia\\eclipse-workspace\\AppiumFramework\\src\\Api Demos.apk","automationName":"uiautomator2","deviceName":"emulator-5554","deviceUDID":"emulator-5554","appPackage":"io.appium.android.apis","deviceApiLevel":28,"platformVersion":"9","deviceScreenSize":"1080x1920","deviceScreenDensity":420,"deviceModel":"Android SDK built for x86_64","deviceManufacturer":"Google","pixelRatio":2.625,"statBarHeight":63,"viewportRect":{"left":0,"top":63,"width":1080,"height":1731}}
&amp#27;[35m[HTTP]&amp#27;[39m &amp#27;[37m<-- GET /wd/hub/session/8f4c6122-44ec-4747-9a81-696af415011c &amp#27;[39m&amp#27;[32m200&amp#27;[39m &amp#27;[90m17 ms - 901&amp#27;[39m
&amp#27;[35m[HTTP]&amp#27;[39m &amp#27;[90m&amp#27;[39m
&amp#27;[35m[HTTP]&amp#27;[39m &amp#27;[37m-->&amp#27;[39m &amp#27;[37mPOST&amp#27;[39m &amp#27;[37m/wd/hub/session/8f4c6122-44ec-4747-9a81-696af415011c/element&amp#27;[39m
&amp#27;[35m[HTTP]&amp#27;[39m &amp#27;[90m{"using":"xpath","value":"//android.widget.TextView[@text='WiFi settings']"}&amp#27;[39m
[debug] &amp#27;[35m[W3C (8f4c6122)]&amp#27;[39m Calling AppiumDriver.findElement() with args: ["xpath","//android.widget.TextView[@text='WiFi settings']","8f4c6122-44ec-4747-9a81-696af415011c"]
[debug] &amp#27;[35m[BaseDriver]&amp#27;[39m Valid locator strategies for this request: xpath, id, class name, accessibility id, -android uiautomator
[debug] &amp#27;[35m[BaseDriver]&amp#27;[39m Waiting up to 10000 ms for condition
[debug] &amp#27;[35m[WD Proxy]&amp#27;[39m Matched '/element' to command name 'findElement'
[debug] &amp#27;[35m[WD Proxy]&amp#27;[39m Proxying [POST /element] to [POST http://127.0.0.1:8226/wd/hub/session/88115271-5fa9-4c61-8cac-d8cfb47417da/element] with body: {"strategy":"xpath","selector":"//android.widget.TextView[@text='WiFi settings']","context":"","multiple":false}
[debug] &amp#27;[35m[WD Proxy]&amp#27;[39m Got response with status 200: {"sessionId":"88115271-5fa9-4c61-8cac-d8cfb47417da","value":{"ELEMENT":"f0b84c70-2de7-4749-a881-316138931c03","element-6066-11e4-a52e-4f735466cecf":"f0b84c70-2de7-4749-a881-316138931c03"}}
[debug] &amp#27;[35m[W3C (8f4c6122)]&amp#27;[39m Responding to client with driver.findElement() result: {"element-6066-11e4-a52e-4f735466cecf":"f0b84c70-2de7-4749-a881-316138931c03","ELEMENT":"f0b84c70-2de7-4749-a881-316138931c03"}
&amp#27;[35m[HTTP]&amp#27;[39m &amp#27;[37m<-- POST /wd/hub/session/8f4c6122-44ec-4747-9a81-696af415011c/element &amp#27;[39m&amp#27;[32m200&amp#27;[39m &amp#27;[90m738 ms - 137&amp#27;[39m
&amp#27;[35m[HTTP]&amp#27;[39m &amp#27;[90m&amp#27;[39m
&amp#27;[35m[HTTP]&amp#27;[39m &amp#27;[37m-->&amp#27;[39m &amp#27;[37mPOST&amp#27;[39m &amp#27;[37m/wd/hub/session/8f4c6122-44ec-4747-9a81-696af415011c/element/f0b84c70-2de7-4749-a881-316138931c03/click&amp#27;[39m
&amp#27;[35m[HTTP]&amp#27;[39m &amp#27;[90m{"id":"f0b84c70-2de7-4749-a881-316138931c03"}&amp#27;[39m
[debug] &amp#27;[35m[W3C (8f4c6122)]&amp#27;[39m Calling AppiumDriver.click() with args: ["f0b84c70-2de7-4749-a881-316138931c03","8f4c6122-44ec-4747-9a81-696af415011c"]
[debug] &amp#27;[35m[WD Proxy]&amp#27;[39m Matched '/element/f0b84c70-2de7-4749-a881-316138931c03/click' to command name 'click'
[debug] &amp#27;[35m[WD Proxy]&amp#27;[39m Proxying [POST /element/f0b84c70-2de7-4749-a881-316138931c03/click] to [POST http://127.0.0.1:8226/wd/hub/session/88115271-5fa9-4c61-8cac-d8cfb47417da/element/f0b84c70-2de7-4749-a881-316138931c03/click] with body: {"element":"f0b84c70-2de7-4749-a881-316138931c03"}
[debug] &amp#27;[35m[WD Proxy]&amp#27;[39m Got response with status 200: {"sessionId":"88115271-5fa9-4c61-8cac-d8cfb47417da","value":null}
[debug] &amp#27;[35m[W3C (8f4c6122)]&amp#27;[39m Responding to client with driver.click() result: null
&amp#27;[35m[HTTP]&amp#27;[39m &amp#27;[37m<-- POST /wd/hub/session/8f4c6122-44ec-4747-9a81-696af415011c/element/f0b84c70-2de7-4749-a881-316138931c03/click &amp#27;[39m&amp#27;[32m200&amp#27;[39m &amp#27;[90m34 ms - 14&amp#27;[39m
&amp#27;[35m[HTTP]&amp#27;[39m &amp#27;[90m&amp#27;[39m
&amp#27;[35m[HTTP]&amp#27;[39m &amp#27;[37m-->&amp#27;[39m &amp#27;[37mGET&amp#27;[39m &amp#27;[37m/wd/hub/session/8f4c6122-44ec-4747-9a81-696af415011c&amp#27;[39m
&amp#27;[35m[HTTP]&amp#27;[39m &amp#27;[90m{}&amp#27;[39m
[debug] &amp#27;[35m[W3C (8f4c6122)]&amp#27;[39m Calling AppiumDriver.getSession() with args: ["8f4c6122-44ec-4747-9a81-696af415011c"]
[debug] &amp#27;[35m[UiAutomator2]&amp#27;[39m Getting session details from server to mix in
[debug] &amp#27;[35m[WD Proxy]&amp#27;[39m Matched '/' to command name 'getSession'
[debug] &amp#27;[35m[WD Proxy]&amp#27;[39m Proxying [GET /] to [GET http://127.0.0.1:8226/wd/hub/session/88115271-5fa9-4c61-8cac-d8cfb47417da] with body: {}
[debug] &amp#27;[35m[WD Proxy]&amp#27;[39m Got response with status 200: {"sessionId":"88115271-5fa9-4c61-8cac-d8cfb47417da","value":{}}
[debug] &amp#27;[35m[W3C (8f4c6122)]&amp#27;[39m Responding to client with driver.getSession() result: {"platform":"LINUX","webStorageEnabled":false,"takesScreenshot":true,"javascriptEnabled":true,"databaseEnabled":false,"networkConnectionEnabled":true,"locationContextEnabled":false,"warnings":{},"desired":{"platformName":"android","app":"C:\\Users\\OnilVakharia\\eclipse-workspace\\AppiumFramework\\src\\Api Demos.apk","automationName":"uiautomator2","deviceName":"emulator"},"platformName":"android","app":"C:\\Users\\OnilVakharia\\eclipse-workspace\\AppiumFramework\\src\\Api Demos.apk","automationName":"uiautomator2","deviceName":"emulator-5554","deviceUDID":"emulator-5554","appPackage":"io.appium.android.apis","deviceApiLevel":28,"platformVersion":"9","deviceScreenSize":"1080x1920","deviceScreenDensity":420,"deviceModel":"Android SDK built for x86_64","deviceManufacturer":"Google","pixelRatio":2.625,"statBarHeight":63,"viewportRect":{"left":0,"top":63,"width":1080,"height":1731}}
&amp#27;[35m[HTTP]&amp#27;[39m &amp#27;[37m<-- GET /wd/hub/session/8f4c6122-44ec-4747-9a81-696af415011c &amp#27;[39m&amp#27;[32m200&amp#27;[39m &amp#27;[90m14 ms - 901&amp#27;[39m
&amp#27;[35m[HTTP]&amp#27;[39m &amp#27;[90m&amp#27;[39m
&amp#27;[35m[HTTP]&amp#27;[39m &amp#27;[37m-->&amp#27;[39m &amp#27;[37mPOST&amp#27;[39m &amp#27;[37m/wd/hub/session/8f4c6122-44ec-4747-9a81-696af415011c/element&amp#27;[39m
&amp#27;[35m[HTTP]&amp#27;[39m &amp#27;[90m{"using":"class name","value":"android.widget.EditText"}&amp#27;[39m
[debug] &amp#27;[35m[W3C (8f4c6122)]&amp#27;[39m Calling AppiumDriver.findElement() with args: ["class name","android.widget.EditText","8f4c6122-44ec-4747-9a81-696af415011c"]
[debug] &amp#27;[35m[BaseDriver]&amp#27;[39m Valid locator strategies for this request: xpath, id, class name, accessibility id, -android uiautomator
[debug] &amp#27;[35m[BaseDriver]&amp#27;[39m Waiting up to 10000 ms for condition
[debug] &amp#27;[35m[WD Proxy]&amp#27;[39m Matched '/element' to command name 'findElement'
[debug] &amp#27;[35m[WD Proxy]&amp#27;[39m Proxying [POST /element] to [POST http://127.0.0.1:8226/wd/hub/session/88115271-5fa9-4c61-8cac-d8cfb47417da/element] with body: {"strategy":"class name","selector":"android.widget.EditText","context":"","multiple":false}
[debug] &amp#27;[35m[WD Proxy]&amp#27;[39m Got response with status 200: {"sessionId":"88115271-5fa9-4c61-8cac-d8cfb47417da","value":{"ELEMENT":"a179266d-881c-439c-9614-b0deea3a997c","element-6066-11e4-a52e-4f735466cecf":"a179266d-881c-439c-9614-b0deea3a997c"}}
[debug] &amp#27;[35m[W3C (8f4c6122)]&amp#27;[39m Responding to client with driver.findElement() result: {"element-6066-11e4-a52e-4f735466cecf":"a179266d-881c-439c-9614-b0deea3a997c","ELEMENT":"a179266d-881c-439c-9614-b0deea3a997c"}
&amp#27;[35m[HTTP]&amp#27;[39m &amp#27;[37m<-- POST /wd/hub/session/8f4c6122-44ec-4747-9a81-696af415011c/element &amp#27;[39m&amp#27;[32m200&amp#27;[39m &amp#27;[90m1505 ms - 137&amp#27;[39m
&amp#27;[35m[HTTP]&amp#27;[39m &amp#27;[90m&amp#27;[39m
&amp#27;[35m[HTTP]&amp#27;[39m &amp#27;[37m-->&amp#27;[39m &amp#27;[37mPOST&amp#27;[39m &amp#27;[37m/wd/hub/session/8f4c6122-44ec-4747-9a81-696af415011c/element/a179266d-881c-439c-9614-b0deea3a997c/value&amp#27;[39m
&amp#27;[35m[HTTP]&amp#27;[39m &amp#27;[90m{"id":"a179266d-881c-439c-9614-b0deea3a997c","text":"234@#$","value":["2","3","4","@","#","$"]}&amp#27;[39m
[debug] &amp#27;[35m[W3C (8f4c6122)]&amp#27;[39m Calling AppiumDriver.setValue() with args: [["2","3","4","@","#","$"],"a179266d-881c-439c-9614-b0deea3a997c","8f4c6122-44ec-4747-9a81-696af415011c"]
[debug] &amp#27;[35m[WD Proxy]&amp#27;[39m Matched '/element/a179266d-881c-439c-9614-b0deea3a997c/value' to command name 'setValue'
[debug] &amp#27;[35m[Protocol Converter]&amp#27;[39m Added 'value' property ["2","3","4","@","#","$"] to 'setValue' request body
[debug] &amp#27;[35m[WD Proxy]&amp#27;[39m Proxying [POST /element/a179266d-881c-439c-9614-b0deea3a997c/value] to [POST http://127.0.0.1:8226/wd/hub/session/88115271-5fa9-4c61-8cac-d8cfb47417da/element/a179266d-881c-439c-9614-b0deea3a997c/value] with body: {"elementId":"a179266d-881c-439c-9614-b0deea3a997c","text":"234@#$","replace":false,"value":["2","3","4","@","#","$"]}
[debug] &amp#27;[35m[WD Proxy]&amp#27;[39m Got response with status 200: {"sessionId":"88115271-5fa9-4c61-8cac-d8cfb47417da","value":null}
[debug] &amp#27;[35m[W3C (8f4c6122)]&amp#27;[39m Responding to client with driver.setValue() result: null
&amp#27;[35m[HTTP]&amp#27;[39m &amp#27;[37m<-- POST /wd/hub/session/8f4c6122-44ec-4747-9a81-696af415011c/element/a179266d-881c-439c-9614-b0deea3a997c/value &amp#27;[39m&amp#27;[32m200&amp#27;[39m &amp#27;[90m40 ms - 14&amp#27;[39m
&amp#27;[35m[HTTP]&amp#27;[39m &amp#27;[90m&amp#27;[39m
&amp#27;[35m[HTTP]&amp#27;[39m &amp#27;[37m-->&amp#27;[39m &amp#27;[37mGET&amp#27;[39m &amp#27;[37m/wd/hub/session/8f4c6122-44ec-4747-9a81-696af415011c&amp#27;[39m
&amp#27;[35m[HTTP]&amp#27;[39m &amp#27;[90m{}&amp#27;[39m
[debug] &amp#27;[35m[W3C (8f4c6122)]&amp#27;[39m Calling AppiumDriver.getSession() with args: ["8f4c6122-44ec-4747-9a81-696af415011c"]
[debug] &amp#27;[35m[UiAutomator2]&amp#27;[39m Getting session details from server to mix in
[debug] &amp#27;[35m[WD Proxy]&amp#27;[39m Matched '/' to command name 'getSession'
[debug] &amp#27;[35m[WD Proxy]&amp#27;[39m Proxying [GET /] to [GET http://127.0.0.1:8226/wd/hub/session/88115271-5fa9-4c61-8cac-d8cfb47417da] with body: {}
[debug] &amp#27;[35m[WD Proxy]&amp#27;[39m Got response with status 200: {"sessionId":"88115271-5fa9-4c61-8cac-d8cfb47417da","value":{}}
[debug] &amp#27;[35m[W3C (8f4c6122)]&amp#27;[39m Responding to client with driver.getSession() result: {"platform":"LINUX","webStorageEnabled":false,"takesScreenshot":true,"javascriptEnabled":true,"databaseEnabled":false,"networkConnectionEnabled":true,"locationContextEnabled":false,"warnings":{},"desired":{"platformName":"android","app":"C:\\Users\\OnilVakharia\\eclipse-workspace\\AppiumFramework\\src\\Api Demos.apk","automationName":"uiautomator2","deviceName":"emulator"},"platformName":"android","app":"C:\\Users\\OnilVakharia\\eclipse-workspace\\AppiumFramework\\src\\Api Demos.apk","automationName":"uiautomator2","deviceName":"emulator-5554","deviceUDID":"emulator-5554","appPackage":"io.appium.android.apis","deviceApiLevel":28,"platformVersion":"9","deviceScreenSize":"1080x1920","deviceScreenDensity":420,"deviceModel":"Android SDK built for x86_64","deviceManufacturer":"Google","pixelRatio":2.625,"statBarHeight":63,"viewportRect":{"left":0,"top":63,"width":1080,"height":1731}}
&amp#27;[35m[HTTP]&amp#27;[39m &amp#27;[37m<-- GET /wd/hub/session/8f4c6122-44ec-4747-9a81-696af415011c &amp#27;[39m&amp#27;[32m200&amp#27;[39m &amp#27;[90m11 ms - 901&amp#27;[39m
&amp#27;[35m[HTTP]&amp#27;[39m &amp#27;[90m&amp#27;[39m
&amp#27;[35m[HTTP]&amp#27;[39m &amp#27;[37m-->&amp#27;[39m &amp#27;[37mPOST&amp#27;[39m &amp#27;[37m/wd/hub/session/8f4c6122-44ec-4747-9a81-696af415011c/elements&amp#27;[39m
&amp#27;[35m[HTTP]&amp#27;[39m &amp#27;[90m{"using":"class name","value":"android.widget.Button"}&amp#27;[39m
[debug] &amp#27;[35m[W3C (8f4c6122)]&amp#27;[39m Calling AppiumDriver.findElements() with args: ["class name","android.widget.Button","8f4c6122-44ec-4747-9a81-696af415011c"]
[debug] &amp#27;[35m[BaseDriver]&amp#27;[39m Valid locator strategies for this request: xpath, id, class name, accessibility id, -android uiautomator
[debug] &amp#27;[35m[BaseDriver]&amp#27;[39m Waiting up to 10000 ms for condition
[debug] &amp#27;[35m[WD Proxy]&amp#27;[39m Matched '/elements' to command name 'findElements'
[debug] &amp#27;[35m[WD Proxy]&amp#27;[39m Proxying [POST /elements] to [POST http://127.0.0.1:8226/wd/hub/session/88115271-5fa9-4c61-8cac-d8cfb47417da/elements] with body: {"strategy":"class name","selector":"android.widget.Button","context":"","multiple":true}
[debug] &amp#27;[35m[WD Proxy]&amp#27;[39m Got response with status 200: {"sessionId":"88115271-5fa9-4c61-8cac-d8cfb47417da","value":[{"ELEMENT":"bf2f2b31-ddf7-4ba6-8e99-21126a005222","element-6066-11e4-a52e-4f735466cecf":"bf2f2b31-ddf7-4ba6-8e99-21126a005222"},{"ELEMENT":"c4a9ac84-40df-468d-a707-38980c8c8d9f","element-6066-11e4-a52e-4f735466cecf":"c4a9ac84-40df-468d-a707-38980c8c8d9f"}]}
[debug] &amp#27;[35m[W3C (8f4c6122)]&amp#27;[39m Responding to client with driver.findElements() result: [{"element-6066-11e4-a52e-4f735466cecf":"bf2f2b31-ddf7-4ba6-8e99-21126a005222","ELEMENT":"bf2f2b31-ddf7-4ba6-8e99-21126a005222"},{"element-6066-11e4-a52e-4f735466cecf":"c4a9ac84-40df-468d-a707-38980c8c8d9f","ELEMENT":"c4a9ac84-40df-468d-a707-38980c8c8d9f"}]
&amp#27;[35m[HTTP]&amp#27;[39m &amp#27;[37m<-- POST /wd/hub/session/8f4c6122-44ec-4747-9a81-696af415011c/elements &amp#27;[39m&amp#27;[32m200&amp#27;[39m &amp#27;[90m582 ms - 267&amp#27;[39m
&amp#27;[35m[HTTP]&amp#27;[39m &amp#27;[90m&amp#27;[39m
&amp#27;[35m[HTTP]&amp#27;[39m &amp#27;[37m-->&amp#27;[39m &amp#27;[37mPOST&amp#27;[39m &amp#27;[37m/wd/hub/session/8f4c6122-44ec-4747-9a81-696af415011c/element/c4a9ac84-40df-468d-a707-38980c8c8d9f/click&amp#27;[39m
&amp#27;[35m[HTTP]&amp#27;[39m &amp#27;[90m{"id":"c4a9ac84-40df-468d-a707-38980c8c8d9f"}&amp#27;[39m
[debug] &amp#27;[35m[W3C (8f4c6122)]&amp#27;[39m Calling AppiumDriver.click() with args: ["c4a9ac84-40df-468d-a707-38980c8c8d9f","8f4c6122-44ec-4747-9a81-696af415011c"]
[debug] &amp#27;[35m[WD Proxy]&amp#27;[39m Matched '/element/c4a9ac84-40df-468d-a707-38980c8c8d9f/click' to command name 'click'
[debug] &amp#27;[35m[WD Proxy]&amp#27;[39m Proxying [POST /element/c4a9ac84-40df-468d-a707-38980c8c8d9f/click] to [POST http://127.0.0.1:8226/wd/hub/session/88115271-5fa9-4c61-8cac-d8cfb47417da/element/c4a9ac84-40df-468d-a707-38980c8c8d9f/click] with body: {"element":"c4a9ac84-40df-468d-a707-38980c8c8d9f"}
[debug] &amp#27;[35m[WD Proxy]&amp#27;[39m Got response with status 200: {"sessionId":"88115271-5fa9-4c61-8cac-d8cfb47417da","value":null}
[debug] &amp#27;[35m[W3C (8f4c6122)]&amp#27;[39m Responding to client with driver.click() result: null
&amp#27;[35m[HTTP]&amp#27;[39m &amp#27;[37m<-- POST /wd/hub/session/8f4c6122-44ec-4747-9a81-696af415011c/element/c4a9ac84-40df-468d-a707-38980c8c8d9f/click &amp#27;[39m&amp#27;[32m200&amp#27;[39m &amp#27;[90m27 ms - 14&amp#27;[39m
&amp#27;[35m[HTTP]&amp#27;[39m &amp#27;[90m&amp#27;[39m
]]></system-out>
    <system-err><![CDATA[Jul 26, 2020 6:18:09 PM io.appium.java_client.remote.AppiumCommandExecutor$1 lambda$0
INFO: Detected dialect: W3C
]]></system-err>
  </testcase>
</testsuite>