<?xml version="1.0" encoding="UTF-8"?>
<!-- Generated by org.testng.reporters.JUnitReportReporter -->
<testsuite skipped="0" hostname="Onil" name="Practise.AppiumFramework.ApiDemos" tests="2" failures="0" timestamp="26 Jul 2020 12:48:16 GMT" time="78.981" errors="0">
  <testcase name="apiDemo" time="39.217" classname="Practise.AppiumFramework.ApiDemos"/>
  <testcase name="apiDemo" time="39.764" classname="Practise.AppiumFramework.ApiDemos"/>
</testsuite> <!-- Practise.AppiumFramework.ApiDemos -->
