<?xml version="1.0" encoding="UTF-8"?>
<!-- Generated by org.testng.reporters.JUnitReportReporter -->
<testsuite skipped="0" hostname="Onil" name="Practise.AppiumFramework.Ecommerce_tc_4" tests="1" failures="0" timestamp="26 Jul 2020 12:48:16 GMT" time="70.908" errors="0">
  <testcase name="totalValidation" time="70.908" classname="Practise.AppiumFramework.Ecommerce_tc_4"/>
</testsuite> <!-- Practise.AppiumFramework.Ecommerce_tc_4 -->
